<?xml version="1.0" encoding="UTF-8"?>
<testsuites>
  <testsuite name="D:\DevCenter\abuilds\alumate\phpunit.xml" tests="52" assertions="1" errors="51" failures="0" skipped="0" time="8.835976">
    <testsuite name="Unit" tests="52" assertions="1" errors="51" failures="0" skipped="0" time="8.835976">
      <testsuite name="Tests\Unit\ExampleTest" file="tests\Unit\ExampleTest.php" tests="1" assertions="1" errors="0" failures="0" skipped="0" time="8.835976">
        <testcase name="that true is true" file="tests\Unit\ExampleTest.php::that true is true" class="Tests\Unit\ExampleTest" classname="Tests.Unit.ExampleTest" assertions="1" time="8.835976"/>
      </testsuite>
      <testsuite name="Tests\Unit\Models\GraduateTrackingModelsTest" file="Graduate Tracking Models (Tests\Unit\Models\GraduateTrackingModels)" tests="14" assertions="0" errors="14" failures="0" skipped="0" time="0.000000">
        <testcase name="Graduate model has correct fillable attributes" file="Graduate Tracking Models (Tests\Unit\Models\GraduateTrackingModels)::Graduate model has correct fillable attributes" class="Tests\Unit\Models\GraduateTrackingModelsTest" classname="Tests.Unit.Models.GraduateTrackingModelsTest" assertions="0" time="0.000000">
          <error type="Illuminate\Database\QueryException">Graduate model has correct fillable attributesIlluminate\Database\QueryException: could not find driver (Connection: sqlite, SQL: select exists (select 1 from "main".sqlite_master where name = 'migrations' and type = 'table') as "exists")&#13;
at vendor\laravel\framework\src\Illuminate\Database\Connectors\Connector.php:66
at vendor\laravel\framework\src\Illuminate\Database\Connectors\Connector.php:44
at vendor\laravel\framework\src\Illuminate\Database\Connectors\SQLiteConnector.php:21
at vendor\laravel\framework\src\Illuminate\Database\Connectors\ConnectionFactory.php:223
at vendor\laravel\framework\src\Illuminate\Database\Connection.php:1228
at vendor\laravel\framework\src\Illuminate\Database\Connection.php:1264
at vendor\laravel\framework\src\Illuminate\Database\Connection.php:509
at vendor\laravel\framework\src\Illuminate\Database\Connection.php:404
at vendor\laravel\framework\src\Illuminate\Database\Connection.php:809
at vendor\laravel\framework\src\Illuminate\Database\Connection.php:776
at vendor\laravel\framework\src\Illuminate\Database\Connection.php:395
at vendor\laravel\framework\src\Illuminate\Database\Connection.php:341
at vendor\laravel\framework\src\Illuminate\Database\Connection.php:358
at vendor\laravel\framework\src\Illuminate\Database\Schema\Builder.php:174
at vendor\laravel\framework\src\Illuminate\Database\Migrations\DatabaseMigrationRepository.php:185
at vendor\laravel\framework\src\Illuminate\Database\Migrations\Migrator.php:749
at vendor\laravel\framework\src\Illuminate\Database\Console\Migrations\FreshCommand.php:67
at vendor\laravel\framework\src\Illuminate\Database\Migrations\Migrator.php:665
at vendor\laravel\framework\src\Illuminate\Database\Console\Migrations\FreshCommand.php:66
at vendor\laravel\framework\src\Illuminate\Container\BoundMethod.php:36
at vendor\laravel\framework\src\Illuminate\Container\Util.php:43
at vendor\laravel\framework\src\Illuminate\Container\BoundMethod.php:96
at vendor\laravel\framework\src\Illuminate\Container\BoundMethod.php:35
at vendor\laravel\framework\src\Illuminate\Container\Container.php:754
at vendor\laravel\framework\src\Illuminate\Console\Command.php:211
at vendor\symfony\console\Command\Command.php:318
at vendor\laravel\framework\src\Illuminate\Console\Command.php:180
at vendor\symfony\console\Application.php:1074
at vendor\symfony\console\Application.php:341
at vendor\symfony\console\Application.php:192
at vendor\laravel\framework\src\Illuminate\Console\Application.php:165
at vendor\laravel\framework\src\Illuminate\Foundation\Console\Kernel.php:426
at vendor\laravel\framework\src\Illuminate\Testing\PendingCommand.php:330
at vendor\laravel\framework\src\Illuminate\Testing\PendingCommand.php:533
at vendor\laravel\framework\src\Illuminate\Foundation\Testing\Concerns\InteractsWithConsole.php:87
at vendor\laravel\framework\src\Illuminate\Foundation\Testing\RefreshDatabase.php:101
at vendor\laravel\framework\src\Illuminate\Foundation\Testing\RefreshDatabase.php:84
at vendor\laravel\framework\src\Illuminate\Foundation\Testing\RefreshDatabase.php:25
at vendor\laravel\framework\src\Illuminate\Foundation\Testing\Concerns\InteractsWithTestCaseLifecycle.php:207
at vendor\laravel\framework\src\Illuminate\Foundation\Testing\Concerns\InteractsWithTestCaseLifecycle.php:96
at vendor\laravel\framework\src\Illuminate\Foundation\Testing\TestCase.php:44
at tests\TestCase.php:23
Caused by
PDOException: could not find driver

at vendor\laravel\framework\src\Illuminate\Database\Connectors\Connector.php:66
at vendor\laravel\framework\src\Illuminate\Database\Connectors\Connector.php:44
at vendor\laravel\framework\src\Illuminate\Database\Connectors\SQLiteConnector.php:21
at vendor\laravel\framework\src\Illuminate\Database\Connectors\ConnectionFactory.php:223
at vendor\laravel\framework\src\Illuminate\Database\Connection.php:1228
at vendor\laravel\framework\src\Illuminate\Database\Connection.php:1264
at vendor\laravel\framework\src\Illuminate\Database\Connection.php:509
at vendor\laravel\framework\src\Illuminate\Database\Connection.php:404
at vendor\laravel\framework\src\Illuminate\Database\Connection.php:809
at vendor\laravel\framework\src\Illuminate\Database\Connection.php:776
at vendor\laravel\framework\src\Illuminate\Database\Connection.php:395
at vendor\laravel\framework\src\Illuminate\Database\Connection.php:341
at vendor\laravel\framework\src\Illuminate\Database\Connection.php:358
at vendor\laravel\framework\src\Illuminate\Database\Schema\Builder.php:174
at vendor\laravel\framework\src\Illuminate\Database\Migrations\DatabaseMigrationRepository.php:185
at vendor\laravel\framework\src\Illuminate\Database\Migrations\Migrator.php:749
at vendor\laravel\framework\src\Illuminate\Database\Console\Migrations\FreshCommand.php:67
at vendor\laravel\framework\src\Illuminate\Database\Migrations\Migrator.php:665
at vendor\laravel\framework\src\Illuminate\Database\Console\Migrations\FreshCommand.php:66
at vendor\laravel\framework\src\Illuminate\Container\BoundMethod.php:36
at vendor\laravel\framework\src\Illuminate\Container\Util.php:43
at vendor\laravel\framework\src\Illuminate\Container\BoundMethod.php:96
at vendor\laravel\framework\src\Illuminate\Container\BoundMethod.php:35
at vendor\laravel\framework\src\Illuminate\Container\Container.php:754
at vendor\laravel\framework\src\Illuminate\Console\Command.php:211
at vendor\symfony\console\Command\Command.php:318
at vendor\laravel\framework\src\Illuminate\Console\Command.php:180
at vendor\symfony\console\Application.php:1074
at vendor\symfony\console\Application.php:341
at vendor\symfony\console\Application.php:192
at vendor\laravel\framework\src\Illuminate\Console\Application.php:165
at vendor\laravel\framework\src\Illuminate\Foundation\Console\Kernel.php:426
at vendor\laravel\framework\src\Illuminate\Testing\PendingCommand.php:330
at vendor\laravel\framework\src\Illuminate\Testing\PendingCommand.php:533
at vendor\laravel\framework\src\Illuminate\Foundation\Testing\Concerns\InteractsWithConsole.php:87
at vendor\laravel\framework\src\Illuminate\Foundation\Testing\RefreshDatabase.php:101
at vendor\laravel\framework\src\Illuminate\Foundation\Testing\RefreshDatabase.php:84
at vendor\laravel\framework\src\Illuminate\Foundation\Testing\RefreshDatabase.php:25
at vendor\laravel\framework\src\Illuminate\Foundation\Testing\Concerns\InteractsWithTestCaseLifecycle.php:207
at vendor\laravel\framework\src\Illuminate\Foundation\Testing\Concerns\InteractsWithTestCaseLifecycle.php:96
at vendor\laravel\framework\src\Illuminate\Foundation\Testing\TestCase.php:44
at tests\TestCase.php:23</error>
        </testcase>
        <testcase name="Graduate relationships" file="Graduate Tracking Models (Tests\Unit\Models\GraduateTrackingModels)::Graduate relationships" class="Tests\Unit\Models\GraduateTrackingModelsTest" classname="Tests.Unit.Models.GraduateTrackingModelsTest" assertions="0" time="0.000000">
          <error type="Illuminate\Database\QueryException">Graduate relationshipsIlluminate\Database\QueryException: could not find driver (Connection: sqlite, SQL: select exists (select 1 from "main".sqlite_master where name = 'migrations' and type = 'table') as "exists")&#13;
at vendor\laravel\framework\src\Illuminate\Database\Connectors\Connector.php:66
at vendor\laravel\framework\src\Illuminate\Database\Connectors\Connector.php:44
at vendor\laravel\framework\src\Illuminate\Database\Connectors\SQLiteConnector.php:21
at vendor\laravel\framework\src\Illuminate\Database\Connectors\ConnectionFactory.php:223
at vendor\laravel\framework\src\Illuminate\Database\Connection.php:1228
at vendor\laravel\framework\src\Illuminate\Database\Connection.php:1264
at vendor\laravel\framework\src\Illuminate\Database\Connection.php:509
at vendor\laravel\framework\src\Illuminate\Database\Connection.php:404
at vendor\laravel\framework\src\Illuminate\Database\Connection.php:809
at vendor\laravel\framework\src\Illuminate\Database\Connection.php:776
at vendor\laravel\framework\src\Illuminate\Database\Connection.php:395
at vendor\laravel\framework\src\Illuminate\Database\Connection.php:341
at vendor\laravel\framework\src\Illuminate\Database\Connection.php:358
at vendor\laravel\framework\src\Illuminate\Database\Schema\Builder.php:174
at vendor\laravel\framework\src\Illuminate\Database\Migrations\DatabaseMigrationRepository.php:185
at vendor\laravel\framework\src\Illuminate\Database\Migrations\Migrator.php:749
at vendor\laravel\framework\src\Illuminate\Database\Console\Migrations\FreshCommand.php:67
at vendor\laravel\framework\src\Illuminate\Database\Migrations\Migrator.php:665
at vendor\laravel\framework\src\Illuminate\Database\Console\Migrations\FreshCommand.php:66
at vendor\laravel\framework\src\Illuminate\Container\BoundMethod.php:36
at vendor\laravel\framework\src\Illuminate\Container\Util.php:43
at vendor\laravel\framework\src\Illuminate\Container\BoundMethod.php:96
at vendor\laravel\framework\src\Illuminate\Container\BoundMethod.php:35
at vendor\laravel\framework\src\Illuminate\Container\Container.php:754
at vendor\laravel\framework\src\Illuminate\Console\Command.php:211
at vendor\symfony\console\Command\Command.php:318
at vendor\laravel\framework\src\Illuminate\Console\Command.php:180
at vendor\symfony\console\Application.php:1074
at vendor\symfony\console\Application.php:341
at vendor\symfony\console\Application.php:192
at vendor\laravel\framework\src\Illuminate\Console\Application.php:165
at vendor\laravel\framework\src\Illuminate\Foundation\Console\Kernel.php:426
at vendor\laravel\framework\src\Illuminate\Testing\PendingCommand.php:330
at vendor\laravel\framework\src\Illuminate\Testing\PendingCommand.php:533
at vendor\laravel\framework\src\Illuminate\Foundation\Testing\Concerns\InteractsWithConsole.php:87
at vendor\laravel\framework\src\Illuminate\Foundation\Testing\RefreshDatabase.php:101
at vendor\laravel\framework\src\Illuminate\Foundation\Testing\RefreshDatabase.php:84
at vendor\laravel\framework\src\Illuminate\Foundation\Testing\RefreshDatabase.php:25
at vendor\laravel\framework\src\Illuminate\Foundation\Testing\Concerns\InteractsWithTestCaseLifecycle.php:207
at vendor\laravel\framework\src\Illuminate\Foundation\Testing\Concerns\InteractsWithTestCaseLifecycle.php:96
at vendor\laravel\framework\src\Illuminate\Foundation\Testing\TestCase.php:44
at tests\TestCase.php:23
Caused by
PDOException: could not find driver

at vendor\laravel\framework\src\Illuminate\Database\Connectors\Connector.php:66
at vendor\laravel\framework\src\Illuminate\Database\Connectors\Connector.php:44
at vendor\laravel\framework\src\Illuminate\Database\Connectors\SQLiteConnector.php:21
at vendor\laravel\framework\src\Illuminate\Database\Connectors\ConnectionFactory.php:223
at vendor\laravel\framework\src\Illuminate\Database\Connection.php:1228
at vendor\laravel\framework\src\Illuminate\Database\Connection.php:1264
at vendor\laravel\framework\src\Illuminate\Database\Connection.php:509
at vendor\laravel\framework\src\Illuminate\Database\Connection.php:404
at vendor\laravel\framework\src\Illuminate\Database\Connection.php:809
at vendor\laravel\framework\src\Illuminate\Database\Connection.php:776
at vendor\laravel\framework\src\Illuminate\Database\Connection.php:395
at vendor\laravel\framework\src\Illuminate\Database\Connection.php:341
at vendor\laravel\framework\src\Illuminate\Database\Connection.php:358
at vendor\laravel\framework\src\Illuminate\Database\Schema\Builder.php:174
at vendor\laravel\framework\src\Illuminate\Database\Migrations\DatabaseMigrationRepository.php:185
at vendor\laravel\framework\src\Illuminate\Database\Migrations\Migrator.php:749
at vendor\laravel\framework\src\Illuminate\Database\Console\Migrations\FreshCommand.php:67
at vendor\laravel\framework\src\Illuminate\Database\Migrations\Migrator.php:665
at vendor\laravel\framework\src\Illuminate\Database\Console\Migrations\FreshCommand.php:66
at vendor\laravel\framework\src\Illuminate\Container\BoundMethod.php:36
at vendor\laravel\framework\src\Illuminate\Container\Util.php:43
at vendor\laravel\framework\src\Illuminate\Container\BoundMethod.php:96
at vendor\laravel\framework\src\Illuminate\Container\BoundMethod.php:35
at vendor\laravel\framework\src\Illuminate\Container\Container.php:754
at vendor\laravel\framework\src\Illuminate\Console\Command.php:211
at vendor\symfony\console\Command\Command.php:318
at vendor\laravel\framework\src\Illuminate\Console\Command.php:180
at vendor\symfony\console\Application.php:1074
at vendor\symfony\console\Application.php:341
at vendor\symfony\console\Application.php:192
at vendor\laravel\framework\src\Illuminate\Console\Application.php:165
at vendor\laravel\framework\src\Illuminate\Foundation\Console\Kernel.php:426
at vendor\laravel\framework\src\Illuminate\Testing\PendingCommand.php:330
at vendor\laravel\framework\src\Illuminate\Testing\PendingCommand.php:533
at vendor\laravel\framework\src\Illuminate\Foundation\Testing\Concerns\InteractsWithConsole.php:87
at vendor\laravel\framework\src\Illuminate\Foundation\Testing\RefreshDatabase.php:101
at vendor\laravel\framework\src\Illuminate\Foundation\Testing\RefreshDatabase.php:84
at vendor\laravel\framework\src\Illuminate\Foundation\Testing\RefreshDatabase.php:25
at vendor\laravel\framework\src\Illuminate\Foundation\Testing\Concerns\InteractsWithTestCaseLifecycle.php:207
at vendor\laravel\framework\src\Illuminate\Foundation\Testing\Concerns\InteractsWithTestCaseLifecycle.php:96
at vendor\laravel\framework\src\Illuminate\Foundation\Testing\TestCase.php:44
at tests\TestCase.php:23</error>
        </testcase>
        <testcase name="Graduate profile completion calculation" file="Graduate Tracking Models (Tests\Unit\Models\GraduateTrackingModels)::Graduate profile completion calculation" class="Tests\Unit\Models\GraduateTrackingModelsTest" classname="Tests.Unit.Models.GraduateTrackingModelsTest" assertions="0" time="0.000000">
          <error type="Illuminate\Database\QueryException">Graduate profile completion calculationIlluminate\Database\QueryException: could not find driver (Connection: sqlite, SQL: select exists (select 1 from "main".sqlite_master where name = 'migrations' and type = 'table') as "exists")&#13;
at vendor\laravel\framework\src\Illuminate\Database\Connectors\Connector.php:66
at vendor\laravel\framework\src\Illuminate\Database\Connectors\Connector.php:44
at vendor\laravel\framework\src\Illuminate\Database\Connectors\SQLiteConnector.php:21
at vendor\laravel\framework\src\Illuminate\Database\Connectors\ConnectionFactory.php:223
at vendor\laravel\framework\src\Illuminate\Database\Connection.php:1228
at vendor\laravel\framework\src\Illuminate\Database\Connection.php:1264
at vendor\laravel\framework\src\Illuminate\Database\Connection.php:509
at vendor\laravel\framework\src\Illuminate\Database\Connection.php:404
at vendor\laravel\framework\src\Illuminate\Database\Connection.php:809
at vendor\laravel\framework\src\Illuminate\Database\Connection.php:776
at vendor\laravel\framework\src\Illuminate\Database\Connection.php:395
at vendor\laravel\framework\src\Illuminate\Database\Connection.php:341
at vendor\laravel\framework\src\Illuminate\Database\Connection.php:358
at vendor\laravel\framework\src\Illuminate\Database\Schema\Builder.php:174
at vendor\laravel\framework\src\Illuminate\Database\Migrations\DatabaseMigrationRepository.php:185
at vendor\laravel\framework\src\Illuminate\Database\Migrations\Migrator.php:749
at vendor\laravel\framework\src\Illuminate\Database\Console\Migrations\FreshCommand.php:67
at vendor\laravel\framework\src\Illuminate\Database\Migrations\Migrator.php:665
at vendor\laravel\framework\src\Illuminate\Database\Console\Migrations\FreshCommand.php:66
at vendor\laravel\framework\src\Illuminate\Container\BoundMethod.php:36
at vendor\laravel\framework\src\Illuminate\Container\Util.php:43
at vendor\laravel\framework\src\Illuminate\Container\BoundMethod.php:96
at vendor\laravel\framework\src\Illuminate\Container\BoundMethod.php:35
at vendor\laravel\framework\src\Illuminate\Container\Container.php:754
at vendor\laravel\framework\src\Illuminate\Console\Command.php:211
at vendor\symfony\console\Command\Command.php:318
at vendor\laravel\framework\src\Illuminate\Console\Command.php:180
at vendor\symfony\console\Application.php:1074
at vendor\symfony\console\Application.php:341
at vendor\symfony\console\Application.php:192
at vendor\laravel\framework\src\Illuminate\Console\Application.php:165
at vendor\laravel\framework\src\Illuminate\Foundation\Console\Kernel.php:426
at vendor\laravel\framework\src\Illuminate\Testing\PendingCommand.php:330
at vendor\laravel\framework\src\Illuminate\Testing\PendingCommand.php:533
at vendor\laravel\framework\src\Illuminate\Foundation\Testing\Concerns\InteractsWithConsole.php:87
at vendor\laravel\framework\src\Illuminate\Foundation\Testing\RefreshDatabase.php:101
at vendor\laravel\framework\src\Illuminate\Foundation\Testing\RefreshDatabase.php:84
at vendor\laravel\framework\src\Illuminate\Foundation\Testing\RefreshDatabase.php:25
at vendor\laravel\framework\src\Illuminate\Foundation\Testing\Concerns\InteractsWithTestCaseLifecycle.php:207
at vendor\laravel\framework\src\Illuminate\Foundation\Testing\Concerns\InteractsWithTestCaseLifecycle.php:96
at vendor\laravel\framework\src\Illuminate\Foundation\Testing\TestCase.php:44
at tests\TestCase.php:23
Caused by
PDOException: could not find driver

at vendor\laravel\framework\src\Illuminate\Database\Connectors\Connector.php:66
at vendor\laravel\framework\src\Illuminate\Database\Connectors\Connector.php:44
at vendor\laravel\framework\src\Illuminate\Database\Connectors\SQLiteConnector.php:21
at vendor\laravel\framework\src\Illuminate\Database\Connectors\ConnectionFactory.php:223
at vendor\laravel\framework\src\Illuminate\Database\Connection.php:1228
at vendor\laravel\framework\src\Illuminate\Database\Connection.php:1264
at vendor\laravel\framework\src\Illuminate\Database\Connection.php:509
at vendor\laravel\framework\src\Illuminate\Database\Connection.php:404
at vendor\laravel\framework\src\Illuminate\Database\Connection.php:809
at vendor\laravel\framework\src\Illuminate\Database\Connection.php:776
at vendor\laravel\framework\src\Illuminate\Database\Connection.php:395
at vendor\laravel\framework\src\Illuminate\Database\Connection.php:341
at vendor\laravel\framework\src\Illuminate\Database\Connection.php:358
at vendor\laravel\framework\src\Illuminate\Database\Schema\Builder.php:174
at vendor\laravel\framework\src\Illuminate\Database\Migrations\DatabaseMigrationRepository.php:185
at vendor\laravel\framework\src\Illuminate\Database\Migrations\Migrator.php:749
at vendor\laravel\framework\src\Illuminate\Database\Console\Migrations\FreshCommand.php:67
at vendor\laravel\framework\src\Illuminate\Database\Migrations\Migrator.php:665
at vendor\laravel\framework\src\Illuminate\Database\Console\Migrations\FreshCommand.php:66
at vendor\laravel\framework\src\Illuminate\Container\BoundMethod.php:36
at vendor\laravel\framework\src\Illuminate\Container\Util.php:43
at vendor\laravel\framework\src\Illuminate\Container\BoundMethod.php:96
at vendor\laravel\framework\src\Illuminate\Container\BoundMethod.php:35
at vendor\laravel\framework\src\Illuminate\Container\Container.php:754
at vendor\laravel\framework\src\Illuminate\Console\Command.php:211
at vendor\symfony\console\Command\Command.php:318
at vendor\laravel\framework\src\Illuminate\Console\Command.php:180
at vendor\symfony\console\Application.php:1074
at vendor\symfony\console\Application.php:341
at vendor\symfony\console\Application.php:192
at vendor\laravel\framework\src\Illuminate\Console\Application.php:165
at vendor\laravel\framework\src\Illuminate\Foundation\Console\Kernel.php:426
at vendor\laravel\framework\src\Illuminate\Testing\PendingCommand.php:330
at vendor\laravel\framework\src\Illuminate\Testing\PendingCommand.php:533
at vendor\laravel\framework\src\Illuminate\Foundation\Testing\Concerns\InteractsWithConsole.php:87
at vendor\laravel\framework\src\Illuminate\Foundation\Testing\RefreshDatabase.php:101
at vendor\laravel\framework\src\Illuminate\Foundation\Testing\RefreshDatabase.php:84
at vendor\laravel\framework\src\Illuminate\Foundation\Testing\RefreshDatabase.php:25
at vendor\laravel\framework\src\Illuminate\Foundation\Testing\Concerns\InteractsWithTestCaseLifecycle.php:207
at vendor\laravel\framework\src\Illuminate\Foundation\Testing\Concerns\InteractsWithTestCaseLifecycle.php:96
at vendor\laravel\framework\src\Illuminate\Foundation\Testing\TestCase.php:44
at tests\TestCase.php:23</error>
        </testcase>
        <testcase name="Graduate employment status update" file="Graduate Tracking Models (Tests\Unit\Models\GraduateTrackingModels)::Graduate employment status update" class="Tests\Unit\Models\GraduateTrackingModelsTest" classname="Tests.Unit.Models.GraduateTrackingModelsTest" assertions="0" time="0.000000">
          <error type="Illuminate\Database\QueryException">Graduate employment status updateIlluminate\Database\QueryException: could not find driver (Connection: sqlite, SQL: select exists (select 1 from "main".sqlite_master where name = 'migrations' and type = 'table') as "exists")&#13;
at vendor\laravel\framework\src\Illuminate\Database\Connectors\Connector.php:66
at vendor\laravel\framework\src\Illuminate\Database\Connectors\Connector.php:44
at vendor\laravel\framework\src\Illuminate\Database\Connectors\SQLiteConnector.php:21
at vendor\laravel\framework\src\Illuminate\Database\Connectors\ConnectionFactory.php:223
at vendor\laravel\framework\src\Illuminate\Database\Connection.php:1228
at vendor\laravel\framework\src\Illuminate\Database\Connection.php:1264
at vendor\laravel\framework\src\Illuminate\Database\Connection.php:509
at vendor\laravel\framework\src\Illuminate\Database\Connection.php:404
at vendor\laravel\framework\src\Illuminate\Database\Connection.php:809
at vendor\laravel\framework\src\Illuminate\Database\Connection.php:776
at vendor\laravel\framework\src\Illuminate\Database\Connection.php:395
at vendor\laravel\framework\src\Illuminate\Database\Connection.php:341
at vendor\laravel\framework\src\Illuminate\Database\Connection.php:358
at vendor\laravel\framework\src\Illuminate\Database\Schema\Builder.php:174
at vendor\laravel\framework\src\Illuminate\Database\Migrations\DatabaseMigrationRepository.php:185
at vendor\laravel\framework\src\Illuminate\Database\Migrations\Migrator.php:749
at vendor\laravel\framework\src\Illuminate\Database\Console\Migrations\FreshCommand.php:67
at vendor\laravel\framework\src\Illuminate\Database\Migrations\Migrator.php:665
at vendor\laravel\framework\src\Illuminate\Database\Console\Migrations\FreshCommand.php:66
at vendor\laravel\framework\src\Illuminate\Container\BoundMethod.php:36
at vendor\laravel\framework\src\Illuminate\Container\Util.php:43
at vendor\laravel\framework\src\Illuminate\Container\BoundMethod.php:96
at vendor\laravel\framework\src\Illuminate\Container\BoundMethod.php:35
at vendor\laravel\framework\src\Illuminate\Container\Container.php:754
at vendor\laravel\framework\src\Illuminate\Console\Command.php:211
at vendor\symfony\console\Command\Command.php:318
at vendor\laravel\framework\src\Illuminate\Console\Command.php:180
at vendor\symfony\console\Application.php:1074
at vendor\symfony\console\Application.php:341
at vendor\symfony\console\Application.php:192
at vendor\laravel\framework\src\Illuminate\Console\Application.php:165
at vendor\laravel\framework\src\Illuminate\Foundation\Console\Kernel.php:426
at vendor\laravel\framework\src\Illuminate\Testing\PendingCommand.php:330
at vendor\laravel\framework\src\Illuminate\Testing\PendingCommand.php:533
at vendor\laravel\framework\src\Illuminate\Foundation\Testing\Concerns\InteractsWithConsole.php:87
at vendor\laravel\framework\src\Illuminate\Foundation\Testing\RefreshDatabase.php:101
at vendor\laravel\framework\src\Illuminate\Foundation\Testing\RefreshDatabase.php:84
at vendor\laravel\framework\src\Illuminate\Foundation\Testing\RefreshDatabase.php:25
at vendor\laravel\framework\src\Illuminate\Foundation\Testing\Concerns\InteractsWithTestCaseLifecycle.php:207
at vendor\laravel\framework\src\Illuminate\Foundation\Testing\Concerns\InteractsWithTestCaseLifecycle.php:96
at vendor\laravel\framework\src\Illuminate\Foundation\Testing\TestCase.php:44
at tests\TestCase.php:23
Caused by
PDOException: could not find driver

at vendor\laravel\framework\src\Illuminate\Database\Connectors\Connector.php:66
at vendor\laravel\framework\src\Illuminate\Database\Connectors\Connector.php:44
at vendor\laravel\framework\src\Illuminate\Database\Connectors\SQLiteConnector.php:21
at vendor\laravel\framework\src\Illuminate\Database\Connectors\ConnectionFactory.php:223
at vendor\laravel\framework\src\Illuminate\Database\Connection.php:1228
at vendor\laravel\framework\src\Illuminate\Database\Connection.php:1264
at vendor\laravel\framework\src\Illuminate\Database\Connection.php:509
at vendor\laravel\framework\src\Illuminate\Database\Connection.php:404
at vendor\laravel\framework\src\Illuminate\Database\Connection.php:809
at vendor\laravel\framework\src\Illuminate\Database\Connection.php:776
at vendor\laravel\framework\src\Illuminate\Database\Connection.php:395
at vendor\laravel\framework\src\Illuminate\Database\Connection.php:341
at vendor\laravel\framework\src\Illuminate\Database\Connection.php:358
at vendor\laravel\framework\src\Illuminate\Database\Schema\Builder.php:174
at vendor\laravel\framework\src\Illuminate\Database\Migrations\DatabaseMigrationRepository.php:185
at vendor\laravel\framework\src\Illuminate\Database\Migrations\Migrator.php:749
at vendor\laravel\framework\src\Illuminate\Database\Console\Migrations\FreshCommand.php:67
at vendor\laravel\framework\src\Illuminate\Database\Migrations\Migrator.php:665
at vendor\laravel\framework\src\Illuminate\Database\Console\Migrations\FreshCommand.php:66
at vendor\laravel\framework\src\Illuminate\Container\BoundMethod.php:36
at vendor\laravel\framework\src\Illuminate\Container\Util.php:43
at vendor\laravel\framework\src\Illuminate\Container\BoundMethod.php:96
at vendor\laravel\framework\src\Illuminate\Container\BoundMethod.php:35
at vendor\laravel\framework\src\Illuminate\Container\Container.php:754
at vendor\laravel\framework\src\Illuminate\Console\Command.php:211
at vendor\symfony\console\Command\Command.php:318
at vendor\laravel\framework\src\Illuminate\Console\Command.php:180
at vendor\symfony\console\Application.php:1074
at vendor\symfony\console\Application.php:341
at vendor\symfony\console\Application.php:192
at vendor\laravel\framework\src\Illuminate\Console\Application.php:165
at vendor\laravel\framework\src\Illuminate\Foundation\Console\Kernel.php:426
at vendor\laravel\framework\src\Illuminate\Testing\PendingCommand.php:330
at vendor\laravel\framework\src\Illuminate\Testing\PendingCommand.php:533
at vendor\laravel\framework\src\Illuminate\Foundation\Testing\Concerns\InteractsWithConsole.php:87
at vendor\laravel\framework\src\Illuminate\Foundation\Testing\RefreshDatabase.php:101
at vendor\laravel\framework\src\Illuminate\Foundation\Testing\RefreshDatabase.php:84
at vendor\laravel\framework\src\Illuminate\Foundation\Testing\RefreshDatabase.php:25
at vendor\laravel\framework\src\Illuminate\Foundation\Testing\Concerns\InteractsWithTestCaseLifecycle.php:207
at vendor\laravel\framework\src\Illuminate\Foundation\Testing\Concerns\InteractsWithTestCaseLifecycle.php:96
at vendor\laravel\framework\src\Illuminate\Foundation\Testing\TestCase.php:44
at tests\TestCase.php:23</error>
        </testcase>
        <testcase name="Course model has correct relationships" file="Graduate Tracking Models (Tests\Unit\Models\GraduateTrackingModels)::Course model has correct relationships" class="Tests\Unit\Models\GraduateTrackingModelsTest" classname="Tests.Unit.Models.GraduateTrackingModelsTest" assertions="0" time="0.000000">
          <error type="Illuminate\Database\QueryException">Course model has correct relationshipsIlluminate\Database\QueryException: could not find driver (Connection: sqlite, SQL: select exists (select 1 from "main".sqlite_master where name = 'migrations' and type = 'table') as "exists")&#13;
at vendor\laravel\framework\src\Illuminate\Database\Connectors\Connector.php:66
at vendor\laravel\framework\src\Illuminate\Database\Connectors\Connector.php:44
at vendor\laravel\framework\src\Illuminate\Database\Connectors\SQLiteConnector.php:21
at vendor\laravel\framework\src\Illuminate\Database\Connectors\ConnectionFactory.php:223
at vendor\laravel\framework\src\Illuminate\Database\Connection.php:1228
at vendor\laravel\framework\src\Illuminate\Database\Connection.php:1264
at vendor\laravel\framework\src\Illuminate\Database\Connection.php:509
at vendor\laravel\framework\src\Illuminate\Database\Connection.php:404
at vendor\laravel\framework\src\Illuminate\Database\Connection.php:809
at vendor\laravel\framework\src\Illuminate\Database\Connection.php:776
at vendor\laravel\framework\src\Illuminate\Database\Connection.php:395
at vendor\laravel\framework\src\Illuminate\Database\Connection.php:341
at vendor\laravel\framework\src\Illuminate\Database\Connection.php:358
at vendor\laravel\framework\src\Illuminate\Database\Schema\Builder.php:174
at vendor\laravel\framework\src\Illuminate\Database\Migrations\DatabaseMigrationRepository.php:185
at vendor\laravel\framework\src\Illuminate\Database\Migrations\Migrator.php:749
at vendor\laravel\framework\src\Illuminate\Database\Console\Migrations\FreshCommand.php:67
at vendor\laravel\framework\src\Illuminate\Database\Migrations\Migrator.php:665
at vendor\laravel\framework\src\Illuminate\Database\Console\Migrations\FreshCommand.php:66
at vendor\laravel\framework\src\Illuminate\Container\BoundMethod.php:36
at vendor\laravel\framework\src\Illuminate\Container\Util.php:43
at vendor\laravel\framework\src\Illuminate\Container\BoundMethod.php:96
at vendor\laravel\framework\src\Illuminate\Container\BoundMethod.php:35
at vendor\laravel\framework\src\Illuminate\Container\Container.php:754
at vendor\laravel\framework\src\Illuminate\Console\Command.php:211
at vendor\symfony\console\Command\Command.php:318
at vendor\laravel\framework\src\Illuminate\Console\Command.php:180
at vendor\symfony\console\Application.php:1074
at vendor\symfony\console\Application.php:341
at vendor\symfony\console\Application.php:192
at vendor\laravel\framework\src\Illuminate\Console\Application.php:165
at vendor\laravel\framework\src\Illuminate\Foundation\Console\Kernel.php:426
at vendor\laravel\framework\src\Illuminate\Testing\PendingCommand.php:330
at vendor\laravel\framework\src\Illuminate\Testing\PendingCommand.php:533
at vendor\laravel\framework\src\Illuminate\Foundation\Testing\Concerns\InteractsWithConsole.php:87
at vendor\laravel\framework\src\Illuminate\Foundation\Testing\RefreshDatabase.php:101
at vendor\laravel\framework\src\Illuminate\Foundation\Testing\RefreshDatabase.php:84
at vendor\laravel\framework\src\Illuminate\Foundation\Testing\RefreshDatabase.php:25
at vendor\laravel\framework\src\Illuminate\Foundation\Testing\Concerns\InteractsWithTestCaseLifecycle.php:207
at vendor\laravel\framework\src\Illuminate\Foundation\Testing\Concerns\InteractsWithTestCaseLifecycle.php:96
at vendor\laravel\framework\src\Illuminate\Foundation\Testing\TestCase.php:44
at tests\TestCase.php:23
Caused by
PDOException: could not find driver

at vendor\laravel\framework\src\Illuminate\Database\Connectors\Connector.php:66
at vendor\laravel\framework\src\Illuminate\Database\Connectors\Connector.php:44
at vendor\laravel\framework\src\Illuminate\Database\Connectors\SQLiteConnector.php:21
at vendor\laravel\framework\src\Illuminate\Database\Connectors\ConnectionFactory.php:223
at vendor\laravel\framework\src\Illuminate\Database\Connection.php:1228
at vendor\laravel\framework\src\Illuminate\Database\Connection.php:1264
at vendor\laravel\framework\src\Illuminate\Database\Connection.php:509
at vendor\laravel\framework\src\Illuminate\Database\Connection.php:404
at vendor\laravel\framework\src\Illuminate\Database\Connection.php:809
at vendor\laravel\framework\src\Illuminate\Database\Connection.php:776
at vendor\laravel\framework\src\Illuminate\Database\Connection.php:395
at vendor\laravel\framework\src\Illuminate\Database\Connection.php:341
at vendor\laravel\framework\src\Illuminate\Database\Connection.php:358
at vendor\laravel\framework\src\Illuminate\Database\Schema\Builder.php:174
at vendor\laravel\framework\src\Illuminate\Database\Migrations\DatabaseMigrationRepository.php:185
at vendor\laravel\framework\src\Illuminate\Database\Migrations\Migrator.php:749
at vendor\laravel\framework\src\Illuminate\Database\Console\Migrations\FreshCommand.php:67
at vendor\laravel\framework\src\Illuminate\Database\Migrations\Migrator.php:665
at vendor\laravel\framework\src\Illuminate\Database\Console\Migrations\FreshCommand.php:66
at vendor\laravel\framework\src\Illuminate\Container\BoundMethod.php:36
at vendor\laravel\framework\src\Illuminate\Container\Util.php:43
at vendor\laravel\framework\src\Illuminate\Container\BoundMethod.php:96
at vendor\laravel\framework\src\Illuminate\Container\BoundMethod.php:35
at vendor\laravel\framework\src\Illuminate\Container\Container.php:754
at vendor\laravel\framework\src\Illuminate\Console\Command.php:211
at vendor\symfony\console\Command\Command.php:318
at vendor\laravel\framework\src\Illuminate\Console\Command.php:180
at vendor\symfony\console\Application.php:1074
at vendor\symfony\console\Application.php:341
at vendor\symfony\console\Application.php:192
at vendor\laravel\framework\src\Illuminate\Console\Application.php:165
at vendor\laravel\framework\src\Illuminate\Foundation\Console\Kernel.php:426
at vendor\laravel\framework\src\Illuminate\Testing\PendingCommand.php:330
at vendor\laravel\framework\src\Illuminate\Testing\PendingCommand.php:533
at vendor\laravel\framework\src\Illuminate\Foundation\Testing\Concerns\InteractsWithConsole.php:87
at vendor\laravel\framework\src\Illuminate\Foundation\Testing\RefreshDatabase.php:101
at vendor\laravel\framework\src\Illuminate\Foundation\Testing\RefreshDatabase.php:84
at vendor\laravel\framework\src\Illuminate\Foundation\Testing\RefreshDatabase.php:25
at vendor\laravel\framework\src\Illuminate\Foundation\Testing\Concerns\InteractsWithTestCaseLifecycle.php:207
at vendor\laravel\framework\src\Illuminate\Foundation\Testing\Concerns\InteractsWithTestCaseLifecycle.php:96
at vendor\laravel\framework\src\Illuminate\Foundation\Testing\TestCase.php:44
at tests\TestCase.php:23</error>
        </testcase>
        <testcase name="Course statistics update" file="Graduate Tracking Models (Tests\Unit\Models\GraduateTrackingModels)::Course statistics update" class="Tests\Unit\Models\GraduateTrackingModelsTest" classname="Tests.Unit.Models.GraduateTrackingModelsTest" assertions="0" time="0.000000">
          <error type="Illuminate\Database\QueryException">Course statistics updateIlluminate\Database\QueryException: could not find driver (Connection: sqlite, SQL: select exists (select 1 from "main".sqlite_master where name = 'migrations' and type = 'table') as "exists")&#13;
at vendor\laravel\framework\src\Illuminate\Database\Connectors\Connector.php:66
at vendor\laravel\framework\src\Illuminate\Database\Connectors\Connector.php:44
at vendor\laravel\framework\src\Illuminate\Database\Connectors\SQLiteConnector.php:21
at vendor\laravel\framework\src\Illuminate\Database\Connectors\ConnectionFactory.php:223
at vendor\laravel\framework\src\Illuminate\Database\Connection.php:1228
at vendor\laravel\framework\src\Illuminate\Database\Connection.php:1264
at vendor\laravel\framework\src\Illuminate\Database\Connection.php:509
at vendor\laravel\framework\src\Illuminate\Database\Connection.php:404
at vendor\laravel\framework\src\Illuminate\Database\Connection.php:809
at vendor\laravel\framework\src\Illuminate\Database\Connection.php:776
at vendor\laravel\framework\src\Illuminate\Database\Connection.php:395
at vendor\laravel\framework\src\Illuminate\Database\Connection.php:341
at vendor\laravel\framework\src\Illuminate\Database\Connection.php:358
at vendor\laravel\framework\src\Illuminate\Database\Schema\Builder.php:174
at vendor\laravel\framework\src\Illuminate\Database\Migrations\DatabaseMigrationRepository.php:185
at vendor\laravel\framework\src\Illuminate\Database\Migrations\Migrator.php:749
at vendor\laravel\framework\src\Illuminate\Database\Console\Migrations\FreshCommand.php:67
at vendor\laravel\framework\src\Illuminate\Database\Migrations\Migrator.php:665
at vendor\laravel\framework\src\Illuminate\Database\Console\Migrations\FreshCommand.php:66
at vendor\laravel\framework\src\Illuminate\Container\BoundMethod.php:36
at vendor\laravel\framework\src\Illuminate\Container\Util.php:43
at vendor\laravel\framework\src\Illuminate\Container\BoundMethod.php:96
at vendor\laravel\framework\src\Illuminate\Container\BoundMethod.php:35
at vendor\laravel\framework\src\Illuminate\Container\Container.php:754
at vendor\laravel\framework\src\Illuminate\Console\Command.php:211
at vendor\symfony\console\Command\Command.php:318
at vendor\laravel\framework\src\Illuminate\Console\Command.php:180
at vendor\symfony\console\Application.php:1074
at vendor\symfony\console\Application.php:341
at vendor\symfony\console\Application.php:192
at vendor\laravel\framework\src\Illuminate\Console\Application.php:165
at vendor\laravel\framework\src\Illuminate\Foundation\Console\Kernel.php:426
at vendor\laravel\framework\src\Illuminate\Testing\PendingCommand.php:330
at vendor\laravel\framework\src\Illuminate\Testing\PendingCommand.php:533
at vendor\laravel\framework\src\Illuminate\Foundation\Testing\Concerns\InteractsWithConsole.php:87
at vendor\laravel\framework\src\Illuminate\Foundation\Testing\RefreshDatabase.php:101
at vendor\laravel\framework\src\Illuminate\Foundation\Testing\RefreshDatabase.php:84
at vendor\laravel\framework\src\Illuminate\Foundation\Testing\RefreshDatabase.php:25
at vendor\laravel\framework\src\Illuminate\Foundation\Testing\Concerns\InteractsWithTestCaseLifecycle.php:207
at vendor\laravel\framework\src\Illuminate\Foundation\Testing\Concerns\InteractsWithTestCaseLifecycle.php:96
at vendor\laravel\framework\src\Illuminate\Foundation\Testing\TestCase.php:44
at tests\TestCase.php:23
Caused by
PDOException: could not find driver

at vendor\laravel\framework\src\Illuminate\Database\Connectors\Connector.php:66
at vendor\laravel\framework\src\Illuminate\Database\Connectors\Connector.php:44
at vendor\laravel\framework\src\Illuminate\Database\Connectors\SQLiteConnector.php:21
at vendor\laravel\framework\src\Illuminate\Database\Connectors\ConnectionFactory.php:223
at vendor\laravel\framework\src\Illuminate\Database\Connection.php:1228
at vendor\laravel\framework\src\Illuminate\Database\Connection.php:1264
at vendor\laravel\framework\src\Illuminate\Database\Connection.php:509
at vendor\laravel\framework\src\Illuminate\Database\Connection.php:404
at vendor\laravel\framework\src\Illuminate\Database\Connection.php:809
at vendor\laravel\framework\src\Illuminate\Database\Connection.php:776
at vendor\laravel\framework\src\Illuminate\Database\Connection.php:395
at vendor\laravel\framework\src\Illuminate\Database\Connection.php:341
at vendor\laravel\framework\src\Illuminate\Database\Connection.php:358
at vendor\laravel\framework\src\Illuminate\Database\Schema\Builder.php:174
at vendor\laravel\framework\src\Illuminate\Database\Migrations\DatabaseMigrationRepository.php:185
at vendor\laravel\framework\src\Illuminate\Database\Migrations\Migrator.php:749
at vendor\laravel\framework\src\Illuminate\Database\Console\Migrations\FreshCommand.php:67
at vendor\laravel\framework\src\Illuminate\Database\Migrations\Migrator.php:665
at vendor\laravel\framework\src\Illuminate\Database\Console\Migrations\FreshCommand.php:66
at vendor\laravel\framework\src\Illuminate\Container\BoundMethod.php:36
at vendor\laravel\framework\src\Illuminate\Container\Util.php:43
at vendor\laravel\framework\src\Illuminate\Container\BoundMethod.php:96
at vendor\laravel\framework\src\Illuminate\Container\BoundMethod.php:35
at vendor\laravel\framework\src\Illuminate\Container\Container.php:754
at vendor\laravel\framework\src\Illuminate\Console\Command.php:211
at vendor\symfony\console\Command\Command.php:318
at vendor\laravel\framework\src\Illuminate\Console\Command.php:180
at vendor\symfony\console\Application.php:1074
at vendor\symfony\console\Application.php:341
at vendor\symfony\console\Application.php:192
at vendor\laravel\framework\src\Illuminate\Console\Application.php:165
at vendor\laravel\framework\src\Illuminate\Foundation\Console\Kernel.php:426
at vendor\laravel\framework\src\Illuminate\Testing\PendingCommand.php:330
at vendor\laravel\framework\src\Illuminate\Testing\PendingCommand.php:533
at vendor\laravel\framework\src\Illuminate\Foundation\Testing\Concerns\InteractsWithConsole.php:87
at vendor\laravel\framework\src\Illuminate\Foundation\Testing\RefreshDatabase.php:101
at vendor\laravel\framework\src\Illuminate\Foundation\Testing\RefreshDatabase.php:84
at vendor\laravel\framework\src\Illuminate\Foundation\Testing\RefreshDatabase.php:25
at vendor\laravel\framework\src\Illuminate\Foundation\Testing\Concerns\InteractsWithTestCaseLifecycle.php:207
at vendor\laravel\framework\src\Illuminate\Foundation\Testing\Concerns\InteractsWithTestCaseLifecycle.php:96
at vendor\laravel\framework\src\Illuminate\Foundation\Testing\TestCase.php:44
at tests\TestCase.php:23</error>
        </testcase>
        <testcase name="Employer model verification methods" file="Graduate Tracking Models (Tests\Unit\Models\GraduateTrackingModels)::Employer model verification methods" class="Tests\Unit\Models\GraduateTrackingModelsTest" classname="Tests.Unit.Models.GraduateTrackingModelsTest" assertions="0" time="0.000000">
          <error type="Illuminate\Database\QueryException">Employer model verification methodsIlluminate\Database\QueryException: could not find driver (Connection: sqlite, SQL: select exists (select 1 from "main".sqlite_master where name = 'migrations' and type = 'table') as "exists")&#13;
at vendor\laravel\framework\src\Illuminate\Database\Connectors\Connector.php:66
at vendor\laravel\framework\src\Illuminate\Database\Connectors\Connector.php:44
at vendor\laravel\framework\src\Illuminate\Database\Connectors\SQLiteConnector.php:21
at vendor\laravel\framework\src\Illuminate\Database\Connectors\ConnectionFactory.php:223
at vendor\laravel\framework\src\Illuminate\Database\Connection.php:1228
at vendor\laravel\framework\src\Illuminate\Database\Connection.php:1264
at vendor\laravel\framework\src\Illuminate\Database\Connection.php:509
at vendor\laravel\framework\src\Illuminate\Database\Connection.php:404
at vendor\laravel\framework\src\Illuminate\Database\Connection.php:809
at vendor\laravel\framework\src\Illuminate\Database\Connection.php:776
at vendor\laravel\framework\src\Illuminate\Database\Connection.php:395
at vendor\laravel\framework\src\Illuminate\Database\Connection.php:341
at vendor\laravel\framework\src\Illuminate\Database\Connection.php:358
at vendor\laravel\framework\src\Illuminate\Database\Schema\Builder.php:174
at vendor\laravel\framework\src\Illuminate\Database\Migrations\DatabaseMigrationRepository.php:185
at vendor\laravel\framework\src\Illuminate\Database\Migrations\Migrator.php:749
at vendor\laravel\framework\src\Illuminate\Database\Console\Migrations\FreshCommand.php:67
at vendor\laravel\framework\src\Illuminate\Database\Migrations\Migrator.php:665
at vendor\laravel\framework\src\Illuminate\Database\Console\Migrations\FreshCommand.php:66
at vendor\laravel\framework\src\Illuminate\Container\BoundMethod.php:36
at vendor\laravel\framework\src\Illuminate\Container\Util.php:43
at vendor\laravel\framework\src\Illuminate\Container\BoundMethod.php:96
at vendor\laravel\framework\src\Illuminate\Container\BoundMethod.php:35
at vendor\laravel\framework\src\Illuminate\Container\Container.php:754
at vendor\laravel\framework\src\Illuminate\Console\Command.php:211
at vendor\symfony\console\Command\Command.php:318
at vendor\laravel\framework\src\Illuminate\Console\Command.php:180
at vendor\symfony\console\Application.php:1074
at vendor\symfony\console\Application.php:341
at vendor\symfony\console\Application.php:192
at vendor\laravel\framework\src\Illuminate\Console\Application.php:165
at vendor\laravel\framework\src\Illuminate\Foundation\Console\Kernel.php:426
at vendor\laravel\framework\src\Illuminate\Testing\PendingCommand.php:330
at vendor\laravel\framework\src\Illuminate\Testing\PendingCommand.php:533
at vendor\laravel\framework\src\Illuminate\Foundation\Testing\Concerns\InteractsWithConsole.php:87
at vendor\laravel\framework\src\Illuminate\Foundation\Testing\RefreshDatabase.php:101
at vendor\laravel\framework\src\Illuminate\Foundation\Testing\RefreshDatabase.php:84
at vendor\laravel\framework\src\Illuminate\Foundation\Testing\RefreshDatabase.php:25
at vendor\laravel\framework\src\Illuminate\Foundation\Testing\Concerns\InteractsWithTestCaseLifecycle.php:207
at vendor\laravel\framework\src\Illuminate\Foundation\Testing\Concerns\InteractsWithTestCaseLifecycle.php:96
at vendor\laravel\framework\src\Illuminate\Foundation\Testing\TestCase.php:44
at tests\TestCase.php:23
Caused by
PDOException: could not find driver

at vendor\laravel\framework\src\Illuminate\Database\Connectors\Connector.php:66
at vendor\laravel\framework\src\Illuminate\Database\Connectors\Connector.php:44
at vendor\laravel\framework\src\Illuminate\Database\Connectors\SQLiteConnector.php:21
at vendor\laravel\framework\src\Illuminate\Database\Connectors\ConnectionFactory.php:223
at vendor\laravel\framework\src\Illuminate\Database\Connection.php:1228
at vendor\laravel\framework\src\Illuminate\Database\Connection.php:1264
at vendor\laravel\framework\src\Illuminate\Database\Connection.php:509
at vendor\laravel\framework\src\Illuminate\Database\Connection.php:404
at vendor\laravel\framework\src\Illuminate\Database\Connection.php:809
at vendor\laravel\framework\src\Illuminate\Database\Connection.php:776
at vendor\laravel\framework\src\Illuminate\Database\Connection.php:395
at vendor\laravel\framework\src\Illuminate\Database\Connection.php:341
at vendor\laravel\framework\src\Illuminate\Database\Connection.php:358
at vendor\laravel\framework\src\Illuminate\Database\Schema\Builder.php:174
at vendor\laravel\framework\src\Illuminate\Database\Migrations\DatabaseMigrationRepository.php:185
at vendor\laravel\framework\src\Illuminate\Database\Migrations\Migrator.php:749
at vendor\laravel\framework\src\Illuminate\Database\Console\Migrations\FreshCommand.php:67
at vendor\laravel\framework\src\Illuminate\Database\Migrations\Migrator.php:665
at vendor\laravel\framework\src\Illuminate\Database\Console\Migrations\FreshCommand.php:66
at vendor\laravel\framework\src\Illuminate\Container\BoundMethod.php:36
at vendor\laravel\framework\src\Illuminate\Container\Util.php:43
at vendor\laravel\framework\src\Illuminate\Container\BoundMethod.php:96
at vendor\laravel\framework\src\Illuminate\Container\BoundMethod.php:35
at vendor\laravel\framework\src\Illuminate\Container\Container.php:754
at vendor\laravel\framework\src\Illuminate\Console\Command.php:211
at vendor\symfony\console\Command\Command.php:318
at vendor\laravel\framework\src\Illuminate\Console\Command.php:180
at vendor\symfony\console\Application.php:1074
at vendor\symfony\console\Application.php:341
at vendor\symfony\console\Application.php:192
at vendor\laravel\framework\src\Illuminate\Console\Application.php:165
at vendor\laravel\framework\src\Illuminate\Foundation\Console\Kernel.php:426
at vendor\laravel\framework\src\Illuminate\Testing\PendingCommand.php:330
at vendor\laravel\framework\src\Illuminate\Testing\PendingCommand.php:533
at vendor\laravel\framework\src\Illuminate\Foundation\Testing\Concerns\InteractsWithConsole.php:87
at vendor\laravel\framework\src\Illuminate\Foundation\Testing\RefreshDatabase.php:101
at vendor\laravel\framework\src\Illuminate\Foundation\Testing\RefreshDatabase.php:84
at vendor\laravel\framework\src\Illuminate\Foundation\Testing\RefreshDatabase.php:25
at vendor\laravel\framework\src\Illuminate\Foundation\Testing\Concerns\InteractsWithTestCaseLifecycle.php:207
at vendor\laravel\framework\src\Illuminate\Foundation\Testing\Concerns\InteractsWithTestCaseLifecycle.php:96
at vendor\laravel\framework\src\Illuminate\Foundation\Testing\TestCase.php:44
at tests\TestCase.php:23</error>
        </testcase>
        <testcase name="Employer job statistics update" file="Graduate Tracking Models (Tests\Unit\Models\GraduateTrackingModels)::Employer job statistics update" class="Tests\Unit\Models\GraduateTrackingModelsTest" classname="Tests.Unit.Models.GraduateTrackingModelsTest" assertions="0" time="0.000000">
          <error type="Illuminate\Database\QueryException">Employer job statistics updateIlluminate\Database\QueryException: could not find driver (Connection: sqlite, SQL: select exists (select 1 from "main".sqlite_master where name = 'migrations' and type = 'table') as "exists")&#13;
at vendor\laravel\framework\src\Illuminate\Database\Connectors\Connector.php:66
at vendor\laravel\framework\src\Illuminate\Database\Connectors\Connector.php:44
at vendor\laravel\framework\src\Illuminate\Database\Connectors\SQLiteConnector.php:21
at vendor\laravel\framework\src\Illuminate\Database\Connectors\ConnectionFactory.php:223
at vendor\laravel\framework\src\Illuminate\Database\Connection.php:1228
at vendor\laravel\framework\src\Illuminate\Database\Connection.php:1264
at vendor\laravel\framework\src\Illuminate\Database\Connection.php:509
at vendor\laravel\framework\src\Illuminate\Database\Connection.php:404
at vendor\laravel\framework\src\Illuminate\Database\Connection.php:809
at vendor\laravel\framework\src\Illuminate\Database\Connection.php:776
at vendor\laravel\framework\src\Illuminate\Database\Connection.php:395
at vendor\laravel\framework\src\Illuminate\Database\Connection.php:341
at vendor\laravel\framework\src\Illuminate\Database\Connection.php:358
at vendor\laravel\framework\src\Illuminate\Database\Schema\Builder.php:174
at vendor\laravel\framework\src\Illuminate\Database\Migrations\DatabaseMigrationRepository.php:185
at vendor\laravel\framework\src\Illuminate\Database\Migrations\Migrator.php:749
at vendor\laravel\framework\src\Illuminate\Database\Console\Migrations\FreshCommand.php:67
at vendor\laravel\framework\src\Illuminate\Database\Migrations\Migrator.php:665
at vendor\laravel\framework\src\Illuminate\Database\Console\Migrations\FreshCommand.php:66
at vendor\laravel\framework\src\Illuminate\Container\BoundMethod.php:36
at vendor\laravel\framework\src\Illuminate\Container\Util.php:43
at vendor\laravel\framework\src\Illuminate\Container\BoundMethod.php:96
at vendor\laravel\framework\src\Illuminate\Container\BoundMethod.php:35
at vendor\laravel\framework\src\Illuminate\Container\Container.php:754
at vendor\laravel\framework\src\Illuminate\Console\Command.php:211
at vendor\symfony\console\Command\Command.php:318
at vendor\laravel\framework\src\Illuminate\Console\Command.php:180
at vendor\symfony\console\Application.php:1074
at vendor\symfony\console\Application.php:341
at vendor\symfony\console\Application.php:192
at vendor\laravel\framework\src\Illuminate\Console\Application.php:165
at vendor\laravel\framework\src\Illuminate\Foundation\Console\Kernel.php:426
at vendor\laravel\framework\src\Illuminate\Testing\PendingCommand.php:330
at vendor\laravel\framework\src\Illuminate\Testing\PendingCommand.php:533
at vendor\laravel\framework\src\Illuminate\Foundation\Testing\Concerns\InteractsWithConsole.php:87
at vendor\laravel\framework\src\Illuminate\Foundation\Testing\RefreshDatabase.php:101
at vendor\laravel\framework\src\Illuminate\Foundation\Testing\RefreshDatabase.php:84
at vendor\laravel\framework\src\Illuminate\Foundation\Testing\RefreshDatabase.php:25
at vendor\laravel\framework\src\Illuminate\Foundation\Testing\Concerns\InteractsWithTestCaseLifecycle.php:207
at vendor\laravel\framework\src\Illuminate\Foundation\Testing\Concerns\InteractsWithTestCaseLifecycle.php:96
at vendor\laravel\framework\src\Illuminate\Foundation\Testing\TestCase.php:44
at tests\TestCase.php:23
Caused by
PDOException: could not find driver

at vendor\laravel\framework\src\Illuminate\Database\Connectors\Connector.php:66
at vendor\laravel\framework\src\Illuminate\Database\Connectors\Connector.php:44
at vendor\laravel\framework\src\Illuminate\Database\Connectors\SQLiteConnector.php:21
at vendor\laravel\framework\src\Illuminate\Database\Connectors\ConnectionFactory.php:223
at vendor\laravel\framework\src\Illuminate\Database\Connection.php:1228
at vendor\laravel\framework\src\Illuminate\Database\Connection.php:1264
at vendor\laravel\framework\src\Illuminate\Database\Connection.php:509
at vendor\laravel\framework\src\Illuminate\Database\Connection.php:404
at vendor\laravel\framework\src\Illuminate\Database\Connection.php:809
at vendor\laravel\framework\src\Illuminate\Database\Connection.php:776
at vendor\laravel\framework\src\Illuminate\Database\Connection.php:395
at vendor\laravel\framework\src\Illuminate\Database\Connection.php:341
at vendor\laravel\framework\src\Illuminate\Database\Connection.php:358
at vendor\laravel\framework\src\Illuminate\Database\Schema\Builder.php:174
at vendor\laravel\framework\src\Illuminate\Database\Migrations\DatabaseMigrationRepository.php:185
at vendor\laravel\framework\src\Illuminate\Database\Migrations\Migrator.php:749
at vendor\laravel\framework\src\Illuminate\Database\Console\Migrations\FreshCommand.php:67
at vendor\laravel\framework\src\Illuminate\Database\Migrations\Migrator.php:665
at vendor\laravel\framework\src\Illuminate\Database\Console\Migrations\FreshCommand.php:66
at vendor\laravel\framework\src\Illuminate\Container\BoundMethod.php:36
at vendor\laravel\framework\src\Illuminate\Container\Util.php:43
at vendor\laravel\framework\src\Illuminate\Container\BoundMethod.php:96
at vendor\laravel\framework\src\Illuminate\Container\BoundMethod.php:35
at vendor\laravel\framework\src\Illuminate\Container\Container.php:754
at vendor\laravel\framework\src\Illuminate\Console\Command.php:211
at vendor\symfony\console\Command\Command.php:318
at vendor\laravel\framework\src\Illuminate\Console\Command.php:180
at vendor\symfony\console\Application.php:1074
at vendor\symfony\console\Application.php:341
at vendor\symfony\console\Application.php:192
at vendor\laravel\framework\src\Illuminate\Console\Application.php:165
at vendor\laravel\framework\src\Illuminate\Foundation\Console\Kernel.php:426
at vendor\laravel\framework\src\Illuminate\Testing\PendingCommand.php:330
at vendor\laravel\framework\src\Illuminate\Testing\PendingCommand.php:533
at vendor\laravel\framework\src\Illuminate\Foundation\Testing\Concerns\InteractsWithConsole.php:87
at vendor\laravel\framework\src\Illuminate\Foundation\Testing\RefreshDatabase.php:101
at vendor\laravel\framework\src\Illuminate\Foundation\Testing\RefreshDatabase.php:84
at vendor\laravel\framework\src\Illuminate\Foundation\Testing\RefreshDatabase.php:25
at vendor\laravel\framework\src\Illuminate\Foundation\Testing\Concerns\InteractsWithTestCaseLifecycle.php:207
at vendor\laravel\framework\src\Illuminate\Foundation\Testing\Concerns\InteractsWithTestCaseLifecycle.php:96
at vendor\laravel\framework\src\Illuminate\Foundation\Testing\TestCase.php:44
at tests\TestCase.php:23</error>
        </testcase>
        <testcase name="Job model application tracking" file="Graduate Tracking Models (Tests\Unit\Models\GraduateTrackingModels)::Job model application tracking" class="Tests\Unit\Models\GraduateTrackingModelsTest" classname="Tests.Unit.Models.GraduateTrackingModelsTest" assertions="0" time="0.000000">
          <error type="Illuminate\Database\QueryException">Job model application trackingIlluminate\Database\QueryException: could not find driver (Connection: sqlite, SQL: select exists (select 1 from "main".sqlite_master where name = 'migrations' and type = 'table') as "exists")&#13;
at vendor\laravel\framework\src\Illuminate\Database\Connectors\Connector.php:66
at vendor\laravel\framework\src\Illuminate\Database\Connectors\Connector.php:44
at vendor\laravel\framework\src\Illuminate\Database\Connectors\SQLiteConnector.php:21
at vendor\laravel\framework\src\Illuminate\Database\Connectors\ConnectionFactory.php:223
at vendor\laravel\framework\src\Illuminate\Database\Connection.php:1228
at vendor\laravel\framework\src\Illuminate\Database\Connection.php:1264
at vendor\laravel\framework\src\Illuminate\Database\Connection.php:509
at vendor\laravel\framework\src\Illuminate\Database\Connection.php:404
at vendor\laravel\framework\src\Illuminate\Database\Connection.php:809
at vendor\laravel\framework\src\Illuminate\Database\Connection.php:776
at vendor\laravel\framework\src\Illuminate\Database\Connection.php:395
at vendor\laravel\framework\src\Illuminate\Database\Connection.php:341
at vendor\laravel\framework\src\Illuminate\Database\Connection.php:358
at vendor\laravel\framework\src\Illuminate\Database\Schema\Builder.php:174
at vendor\laravel\framework\src\Illuminate\Database\Migrations\DatabaseMigrationRepository.php:185
at vendor\laravel\framework\src\Illuminate\Database\Migrations\Migrator.php:749
at vendor\laravel\framework\src\Illuminate\Database\Console\Migrations\FreshCommand.php:67
at vendor\laravel\framework\src\Illuminate\Database\Migrations\Migrator.php:665
at vendor\laravel\framework\src\Illuminate\Database\Console\Migrations\FreshCommand.php:66
at vendor\laravel\framework\src\Illuminate\Container\BoundMethod.php:36
at vendor\laravel\framework\src\Illuminate\Container\Util.php:43
at vendor\laravel\framework\src\Illuminate\Container\BoundMethod.php:96
at vendor\laravel\framework\src\Illuminate\Container\BoundMethod.php:35
at vendor\laravel\framework\src\Illuminate\Container\Container.php:754
at vendor\laravel\framework\src\Illuminate\Console\Command.php:211
at vendor\symfony\console\Command\Command.php:318
at vendor\laravel\framework\src\Illuminate\Console\Command.php:180
at vendor\symfony\console\Application.php:1074
at vendor\symfony\console\Application.php:341
at vendor\symfony\console\Application.php:192
at vendor\laravel\framework\src\Illuminate\Console\Application.php:165
at vendor\laravel\framework\src\Illuminate\Foundation\Console\Kernel.php:426
at vendor\laravel\framework\src\Illuminate\Testing\PendingCommand.php:330
at vendor\laravel\framework\src\Illuminate\Testing\PendingCommand.php:533
at vendor\laravel\framework\src\Illuminate\Foundation\Testing\Concerns\InteractsWithConsole.php:87
at vendor\laravel\framework\src\Illuminate\Foundation\Testing\RefreshDatabase.php:101
at vendor\laravel\framework\src\Illuminate\Foundation\Testing\RefreshDatabase.php:84
at vendor\laravel\framework\src\Illuminate\Foundation\Testing\RefreshDatabase.php:25
at vendor\laravel\framework\src\Illuminate\Foundation\Testing\Concerns\InteractsWithTestCaseLifecycle.php:207
at vendor\laravel\framework\src\Illuminate\Foundation\Testing\Concerns\InteractsWithTestCaseLifecycle.php:96
at vendor\laravel\framework\src\Illuminate\Foundation\Testing\TestCase.php:44
at tests\TestCase.php:23
Caused by
PDOException: could not find driver

at vendor\laravel\framework\src\Illuminate\Database\Connectors\Connector.php:66
at vendor\laravel\framework\src\Illuminate\Database\Connectors\Connector.php:44
at vendor\laravel\framework\src\Illuminate\Database\Connectors\SQLiteConnector.php:21
at vendor\laravel\framework\src\Illuminate\Database\Connectors\ConnectionFactory.php:223
at vendor\laravel\framework\src\Illuminate\Database\Connection.php:1228
at vendor\laravel\framework\src\Illuminate\Database\Connection.php:1264
at vendor\laravel\framework\src\Illuminate\Database\Connection.php:509
at vendor\laravel\framework\src\Illuminate\Database\Connection.php:404
at vendor\laravel\framework\src\Illuminate\Database\Connection.php:809
at vendor\laravel\framework\src\Illuminate\Database\Connection.php:776
at vendor\laravel\framework\src\Illuminate\Database\Connection.php:395
at vendor\laravel\framework\src\Illuminate\Database\Connection.php:341
at vendor\laravel\framework\src\Illuminate\Database\Connection.php:358
at vendor\laravel\framework\src\Illuminate\Database\Schema\Builder.php:174
at vendor\laravel\framework\src\Illuminate\Database\Migrations\DatabaseMigrationRepository.php:185
at vendor\laravel\framework\src\Illuminate\Database\Migrations\Migrator.php:749
at vendor\laravel\framework\src\Illuminate\Database\Console\Migrations\FreshCommand.php:67
at vendor\laravel\framework\src\Illuminate\Database\Migrations\Migrator.php:665
at vendor\laravel\framework\src\Illuminate\Database\Console\Migrations\FreshCommand.php:66
at vendor\laravel\framework\src\Illuminate\Container\BoundMethod.php:36
at vendor\laravel\framework\src\Illuminate\Container\Util.php:43
at vendor\laravel\framework\src\Illuminate\Container\BoundMethod.php:96
at vendor\laravel\framework\src\Illuminate\Container\BoundMethod.php:35
at vendor\laravel\framework\src\Illuminate\Container\Container.php:754
at vendor\laravel\framework\src\Illuminate\Console\Command.php:211
at vendor\symfony\console\Command\Command.php:318
at vendor\laravel\framework\src\Illuminate\Console\Command.php:180
at vendor\symfony\console\Application.php:1074
at vendor\symfony\console\Application.php:341
at vendor\symfony\console\Application.php:192
at vendor\laravel\framework\src\Illuminate\Console\Application.php:165
at vendor\laravel\framework\src\Illuminate\Foundation\Console\Kernel.php:426
at vendor\laravel\framework\src\Illuminate\Testing\PendingCommand.php:330
at vendor\laravel\framework\src\Illuminate\Testing\PendingCommand.php:533
at vendor\laravel\framework\src\Illuminate\Foundation\Testing\Concerns\InteractsWithConsole.php:87
at vendor\laravel\framework\src\Illuminate\Foundation\Testing\RefreshDatabase.php:101
at vendor\laravel\framework\src\Illuminate\Foundation\Testing\RefreshDatabase.php:84
at vendor\laravel\framework\src\Illuminate\Foundation\Testing\RefreshDatabase.php:25
at vendor\laravel\framework\src\Illuminate\Foundation\Testing\Concerns\InteractsWithTestCaseLifecycle.php:207
at vendor\laravel\framework\src\Illuminate\Foundation\Testing\Concerns\InteractsWithTestCaseLifecycle.php:96
at vendor\laravel\framework\src\Illuminate\Foundation\Testing\TestCase.php:44
at tests\TestCase.php:23</error>
        </testcase>
        <testcase name="Job matching graduates" file="Graduate Tracking Models (Tests\Unit\Models\GraduateTrackingModels)::Job matching graduates" class="Tests\Unit\Models\GraduateTrackingModelsTest" classname="Tests.Unit.Models.GraduateTrackingModelsTest" assertions="0" time="0.000000">
          <error type="Illuminate\Database\QueryException">Job matching graduatesIlluminate\Database\QueryException: could not find driver (Connection: sqlite, SQL: select exists (select 1 from "main".sqlite_master where name = 'migrations' and type = 'table') as "exists")&#13;
at vendor\laravel\framework\src\Illuminate\Database\Connectors\Connector.php:66
at vendor\laravel\framework\src\Illuminate\Database\Connectors\Connector.php:44
at vendor\laravel\framework\src\Illuminate\Database\Connectors\SQLiteConnector.php:21
at vendor\laravel\framework\src\Illuminate\Database\Connectors\ConnectionFactory.php:223
at vendor\laravel\framework\src\Illuminate\Database\Connection.php:1228
at vendor\laravel\framework\src\Illuminate\Database\Connection.php:1264
at vendor\laravel\framework\src\Illuminate\Database\Connection.php:509
at vendor\laravel\framework\src\Illuminate\Database\Connection.php:404
at vendor\laravel\framework\src\Illuminate\Database\Connection.php:809
at vendor\laravel\framework\src\Illuminate\Database\Connection.php:776
at vendor\laravel\framework\src\Illuminate\Database\Connection.php:395
at vendor\laravel\framework\src\Illuminate\Database\Connection.php:341
at vendor\laravel\framework\src\Illuminate\Database\Connection.php:358
at vendor\laravel\framework\src\Illuminate\Database\Schema\Builder.php:174
at vendor\laravel\framework\src\Illuminate\Database\Migrations\DatabaseMigrationRepository.php:185
at vendor\laravel\framework\src\Illuminate\Database\Migrations\Migrator.php:749
at vendor\laravel\framework\src\Illuminate\Database\Console\Migrations\FreshCommand.php:67
at vendor\laravel\framework\src\Illuminate\Database\Migrations\Migrator.php:665
at vendor\laravel\framework\src\Illuminate\Database\Console\Migrations\FreshCommand.php:66
at vendor\laravel\framework\src\Illuminate\Container\BoundMethod.php:36
at vendor\laravel\framework\src\Illuminate\Container\Util.php:43
at vendor\laravel\framework\src\Illuminate\Container\BoundMethod.php:96
at vendor\laravel\framework\src\Illuminate\Container\BoundMethod.php:35
at vendor\laravel\framework\src\Illuminate\Container\Container.php:754
at vendor\laravel\framework\src\Illuminate\Console\Command.php:211
at vendor\symfony\console\Command\Command.php:318
at vendor\laravel\framework\src\Illuminate\Console\Command.php:180
at vendor\symfony\console\Application.php:1074
at vendor\symfony\console\Application.php:341
at vendor\symfony\console\Application.php:192
at vendor\laravel\framework\src\Illuminate\Console\Application.php:165
at vendor\laravel\framework\src\Illuminate\Foundation\Console\Kernel.php:426
at vendor\laravel\framework\src\Illuminate\Testing\PendingCommand.php:330
at vendor\laravel\framework\src\Illuminate\Testing\PendingCommand.php:533
at vendor\laravel\framework\src\Illuminate\Foundation\Testing\Concerns\InteractsWithConsole.php:87
at vendor\laravel\framework\src\Illuminate\Foundation\Testing\RefreshDatabase.php:101
at vendor\laravel\framework\src\Illuminate\Foundation\Testing\RefreshDatabase.php:84
at vendor\laravel\framework\src\Illuminate\Foundation\Testing\RefreshDatabase.php:25
at vendor\laravel\framework\src\Illuminate\Foundation\Testing\Concerns\InteractsWithTestCaseLifecycle.php:207
at vendor\laravel\framework\src\Illuminate\Foundation\Testing\Concerns\InteractsWithTestCaseLifecycle.php:96
at vendor\laravel\framework\src\Illuminate\Foundation\Testing\TestCase.php:44
at tests\TestCase.php:23
Caused by
PDOException: could not find driver

at vendor\laravel\framework\src\Illuminate\Database\Connectors\Connector.php:66
at vendor\laravel\framework\src\Illuminate\Database\Connectors\Connector.php:44
at vendor\laravel\framework\src\Illuminate\Database\Connectors\SQLiteConnector.php:21
at vendor\laravel\framework\src\Illuminate\Database\Connectors\ConnectionFactory.php:223
at vendor\laravel\framework\src\Illuminate\Database\Connection.php:1228
at vendor\laravel\framework\src\Illuminate\Database\Connection.php:1264
at vendor\laravel\framework\src\Illuminate\Database\Connection.php:509
at vendor\laravel\framework\src\Illuminate\Database\Connection.php:404
at vendor\laravel\framework\src\Illuminate\Database\Connection.php:809
at vendor\laravel\framework\src\Illuminate\Database\Connection.php:776
at vendor\laravel\framework\src\Illuminate\Database\Connection.php:395
at vendor\laravel\framework\src\Illuminate\Database\Connection.php:341
at vendor\laravel\framework\src\Illuminate\Database\Connection.php:358
at vendor\laravel\framework\src\Illuminate\Database\Schema\Builder.php:174
at vendor\laravel\framework\src\Illuminate\Database\Migrations\DatabaseMigrationRepository.php:185
at vendor\laravel\framework\src\Illuminate\Database\Migrations\Migrator.php:749
at vendor\laravel\framework\src\Illuminate\Database\Console\Migrations\FreshCommand.php:67
at vendor\laravel\framework\src\Illuminate\Database\Migrations\Migrator.php:665
at vendor\laravel\framework\src\Illuminate\Database\Console\Migrations\FreshCommand.php:66
at vendor\laravel\framework\src\Illuminate\Container\BoundMethod.php:36
at vendor\laravel\framework\src\Illuminate\Container\Util.php:43
at vendor\laravel\framework\src\Illuminate\Container\BoundMethod.php:96
at vendor\laravel\framework\src\Illuminate\Container\BoundMethod.php:35
at vendor\laravel\framework\src\Illuminate\Container\Container.php:754
at vendor\laravel\framework\src\Illuminate\Console\Command.php:211
at vendor\symfony\console\Command\Command.php:318
at vendor\laravel\framework\src\Illuminate\Console\Command.php:180
at vendor\symfony\console\Application.php:1074
at vendor\symfony\console\Application.php:341
at vendor\symfony\console\Application.php:192
at vendor\laravel\framework\src\Illuminate\Console\Application.php:165
at vendor\laravel\framework\src\Illuminate\Foundation\Console\Kernel.php:426
at vendor\laravel\framework\src\Illuminate\Testing\PendingCommand.php:330
at vendor\laravel\framework\src\Illuminate\Testing\PendingCommand.php:533
at vendor\laravel\framework\src\Illuminate\Foundation\Testing\Concerns\InteractsWithConsole.php:87
at vendor\laravel\framework\src\Illuminate\Foundation\Testing\RefreshDatabase.php:101
at vendor\laravel\framework\src\Illuminate\Foundation\Testing\RefreshDatabase.php:84
at vendor\laravel\framework\src\Illuminate\Foundation\Testing\RefreshDatabase.php:25
at vendor\laravel\framework\src\Illuminate\Foundation\Testing\Concerns\InteractsWithTestCaseLifecycle.php:207
at vendor\laravel\framework\src\Illuminate\Foundation\Testing\Concerns\InteractsWithTestCaseLifecycle.php:96
at vendor\laravel\framework\src\Illuminate\Foundation\Testing\TestCase.php:44
at tests\TestCase.php:23</error>
        </testcase>
        <testcase name="Job application status workflow" file="Graduate Tracking Models (Tests\Unit\Models\GraduateTrackingModels)::Job application status workflow" class="Tests\Unit\Models\GraduateTrackingModelsTest" classname="Tests.Unit.Models.GraduateTrackingModelsTest" assertions="0" time="0.000000">
          <error type="Illuminate\Database\QueryException">Job application status workflowIlluminate\Database\QueryException: could not find driver (Connection: sqlite, SQL: select exists (select 1 from "main".sqlite_master where name = 'migrations' and type = 'table') as "exists")&#13;
at vendor\laravel\framework\src\Illuminate\Database\Connectors\Connector.php:66
at vendor\laravel\framework\src\Illuminate\Database\Connectors\Connector.php:44
at vendor\laravel\framework\src\Illuminate\Database\Connectors\SQLiteConnector.php:21
at vendor\laravel\framework\src\Illuminate\Database\Connectors\ConnectionFactory.php:223
at vendor\laravel\framework\src\Illuminate\Database\Connection.php:1228
at vendor\laravel\framework\src\Illuminate\Database\Connection.php:1264
at vendor\laravel\framework\src\Illuminate\Database\Connection.php:509
at vendor\laravel\framework\src\Illuminate\Database\Connection.php:404
at vendor\laravel\framework\src\Illuminate\Database\Connection.php:809
at vendor\laravel\framework\src\Illuminate\Database\Connection.php:776
at vendor\laravel\framework\src\Illuminate\Database\Connection.php:395
at vendor\laravel\framework\src\Illuminate\Database\Connection.php:341
at vendor\laravel\framework\src\Illuminate\Database\Connection.php:358
at vendor\laravel\framework\src\Illuminate\Database\Schema\Builder.php:174
at vendor\laravel\framework\src\Illuminate\Database\Migrations\DatabaseMigrationRepository.php:185
at vendor\laravel\framework\src\Illuminate\Database\Migrations\Migrator.php:749
at vendor\laravel\framework\src\Illuminate\Database\Console\Migrations\FreshCommand.php:67
at vendor\laravel\framework\src\Illuminate\Database\Migrations\Migrator.php:665
at vendor\laravel\framework\src\Illuminate\Database\Console\Migrations\FreshCommand.php:66
at vendor\laravel\framework\src\Illuminate\Container\BoundMethod.php:36
at vendor\laravel\framework\src\Illuminate\Container\Util.php:43
at vendor\laravel\framework\src\Illuminate\Container\BoundMethod.php:96
at vendor\laravel\framework\src\Illuminate\Container\BoundMethod.php:35
at vendor\laravel\framework\src\Illuminate\Container\Container.php:754
at vendor\laravel\framework\src\Illuminate\Console\Command.php:211
at vendor\symfony\console\Command\Command.php:318
at vendor\laravel\framework\src\Illuminate\Console\Command.php:180
at vendor\symfony\console\Application.php:1074
at vendor\symfony\console\Application.php:341
at vendor\symfony\console\Application.php:192
at vendor\laravel\framework\src\Illuminate\Console\Application.php:165
at vendor\laravel\framework\src\Illuminate\Foundation\Console\Kernel.php:426
at vendor\laravel\framework\src\Illuminate\Testing\PendingCommand.php:330
at vendor\laravel\framework\src\Illuminate\Testing\PendingCommand.php:533
at vendor\laravel\framework\src\Illuminate\Foundation\Testing\Concerns\InteractsWithConsole.php:87
at vendor\laravel\framework\src\Illuminate\Foundation\Testing\RefreshDatabase.php:101
at vendor\laravel\framework\src\Illuminate\Foundation\Testing\RefreshDatabase.php:84
at vendor\laravel\framework\src\Illuminate\Foundation\Testing\RefreshDatabase.php:25
at vendor\laravel\framework\src\Illuminate\Foundation\Testing\Concerns\InteractsWithTestCaseLifecycle.php:207
at vendor\laravel\framework\src\Illuminate\Foundation\Testing\Concerns\InteractsWithTestCaseLifecycle.php:96
at vendor\laravel\framework\src\Illuminate\Foundation\Testing\TestCase.php:44
at tests\TestCase.php:23
Caused by
PDOException: could not find driver

at vendor\laravel\framework\src\Illuminate\Database\Connectors\Connector.php:66
at vendor\laravel\framework\src\Illuminate\Database\Connectors\Connector.php:44
at vendor\laravel\framework\src\Illuminate\Database\Connectors\SQLiteConnector.php:21
at vendor\laravel\framework\src\Illuminate\Database\Connectors\ConnectionFactory.php:223
at vendor\laravel\framework\src\Illuminate\Database\Connection.php:1228
at vendor\laravel\framework\src\Illuminate\Database\Connection.php:1264
at vendor\laravel\framework\src\Illuminate\Database\Connection.php:509
at vendor\laravel\framework\src\Illuminate\Database\Connection.php:404
at vendor\laravel\framework\src\Illuminate\Database\Connection.php:809
at vendor\laravel\framework\src\Illuminate\Database\Connection.php:776
at vendor\laravel\framework\src\Illuminate\Database\Connection.php:395
at vendor\laravel\framework\src\Illuminate\Database\Connection.php:341
at vendor\laravel\framework\src\Illuminate\Database\Connection.php:358
at vendor\laravel\framework\src\Illuminate\Database\Schema\Builder.php:174
at vendor\laravel\framework\src\Illuminate\Database\Migrations\DatabaseMigrationRepository.php:185
at vendor\laravel\framework\src\Illuminate\Database\Migrations\Migrator.php:749
at vendor\laravel\framework\src\Illuminate\Database\Console\Migrations\FreshCommand.php:67
at vendor\laravel\framework\src\Illuminate\Database\Migrations\Migrator.php:665
at vendor\laravel\framework\src\Illuminate\Database\Console\Migrations\FreshCommand.php:66
at vendor\laravel\framework\src\Illuminate\Container\BoundMethod.php:36
at vendor\laravel\framework\src\Illuminate\Container\Util.php:43
at vendor\laravel\framework\src\Illuminate\Container\BoundMethod.php:96
at vendor\laravel\framework\src\Illuminate\Container\BoundMethod.php:35
at vendor\laravel\framework\src\Illuminate\Container\Container.php:754
at vendor\laravel\framework\src\Illuminate\Console\Command.php:211
at vendor\symfony\console\Command\Command.php:318
at vendor\laravel\framework\src\Illuminate\Console\Command.php:180
at vendor\symfony\console\Application.php:1074
at vendor\symfony\console\Application.php:341
at vendor\symfony\console\Application.php:192
at vendor\laravel\framework\src\Illuminate\Console\Application.php:165
at vendor\laravel\framework\src\Illuminate\Foundation\Console\Kernel.php:426
at vendor\laravel\framework\src\Illuminate\Testing\PendingCommand.php:330
at vendor\laravel\framework\src\Illuminate\Testing\PendingCommand.php:533
at vendor\laravel\framework\src\Illuminate\Foundation\Testing\Concerns\InteractsWithConsole.php:87
at vendor\laravel\framework\src\Illuminate\Foundation\Testing\RefreshDatabase.php:101
at vendor\laravel\framework\src\Illuminate\Foundation\Testing\RefreshDatabase.php:84
at vendor\laravel\framework\src\Illuminate\Foundation\Testing\RefreshDatabase.php:25
at vendor\laravel\framework\src\Illuminate\Foundation\Testing\Concerns\InteractsWithTestCaseLifecycle.php:207
at vendor\laravel\framework\src\Illuminate\Foundation\Testing\Concerns\InteractsWithTestCaseLifecycle.php:96
at vendor\laravel\framework\src\Illuminate\Foundation\Testing\TestCase.php:44
at tests\TestCase.php:23</error>
        </testcase>
        <testcase name="Job application match score calculation" file="Graduate Tracking Models (Tests\Unit\Models\GraduateTrackingModels)::Job application match score calculation" class="Tests\Unit\Models\GraduateTrackingModelsTest" classname="Tests.Unit.Models.GraduateTrackingModelsTest" assertions="0" time="0.000000">
          <error type="Illuminate\Database\QueryException">Job application match score calculationIlluminate\Database\QueryException: could not find driver (Connection: sqlite, SQL: select exists (select 1 from "main".sqlite_master where name = 'migrations' and type = 'table') as "exists")&#13;
at vendor\laravel\framework\src\Illuminate\Database\Connectors\Connector.php:66
at vendor\laravel\framework\src\Illuminate\Database\Connectors\Connector.php:44
at vendor\laravel\framework\src\Illuminate\Database\Connectors\SQLiteConnector.php:21
at vendor\laravel\framework\src\Illuminate\Database\Connectors\ConnectionFactory.php:223
at vendor\laravel\framework\src\Illuminate\Database\Connection.php:1228
at vendor\laravel\framework\src\Illuminate\Database\Connection.php:1264
at vendor\laravel\framework\src\Illuminate\Database\Connection.php:509
at vendor\laravel\framework\src\Illuminate\Database\Connection.php:404
at vendor\laravel\framework\src\Illuminate\Database\Connection.php:809
at vendor\laravel\framework\src\Illuminate\Database\Connection.php:776
at vendor\laravel\framework\src\Illuminate\Database\Connection.php:395
at vendor\laravel\framework\src\Illuminate\Database\Connection.php:341
at vendor\laravel\framework\src\Illuminate\Database\Connection.php:358
at vendor\laravel\framework\src\Illuminate\Database\Schema\Builder.php:174
at vendor\laravel\framework\src\Illuminate\Database\Migrations\DatabaseMigrationRepository.php:185
at vendor\laravel\framework\src\Illuminate\Database\Migrations\Migrator.php:749
at vendor\laravel\framework\src\Illuminate\Database\Console\Migrations\FreshCommand.php:67
at vendor\laravel\framework\src\Illuminate\Database\Migrations\Migrator.php:665
at vendor\laravel\framework\src\Illuminate\Database\Console\Migrations\FreshCommand.php:66
at vendor\laravel\framework\src\Illuminate\Container\BoundMethod.php:36
at vendor\laravel\framework\src\Illuminate\Container\Util.php:43
at vendor\laravel\framework\src\Illuminate\Container\BoundMethod.php:96
at vendor\laravel\framework\src\Illuminate\Container\BoundMethod.php:35
at vendor\laravel\framework\src\Illuminate\Container\Container.php:754
at vendor\laravel\framework\src\Illuminate\Console\Command.php:211
at vendor\symfony\console\Command\Command.php:318
at vendor\laravel\framework\src\Illuminate\Console\Command.php:180
at vendor\symfony\console\Application.php:1074
at vendor\symfony\console\Application.php:341
at vendor\symfony\console\Application.php:192
at vendor\laravel\framework\src\Illuminate\Console\Application.php:165
at vendor\laravel\framework\src\Illuminate\Foundation\Console\Kernel.php:426
at vendor\laravel\framework\src\Illuminate\Testing\PendingCommand.php:330
at vendor\laravel\framework\src\Illuminate\Testing\PendingCommand.php:533
at vendor\laravel\framework\src\Illuminate\Foundation\Testing\Concerns\InteractsWithConsole.php:87
at vendor\laravel\framework\src\Illuminate\Foundation\Testing\RefreshDatabase.php:101
at vendor\laravel\framework\src\Illuminate\Foundation\Testing\RefreshDatabase.php:84
at vendor\laravel\framework\src\Illuminate\Foundation\Testing\RefreshDatabase.php:25
at vendor\laravel\framework\src\Illuminate\Foundation\Testing\Concerns\InteractsWithTestCaseLifecycle.php:207
at vendor\laravel\framework\src\Illuminate\Foundation\Testing\Concerns\InteractsWithTestCaseLifecycle.php:96
at vendor\laravel\framework\src\Illuminate\Foundation\Testing\TestCase.php:44
at tests\TestCase.php:23
Caused by
PDOException: could not find driver

at vendor\laravel\framework\src\Illuminate\Database\Connectors\Connector.php:66
at vendor\laravel\framework\src\Illuminate\Database\Connectors\Connector.php:44
at vendor\laravel\framework\src\Illuminate\Database\Connectors\SQLiteConnector.php:21
at vendor\laravel\framework\src\Illuminate\Database\Connectors\ConnectionFactory.php:223
at vendor\laravel\framework\src\Illuminate\Database\Connection.php:1228
at vendor\laravel\framework\src\Illuminate\Database\Connection.php:1264
at vendor\laravel\framework\src\Illuminate\Database\Connection.php:509
at vendor\laravel\framework\src\Illuminate\Database\Connection.php:404
at vendor\laravel\framework\src\Illuminate\Database\Connection.php:809
at vendor\laravel\framework\src\Illuminate\Database\Connection.php:776
at vendor\laravel\framework\src\Illuminate\Database\Connection.php:395
at vendor\laravel\framework\src\Illuminate\Database\Connection.php:341
at vendor\laravel\framework\src\Illuminate\Database\Connection.php:358
at vendor\laravel\framework\src\Illuminate\Database\Schema\Builder.php:174
at vendor\laravel\framework\src\Illuminate\Database\Migrations\DatabaseMigrationRepository.php:185
at vendor\laravel\framework\src\Illuminate\Database\Migrations\Migrator.php:749
at vendor\laravel\framework\src\Illuminate\Database\Console\Migrations\FreshCommand.php:67
at vendor\laravel\framework\src\Illuminate\Database\Migrations\Migrator.php:665
at vendor\laravel\framework\src\Illuminate\Database\Console\Migrations\FreshCommand.php:66
at vendor\laravel\framework\src\Illuminate\Container\BoundMethod.php:36
at vendor\laravel\framework\src\Illuminate\Container\Util.php:43
at vendor\laravel\framework\src\Illuminate\Container\BoundMethod.php:96
at vendor\laravel\framework\src\Illuminate\Container\BoundMethod.php:35
at vendor\laravel\framework\src\Illuminate\Container\Container.php:754
at vendor\laravel\framework\src\Illuminate\Console\Command.php:211
at vendor\symfony\console\Command\Command.php:318
at vendor\laravel\framework\src\Illuminate\Console\Command.php:180
at vendor\symfony\console\Application.php:1074
at vendor\symfony\console\Application.php:341
at vendor\symfony\console\Application.php:192
at vendor\laravel\framework\src\Illuminate\Console\Application.php:165
at vendor\laravel\framework\src\Illuminate\Foundation\Console\Kernel.php:426
at vendor\laravel\framework\src\Illuminate\Testing\PendingCommand.php:330
at vendor\laravel\framework\src\Illuminate\Testing\PendingCommand.php:533
at vendor\laravel\framework\src\Illuminate\Foundation\Testing\Concerns\InteractsWithConsole.php:87
at vendor\laravel\framework\src\Illuminate\Foundation\Testing\RefreshDatabase.php:101
at vendor\laravel\framework\src\Illuminate\Foundation\Testing\RefreshDatabase.php:84
at vendor\laravel\framework\src\Illuminate\Foundation\Testing\RefreshDatabase.php:25
at vendor\laravel\framework\src\Illuminate\Foundation\Testing\Concerns\InteractsWithTestCaseLifecycle.php:207
at vendor\laravel\framework\src\Illuminate\Foundation\Testing\Concerns\InteractsWithTestCaseLifecycle.php:96
at vendor\laravel\framework\src\Illuminate\Foundation\Testing\TestCase.php:44
at tests\TestCase.php:23</error>
        </testcase>
        <testcase name="Model scopes work correctly" file="Graduate Tracking Models (Tests\Unit\Models\GraduateTrackingModels)::Model scopes work correctly" class="Tests\Unit\Models\GraduateTrackingModelsTest" classname="Tests.Unit.Models.GraduateTrackingModelsTest" assertions="0" time="0.000000">
          <error type="Illuminate\Database\QueryException">Model scopes work correctlyIlluminate\Database\QueryException: could not find driver (Connection: sqlite, SQL: select exists (select 1 from "main".sqlite_master where name = 'migrations' and type = 'table') as "exists")&#13;
at vendor\laravel\framework\src\Illuminate\Database\Connectors\Connector.php:66
at vendor\laravel\framework\src\Illuminate\Database\Connectors\Connector.php:44
at vendor\laravel\framework\src\Illuminate\Database\Connectors\SQLiteConnector.php:21
at vendor\laravel\framework\src\Illuminate\Database\Connectors\ConnectionFactory.php:223
at vendor\laravel\framework\src\Illuminate\Database\Connection.php:1228
at vendor\laravel\framework\src\Illuminate\Database\Connection.php:1264
at vendor\laravel\framework\src\Illuminate\Database\Connection.php:509
at vendor\laravel\framework\src\Illuminate\Database\Connection.php:404
at vendor\laravel\framework\src\Illuminate\Database\Connection.php:809
at vendor\laravel\framework\src\Illuminate\Database\Connection.php:776
at vendor\laravel\framework\src\Illuminate\Database\Connection.php:395
at vendor\laravel\framework\src\Illuminate\Database\Connection.php:341
at vendor\laravel\framework\src\Illuminate\Database\Connection.php:358
at vendor\laravel\framework\src\Illuminate\Database\Schema\Builder.php:174
at vendor\laravel\framework\src\Illuminate\Database\Migrations\DatabaseMigrationRepository.php:185
at vendor\laravel\framework\src\Illuminate\Database\Migrations\Migrator.php:749
at vendor\laravel\framework\src\Illuminate\Database\Console\Migrations\FreshCommand.php:67
at vendor\laravel\framework\src\Illuminate\Database\Migrations\Migrator.php:665
at vendor\laravel\framework\src\Illuminate\Database\Console\Migrations\FreshCommand.php:66
at vendor\laravel\framework\src\Illuminate\Container\BoundMethod.php:36
at vendor\laravel\framework\src\Illuminate\Container\Util.php:43
at vendor\laravel\framework\src\Illuminate\Container\BoundMethod.php:96
at vendor\laravel\framework\src\Illuminate\Container\BoundMethod.php:35
at vendor\laravel\framework\src\Illuminate\Container\Container.php:754
at vendor\laravel\framework\src\Illuminate\Console\Command.php:211
at vendor\symfony\console\Command\Command.php:318
at vendor\laravel\framework\src\Illuminate\Console\Command.php:180
at vendor\symfony\console\Application.php:1074
at vendor\symfony\console\Application.php:341
at vendor\symfony\console\Application.php:192
at vendor\laravel\framework\src\Illuminate\Console\Application.php:165
at vendor\laravel\framework\src\Illuminate\Foundation\Console\Kernel.php:426
at vendor\laravel\framework\src\Illuminate\Testing\PendingCommand.php:330
at vendor\laravel\framework\src\Illuminate\Testing\PendingCommand.php:533
at vendor\laravel\framework\src\Illuminate\Foundation\Testing\Concerns\InteractsWithConsole.php:87
at vendor\laravel\framework\src\Illuminate\Foundation\Testing\RefreshDatabase.php:101
at vendor\laravel\framework\src\Illuminate\Foundation\Testing\RefreshDatabase.php:84
at vendor\laravel\framework\src\Illuminate\Foundation\Testing\RefreshDatabase.php:25
at vendor\laravel\framework\src\Illuminate\Foundation\Testing\Concerns\InteractsWithTestCaseLifecycle.php:207
at vendor\laravel\framework\src\Illuminate\Foundation\Testing\Concerns\InteractsWithTestCaseLifecycle.php:96
at vendor\laravel\framework\src\Illuminate\Foundation\Testing\TestCase.php:44
at tests\TestCase.php:23
Caused by
PDOException: could not find driver

at vendor\laravel\framework\src\Illuminate\Database\Connectors\Connector.php:66
at vendor\laravel\framework\src\Illuminate\Database\Connectors\Connector.php:44
at vendor\laravel\framework\src\Illuminate\Database\Connectors\SQLiteConnector.php:21
at vendor\laravel\framework\src\Illuminate\Database\Connectors\ConnectionFactory.php:223
at vendor\laravel\framework\src\Illuminate\Database\Connection.php:1228
at vendor\laravel\framework\src\Illuminate\Database\Connection.php:1264
at vendor\laravel\framework\src\Illuminate\Database\Connection.php:509
at vendor\laravel\framework\src\Illuminate\Database\Connection.php:404
at vendor\laravel\framework\src\Illuminate\Database\Connection.php:809
at vendor\laravel\framework\src\Illuminate\Database\Connection.php:776
at vendor\laravel\framework\src\Illuminate\Database\Connection.php:395
at vendor\laravel\framework\src\Illuminate\Database\Connection.php:341
at vendor\laravel\framework\src\Illuminate\Database\Connection.php:358
at vendor\laravel\framework\src\Illuminate\Database\Schema\Builder.php:174
at vendor\laravel\framework\src\Illuminate\Database\Migrations\DatabaseMigrationRepository.php:185
at vendor\laravel\framework\src\Illuminate\Database\Migrations\Migrator.php:749
at vendor\laravel\framework\src\Illuminate\Database\Console\Migrations\FreshCommand.php:67
at vendor\laravel\framework\src\Illuminate\Database\Migrations\Migrator.php:665
at vendor\laravel\framework\src\Illuminate\Database\Console\Migrations\FreshCommand.php:66
at vendor\laravel\framework\src\Illuminate\Container\BoundMethod.php:36
at vendor\laravel\framework\src\Illuminate\Container\Util.php:43
at vendor\laravel\framework\src\Illuminate\Container\BoundMethod.php:96
at vendor\laravel\framework\src\Illuminate\Container\BoundMethod.php:35
at vendor\laravel\framework\src\Illuminate\Container\Container.php:754
at vendor\laravel\framework\src\Illuminate\Console\Command.php:211
at vendor\symfony\console\Command\Command.php:318
at vendor\laravel\framework\src\Illuminate\Console\Command.php:180
at vendor\symfony\console\Application.php:1074
at vendor\symfony\console\Application.php:341
at vendor\symfony\console\Application.php:192
at vendor\laravel\framework\src\Illuminate\Console\Application.php:165
at vendor\laravel\framework\src\Illuminate\Foundation\Console\Kernel.php:426
at vendor\laravel\framework\src\Illuminate\Testing\PendingCommand.php:330
at vendor\laravel\framework\src\Illuminate\Testing\PendingCommand.php:533
at vendor\laravel\framework\src\Illuminate\Foundation\Testing\Concerns\InteractsWithConsole.php:87
at vendor\laravel\framework\src\Illuminate\Foundation\Testing\RefreshDatabase.php:101
at vendor\laravel\framework\src\Illuminate\Foundation\Testing\RefreshDatabase.php:84
at vendor\laravel\framework\src\Illuminate\Foundation\Testing\RefreshDatabase.php:25
at vendor\laravel\framework\src\Illuminate\Foundation\Testing\Concerns\InteractsWithTestCaseLifecycle.php:207
at vendor\laravel\framework\src\Illuminate\Foundation\Testing\Concerns\InteractsWithTestCaseLifecycle.php:96
at vendor\laravel\framework\src\Illuminate\Foundation\Testing\TestCase.php:44
at tests\TestCase.php:23</error>
        </testcase>
        <testcase name="Model accessors work correctly" file="Graduate Tracking Models (Tests\Unit\Models\GraduateTrackingModels)::Model accessors work correctly" class="Tests\Unit\Models\GraduateTrackingModelsTest" classname="Tests.Unit.Models.GraduateTrackingModelsTest" assertions="0" time="0.000000">
          <error type="Illuminate\Database\QueryException">Model accessors work correctlyIlluminate\Database\QueryException: could not find driver (Connection: sqlite, SQL: select exists (select 1 from "main".sqlite_master where name = 'migrations' and type = 'table') as "exists")&#13;
at vendor\laravel\framework\src\Illuminate\Database\Connectors\Connector.php:66
at vendor\laravel\framework\src\Illuminate\Database\Connectors\Connector.php:44
at vendor\laravel\framework\src\Illuminate\Database\Connectors\SQLiteConnector.php:21
at vendor\laravel\framework\src\Illuminate\Database\Connectors\ConnectionFactory.php:223
at vendor\laravel\framework\src\Illuminate\Database\Connection.php:1228
at vendor\laravel\framework\src\Illuminate\Database\Connection.php:1264
at vendor\laravel\framework\src\Illuminate\Database\Connection.php:509
at vendor\laravel\framework\src\Illuminate\Database\Connection.php:404
at vendor\laravel\framework\src\Illuminate\Database\Connection.php:809
at vendor\laravel\framework\src\Illuminate\Database\Connection.php:776
at vendor\laravel\framework\src\Illuminate\Database\Connection.php:395
at vendor\laravel\framework\src\Illuminate\Database\Connection.php:341
at vendor\laravel\framework\src\Illuminate\Database\Connection.php:358
at vendor\laravel\framework\src\Illuminate\Database\Schema\Builder.php:174
at vendor\laravel\framework\src\Illuminate\Database\Migrations\DatabaseMigrationRepository.php:185
at vendor\laravel\framework\src\Illuminate\Database\Migrations\Migrator.php:749
at vendor\laravel\framework\src\Illuminate\Database\Console\Migrations\FreshCommand.php:67
at vendor\laravel\framework\src\Illuminate\Database\Migrations\Migrator.php:665
at vendor\laravel\framework\src\Illuminate\Database\Console\Migrations\FreshCommand.php:66
at vendor\laravel\framework\src\Illuminate\Container\BoundMethod.php:36
at vendor\laravel\framework\src\Illuminate\Container\Util.php:43
at vendor\laravel\framework\src\Illuminate\Container\BoundMethod.php:96
at vendor\laravel\framework\src\Illuminate\Container\BoundMethod.php:35
at vendor\laravel\framework\src\Illuminate\Container\Container.php:754
at vendor\laravel\framework\src\Illuminate\Console\Command.php:211
at vendor\symfony\console\Command\Command.php:318
at vendor\laravel\framework\src\Illuminate\Console\Command.php:180
at vendor\symfony\console\Application.php:1074
at vendor\symfony\console\Application.php:341
at vendor\symfony\console\Application.php:192
at vendor\laravel\framework\src\Illuminate\Console\Application.php:165
at vendor\laravel\framework\src\Illuminate\Foundation\Console\Kernel.php:426
at vendor\laravel\framework\src\Illuminate\Testing\PendingCommand.php:330
at vendor\laravel\framework\src\Illuminate\Testing\PendingCommand.php:533
at vendor\laravel\framework\src\Illuminate\Foundation\Testing\Concerns\InteractsWithConsole.php:87
at vendor\laravel\framework\src\Illuminate\Foundation\Testing\RefreshDatabase.php:101
at vendor\laravel\framework\src\Illuminate\Foundation\Testing\RefreshDatabase.php:84
at vendor\laravel\framework\src\Illuminate\Foundation\Testing\RefreshDatabase.php:25
at vendor\laravel\framework\src\Illuminate\Foundation\Testing\Concerns\InteractsWithTestCaseLifecycle.php:207
at vendor\laravel\framework\src\Illuminate\Foundation\Testing\Concerns\InteractsWithTestCaseLifecycle.php:96
at vendor\laravel\framework\src\Illuminate\Foundation\Testing\TestCase.php:44
at tests\TestCase.php:23
Caused by
PDOException: could not find driver

at vendor\laravel\framework\src\Illuminate\Database\Connectors\Connector.php:66
at vendor\laravel\framework\src\Illuminate\Database\Connectors\Connector.php:44
at vendor\laravel\framework\src\Illuminate\Database\Connectors\SQLiteConnector.php:21
at vendor\laravel\framework\src\Illuminate\Database\Connectors\ConnectionFactory.php:223
at vendor\laravel\framework\src\Illuminate\Database\Connection.php:1228
at vendor\laravel\framework\src\Illuminate\Database\Connection.php:1264
at vendor\laravel\framework\src\Illuminate\Database\Connection.php:509
at vendor\laravel\framework\src\Illuminate\Database\Connection.php:404
at vendor\laravel\framework\src\Illuminate\Database\Connection.php:809
at vendor\laravel\framework\src\Illuminate\Database\Connection.php:776
at vendor\laravel\framework\src\Illuminate\Database\Connection.php:395
at vendor\laravel\framework\src\Illuminate\Database\Connection.php:341
at vendor\laravel\framework\src\Illuminate\Database\Connection.php:358
at vendor\laravel\framework\src\Illuminate\Database\Schema\Builder.php:174
at vendor\laravel\framework\src\Illuminate\Database\Migrations\DatabaseMigrationRepository.php:185
at vendor\laravel\framework\src\Illuminate\Database\Migrations\Migrator.php:749
at vendor\laravel\framework\src\Illuminate\Database\Console\Migrations\FreshCommand.php:67
at vendor\laravel\framework\src\Illuminate\Database\Migrations\Migrator.php:665
at vendor\laravel\framework\src\Illuminate\Database\Console\Migrations\FreshCommand.php:66
at vendor\laravel\framework\src\Illuminate\Container\BoundMethod.php:36
at vendor\laravel\framework\src\Illuminate\Container\Util.php:43
at vendor\laravel\framework\src\Illuminate\Container\BoundMethod.php:96
at vendor\laravel\framework\src\Illuminate\Container\BoundMethod.php:35
at vendor\laravel\framework\src\Illuminate\Container\Container.php:754
at vendor\laravel\framework\src\Illuminate\Console\Command.php:211
at vendor\symfony\console\Command\Command.php:318
at vendor\laravel\framework\src\Illuminate\Console\Command.php:180
at vendor\symfony\console\Application.php:1074
at vendor\symfony\console\Application.php:341
at vendor\symfony\console\Application.php:192
at vendor\laravel\framework\src\Illuminate\Console\Application.php:165
at vendor\laravel\framework\src\Illuminate\Foundation\Console\Kernel.php:426
at vendor\laravel\framework\src\Illuminate\Testing\PendingCommand.php:330
at vendor\laravel\framework\src\Illuminate\Testing\PendingCommand.php:533
at vendor\laravel\framework\src\Illuminate\Foundation\Testing\Concerns\InteractsWithConsole.php:87
at vendor\laravel\framework\src\Illuminate\Foundation\Testing\RefreshDatabase.php:101
at vendor\laravel\framework\src\Illuminate\Foundation\Testing\RefreshDatabase.php:84
at vendor\laravel\framework\src\Illuminate\Foundation\Testing\RefreshDatabase.php:25
at vendor\laravel\framework\src\Illuminate\Foundation\Testing\Concerns\InteractsWithTestCaseLifecycle.php:207
at vendor\laravel\framework\src\Illuminate\Foundation\Testing\Concerns\InteractsWithTestCaseLifecycle.php:96
at vendor\laravel\framework\src\Illuminate\Foundation\Testing\TestCase.php:44
at tests\TestCase.php:23</error>
        </testcase>
      </testsuite>
      <testsuite name="Tests\Unit\Services\AnalyticsServiceTest" file="Analytics Service (Tests\Unit\Services\AnalyticsService)" tests="11" assertions="0" errors="11" failures="0" skipped="0" time="0.000000">
        <testcase name="Can generate daily snapshot" file="Analytics Service (Tests\Unit\Services\AnalyticsService)::Can generate daily snapshot" class="Tests\Unit\Services\AnalyticsServiceTest" classname="Tests.Unit.Services.AnalyticsServiceTest" assertions="0" time="0.000000">
          <error type="Illuminate\Database\QueryException">Can generate daily snapshotIlluminate\Database\QueryException: could not find driver (Connection: sqlite, SQL: select exists (select 1 from "main".sqlite_master where name = 'migrations' and type = 'table') as "exists")&#13;
at vendor\laravel\framework\src\Illuminate\Database\Connectors\Connector.php:66
at vendor\laravel\framework\src\Illuminate\Database\Connectors\Connector.php:44
at vendor\laravel\framework\src\Illuminate\Database\Connectors\SQLiteConnector.php:21
at vendor\laravel\framework\src\Illuminate\Database\Connectors\ConnectionFactory.php:223
at vendor\laravel\framework\src\Illuminate\Database\Connection.php:1228
at vendor\laravel\framework\src\Illuminate\Database\Connection.php:1264
at vendor\laravel\framework\src\Illuminate\Database\Connection.php:509
at vendor\laravel\framework\src\Illuminate\Database\Connection.php:404
at vendor\laravel\framework\src\Illuminate\Database\Connection.php:809
at vendor\laravel\framework\src\Illuminate\Database\Connection.php:776
at vendor\laravel\framework\src\Illuminate\Database\Connection.php:395
at vendor\laravel\framework\src\Illuminate\Database\Connection.php:341
at vendor\laravel\framework\src\Illuminate\Database\Connection.php:358
at vendor\laravel\framework\src\Illuminate\Database\Schema\Builder.php:174
at vendor\laravel\framework\src\Illuminate\Database\Migrations\DatabaseMigrationRepository.php:185
at vendor\laravel\framework\src\Illuminate\Database\Migrations\Migrator.php:749
at vendor\laravel\framework\src\Illuminate\Database\Console\Migrations\FreshCommand.php:67
at vendor\laravel\framework\src\Illuminate\Database\Migrations\Migrator.php:665
at vendor\laravel\framework\src\Illuminate\Database\Console\Migrations\FreshCommand.php:66
at vendor\laravel\framework\src\Illuminate\Container\BoundMethod.php:36
at vendor\laravel\framework\src\Illuminate\Container\Util.php:43
at vendor\laravel\framework\src\Illuminate\Container\BoundMethod.php:96
at vendor\laravel\framework\src\Illuminate\Container\BoundMethod.php:35
at vendor\laravel\framework\src\Illuminate\Container\Container.php:754
at vendor\laravel\framework\src\Illuminate\Console\Command.php:211
at vendor\symfony\console\Command\Command.php:318
at vendor\laravel\framework\src\Illuminate\Console\Command.php:180
at vendor\symfony\console\Application.php:1074
at vendor\symfony\console\Application.php:341
at vendor\symfony\console\Application.php:192
at vendor\laravel\framework\src\Illuminate\Console\Application.php:165
at vendor\laravel\framework\src\Illuminate\Foundation\Console\Kernel.php:426
at vendor\laravel\framework\src\Illuminate\Testing\PendingCommand.php:330
at vendor\laravel\framework\src\Illuminate\Testing\PendingCommand.php:533
at vendor\laravel\framework\src\Illuminate\Foundation\Testing\Concerns\InteractsWithConsole.php:87
at vendor\laravel\framework\src\Illuminate\Foundation\Testing\RefreshDatabase.php:101
at vendor\laravel\framework\src\Illuminate\Foundation\Testing\RefreshDatabase.php:84
at vendor\laravel\framework\src\Illuminate\Foundation\Testing\RefreshDatabase.php:25
at vendor\laravel\framework\src\Illuminate\Foundation\Testing\Concerns\InteractsWithTestCaseLifecycle.php:207
at vendor\laravel\framework\src\Illuminate\Foundation\Testing\Concerns\InteractsWithTestCaseLifecycle.php:96
at vendor\laravel\framework\src\Illuminate\Foundation\Testing\TestCase.php:44
at tests\TestCase.php:23
at tests\Unit\Services\AnalyticsServiceTest.php:24
Caused by
PDOException: could not find driver

at vendor\laravel\framework\src\Illuminate\Database\Connectors\Connector.php:66
at vendor\laravel\framework\src\Illuminate\Database\Connectors\Connector.php:44
at vendor\laravel\framework\src\Illuminate\Database\Connectors\SQLiteConnector.php:21
at vendor\laravel\framework\src\Illuminate\Database\Connectors\ConnectionFactory.php:223
at vendor\laravel\framework\src\Illuminate\Database\Connection.php:1228
at vendor\laravel\framework\src\Illuminate\Database\Connection.php:1264
at vendor\laravel\framework\src\Illuminate\Database\Connection.php:509
at vendor\laravel\framework\src\Illuminate\Database\Connection.php:404
at vendor\laravel\framework\src\Illuminate\Database\Connection.php:809
at vendor\laravel\framework\src\Illuminate\Database\Connection.php:776
at vendor\laravel\framework\src\Illuminate\Database\Connection.php:395
at vendor\laravel\framework\src\Illuminate\Database\Connection.php:341
at vendor\laravel\framework\src\Illuminate\Database\Connection.php:358
at vendor\laravel\framework\src\Illuminate\Database\Schema\Builder.php:174
at vendor\laravel\framework\src\Illuminate\Database\Migrations\DatabaseMigrationRepository.php:185
at vendor\laravel\framework\src\Illuminate\Database\Migrations\Migrator.php:749
at vendor\laravel\framework\src\Illuminate\Database\Console\Migrations\FreshCommand.php:67
at vendor\laravel\framework\src\Illuminate\Database\Migrations\Migrator.php:665
at vendor\laravel\framework\src\Illuminate\Database\Console\Migrations\FreshCommand.php:66
at vendor\laravel\framework\src\Illuminate\Container\BoundMethod.php:36
at vendor\laravel\framework\src\Illuminate\Container\Util.php:43
at vendor\laravel\framework\src\Illuminate\Container\BoundMethod.php:96
at vendor\laravel\framework\src\Illuminate\Container\BoundMethod.php:35
at vendor\laravel\framework\src\Illuminate\Container\Container.php:754
at vendor\laravel\framework\src\Illuminate\Console\Command.php:211
at vendor\symfony\console\Command\Command.php:318
at vendor\laravel\framework\src\Illuminate\Console\Command.php:180
at vendor\symfony\console\Application.php:1074
at vendor\symfony\console\Application.php:341
at vendor\symfony\console\Application.php:192
at vendor\laravel\framework\src\Illuminate\Console\Application.php:165
at vendor\laravel\framework\src\Illuminate\Foundation\Console\Kernel.php:426
at vendor\laravel\framework\src\Illuminate\Testing\PendingCommand.php:330
at vendor\laravel\framework\src\Illuminate\Testing\PendingCommand.php:533
at vendor\laravel\framework\src\Illuminate\Foundation\Testing\Concerns\InteractsWithConsole.php:87
at vendor\laravel\framework\src\Illuminate\Foundation\Testing\RefreshDatabase.php:101
at vendor\laravel\framework\src\Illuminate\Foundation\Testing\RefreshDatabase.php:84
at vendor\laravel\framework\src\Illuminate\Foundation\Testing\RefreshDatabase.php:25
at vendor\laravel\framework\src\Illuminate\Foundation\Testing\Concerns\InteractsWithTestCaseLifecycle.php:207
at vendor\laravel\framework\src\Illuminate\Foundation\Testing\Concerns\InteractsWithTestCaseLifecycle.php:96
at vendor\laravel\framework\src\Illuminate\Foundation\Testing\TestCase.php:44
at tests\TestCase.php:23
at tests\Unit\Services\AnalyticsServiceTest.php:24</error>
        </testcase>
        <testcase name="Can calculate employment rate" file="Analytics Service (Tests\Unit\Services\AnalyticsService)::Can calculate employment rate" class="Tests\Unit\Services\AnalyticsServiceTest" classname="Tests.Unit.Services.AnalyticsServiceTest" assertions="0" time="0.000000">
          <error type="Illuminate\Database\QueryException">Can calculate employment rateIlluminate\Database\QueryException: could not find driver (Connection: sqlite, SQL: select exists (select 1 from "main".sqlite_master where name = 'migrations' and type = 'table') as "exists")&#13;
at vendor\laravel\framework\src\Illuminate\Database\Connectors\Connector.php:66
at vendor\laravel\framework\src\Illuminate\Database\Connectors\Connector.php:44
at vendor\laravel\framework\src\Illuminate\Database\Connectors\SQLiteConnector.php:21
at vendor\laravel\framework\src\Illuminate\Database\Connectors\ConnectionFactory.php:223
at vendor\laravel\framework\src\Illuminate\Database\Connection.php:1228
at vendor\laravel\framework\src\Illuminate\Database\Connection.php:1264
at vendor\laravel\framework\src\Illuminate\Database\Connection.php:509
at vendor\laravel\framework\src\Illuminate\Database\Connection.php:404
at vendor\laravel\framework\src\Illuminate\Database\Connection.php:809
at vendor\laravel\framework\src\Illuminate\Database\Connection.php:776
at vendor\laravel\framework\src\Illuminate\Database\Connection.php:395
at vendor\laravel\framework\src\Illuminate\Database\Connection.php:341
at vendor\laravel\framework\src\Illuminate\Database\Connection.php:358
at vendor\laravel\framework\src\Illuminate\Database\Schema\Builder.php:174
at vendor\laravel\framework\src\Illuminate\Database\Migrations\DatabaseMigrationRepository.php:185
at vendor\laravel\framework\src\Illuminate\Database\Migrations\Migrator.php:749
at vendor\laravel\framework\src\Illuminate\Database\Console\Migrations\FreshCommand.php:67
at vendor\laravel\framework\src\Illuminate\Database\Migrations\Migrator.php:665
at vendor\laravel\framework\src\Illuminate\Database\Console\Migrations\FreshCommand.php:66
at vendor\laravel\framework\src\Illuminate\Container\BoundMethod.php:36
at vendor\laravel\framework\src\Illuminate\Container\Util.php:43
at vendor\laravel\framework\src\Illuminate\Container\BoundMethod.php:96
at vendor\laravel\framework\src\Illuminate\Container\BoundMethod.php:35
at vendor\laravel\framework\src\Illuminate\Container\Container.php:754
at vendor\laravel\framework\src\Illuminate\Console\Command.php:211
at vendor\symfony\console\Command\Command.php:318
at vendor\laravel\framework\src\Illuminate\Console\Command.php:180
at vendor\symfony\console\Application.php:1074
at vendor\symfony\console\Application.php:341
at vendor\symfony\console\Application.php:192
at vendor\laravel\framework\src\Illuminate\Console\Application.php:165
at vendor\laravel\framework\src\Illuminate\Foundation\Console\Kernel.php:426
at vendor\laravel\framework\src\Illuminate\Testing\PendingCommand.php:330
at vendor\laravel\framework\src\Illuminate\Testing\PendingCommand.php:533
at vendor\laravel\framework\src\Illuminate\Foundation\Testing\Concerns\InteractsWithConsole.php:87
at vendor\laravel\framework\src\Illuminate\Foundation\Testing\RefreshDatabase.php:101
at vendor\laravel\framework\src\Illuminate\Foundation\Testing\RefreshDatabase.php:84
at vendor\laravel\framework\src\Illuminate\Foundation\Testing\RefreshDatabase.php:25
at vendor\laravel\framework\src\Illuminate\Foundation\Testing\Concerns\InteractsWithTestCaseLifecycle.php:207
at vendor\laravel\framework\src\Illuminate\Foundation\Testing\Concerns\InteractsWithTestCaseLifecycle.php:96
at vendor\laravel\framework\src\Illuminate\Foundation\Testing\TestCase.php:44
at tests\TestCase.php:23
at tests\Unit\Services\AnalyticsServiceTest.php:24
Caused by
PDOException: could not find driver

at vendor\laravel\framework\src\Illuminate\Database\Connectors\Connector.php:66
at vendor\laravel\framework\src\Illuminate\Database\Connectors\Connector.php:44
at vendor\laravel\framework\src\Illuminate\Database\Connectors\SQLiteConnector.php:21
at vendor\laravel\framework\src\Illuminate\Database\Connectors\ConnectionFactory.php:223
at vendor\laravel\framework\src\Illuminate\Database\Connection.php:1228
at vendor\laravel\framework\src\Illuminate\Database\Connection.php:1264
at vendor\laravel\framework\src\Illuminate\Database\Connection.php:509
at vendor\laravel\framework\src\Illuminate\Database\Connection.php:404
at vendor\laravel\framework\src\Illuminate\Database\Connection.php:809
at vendor\laravel\framework\src\Illuminate\Database\Connection.php:776
at vendor\laravel\framework\src\Illuminate\Database\Connection.php:395
at vendor\laravel\framework\src\Illuminate\Database\Connection.php:341
at vendor\laravel\framework\src\Illuminate\Database\Connection.php:358
at vendor\laravel\framework\src\Illuminate\Database\Schema\Builder.php:174
at vendor\laravel\framework\src\Illuminate\Database\Migrations\DatabaseMigrationRepository.php:185
at vendor\laravel\framework\src\Illuminate\Database\Migrations\Migrator.php:749
at vendor\laravel\framework\src\Illuminate\Database\Console\Migrations\FreshCommand.php:67
at vendor\laravel\framework\src\Illuminate\Database\Migrations\Migrator.php:665
at vendor\laravel\framework\src\Illuminate\Database\Console\Migrations\FreshCommand.php:66
at vendor\laravel\framework\src\Illuminate\Container\BoundMethod.php:36
at vendor\laravel\framework\src\Illuminate\Container\Util.php:43
at vendor\laravel\framework\src\Illuminate\Container\BoundMethod.php:96
at vendor\laravel\framework\src\Illuminate\Container\BoundMethod.php:35
at vendor\laravel\framework\src\Illuminate\Container\Container.php:754
at vendor\laravel\framework\src\Illuminate\Console\Command.php:211
at vendor\symfony\console\Command\Command.php:318
at vendor\laravel\framework\src\Illuminate\Console\Command.php:180
at vendor\symfony\console\Application.php:1074
at vendor\symfony\console\Application.php:341
at vendor\symfony\console\Application.php:192
at vendor\laravel\framework\src\Illuminate\Console\Application.php:165
at vendor\laravel\framework\src\Illuminate\Foundation\Console\Kernel.php:426
at vendor\laravel\framework\src\Illuminate\Testing\PendingCommand.php:330
at vendor\laravel\framework\src\Illuminate\Testing\PendingCommand.php:533
at vendor\laravel\framework\src\Illuminate\Foundation\Testing\Concerns\InteractsWithConsole.php:87
at vendor\laravel\framework\src\Illuminate\Foundation\Testing\RefreshDatabase.php:101
at vendor\laravel\framework\src\Illuminate\Foundation\Testing\RefreshDatabase.php:84
at vendor\laravel\framework\src\Illuminate\Foundation\Testing\RefreshDatabase.php:25
at vendor\laravel\framework\src\Illuminate\Foundation\Testing\Concerns\InteractsWithTestCaseLifecycle.php:207
at vendor\laravel\framework\src\Illuminate\Foundation\Testing\Concerns\InteractsWithTestCaseLifecycle.php:96
at vendor\laravel\framework\src\Illuminate\Foundation\Testing\TestCase.php:44
at tests\TestCase.php:23
at tests\Unit\Services\AnalyticsServiceTest.php:24</error>
        </testcase>
        <testcase name="Can get employment analytics" file="Analytics Service (Tests\Unit\Services\AnalyticsService)::Can get employment analytics" class="Tests\Unit\Services\AnalyticsServiceTest" classname="Tests.Unit.Services.AnalyticsServiceTest" assertions="0" time="0.000000">
          <error type="Illuminate\Database\QueryException">Can get employment analyticsIlluminate\Database\QueryException: could not find driver (Connection: sqlite, SQL: select exists (select 1 from "main".sqlite_master where name = 'migrations' and type = 'table') as "exists")&#13;
at vendor\laravel\framework\src\Illuminate\Database\Connectors\Connector.php:66
at vendor\laravel\framework\src\Illuminate\Database\Connectors\Connector.php:44
at vendor\laravel\framework\src\Illuminate\Database\Connectors\SQLiteConnector.php:21
at vendor\laravel\framework\src\Illuminate\Database\Connectors\ConnectionFactory.php:223
at vendor\laravel\framework\src\Illuminate\Database\Connection.php:1228
at vendor\laravel\framework\src\Illuminate\Database\Connection.php:1264
at vendor\laravel\framework\src\Illuminate\Database\Connection.php:509
at vendor\laravel\framework\src\Illuminate\Database\Connection.php:404
at vendor\laravel\framework\src\Illuminate\Database\Connection.php:809
at vendor\laravel\framework\src\Illuminate\Database\Connection.php:776
at vendor\laravel\framework\src\Illuminate\Database\Connection.php:395
at vendor\laravel\framework\src\Illuminate\Database\Connection.php:341
at vendor\laravel\framework\src\Illuminate\Database\Connection.php:358
at vendor\laravel\framework\src\Illuminate\Database\Schema\Builder.php:174
at vendor\laravel\framework\src\Illuminate\Database\Migrations\DatabaseMigrationRepository.php:185
at vendor\laravel\framework\src\Illuminate\Database\Migrations\Migrator.php:749
at vendor\laravel\framework\src\Illuminate\Database\Console\Migrations\FreshCommand.php:67
at vendor\laravel\framework\src\Illuminate\Database\Migrations\Migrator.php:665
at vendor\laravel\framework\src\Illuminate\Database\Console\Migrations\FreshCommand.php:66
at vendor\laravel\framework\src\Illuminate\Container\BoundMethod.php:36
at vendor\laravel\framework\src\Illuminate\Container\Util.php:43
at vendor\laravel\framework\src\Illuminate\Container\BoundMethod.php:96
at vendor\laravel\framework\src\Illuminate\Container\BoundMethod.php:35
at vendor\laravel\framework\src\Illuminate\Container\Container.php:754
at vendor\laravel\framework\src\Illuminate\Console\Command.php:211
at vendor\symfony\console\Command\Command.php:318
at vendor\laravel\framework\src\Illuminate\Console\Command.php:180
at vendor\symfony\console\Application.php:1074
at vendor\symfony\console\Application.php:341
at vendor\symfony\console\Application.php:192
at vendor\laravel\framework\src\Illuminate\Console\Application.php:165
at vendor\laravel\framework\src\Illuminate\Foundation\Console\Kernel.php:426
at vendor\laravel\framework\src\Illuminate\Testing\PendingCommand.php:330
at vendor\laravel\framework\src\Illuminate\Testing\PendingCommand.php:533
at vendor\laravel\framework\src\Illuminate\Foundation\Testing\Concerns\InteractsWithConsole.php:87
at vendor\laravel\framework\src\Illuminate\Foundation\Testing\RefreshDatabase.php:101
at vendor\laravel\framework\src\Illuminate\Foundation\Testing\RefreshDatabase.php:84
at vendor\laravel\framework\src\Illuminate\Foundation\Testing\RefreshDatabase.php:25
at vendor\laravel\framework\src\Illuminate\Foundation\Testing\Concerns\InteractsWithTestCaseLifecycle.php:207
at vendor\laravel\framework\src\Illuminate\Foundation\Testing\Concerns\InteractsWithTestCaseLifecycle.php:96
at vendor\laravel\framework\src\Illuminate\Foundation\Testing\TestCase.php:44
at tests\TestCase.php:23
at tests\Unit\Services\AnalyticsServiceTest.php:24
Caused by
PDOException: could not find driver

at vendor\laravel\framework\src\Illuminate\Database\Connectors\Connector.php:66
at vendor\laravel\framework\src\Illuminate\Database\Connectors\Connector.php:44
at vendor\laravel\framework\src\Illuminate\Database\Connectors\SQLiteConnector.php:21
at vendor\laravel\framework\src\Illuminate\Database\Connectors\ConnectionFactory.php:223
at vendor\laravel\framework\src\Illuminate\Database\Connection.php:1228
at vendor\laravel\framework\src\Illuminate\Database\Connection.php:1264
at vendor\laravel\framework\src\Illuminate\Database\Connection.php:509
at vendor\laravel\framework\src\Illuminate\Database\Connection.php:404
at vendor\laravel\framework\src\Illuminate\Database\Connection.php:809
at vendor\laravel\framework\src\Illuminate\Database\Connection.php:776
at vendor\laravel\framework\src\Illuminate\Database\Connection.php:395
at vendor\laravel\framework\src\Illuminate\Database\Connection.php:341
at vendor\laravel\framework\src\Illuminate\Database\Connection.php:358
at vendor\laravel\framework\src\Illuminate\Database\Schema\Builder.php:174
at vendor\laravel\framework\src\Illuminate\Database\Migrations\DatabaseMigrationRepository.php:185
at vendor\laravel\framework\src\Illuminate\Database\Migrations\Migrator.php:749
at vendor\laravel\framework\src\Illuminate\Database\Console\Migrations\FreshCommand.php:67
at vendor\laravel\framework\src\Illuminate\Database\Migrations\Migrator.php:665
at vendor\laravel\framework\src\Illuminate\Database\Console\Migrations\FreshCommand.php:66
at vendor\laravel\framework\src\Illuminate\Container\BoundMethod.php:36
at vendor\laravel\framework\src\Illuminate\Container\Util.php:43
at vendor\laravel\framework\src\Illuminate\Container\BoundMethod.php:96
at vendor\laravel\framework\src\Illuminate\Container\BoundMethod.php:35
at vendor\laravel\framework\src\Illuminate\Container\Container.php:754
at vendor\laravel\framework\src\Illuminate\Console\Command.php:211
at vendor\symfony\console\Command\Command.php:318
at vendor\laravel\framework\src\Illuminate\Console\Command.php:180
at vendor\symfony\console\Application.php:1074
at vendor\symfony\console\Application.php:341
at vendor\symfony\console\Application.php:192
at vendor\laravel\framework\src\Illuminate\Console\Application.php:165
at vendor\laravel\framework\src\Illuminate\Foundation\Console\Kernel.php:426
at vendor\laravel\framework\src\Illuminate\Testing\PendingCommand.php:330
at vendor\laravel\framework\src\Illuminate\Testing\PendingCommand.php:533
at vendor\laravel\framework\src\Illuminate\Foundation\Testing\Concerns\InteractsWithConsole.php:87
at vendor\laravel\framework\src\Illuminate\Foundation\Testing\RefreshDatabase.php:101
at vendor\laravel\framework\src\Illuminate\Foundation\Testing\RefreshDatabase.php:84
at vendor\laravel\framework\src\Illuminate\Foundation\Testing\RefreshDatabase.php:25
at vendor\laravel\framework\src\Illuminate\Foundation\Testing\Concerns\InteractsWithTestCaseLifecycle.php:207
at vendor\laravel\framework\src\Illuminate\Foundation\Testing\Concerns\InteractsWithTestCaseLifecycle.php:96
at vendor\laravel\framework\src\Illuminate\Foundation\Testing\TestCase.php:44
at tests\TestCase.php:23
at tests\Unit\Services\AnalyticsServiceTest.php:24</error>
        </testcase>
        <testcase name="Can get job market analytics" file="Analytics Service (Tests\Unit\Services\AnalyticsService)::Can get job market analytics" class="Tests\Unit\Services\AnalyticsServiceTest" classname="Tests.Unit.Services.AnalyticsServiceTest" assertions="0" time="0.000000">
          <error type="Illuminate\Database\QueryException">Can get job market analyticsIlluminate\Database\QueryException: could not find driver (Connection: sqlite, SQL: select exists (select 1 from "main".sqlite_master where name = 'migrations' and type = 'table') as "exists")&#13;
at vendor\laravel\framework\src\Illuminate\Database\Connectors\Connector.php:66
at vendor\laravel\framework\src\Illuminate\Database\Connectors\Connector.php:44
at vendor\laravel\framework\src\Illuminate\Database\Connectors\SQLiteConnector.php:21
at vendor\laravel\framework\src\Illuminate\Database\Connectors\ConnectionFactory.php:223
at vendor\laravel\framework\src\Illuminate\Database\Connection.php:1228
at vendor\laravel\framework\src\Illuminate\Database\Connection.php:1264
at vendor\laravel\framework\src\Illuminate\Database\Connection.php:509
at vendor\laravel\framework\src\Illuminate\Database\Connection.php:404
at vendor\laravel\framework\src\Illuminate\Database\Connection.php:809
at vendor\laravel\framework\src\Illuminate\Database\Connection.php:776
at vendor\laravel\framework\src\Illuminate\Database\Connection.php:395
at vendor\laravel\framework\src\Illuminate\Database\Connection.php:341
at vendor\laravel\framework\src\Illuminate\Database\Connection.php:358
at vendor\laravel\framework\src\Illuminate\Database\Schema\Builder.php:174
at vendor\laravel\framework\src\Illuminate\Database\Migrations\DatabaseMigrationRepository.php:185
at vendor\laravel\framework\src\Illuminate\Database\Migrations\Migrator.php:749
at vendor\laravel\framework\src\Illuminate\Database\Console\Migrations\FreshCommand.php:67
at vendor\laravel\framework\src\Illuminate\Database\Migrations\Migrator.php:665
at vendor\laravel\framework\src\Illuminate\Database\Console\Migrations\FreshCommand.php:66
at vendor\laravel\framework\src\Illuminate\Container\BoundMethod.php:36
at vendor\laravel\framework\src\Illuminate\Container\Util.php:43
at vendor\laravel\framework\src\Illuminate\Container\BoundMethod.php:96
at vendor\laravel\framework\src\Illuminate\Container\BoundMethod.php:35
at vendor\laravel\framework\src\Illuminate\Container\Container.php:754
at vendor\laravel\framework\src\Illuminate\Console\Command.php:211
at vendor\symfony\console\Command\Command.php:318
at vendor\laravel\framework\src\Illuminate\Console\Command.php:180
at vendor\symfony\console\Application.php:1074
at vendor\symfony\console\Application.php:341
at vendor\symfony\console\Application.php:192
at vendor\laravel\framework\src\Illuminate\Console\Application.php:165
at vendor\laravel\framework\src\Illuminate\Foundation\Console\Kernel.php:426
at vendor\laravel\framework\src\Illuminate\Testing\PendingCommand.php:330
at vendor\laravel\framework\src\Illuminate\Testing\PendingCommand.php:533
at vendor\laravel\framework\src\Illuminate\Foundation\Testing\Concerns\InteractsWithConsole.php:87
at vendor\laravel\framework\src\Illuminate\Foundation\Testing\RefreshDatabase.php:101
at vendor\laravel\framework\src\Illuminate\Foundation\Testing\RefreshDatabase.php:84
at vendor\laravel\framework\src\Illuminate\Foundation\Testing\RefreshDatabase.php:25
at vendor\laravel\framework\src\Illuminate\Foundation\Testing\Concerns\InteractsWithTestCaseLifecycle.php:207
at vendor\laravel\framework\src\Illuminate\Foundation\Testing\Concerns\InteractsWithTestCaseLifecycle.php:96
at vendor\laravel\framework\src\Illuminate\Foundation\Testing\TestCase.php:44
at tests\TestCase.php:23
at tests\Unit\Services\AnalyticsServiceTest.php:24
Caused by
PDOException: could not find driver

at vendor\laravel\framework\src\Illuminate\Database\Connectors\Connector.php:66
at vendor\laravel\framework\src\Illuminate\Database\Connectors\Connector.php:44
at vendor\laravel\framework\src\Illuminate\Database\Connectors\SQLiteConnector.php:21
at vendor\laravel\framework\src\Illuminate\Database\Connectors\ConnectionFactory.php:223
at vendor\laravel\framework\src\Illuminate\Database\Connection.php:1228
at vendor\laravel\framework\src\Illuminate\Database\Connection.php:1264
at vendor\laravel\framework\src\Illuminate\Database\Connection.php:509
at vendor\laravel\framework\src\Illuminate\Database\Connection.php:404
at vendor\laravel\framework\src\Illuminate\Database\Connection.php:809
at vendor\laravel\framework\src\Illuminate\Database\Connection.php:776
at vendor\laravel\framework\src\Illuminate\Database\Connection.php:395
at vendor\laravel\framework\src\Illuminate\Database\Connection.php:341
at vendor\laravel\framework\src\Illuminate\Database\Connection.php:358
at vendor\laravel\framework\src\Illuminate\Database\Schema\Builder.php:174
at vendor\laravel\framework\src\Illuminate\Database\Migrations\DatabaseMigrationRepository.php:185
at vendor\laravel\framework\src\Illuminate\Database\Migrations\Migrator.php:749
at vendor\laravel\framework\src\Illuminate\Database\Console\Migrations\FreshCommand.php:67
at vendor\laravel\framework\src\Illuminate\Database\Migrations\Migrator.php:665
at vendor\laravel\framework\src\Illuminate\Database\Console\Migrations\FreshCommand.php:66
at vendor\laravel\framework\src\Illuminate\Container\BoundMethod.php:36
at vendor\laravel\framework\src\Illuminate\Container\Util.php:43
at vendor\laravel\framework\src\Illuminate\Container\BoundMethod.php:96
at vendor\laravel\framework\src\Illuminate\Container\BoundMethod.php:35
at vendor\laravel\framework\src\Illuminate\Container\Container.php:754
at vendor\laravel\framework\src\Illuminate\Console\Command.php:211
at vendor\symfony\console\Command\Command.php:318
at vendor\laravel\framework\src\Illuminate\Console\Command.php:180
at vendor\symfony\console\Application.php:1074
at vendor\symfony\console\Application.php:341
at vendor\symfony\console\Application.php:192
at vendor\laravel\framework\src\Illuminate\Console\Application.php:165
at vendor\laravel\framework\src\Illuminate\Foundation\Console\Kernel.php:426
at vendor\laravel\framework\src\Illuminate\Testing\PendingCommand.php:330
at vendor\laravel\framework\src\Illuminate\Testing\PendingCommand.php:533
at vendor\laravel\framework\src\Illuminate\Foundation\Testing\Concerns\InteractsWithConsole.php:87
at vendor\laravel\framework\src\Illuminate\Foundation\Testing\RefreshDatabase.php:101
at vendor\laravel\framework\src\Illuminate\Foundation\Testing\RefreshDatabase.php:84
at vendor\laravel\framework\src\Illuminate\Foundation\Testing\RefreshDatabase.php:25
at vendor\laravel\framework\src\Illuminate\Foundation\Testing\Concerns\InteractsWithTestCaseLifecycle.php:207
at vendor\laravel\framework\src\Illuminate\Foundation\Testing\Concerns\InteractsWithTestCaseLifecycle.php:96
at vendor\laravel\framework\src\Illuminate\Foundation\Testing\TestCase.php:44
at tests\TestCase.php:23
at tests\Unit\Services\AnalyticsServiceTest.php:24</error>
        </testcase>
        <testcase name="Can calculate kpi values" file="Analytics Service (Tests\Unit\Services\AnalyticsService)::Can calculate kpi values" class="Tests\Unit\Services\AnalyticsServiceTest" classname="Tests.Unit.Services.AnalyticsServiceTest" assertions="0" time="0.000000">
          <error type="Illuminate\Database\QueryException">Can calculate kpi valuesIlluminate\Database\QueryException: could not find driver (Connection: sqlite, SQL: select exists (select 1 from "main".sqlite_master where name = 'migrations' and type = 'table') as "exists")&#13;
at vendor\laravel\framework\src\Illuminate\Database\Connectors\Connector.php:66
at vendor\laravel\framework\src\Illuminate\Database\Connectors\Connector.php:44
at vendor\laravel\framework\src\Illuminate\Database\Connectors\SQLiteConnector.php:21
at vendor\laravel\framework\src\Illuminate\Database\Connectors\ConnectionFactory.php:223
at vendor\laravel\framework\src\Illuminate\Database\Connection.php:1228
at vendor\laravel\framework\src\Illuminate\Database\Connection.php:1264
at vendor\laravel\framework\src\Illuminate\Database\Connection.php:509
at vendor\laravel\framework\src\Illuminate\Database\Connection.php:404
at vendor\laravel\framework\src\Illuminate\Database\Connection.php:809
at vendor\laravel\framework\src\Illuminate\Database\Connection.php:776
at vendor\laravel\framework\src\Illuminate\Database\Connection.php:395
at vendor\laravel\framework\src\Illuminate\Database\Connection.php:341
at vendor\laravel\framework\src\Illuminate\Database\Connection.php:358
at vendor\laravel\framework\src\Illuminate\Database\Schema\Builder.php:174
at vendor\laravel\framework\src\Illuminate\Database\Migrations\DatabaseMigrationRepository.php:185
at vendor\laravel\framework\src\Illuminate\Database\Migrations\Migrator.php:749
at vendor\laravel\framework\src\Illuminate\Database\Console\Migrations\FreshCommand.php:67
at vendor\laravel\framework\src\Illuminate\Database\Migrations\Migrator.php:665
at vendor\laravel\framework\src\Illuminate\Database\Console\Migrations\FreshCommand.php:66
at vendor\laravel\framework\src\Illuminate\Container\BoundMethod.php:36
at vendor\laravel\framework\src\Illuminate\Container\Util.php:43
at vendor\laravel\framework\src\Illuminate\Container\BoundMethod.php:96
at vendor\laravel\framework\src\Illuminate\Container\BoundMethod.php:35
at vendor\laravel\framework\src\Illuminate\Container\Container.php:754
at vendor\laravel\framework\src\Illuminate\Console\Command.php:211
at vendor\symfony\console\Command\Command.php:318
at vendor\laravel\framework\src\Illuminate\Console\Command.php:180
at vendor\symfony\console\Application.php:1074
at vendor\symfony\console\Application.php:341
at vendor\symfony\console\Application.php:192
at vendor\laravel\framework\src\Illuminate\Console\Application.php:165
at vendor\laravel\framework\src\Illuminate\Foundation\Console\Kernel.php:426
at vendor\laravel\framework\src\Illuminate\Testing\PendingCommand.php:330
at vendor\laravel\framework\src\Illuminate\Testing\PendingCommand.php:533
at vendor\laravel\framework\src\Illuminate\Foundation\Testing\Concerns\InteractsWithConsole.php:87
at vendor\laravel\framework\src\Illuminate\Foundation\Testing\RefreshDatabase.php:101
at vendor\laravel\framework\src\Illuminate\Foundation\Testing\RefreshDatabase.php:84
at vendor\laravel\framework\src\Illuminate\Foundation\Testing\RefreshDatabase.php:25
at vendor\laravel\framework\src\Illuminate\Foundation\Testing\Concerns\InteractsWithTestCaseLifecycle.php:207
at vendor\laravel\framework\src\Illuminate\Foundation\Testing\Concerns\InteractsWithTestCaseLifecycle.php:96
at vendor\laravel\framework\src\Illuminate\Foundation\Testing\TestCase.php:44
at tests\TestCase.php:23
at tests\Unit\Services\AnalyticsServiceTest.php:24
Caused by
PDOException: could not find driver

at vendor\laravel\framework\src\Illuminate\Database\Connectors\Connector.php:66
at vendor\laravel\framework\src\Illuminate\Database\Connectors\Connector.php:44
at vendor\laravel\framework\src\Illuminate\Database\Connectors\SQLiteConnector.php:21
at vendor\laravel\framework\src\Illuminate\Database\Connectors\ConnectionFactory.php:223
at vendor\laravel\framework\src\Illuminate\Database\Connection.php:1228
at vendor\laravel\framework\src\Illuminate\Database\Connection.php:1264
at vendor\laravel\framework\src\Illuminate\Database\Connection.php:509
at vendor\laravel\framework\src\Illuminate\Database\Connection.php:404
at vendor\laravel\framework\src\Illuminate\Database\Connection.php:809
at vendor\laravel\framework\src\Illuminate\Database\Connection.php:776
at vendor\laravel\framework\src\Illuminate\Database\Connection.php:395
at vendor\laravel\framework\src\Illuminate\Database\Connection.php:341
at vendor\laravel\framework\src\Illuminate\Database\Connection.php:358
at vendor\laravel\framework\src\Illuminate\Database\Schema\Builder.php:174
at vendor\laravel\framework\src\Illuminate\Database\Migrations\DatabaseMigrationRepository.php:185
at vendor\laravel\framework\src\Illuminate\Database\Migrations\Migrator.php:749
at vendor\laravel\framework\src\Illuminate\Database\Console\Migrations\FreshCommand.php:67
at vendor\laravel\framework\src\Illuminate\Database\Migrations\Migrator.php:665
at vendor\laravel\framework\src\Illuminate\Database\Console\Migrations\FreshCommand.php:66
at vendor\laravel\framework\src\Illuminate\Container\BoundMethod.php:36
at vendor\laravel\framework\src\Illuminate\Container\Util.php:43
at vendor\laravel\framework\src\Illuminate\Container\BoundMethod.php:96
at vendor\laravel\framework\src\Illuminate\Container\BoundMethod.php:35
at vendor\laravel\framework\src\Illuminate\Container\Container.php:754
at vendor\laravel\framework\src\Illuminate\Console\Command.php:211
at vendor\symfony\console\Command\Command.php:318
at vendor\laravel\framework\src\Illuminate\Console\Command.php:180
at vendor\symfony\console\Application.php:1074
at vendor\symfony\console\Application.php:341
at vendor\symfony\console\Application.php:192
at vendor\laravel\framework\src\Illuminate\Console\Application.php:165
at vendor\laravel\framework\src\Illuminate\Foundation\Console\Kernel.php:426
at vendor\laravel\framework\src\Illuminate\Testing\PendingCommand.php:330
at vendor\laravel\framework\src\Illuminate\Testing\PendingCommand.php:533
at vendor\laravel\framework\src\Illuminate\Foundation\Testing\Concerns\InteractsWithConsole.php:87
at vendor\laravel\framework\src\Illuminate\Foundation\Testing\RefreshDatabase.php:101
at vendor\laravel\framework\src\Illuminate\Foundation\Testing\RefreshDatabase.php:84
at vendor\laravel\framework\src\Illuminate\Foundation\Testing\RefreshDatabase.php:25
at vendor\laravel\framework\src\Illuminate\Foundation\Testing\Concerns\InteractsWithTestCaseLifecycle.php:207
at vendor\laravel\framework\src\Illuminate\Foundation\Testing\Concerns\InteractsWithTestCaseLifecycle.php:96
at vendor\laravel\framework\src\Illuminate\Foundation\Testing\TestCase.php:44
at tests\TestCase.php:23
at tests\Unit\Services\AnalyticsServiceTest.php:24</error>
        </testcase>
        <testcase name="Can export analytics data" file="Analytics Service (Tests\Unit\Services\AnalyticsService)::Can export analytics data" class="Tests\Unit\Services\AnalyticsServiceTest" classname="Tests.Unit.Services.AnalyticsServiceTest" assertions="0" time="0.000000">
          <error type="Illuminate\Database\QueryException">Can export analytics dataIlluminate\Database\QueryException: could not find driver (Connection: sqlite, SQL: select exists (select 1 from "main".sqlite_master where name = 'migrations' and type = 'table') as "exists")&#13;
at vendor\laravel\framework\src\Illuminate\Database\Connectors\Connector.php:66
at vendor\laravel\framework\src\Illuminate\Database\Connectors\Connector.php:44
at vendor\laravel\framework\src\Illuminate\Database\Connectors\SQLiteConnector.php:21
at vendor\laravel\framework\src\Illuminate\Database\Connectors\ConnectionFactory.php:223
at vendor\laravel\framework\src\Illuminate\Database\Connection.php:1228
at vendor\laravel\framework\src\Illuminate\Database\Connection.php:1264
at vendor\laravel\framework\src\Illuminate\Database\Connection.php:509
at vendor\laravel\framework\src\Illuminate\Database\Connection.php:404
at vendor\laravel\framework\src\Illuminate\Database\Connection.php:809
at vendor\laravel\framework\src\Illuminate\Database\Connection.php:776
at vendor\laravel\framework\src\Illuminate\Database\Connection.php:395
at vendor\laravel\framework\src\Illuminate\Database\Connection.php:341
at vendor\laravel\framework\src\Illuminate\Database\Connection.php:358
at vendor\laravel\framework\src\Illuminate\Database\Schema\Builder.php:174
at vendor\laravel\framework\src\Illuminate\Database\Migrations\DatabaseMigrationRepository.php:185
at vendor\laravel\framework\src\Illuminate\Database\Migrations\Migrator.php:749
at vendor\laravel\framework\src\Illuminate\Database\Console\Migrations\FreshCommand.php:67
at vendor\laravel\framework\src\Illuminate\Database\Migrations\Migrator.php:665
at vendor\laravel\framework\src\Illuminate\Database\Console\Migrations\FreshCommand.php:66
at vendor\laravel\framework\src\Illuminate\Container\BoundMethod.php:36
at vendor\laravel\framework\src\Illuminate\Container\Util.php:43
at vendor\laravel\framework\src\Illuminate\Container\BoundMethod.php:96
at vendor\laravel\framework\src\Illuminate\Container\BoundMethod.php:35
at vendor\laravel\framework\src\Illuminate\Container\Container.php:754
at vendor\laravel\framework\src\Illuminate\Console\Command.php:211
at vendor\symfony\console\Command\Command.php:318
at vendor\laravel\framework\src\Illuminate\Console\Command.php:180
at vendor\symfony\console\Application.php:1074
at vendor\symfony\console\Application.php:341
at vendor\symfony\console\Application.php:192
at vendor\laravel\framework\src\Illuminate\Console\Application.php:165
at vendor\laravel\framework\src\Illuminate\Foundation\Console\Kernel.php:426
at vendor\laravel\framework\src\Illuminate\Testing\PendingCommand.php:330
at vendor\laravel\framework\src\Illuminate\Testing\PendingCommand.php:533
at vendor\laravel\framework\src\Illuminate\Foundation\Testing\Concerns\InteractsWithConsole.php:87
at vendor\laravel\framework\src\Illuminate\Foundation\Testing\RefreshDatabase.php:101
at vendor\laravel\framework\src\Illuminate\Foundation\Testing\RefreshDatabase.php:84
at vendor\laravel\framework\src\Illuminate\Foundation\Testing\RefreshDatabase.php:25
at vendor\laravel\framework\src\Illuminate\Foundation\Testing\Concerns\InteractsWithTestCaseLifecycle.php:207
at vendor\laravel\framework\src\Illuminate\Foundation\Testing\Concerns\InteractsWithTestCaseLifecycle.php:96
at vendor\laravel\framework\src\Illuminate\Foundation\Testing\TestCase.php:44
at tests\TestCase.php:23
at tests\Unit\Services\AnalyticsServiceTest.php:24
Caused by
PDOException: could not find driver

at vendor\laravel\framework\src\Illuminate\Database\Connectors\Connector.php:66
at vendor\laravel\framework\src\Illuminate\Database\Connectors\Connector.php:44
at vendor\laravel\framework\src\Illuminate\Database\Connectors\SQLiteConnector.php:21
at vendor\laravel\framework\src\Illuminate\Database\Connectors\ConnectionFactory.php:223
at vendor\laravel\framework\src\Illuminate\Database\Connection.php:1228
at vendor\laravel\framework\src\Illuminate\Database\Connection.php:1264
at vendor\laravel\framework\src\Illuminate\Database\Connection.php:509
at vendor\laravel\framework\src\Illuminate\Database\Connection.php:404
at vendor\laravel\framework\src\Illuminate\Database\Connection.php:809
at vendor\laravel\framework\src\Illuminate\Database\Connection.php:776
at vendor\laravel\framework\src\Illuminate\Database\Connection.php:395
at vendor\laravel\framework\src\Illuminate\Database\Connection.php:341
at vendor\laravel\framework\src\Illuminate\Database\Connection.php:358
at vendor\laravel\framework\src\Illuminate\Database\Schema\Builder.php:174
at vendor\laravel\framework\src\Illuminate\Database\Migrations\DatabaseMigrationRepository.php:185
at vendor\laravel\framework\src\Illuminate\Database\Migrations\Migrator.php:749
at vendor\laravel\framework\src\Illuminate\Database\Console\Migrations\FreshCommand.php:67
at vendor\laravel\framework\src\Illuminate\Database\Migrations\Migrator.php:665
at vendor\laravel\framework\src\Illuminate\Database\Console\Migrations\FreshCommand.php:66
at vendor\laravel\framework\src\Illuminate\Container\BoundMethod.php:36
at vendor\laravel\framework\src\Illuminate\Container\Util.php:43
at vendor\laravel\framework\src\Illuminate\Container\BoundMethod.php:96
at vendor\laravel\framework\src\Illuminate\Container\BoundMethod.php:35
at vendor\laravel\framework\src\Illuminate\Container\Container.php:754
at vendor\laravel\framework\src\Illuminate\Console\Command.php:211
at vendor\symfony\console\Command\Command.php:318
at vendor\laravel\framework\src\Illuminate\Console\Command.php:180
at vendor\symfony\console\Application.php:1074
at vendor\symfony\console\Application.php:341
at vendor\symfony\console\Application.php:192
at vendor\laravel\framework\src\Illuminate\Console\Application.php:165
at vendor\laravel\framework\src\Illuminate\Foundation\Console\Kernel.php:426
at vendor\laravel\framework\src\Illuminate\Testing\PendingCommand.php:330
at vendor\laravel\framework\src\Illuminate\Testing\PendingCommand.php:533
at vendor\laravel\framework\src\Illuminate\Foundation\Testing\Concerns\InteractsWithConsole.php:87
at vendor\laravel\framework\src\Illuminate\Foundation\Testing\RefreshDatabase.php:101
at vendor\laravel\framework\src\Illuminate\Foundation\Testing\RefreshDatabase.php:84
at vendor\laravel\framework\src\Illuminate\Foundation\Testing\RefreshDatabase.php:25
at vendor\laravel\framework\src\Illuminate\Foundation\Testing\Concerns\InteractsWithTestCaseLifecycle.php:207
at vendor\laravel\framework\src\Illuminate\Foundation\Testing\Concerns\InteractsWithTestCaseLifecycle.php:96
at vendor\laravel\framework\src\Illuminate\Foundation\Testing\TestCase.php:44
at tests\TestCase.php:23
at tests\Unit\Services\AnalyticsServiceTest.php:24</error>
        </testcase>
        <testcase name="Can get course performance metrics" file="Analytics Service (Tests\Unit\Services\AnalyticsService)::Can get course performance metrics" class="Tests\Unit\Services\AnalyticsServiceTest" classname="Tests.Unit.Services.AnalyticsServiceTest" assertions="0" time="0.000000">
          <error type="Illuminate\Database\QueryException">Can get course performance metricsIlluminate\Database\QueryException: could not find driver (Connection: sqlite, SQL: select exists (select 1 from "main".sqlite_master where name = 'migrations' and type = 'table') as "exists")&#13;
at vendor\laravel\framework\src\Illuminate\Database\Connectors\Connector.php:66
at vendor\laravel\framework\src\Illuminate\Database\Connectors\Connector.php:44
at vendor\laravel\framework\src\Illuminate\Database\Connectors\SQLiteConnector.php:21
at vendor\laravel\framework\src\Illuminate\Database\Connectors\ConnectionFactory.php:223
at vendor\laravel\framework\src\Illuminate\Database\Connection.php:1228
at vendor\laravel\framework\src\Illuminate\Database\Connection.php:1264
at vendor\laravel\framework\src\Illuminate\Database\Connection.php:509
at vendor\laravel\framework\src\Illuminate\Database\Connection.php:404
at vendor\laravel\framework\src\Illuminate\Database\Connection.php:809
at vendor\laravel\framework\src\Illuminate\Database\Connection.php:776
at vendor\laravel\framework\src\Illuminate\Database\Connection.php:395
at vendor\laravel\framework\src\Illuminate\Database\Connection.php:341
at vendor\laravel\framework\src\Illuminate\Database\Connection.php:358
at vendor\laravel\framework\src\Illuminate\Database\Schema\Builder.php:174
at vendor\laravel\framework\src\Illuminate\Database\Migrations\DatabaseMigrationRepository.php:185
at vendor\laravel\framework\src\Illuminate\Database\Migrations\Migrator.php:749
at vendor\laravel\framework\src\Illuminate\Database\Console\Migrations\FreshCommand.php:67
at vendor\laravel\framework\src\Illuminate\Database\Migrations\Migrator.php:665
at vendor\laravel\framework\src\Illuminate\Database\Console\Migrations\FreshCommand.php:66
at vendor\laravel\framework\src\Illuminate\Container\BoundMethod.php:36
at vendor\laravel\framework\src\Illuminate\Container\Util.php:43
at vendor\laravel\framework\src\Illuminate\Container\BoundMethod.php:96
at vendor\laravel\framework\src\Illuminate\Container\BoundMethod.php:35
at vendor\laravel\framework\src\Illuminate\Container\Container.php:754
at vendor\laravel\framework\src\Illuminate\Console\Command.php:211
at vendor\symfony\console\Command\Command.php:318
at vendor\laravel\framework\src\Illuminate\Console\Command.php:180
at vendor\symfony\console\Application.php:1074
at vendor\symfony\console\Application.php:341
at vendor\symfony\console\Application.php:192
at vendor\laravel\framework\src\Illuminate\Console\Application.php:165
at vendor\laravel\framework\src\Illuminate\Foundation\Console\Kernel.php:426
at vendor\laravel\framework\src\Illuminate\Testing\PendingCommand.php:330
at vendor\laravel\framework\src\Illuminate\Testing\PendingCommand.php:533
at vendor\laravel\framework\src\Illuminate\Foundation\Testing\Concerns\InteractsWithConsole.php:87
at vendor\laravel\framework\src\Illuminate\Foundation\Testing\RefreshDatabase.php:101
at vendor\laravel\framework\src\Illuminate\Foundation\Testing\RefreshDatabase.php:84
at vendor\laravel\framework\src\Illuminate\Foundation\Testing\RefreshDatabase.php:25
at vendor\laravel\framework\src\Illuminate\Foundation\Testing\Concerns\InteractsWithTestCaseLifecycle.php:207
at vendor\laravel\framework\src\Illuminate\Foundation\Testing\Concerns\InteractsWithTestCaseLifecycle.php:96
at vendor\laravel\framework\src\Illuminate\Foundation\Testing\TestCase.php:44
at tests\TestCase.php:23
at tests\Unit\Services\AnalyticsServiceTest.php:24
Caused by
PDOException: could not find driver

at vendor\laravel\framework\src\Illuminate\Database\Connectors\Connector.php:66
at vendor\laravel\framework\src\Illuminate\Database\Connectors\Connector.php:44
at vendor\laravel\framework\src\Illuminate\Database\Connectors\SQLiteConnector.php:21
at vendor\laravel\framework\src\Illuminate\Database\Connectors\ConnectionFactory.php:223
at vendor\laravel\framework\src\Illuminate\Database\Connection.php:1228
at vendor\laravel\framework\src\Illuminate\Database\Connection.php:1264
at vendor\laravel\framework\src\Illuminate\Database\Connection.php:509
at vendor\laravel\framework\src\Illuminate\Database\Connection.php:404
at vendor\laravel\framework\src\Illuminate\Database\Connection.php:809
at vendor\laravel\framework\src\Illuminate\Database\Connection.php:776
at vendor\laravel\framework\src\Illuminate\Database\Connection.php:395
at vendor\laravel\framework\src\Illuminate\Database\Connection.php:341
at vendor\laravel\framework\src\Illuminate\Database\Connection.php:358
at vendor\laravel\framework\src\Illuminate\Database\Schema\Builder.php:174
at vendor\laravel\framework\src\Illuminate\Database\Migrations\DatabaseMigrationRepository.php:185
at vendor\laravel\framework\src\Illuminate\Database\Migrations\Migrator.php:749
at vendor\laravel\framework\src\Illuminate\Database\Console\Migrations\FreshCommand.php:67
at vendor\laravel\framework\src\Illuminate\Database\Migrations\Migrator.php:665
at vendor\laravel\framework\src\Illuminate\Database\Console\Migrations\FreshCommand.php:66
at vendor\laravel\framework\src\Illuminate\Container\BoundMethod.php:36
at vendor\laravel\framework\src\Illuminate\Container\Util.php:43
at vendor\laravel\framework\src\Illuminate\Container\BoundMethod.php:96
at vendor\laravel\framework\src\Illuminate\Container\BoundMethod.php:35
at vendor\laravel\framework\src\Illuminate\Container\Container.php:754
at vendor\laravel\framework\src\Illuminate\Console\Command.php:211
at vendor\symfony\console\Command\Command.php:318
at vendor\laravel\framework\src\Illuminate\Console\Command.php:180
at vendor\symfony\console\Application.php:1074
at vendor\symfony\console\Application.php:341
at vendor\symfony\console\Application.php:192
at vendor\laravel\framework\src\Illuminate\Console\Application.php:165
at vendor\laravel\framework\src\Illuminate\Foundation\Console\Kernel.php:426
at vendor\laravel\framework\src\Illuminate\Testing\PendingCommand.php:330
at vendor\laravel\framework\src\Illuminate\Testing\PendingCommand.php:533
at vendor\laravel\framework\src\Illuminate\Foundation\Testing\Concerns\InteractsWithConsole.php:87
at vendor\laravel\framework\src\Illuminate\Foundation\Testing\RefreshDatabase.php:101
at vendor\laravel\framework\src\Illuminate\Foundation\Testing\RefreshDatabase.php:84
at vendor\laravel\framework\src\Illuminate\Foundation\Testing\RefreshDatabase.php:25
at vendor\laravel\framework\src\Illuminate\Foundation\Testing\Concerns\InteractsWithTestCaseLifecycle.php:207
at vendor\laravel\framework\src\Illuminate\Foundation\Testing\Concerns\InteractsWithTestCaseLifecycle.php:96
at vendor\laravel\framework\src\Illuminate\Foundation\Testing\TestCase.php:44
at tests\TestCase.php:23
at tests\Unit\Services\AnalyticsServiceTest.php:24</error>
        </testcase>
        <testcase name="Can get employer analytics" file="Analytics Service (Tests\Unit\Services\AnalyticsService)::Can get employer analytics" class="Tests\Unit\Services\AnalyticsServiceTest" classname="Tests.Unit.Services.AnalyticsServiceTest" assertions="0" time="0.000000">
          <error type="Illuminate\Database\QueryException">Can get employer analyticsIlluminate\Database\QueryException: could not find driver (Connection: sqlite, SQL: select exists (select 1 from "main".sqlite_master where name = 'migrations' and type = 'table') as "exists")&#13;
at vendor\laravel\framework\src\Illuminate\Database\Connectors\Connector.php:66
at vendor\laravel\framework\src\Illuminate\Database\Connectors\Connector.php:44
at vendor\laravel\framework\src\Illuminate\Database\Connectors\SQLiteConnector.php:21
at vendor\laravel\framework\src\Illuminate\Database\Connectors\ConnectionFactory.php:223
at vendor\laravel\framework\src\Illuminate\Database\Connection.php:1228
at vendor\laravel\framework\src\Illuminate\Database\Connection.php:1264
at vendor\laravel\framework\src\Illuminate\Database\Connection.php:509
at vendor\laravel\framework\src\Illuminate\Database\Connection.php:404
at vendor\laravel\framework\src\Illuminate\Database\Connection.php:809
at vendor\laravel\framework\src\Illuminate\Database\Connection.php:776
at vendor\laravel\framework\src\Illuminate\Database\Connection.php:395
at vendor\laravel\framework\src\Illuminate\Database\Connection.php:341
at vendor\laravel\framework\src\Illuminate\Database\Connection.php:358
at vendor\laravel\framework\src\Illuminate\Database\Schema\Builder.php:174
at vendor\laravel\framework\src\Illuminate\Database\Migrations\DatabaseMigrationRepository.php:185
at vendor\laravel\framework\src\Illuminate\Database\Migrations\Migrator.php:749
at vendor\laravel\framework\src\Illuminate\Database\Console\Migrations\FreshCommand.php:67
at vendor\laravel\framework\src\Illuminate\Database\Migrations\Migrator.php:665
at vendor\laravel\framework\src\Illuminate\Database\Console\Migrations\FreshCommand.php:66
at vendor\laravel\framework\src\Illuminate\Container\BoundMethod.php:36
at vendor\laravel\framework\src\Illuminate\Container\Util.php:43
at vendor\laravel\framework\src\Illuminate\Container\BoundMethod.php:96
at vendor\laravel\framework\src\Illuminate\Container\BoundMethod.php:35
at vendor\laravel\framework\src\Illuminate\Container\Container.php:754
at vendor\laravel\framework\src\Illuminate\Console\Command.php:211
at vendor\symfony\console\Command\Command.php:318
at vendor\laravel\framework\src\Illuminate\Console\Command.php:180
at vendor\symfony\console\Application.php:1074
at vendor\symfony\console\Application.php:341
at vendor\symfony\console\Application.php:192
at vendor\laravel\framework\src\Illuminate\Console\Application.php:165
at vendor\laravel\framework\src\Illuminate\Foundation\Console\Kernel.php:426
at vendor\laravel\framework\src\Illuminate\Testing\PendingCommand.php:330
at vendor\laravel\framework\src\Illuminate\Testing\PendingCommand.php:533
at vendor\laravel\framework\src\Illuminate\Foundation\Testing\Concerns\InteractsWithConsole.php:87
at vendor\laravel\framework\src\Illuminate\Foundation\Testing\RefreshDatabase.php:101
at vendor\laravel\framework\src\Illuminate\Foundation\Testing\RefreshDatabase.php:84
at vendor\laravel\framework\src\Illuminate\Foundation\Testing\RefreshDatabase.php:25
at vendor\laravel\framework\src\Illuminate\Foundation\Testing\Concerns\InteractsWithTestCaseLifecycle.php:207
at vendor\laravel\framework\src\Illuminate\Foundation\Testing\Concerns\InteractsWithTestCaseLifecycle.php:96
at vendor\laravel\framework\src\Illuminate\Foundation\Testing\TestCase.php:44
at tests\TestCase.php:23
at tests\Unit\Services\AnalyticsServiceTest.php:24
Caused by
PDOException: could not find driver

at vendor\laravel\framework\src\Illuminate\Database\Connectors\Connector.php:66
at vendor\laravel\framework\src\Illuminate\Database\Connectors\Connector.php:44
at vendor\laravel\framework\src\Illuminate\Database\Connectors\SQLiteConnector.php:21
at vendor\laravel\framework\src\Illuminate\Database\Connectors\ConnectionFactory.php:223
at vendor\laravel\framework\src\Illuminate\Database\Connection.php:1228
at vendor\laravel\framework\src\Illuminate\Database\Connection.php:1264
at vendor\laravel\framework\src\Illuminate\Database\Connection.php:509
at vendor\laravel\framework\src\Illuminate\Database\Connection.php:404
at vendor\laravel\framework\src\Illuminate\Database\Connection.php:809
at vendor\laravel\framework\src\Illuminate\Database\Connection.php:776
at vendor\laravel\framework\src\Illuminate\Database\Connection.php:395
at vendor\laravel\framework\src\Illuminate\Database\Connection.php:341
at vendor\laravel\framework\src\Illuminate\Database\Connection.php:358
at vendor\laravel\framework\src\Illuminate\Database\Schema\Builder.php:174
at vendor\laravel\framework\src\Illuminate\Database\Migrations\DatabaseMigrationRepository.php:185
at vendor\laravel\framework\src\Illuminate\Database\Migrations\Migrator.php:749
at vendor\laravel\framework\src\Illuminate\Database\Console\Migrations\FreshCommand.php:67
at vendor\laravel\framework\src\Illuminate\Database\Migrations\Migrator.php:665
at vendor\laravel\framework\src\Illuminate\Database\Console\Migrations\FreshCommand.php:66
at vendor\laravel\framework\src\Illuminate\Container\BoundMethod.php:36
at vendor\laravel\framework\src\Illuminate\Container\Util.php:43
at vendor\laravel\framework\src\Illuminate\Container\BoundMethod.php:96
at vendor\laravel\framework\src\Illuminate\Container\BoundMethod.php:35
at vendor\laravel\framework\src\Illuminate\Container\Container.php:754
at vendor\laravel\framework\src\Illuminate\Console\Command.php:211
at vendor\symfony\console\Command\Command.php:318
at vendor\laravel\framework\src\Illuminate\Console\Command.php:180
at vendor\symfony\console\Application.php:1074
at vendor\symfony\console\Application.php:341
at vendor\symfony\console\Application.php:192
at vendor\laravel\framework\src\Illuminate\Console\Application.php:165
at vendor\laravel\framework\src\Illuminate\Foundation\Console\Kernel.php:426
at vendor\laravel\framework\src\Illuminate\Testing\PendingCommand.php:330
at vendor\laravel\framework\src\Illuminate\Testing\PendingCommand.php:533
at vendor\laravel\framework\src\Illuminate\Foundation\Testing\Concerns\InteractsWithConsole.php:87
at vendor\laravel\framework\src\Illuminate\Foundation\Testing\RefreshDatabase.php:101
at vendor\laravel\framework\src\Illuminate\Foundation\Testing\RefreshDatabase.php:84
at vendor\laravel\framework\src\Illuminate\Foundation\Testing\RefreshDatabase.php:25
at vendor\laravel\framework\src\Illuminate\Foundation\Testing\Concerns\InteractsWithTestCaseLifecycle.php:207
at vendor\laravel\framework\src\Illuminate\Foundation\Testing\Concerns\InteractsWithTestCaseLifecycle.php:96
at vendor\laravel\framework\src\Illuminate\Foundation\Testing\TestCase.php:44
at tests\TestCase.php:23
at tests\Unit\Services\AnalyticsServiceTest.php:24</error>
        </testcase>
        <testcase name="Can generate trend analysis" file="Analytics Service (Tests\Unit\Services\AnalyticsService)::Can generate trend analysis" class="Tests\Unit\Services\AnalyticsServiceTest" classname="Tests.Unit.Services.AnalyticsServiceTest" assertions="0" time="0.000000">
          <error type="Illuminate\Database\QueryException">Can generate trend analysisIlluminate\Database\QueryException: could not find driver (Connection: sqlite, SQL: select exists (select 1 from "main".sqlite_master where name = 'migrations' and type = 'table') as "exists")&#13;
at vendor\laravel\framework\src\Illuminate\Database\Connectors\Connector.php:66
at vendor\laravel\framework\src\Illuminate\Database\Connectors\Connector.php:44
at vendor\laravel\framework\src\Illuminate\Database\Connectors\SQLiteConnector.php:21
at vendor\laravel\framework\src\Illuminate\Database\Connectors\ConnectionFactory.php:223
at vendor\laravel\framework\src\Illuminate\Database\Connection.php:1228
at vendor\laravel\framework\src\Illuminate\Database\Connection.php:1264
at vendor\laravel\framework\src\Illuminate\Database\Connection.php:509
at vendor\laravel\framework\src\Illuminate\Database\Connection.php:404
at vendor\laravel\framework\src\Illuminate\Database\Connection.php:809
at vendor\laravel\framework\src\Illuminate\Database\Connection.php:776
at vendor\laravel\framework\src\Illuminate\Database\Connection.php:395
at vendor\laravel\framework\src\Illuminate\Database\Connection.php:341
at vendor\laravel\framework\src\Illuminate\Database\Connection.php:358
at vendor\laravel\framework\src\Illuminate\Database\Schema\Builder.php:174
at vendor\laravel\framework\src\Illuminate\Database\Migrations\DatabaseMigrationRepository.php:185
at vendor\laravel\framework\src\Illuminate\Database\Migrations\Migrator.php:749
at vendor\laravel\framework\src\Illuminate\Database\Console\Migrations\FreshCommand.php:67
at vendor\laravel\framework\src\Illuminate\Database\Migrations\Migrator.php:665
at vendor\laravel\framework\src\Illuminate\Database\Console\Migrations\FreshCommand.php:66
at vendor\laravel\framework\src\Illuminate\Container\BoundMethod.php:36
at vendor\laravel\framework\src\Illuminate\Container\Util.php:43
at vendor\laravel\framework\src\Illuminate\Container\BoundMethod.php:96
at vendor\laravel\framework\src\Illuminate\Container\BoundMethod.php:35
at vendor\laravel\framework\src\Illuminate\Container\Container.php:754
at vendor\laravel\framework\src\Illuminate\Console\Command.php:211
at vendor\symfony\console\Command\Command.php:318
at vendor\laravel\framework\src\Illuminate\Console\Command.php:180
at vendor\symfony\console\Application.php:1074
at vendor\symfony\console\Application.php:341
at vendor\symfony\console\Application.php:192
at vendor\laravel\framework\src\Illuminate\Console\Application.php:165
at vendor\laravel\framework\src\Illuminate\Foundation\Console\Kernel.php:426
at vendor\laravel\framework\src\Illuminate\Testing\PendingCommand.php:330
at vendor\laravel\framework\src\Illuminate\Testing\PendingCommand.php:533
at vendor\laravel\framework\src\Illuminate\Foundation\Testing\Concerns\InteractsWithConsole.php:87
at vendor\laravel\framework\src\Illuminate\Foundation\Testing\RefreshDatabase.php:101
at vendor\laravel\framework\src\Illuminate\Foundation\Testing\RefreshDatabase.php:84
at vendor\laravel\framework\src\Illuminate\Foundation\Testing\RefreshDatabase.php:25
at vendor\laravel\framework\src\Illuminate\Foundation\Testing\Concerns\InteractsWithTestCaseLifecycle.php:207
at vendor\laravel\framework\src\Illuminate\Foundation\Testing\Concerns\InteractsWithTestCaseLifecycle.php:96
at vendor\laravel\framework\src\Illuminate\Foundation\Testing\TestCase.php:44
at tests\TestCase.php:23
at tests\Unit\Services\AnalyticsServiceTest.php:24
Caused by
PDOException: could not find driver

at vendor\laravel\framework\src\Illuminate\Database\Connectors\Connector.php:66
at vendor\laravel\framework\src\Illuminate\Database\Connectors\Connector.php:44
at vendor\laravel\framework\src\Illuminate\Database\Connectors\SQLiteConnector.php:21
at vendor\laravel\framework\src\Illuminate\Database\Connectors\ConnectionFactory.php:223
at vendor\laravel\framework\src\Illuminate\Database\Connection.php:1228
at vendor\laravel\framework\src\Illuminate\Database\Connection.php:1264
at vendor\laravel\framework\src\Illuminate\Database\Connection.php:509
at vendor\laravel\framework\src\Illuminate\Database\Connection.php:404
at vendor\laravel\framework\src\Illuminate\Database\Connection.php:809
at vendor\laravel\framework\src\Illuminate\Database\Connection.php:776
at vendor\laravel\framework\src\Illuminate\Database\Connection.php:395
at vendor\laravel\framework\src\Illuminate\Database\Connection.php:341
at vendor\laravel\framework\src\Illuminate\Database\Connection.php:358
at vendor\laravel\framework\src\Illuminate\Database\Schema\Builder.php:174
at vendor\laravel\framework\src\Illuminate\Database\Migrations\DatabaseMigrationRepository.php:185
at vendor\laravel\framework\src\Illuminate\Database\Migrations\Migrator.php:749
at vendor\laravel\framework\src\Illuminate\Database\Console\Migrations\FreshCommand.php:67
at vendor\laravel\framework\src\Illuminate\Database\Migrations\Migrator.php:665
at vendor\laravel\framework\src\Illuminate\Database\Console\Migrations\FreshCommand.php:66
at vendor\laravel\framework\src\Illuminate\Container\BoundMethod.php:36
at vendor\laravel\framework\src\Illuminate\Container\Util.php:43
at vendor\laravel\framework\src\Illuminate\Container\BoundMethod.php:96
at vendor\laravel\framework\src\Illuminate\Container\BoundMethod.php:35
at vendor\laravel\framework\src\Illuminate\Container\Container.php:754
at vendor\laravel\framework\src\Illuminate\Console\Command.php:211
at vendor\symfony\console\Command\Command.php:318
at vendor\laravel\framework\src\Illuminate\Console\Command.php:180
at vendor\symfony\console\Application.php:1074
at vendor\symfony\console\Application.php:341
at vendor\symfony\console\Application.php:192
at vendor\laravel\framework\src\Illuminate\Console\Application.php:165
at vendor\laravel\framework\src\Illuminate\Foundation\Console\Kernel.php:426
at vendor\laravel\framework\src\Illuminate\Testing\PendingCommand.php:330
at vendor\laravel\framework\src\Illuminate\Testing\PendingCommand.php:533
at vendor\laravel\framework\src\Illuminate\Foundation\Testing\Concerns\InteractsWithConsole.php:87
at vendor\laravel\framework\src\Illuminate\Foundation\Testing\RefreshDatabase.php:101
at vendor\laravel\framework\src\Illuminate\Foundation\Testing\RefreshDatabase.php:84
at vendor\laravel\framework\src\Illuminate\Foundation\Testing\RefreshDatabase.php:25
at vendor\laravel\framework\src\Illuminate\Foundation\Testing\Concerns\InteractsWithTestCaseLifecycle.php:207
at vendor\laravel\framework\src\Illuminate\Foundation\Testing\Concerns\InteractsWithTestCaseLifecycle.php:96
at vendor\laravel\framework\src\Illuminate\Foundation\Testing\TestCase.php:44
at tests\TestCase.php:23
at tests\Unit\Services\AnalyticsServiceTest.php:24</error>
        </testcase>
        <testcase name="Can calculate placement success rate" file="Analytics Service (Tests\Unit\Services\AnalyticsService)::Can calculate placement success rate" class="Tests\Unit\Services\AnalyticsServiceTest" classname="Tests.Unit.Services.AnalyticsServiceTest" assertions="0" time="0.000000">
          <error type="Illuminate\Database\QueryException">Can calculate placement success rateIlluminate\Database\QueryException: could not find driver (Connection: sqlite, SQL: select exists (select 1 from "main".sqlite_master where name = 'migrations' and type = 'table') as "exists")&#13;
at vendor\laravel\framework\src\Illuminate\Database\Connectors\Connector.php:66
at vendor\laravel\framework\src\Illuminate\Database\Connectors\Connector.php:44
at vendor\laravel\framework\src\Illuminate\Database\Connectors\SQLiteConnector.php:21
at vendor\laravel\framework\src\Illuminate\Database\Connectors\ConnectionFactory.php:223
at vendor\laravel\framework\src\Illuminate\Database\Connection.php:1228
at vendor\laravel\framework\src\Illuminate\Database\Connection.php:1264
at vendor\laravel\framework\src\Illuminate\Database\Connection.php:509
at vendor\laravel\framework\src\Illuminate\Database\Connection.php:404
at vendor\laravel\framework\src\Illuminate\Database\Connection.php:809
at vendor\laravel\framework\src\Illuminate\Database\Connection.php:776
at vendor\laravel\framework\src\Illuminate\Database\Connection.php:395
at vendor\laravel\framework\src\Illuminate\Database\Connection.php:341
at vendor\laravel\framework\src\Illuminate\Database\Connection.php:358
at vendor\laravel\framework\src\Illuminate\Database\Schema\Builder.php:174
at vendor\laravel\framework\src\Illuminate\Database\Migrations\DatabaseMigrationRepository.php:185
at vendor\laravel\framework\src\Illuminate\Database\Migrations\Migrator.php:749
at vendor\laravel\framework\src\Illuminate\Database\Console\Migrations\FreshCommand.php:67
at vendor\laravel\framework\src\Illuminate\Database\Migrations\Migrator.php:665
at vendor\laravel\framework\src\Illuminate\Database\Console\Migrations\FreshCommand.php:66
at vendor\laravel\framework\src\Illuminate\Container\BoundMethod.php:36
at vendor\laravel\framework\src\Illuminate\Container\Util.php:43
at vendor\laravel\framework\src\Illuminate\Container\BoundMethod.php:96
at vendor\laravel\framework\src\Illuminate\Container\BoundMethod.php:35
at vendor\laravel\framework\src\Illuminate\Container\Container.php:754
at vendor\laravel\framework\src\Illuminate\Console\Command.php:211
at vendor\symfony\console\Command\Command.php:318
at vendor\laravel\framework\src\Illuminate\Console\Command.php:180
at vendor\symfony\console\Application.php:1074
at vendor\symfony\console\Application.php:341
at vendor\symfony\console\Application.php:192
at vendor\laravel\framework\src\Illuminate\Console\Application.php:165
at vendor\laravel\framework\src\Illuminate\Foundation\Console\Kernel.php:426
at vendor\laravel\framework\src\Illuminate\Testing\PendingCommand.php:330
at vendor\laravel\framework\src\Illuminate\Testing\PendingCommand.php:533
at vendor\laravel\framework\src\Illuminate\Foundation\Testing\Concerns\InteractsWithConsole.php:87
at vendor\laravel\framework\src\Illuminate\Foundation\Testing\RefreshDatabase.php:101
at vendor\laravel\framework\src\Illuminate\Foundation\Testing\RefreshDatabase.php:84
at vendor\laravel\framework\src\Illuminate\Foundation\Testing\RefreshDatabase.php:25
at vendor\laravel\framework\src\Illuminate\Foundation\Testing\Concerns\InteractsWithTestCaseLifecycle.php:207
at vendor\laravel\framework\src\Illuminate\Foundation\Testing\Concerns\InteractsWithTestCaseLifecycle.php:96
at vendor\laravel\framework\src\Illuminate\Foundation\Testing\TestCase.php:44
at tests\TestCase.php:23
at tests\Unit\Services\AnalyticsServiceTest.php:24
Caused by
PDOException: could not find driver

at vendor\laravel\framework\src\Illuminate\Database\Connectors\Connector.php:66
at vendor\laravel\framework\src\Illuminate\Database\Connectors\Connector.php:44
at vendor\laravel\framework\src\Illuminate\Database\Connectors\SQLiteConnector.php:21
at vendor\laravel\framework\src\Illuminate\Database\Connectors\ConnectionFactory.php:223
at vendor\laravel\framework\src\Illuminate\Database\Connection.php:1228
at vendor\laravel\framework\src\Illuminate\Database\Connection.php:1264
at vendor\laravel\framework\src\Illuminate\Database\Connection.php:509
at vendor\laravel\framework\src\Illuminate\Database\Connection.php:404
at vendor\laravel\framework\src\Illuminate\Database\Connection.php:809
at vendor\laravel\framework\src\Illuminate\Database\Connection.php:776
at vendor\laravel\framework\src\Illuminate\Database\Connection.php:395
at vendor\laravel\framework\src\Illuminate\Database\Connection.php:341
at vendor\laravel\framework\src\Illuminate\Database\Connection.php:358
at vendor\laravel\framework\src\Illuminate\Database\Schema\Builder.php:174
at vendor\laravel\framework\src\Illuminate\Database\Migrations\DatabaseMigrationRepository.php:185
at vendor\laravel\framework\src\Illuminate\Database\Migrations\Migrator.php:749
at vendor\laravel\framework\src\Illuminate\Database\Console\Migrations\FreshCommand.php:67
at vendor\laravel\framework\src\Illuminate\Database\Migrations\Migrator.php:665
at vendor\laravel\framework\src\Illuminate\Database\Console\Migrations\FreshCommand.php:66
at vendor\laravel\framework\src\Illuminate\Container\BoundMethod.php:36
at vendor\laravel\framework\src\Illuminate\Container\Util.php:43
at vendor\laravel\framework\src\Illuminate\Container\BoundMethod.php:96
at vendor\laravel\framework\src\Illuminate\Container\BoundMethod.php:35
at vendor\laravel\framework\src\Illuminate\Container\Container.php:754
at vendor\laravel\framework\src\Illuminate\Console\Command.php:211
at vendor\symfony\console\Command\Command.php:318
at vendor\laravel\framework\src\Illuminate\Console\Command.php:180
at vendor\symfony\console\Application.php:1074
at vendor\symfony\console\Application.php:341
at vendor\symfony\console\Application.php:192
at vendor\laravel\framework\src\Illuminate\Console\Application.php:165
at vendor\laravel\framework\src\Illuminate\Foundation\Console\Kernel.php:426
at vendor\laravel\framework\src\Illuminate\Testing\PendingCommand.php:330
at vendor\laravel\framework\src\Illuminate\Testing\PendingCommand.php:533
at vendor\laravel\framework\src\Illuminate\Foundation\Testing\Concerns\InteractsWithConsole.php:87
at vendor\laravel\framework\src\Illuminate\Foundation\Testing\RefreshDatabase.php:101
at vendor\laravel\framework\src\Illuminate\Foundation\Testing\RefreshDatabase.php:84
at vendor\laravel\framework\src\Illuminate\Foundation\Testing\RefreshDatabase.php:25
at vendor\laravel\framework\src\Illuminate\Foundation\Testing\Concerns\InteractsWithTestCaseLifecycle.php:207
at vendor\laravel\framework\src\Illuminate\Foundation\Testing\Concerns\InteractsWithTestCaseLifecycle.php:96
at vendor\laravel\framework\src\Illuminate\Foundation\Testing\TestCase.php:44
at tests\TestCase.php:23
at tests\Unit\Services\AnalyticsServiceTest.php:24</error>
        </testcase>
        <testcase name="Can get salary distribution" file="Analytics Service (Tests\Unit\Services\AnalyticsService)::Can get salary distribution" class="Tests\Unit\Services\AnalyticsServiceTest" classname="Tests.Unit.Services.AnalyticsServiceTest" assertions="0" time="0.000000">
          <error type="Illuminate\Database\QueryException">Can get salary distributionIlluminate\Database\QueryException: could not find driver (Connection: sqlite, SQL: select exists (select 1 from "main".sqlite_master where name = 'migrations' and type = 'table') as "exists")&#13;
at vendor\laravel\framework\src\Illuminate\Database\Connectors\Connector.php:66
at vendor\laravel\framework\src\Illuminate\Database\Connectors\Connector.php:44
at vendor\laravel\framework\src\Illuminate\Database\Connectors\SQLiteConnector.php:21
at vendor\laravel\framework\src\Illuminate\Database\Connectors\ConnectionFactory.php:223
at vendor\laravel\framework\src\Illuminate\Database\Connection.php:1228
at vendor\laravel\framework\src\Illuminate\Database\Connection.php:1264
at vendor\laravel\framework\src\Illuminate\Database\Connection.php:509
at vendor\laravel\framework\src\Illuminate\Database\Connection.php:404
at vendor\laravel\framework\src\Illuminate\Database\Connection.php:809
at vendor\laravel\framework\src\Illuminate\Database\Connection.php:776
at vendor\laravel\framework\src\Illuminate\Database\Connection.php:395
at vendor\laravel\framework\src\Illuminate\Database\Connection.php:341
at vendor\laravel\framework\src\Illuminate\Database\Connection.php:358
at vendor\laravel\framework\src\Illuminate\Database\Schema\Builder.php:174
at vendor\laravel\framework\src\Illuminate\Database\Migrations\DatabaseMigrationRepository.php:185
at vendor\laravel\framework\src\Illuminate\Database\Migrations\Migrator.php:749
at vendor\laravel\framework\src\Illuminate\Database\Console\Migrations\FreshCommand.php:67
at vendor\laravel\framework\src\Illuminate\Database\Migrations\Migrator.php:665
at vendor\laravel\framework\src\Illuminate\Database\Console\Migrations\FreshCommand.php:66
at vendor\laravel\framework\src\Illuminate\Container\BoundMethod.php:36
at vendor\laravel\framework\src\Illuminate\Container\Util.php:43
at vendor\laravel\framework\src\Illuminate\Container\BoundMethod.php:96
at vendor\laravel\framework\src\Illuminate\Container\BoundMethod.php:35
at vendor\laravel\framework\src\Illuminate\Container\Container.php:754
at vendor\laravel\framework\src\Illuminate\Console\Command.php:211
at vendor\symfony\console\Command\Command.php:318
at vendor\laravel\framework\src\Illuminate\Console\Command.php:180
at vendor\symfony\console\Application.php:1074
at vendor\symfony\console\Application.php:341
at vendor\symfony\console\Application.php:192
at vendor\laravel\framework\src\Illuminate\Console\Application.php:165
at vendor\laravel\framework\src\Illuminate\Foundation\Console\Kernel.php:426
at vendor\laravel\framework\src\Illuminate\Testing\PendingCommand.php:330
at vendor\laravel\framework\src\Illuminate\Testing\PendingCommand.php:533
at vendor\laravel\framework\src\Illuminate\Foundation\Testing\Concerns\InteractsWithConsole.php:87
at vendor\laravel\framework\src\Illuminate\Foundation\Testing\RefreshDatabase.php:101
at vendor\laravel\framework\src\Illuminate\Foundation\Testing\RefreshDatabase.php:84
at vendor\laravel\framework\src\Illuminate\Foundation\Testing\RefreshDatabase.php:25
at vendor\laravel\framework\src\Illuminate\Foundation\Testing\Concerns\InteractsWithTestCaseLifecycle.php:207
at vendor\laravel\framework\src\Illuminate\Foundation\Testing\Concerns\InteractsWithTestCaseLifecycle.php:96
at vendor\laravel\framework\src\Illuminate\Foundation\Testing\TestCase.php:44
at tests\TestCase.php:23
at tests\Unit\Services\AnalyticsServiceTest.php:24
Caused by
PDOException: could not find driver

at vendor\laravel\framework\src\Illuminate\Database\Connectors\Connector.php:66
at vendor\laravel\framework\src\Illuminate\Database\Connectors\Connector.php:44
at vendor\laravel\framework\src\Illuminate\Database\Connectors\SQLiteConnector.php:21
at vendor\laravel\framework\src\Illuminate\Database\Connectors\ConnectionFactory.php:223
at vendor\laravel\framework\src\Illuminate\Database\Connection.php:1228
at vendor\laravel\framework\src\Illuminate\Database\Connection.php:1264
at vendor\laravel\framework\src\Illuminate\Database\Connection.php:509
at vendor\laravel\framework\src\Illuminate\Database\Connection.php:404
at vendor\laravel\framework\src\Illuminate\Database\Connection.php:809
at vendor\laravel\framework\src\Illuminate\Database\Connection.php:776
at vendor\laravel\framework\src\Illuminate\Database\Connection.php:395
at vendor\laravel\framework\src\Illuminate\Database\Connection.php:341
at vendor\laravel\framework\src\Illuminate\Database\Connection.php:358
at vendor\laravel\framework\src\Illuminate\Database\Schema\Builder.php:174
at vendor\laravel\framework\src\Illuminate\Database\Migrations\DatabaseMigrationRepository.php:185
at vendor\laravel\framework\src\Illuminate\Database\Migrations\Migrator.php:749
at vendor\laravel\framework\src\Illuminate\Database\Console\Migrations\FreshCommand.php:67
at vendor\laravel\framework\src\Illuminate\Database\Migrations\Migrator.php:665
at vendor\laravel\framework\src\Illuminate\Database\Console\Migrations\FreshCommand.php:66
at vendor\laravel\framework\src\Illuminate\Container\BoundMethod.php:36
at vendor\laravel\framework\src\Illuminate\Container\Util.php:43
at vendor\laravel\framework\src\Illuminate\Container\BoundMethod.php:96
at vendor\laravel\framework\src\Illuminate\Container\BoundMethod.php:35
at vendor\laravel\framework\src\Illuminate\Container\Container.php:754
at vendor\laravel\framework\src\Illuminate\Console\Command.php:211
at vendor\symfony\console\Command\Command.php:318
at vendor\laravel\framework\src\Illuminate\Console\Command.php:180
at vendor\symfony\console\Application.php:1074
at vendor\symfony\console\Application.php:341
at vendor\symfony\console\Application.php:192
at vendor\laravel\framework\src\Illuminate\Console\Application.php:165
at vendor\laravel\framework\src\Illuminate\Foundation\Console\Kernel.php:426
at vendor\laravel\framework\src\Illuminate\Testing\PendingCommand.php:330
at vendor\laravel\framework\src\Illuminate\Testing\PendingCommand.php:533
at vendor\laravel\framework\src\Illuminate\Foundation\Testing\Concerns\InteractsWithConsole.php:87
at vendor\laravel\framework\src\Illuminate\Foundation\Testing\RefreshDatabase.php:101
at vendor\laravel\framework\src\Illuminate\Foundation\Testing\RefreshDatabase.php:84
at vendor\laravel\framework\src\Illuminate\Foundation\Testing\RefreshDatabase.php:25
at vendor\laravel\framework\src\Illuminate\Foundation\Testing\Concerns\InteractsWithTestCaseLifecycle.php:207
at vendor\laravel\framework\src\Illuminate\Foundation\Testing\Concerns\InteractsWithTestCaseLifecycle.php:96
at vendor\laravel\framework\src\Illuminate\Foundation\Testing\TestCase.php:44
at tests\TestCase.php:23
at tests\Unit\Services\AnalyticsServiceTest.php:24</error>
        </testcase>
      </testsuite>
      <testsuite name="Tests\Unit\Services\SearchServiceTest" file="Search Service (Tests\Unit\Services\SearchService)" tests="12" assertions="0" errors="12" failures="0" skipped="0" time="0.000000">
        <testcase name="Can search graduates" file="Search Service (Tests\Unit\Services\SearchService)::Can search graduates" class="Tests\Unit\Services\SearchServiceTest" classname="Tests.Unit.Services.SearchServiceTest" assertions="0" time="0.000000">
          <error type="Illuminate\Database\QueryException">Can search graduatesIlluminate\Database\QueryException: could not find driver (Connection: sqlite, SQL: select exists (select 1 from "main".sqlite_master where name = 'migrations' and type = 'table') as "exists")&#13;
at vendor\laravel\framework\src\Illuminate\Database\Connectors\Connector.php:66
at vendor\laravel\framework\src\Illuminate\Database\Connectors\Connector.php:44
at vendor\laravel\framework\src\Illuminate\Database\Connectors\SQLiteConnector.php:21
at vendor\laravel\framework\src\Illuminate\Database\Connectors\ConnectionFactory.php:223
at vendor\laravel\framework\src\Illuminate\Database\Connection.php:1228
at vendor\laravel\framework\src\Illuminate\Database\Connection.php:1264
at vendor\laravel\framework\src\Illuminate\Database\Connection.php:509
at vendor\laravel\framework\src\Illuminate\Database\Connection.php:404
at vendor\laravel\framework\src\Illuminate\Database\Connection.php:809
at vendor\laravel\framework\src\Illuminate\Database\Connection.php:776
at vendor\laravel\framework\src\Illuminate\Database\Connection.php:395
at vendor\laravel\framework\src\Illuminate\Database\Connection.php:341
at vendor\laravel\framework\src\Illuminate\Database\Connection.php:358
at vendor\laravel\framework\src\Illuminate\Database\Schema\Builder.php:174
at vendor\laravel\framework\src\Illuminate\Database\Migrations\DatabaseMigrationRepository.php:185
at vendor\laravel\framework\src\Illuminate\Database\Migrations\Migrator.php:749
at vendor\laravel\framework\src\Illuminate\Database\Console\Migrations\FreshCommand.php:67
at vendor\laravel\framework\src\Illuminate\Database\Migrations\Migrator.php:665
at vendor\laravel\framework\src\Illuminate\Database\Console\Migrations\FreshCommand.php:66
at vendor\laravel\framework\src\Illuminate\Container\BoundMethod.php:36
at vendor\laravel\framework\src\Illuminate\Container\Util.php:43
at vendor\laravel\framework\src\Illuminate\Container\BoundMethod.php:96
at vendor\laravel\framework\src\Illuminate\Container\BoundMethod.php:35
at vendor\laravel\framework\src\Illuminate\Container\Container.php:754
at vendor\laravel\framework\src\Illuminate\Console\Command.php:211
at vendor\symfony\console\Command\Command.php:318
at vendor\laravel\framework\src\Illuminate\Console\Command.php:180
at vendor\symfony\console\Application.php:1074
at vendor\symfony\console\Application.php:341
at vendor\symfony\console\Application.php:192
at vendor\laravel\framework\src\Illuminate\Console\Application.php:165
at vendor\laravel\framework\src\Illuminate\Foundation\Console\Kernel.php:426
at vendor\laravel\framework\src\Illuminate\Testing\PendingCommand.php:330
at vendor\laravel\framework\src\Illuminate\Testing\PendingCommand.php:533
at vendor\laravel\framework\src\Illuminate\Foundation\Testing\Concerns\InteractsWithConsole.php:87
at vendor\laravel\framework\src\Illuminate\Foundation\Testing\RefreshDatabase.php:101
at vendor\laravel\framework\src\Illuminate\Foundation\Testing\RefreshDatabase.php:84
at vendor\laravel\framework\src\Illuminate\Foundation\Testing\RefreshDatabase.php:25
at vendor\laravel\framework\src\Illuminate\Foundation\Testing\Concerns\InteractsWithTestCaseLifecycle.php:207
at vendor\laravel\framework\src\Illuminate\Foundation\Testing\Concerns\InteractsWithTestCaseLifecycle.php:96
at vendor\laravel\framework\src\Illuminate\Foundation\Testing\TestCase.php:44
at tests\TestCase.php:23
at tests\Unit\Services\SearchServiceTest.php:23
Caused by
PDOException: could not find driver

at vendor\laravel\framework\src\Illuminate\Database\Connectors\Connector.php:66
at vendor\laravel\framework\src\Illuminate\Database\Connectors\Connector.php:44
at vendor\laravel\framework\src\Illuminate\Database\Connectors\SQLiteConnector.php:21
at vendor\laravel\framework\src\Illuminate\Database\Connectors\ConnectionFactory.php:223
at vendor\laravel\framework\src\Illuminate\Database\Connection.php:1228
at vendor\laravel\framework\src\Illuminate\Database\Connection.php:1264
at vendor\laravel\framework\src\Illuminate\Database\Connection.php:509
at vendor\laravel\framework\src\Illuminate\Database\Connection.php:404
at vendor\laravel\framework\src\Illuminate\Database\Connection.php:809
at vendor\laravel\framework\src\Illuminate\Database\Connection.php:776
at vendor\laravel\framework\src\Illuminate\Database\Connection.php:395
at vendor\laravel\framework\src\Illuminate\Database\Connection.php:341
at vendor\laravel\framework\src\Illuminate\Database\Connection.php:358
at vendor\laravel\framework\src\Illuminate\Database\Schema\Builder.php:174
at vendor\laravel\framework\src\Illuminate\Database\Migrations\DatabaseMigrationRepository.php:185
at vendor\laravel\framework\src\Illuminate\Database\Migrations\Migrator.php:749
at vendor\laravel\framework\src\Illuminate\Database\Console\Migrations\FreshCommand.php:67
at vendor\laravel\framework\src\Illuminate\Database\Migrations\Migrator.php:665
at vendor\laravel\framework\src\Illuminate\Database\Console\Migrations\FreshCommand.php:66
at vendor\laravel\framework\src\Illuminate\Container\BoundMethod.php:36
at vendor\laravel\framework\src\Illuminate\Container\Util.php:43
at vendor\laravel\framework\src\Illuminate\Container\BoundMethod.php:96
at vendor\laravel\framework\src\Illuminate\Container\BoundMethod.php:35
at vendor\laravel\framework\src\Illuminate\Container\Container.php:754
at vendor\laravel\framework\src\Illuminate\Console\Command.php:211
at vendor\symfony\console\Command\Command.php:318
at vendor\laravel\framework\src\Illuminate\Console\Command.php:180
at vendor\symfony\console\Application.php:1074
at vendor\symfony\console\Application.php:341
at vendor\symfony\console\Application.php:192
at vendor\laravel\framework\src\Illuminate\Console\Application.php:165
at vendor\laravel\framework\src\Illuminate\Foundation\Console\Kernel.php:426
at vendor\laravel\framework\src\Illuminate\Testing\PendingCommand.php:330
at vendor\laravel\framework\src\Illuminate\Testing\PendingCommand.php:533
at vendor\laravel\framework\src\Illuminate\Foundation\Testing\Concerns\InteractsWithConsole.php:87
at vendor\laravel\framework\src\Illuminate\Foundation\Testing\RefreshDatabase.php:101
at vendor\laravel\framework\src\Illuminate\Foundation\Testing\RefreshDatabase.php:84
at vendor\laravel\framework\src\Illuminate\Foundation\Testing\RefreshDatabase.php:25
at vendor\laravel\framework\src\Illuminate\Foundation\Testing\Concerns\InteractsWithTestCaseLifecycle.php:207
at vendor\laravel\framework\src\Illuminate\Foundation\Testing\Concerns\InteractsWithTestCaseLifecycle.php:96
at vendor\laravel\framework\src\Illuminate\Foundation\Testing\TestCase.php:44
at tests\TestCase.php:23
at tests\Unit\Services\SearchServiceTest.php:23</error>
        </testcase>
        <testcase name="Can search jobs" file="Search Service (Tests\Unit\Services\SearchService)::Can search jobs" class="Tests\Unit\Services\SearchServiceTest" classname="Tests.Unit.Services.SearchServiceTest" assertions="0" time="0.000000">
          <error type="Illuminate\Database\QueryException">Can search jobsIlluminate\Database\QueryException: could not find driver (Connection: sqlite, SQL: select exists (select 1 from "main".sqlite_master where name = 'migrations' and type = 'table') as "exists")&#13;
at vendor\laravel\framework\src\Illuminate\Database\Connectors\Connector.php:66
at vendor\laravel\framework\src\Illuminate\Database\Connectors\Connector.php:44
at vendor\laravel\framework\src\Illuminate\Database\Connectors\SQLiteConnector.php:21
at vendor\laravel\framework\src\Illuminate\Database\Connectors\ConnectionFactory.php:223
at vendor\laravel\framework\src\Illuminate\Database\Connection.php:1228
at vendor\laravel\framework\src\Illuminate\Database\Connection.php:1264
at vendor\laravel\framework\src\Illuminate\Database\Connection.php:509
at vendor\laravel\framework\src\Illuminate\Database\Connection.php:404
at vendor\laravel\framework\src\Illuminate\Database\Connection.php:809
at vendor\laravel\framework\src\Illuminate\Database\Connection.php:776
at vendor\laravel\framework\src\Illuminate\Database\Connection.php:395
at vendor\laravel\framework\src\Illuminate\Database\Connection.php:341
at vendor\laravel\framework\src\Illuminate\Database\Connection.php:358
at vendor\laravel\framework\src\Illuminate\Database\Schema\Builder.php:174
at vendor\laravel\framework\src\Illuminate\Database\Migrations\DatabaseMigrationRepository.php:185
at vendor\laravel\framework\src\Illuminate\Database\Migrations\Migrator.php:749
at vendor\laravel\framework\src\Illuminate\Database\Console\Migrations\FreshCommand.php:67
at vendor\laravel\framework\src\Illuminate\Database\Migrations\Migrator.php:665
at vendor\laravel\framework\src\Illuminate\Database\Console\Migrations\FreshCommand.php:66
at vendor\laravel\framework\src\Illuminate\Container\BoundMethod.php:36
at vendor\laravel\framework\src\Illuminate\Container\Util.php:43
at vendor\laravel\framework\src\Illuminate\Container\BoundMethod.php:96
at vendor\laravel\framework\src\Illuminate\Container\BoundMethod.php:35
at vendor\laravel\framework\src\Illuminate\Container\Container.php:754
at vendor\laravel\framework\src\Illuminate\Console\Command.php:211
at vendor\symfony\console\Command\Command.php:318
at vendor\laravel\framework\src\Illuminate\Console\Command.php:180
at vendor\symfony\console\Application.php:1074
at vendor\symfony\console\Application.php:341
at vendor\symfony\console\Application.php:192
at vendor\laravel\framework\src\Illuminate\Console\Application.php:165
at vendor\laravel\framework\src\Illuminate\Foundation\Console\Kernel.php:426
at vendor\laravel\framework\src\Illuminate\Testing\PendingCommand.php:330
at vendor\laravel\framework\src\Illuminate\Testing\PendingCommand.php:533
at vendor\laravel\framework\src\Illuminate\Foundation\Testing\Concerns\InteractsWithConsole.php:87
at vendor\laravel\framework\src\Illuminate\Foundation\Testing\RefreshDatabase.php:101
at vendor\laravel\framework\src\Illuminate\Foundation\Testing\RefreshDatabase.php:84
at vendor\laravel\framework\src\Illuminate\Foundation\Testing\RefreshDatabase.php:25
at vendor\laravel\framework\src\Illuminate\Foundation\Testing\Concerns\InteractsWithTestCaseLifecycle.php:207
at vendor\laravel\framework\src\Illuminate\Foundation\Testing\Concerns\InteractsWithTestCaseLifecycle.php:96
at vendor\laravel\framework\src\Illuminate\Foundation\Testing\TestCase.php:44
at tests\TestCase.php:23
at tests\Unit\Services\SearchServiceTest.php:23
Caused by
PDOException: could not find driver

at vendor\laravel\framework\src\Illuminate\Database\Connectors\Connector.php:66
at vendor\laravel\framework\src\Illuminate\Database\Connectors\Connector.php:44
at vendor\laravel\framework\src\Illuminate\Database\Connectors\SQLiteConnector.php:21
at vendor\laravel\framework\src\Illuminate\Database\Connectors\ConnectionFactory.php:223
at vendor\laravel\framework\src\Illuminate\Database\Connection.php:1228
at vendor\laravel\framework\src\Illuminate\Database\Connection.php:1264
at vendor\laravel\framework\src\Illuminate\Database\Connection.php:509
at vendor\laravel\framework\src\Illuminate\Database\Connection.php:404
at vendor\laravel\framework\src\Illuminate\Database\Connection.php:809
at vendor\laravel\framework\src\Illuminate\Database\Connection.php:776
at vendor\laravel\framework\src\Illuminate\Database\Connection.php:395
at vendor\laravel\framework\src\Illuminate\Database\Connection.php:341
at vendor\laravel\framework\src\Illuminate\Database\Connection.php:358
at vendor\laravel\framework\src\Illuminate\Database\Schema\Builder.php:174
at vendor\laravel\framework\src\Illuminate\Database\Migrations\DatabaseMigrationRepository.php:185
at vendor\laravel\framework\src\Illuminate\Database\Migrations\Migrator.php:749
at vendor\laravel\framework\src\Illuminate\Database\Console\Migrations\FreshCommand.php:67
at vendor\laravel\framework\src\Illuminate\Database\Migrations\Migrator.php:665
at vendor\laravel\framework\src\Illuminate\Database\Console\Migrations\FreshCommand.php:66
at vendor\laravel\framework\src\Illuminate\Container\BoundMethod.php:36
at vendor\laravel\framework\src\Illuminate\Container\Util.php:43
at vendor\laravel\framework\src\Illuminate\Container\BoundMethod.php:96
at vendor\laravel\framework\src\Illuminate\Container\BoundMethod.php:35
at vendor\laravel\framework\src\Illuminate\Container\Container.php:754
at vendor\laravel\framework\src\Illuminate\Console\Command.php:211
at vendor\symfony\console\Command\Command.php:318
at vendor\laravel\framework\src\Illuminate\Console\Command.php:180
at vendor\symfony\console\Application.php:1074
at vendor\symfony\console\Application.php:341
at vendor\symfony\console\Application.php:192
at vendor\laravel\framework\src\Illuminate\Console\Application.php:165
at vendor\laravel\framework\src\Illuminate\Foundation\Console\Kernel.php:426
at vendor\laravel\framework\src\Illuminate\Testing\PendingCommand.php:330
at vendor\laravel\framework\src\Illuminate\Testing\PendingCommand.php:533
at vendor\laravel\framework\src\Illuminate\Foundation\Testing\Concerns\InteractsWithConsole.php:87
at vendor\laravel\framework\src\Illuminate\Foundation\Testing\RefreshDatabase.php:101
at vendor\laravel\framework\src\Illuminate\Foundation\Testing\RefreshDatabase.php:84
at vendor\laravel\framework\src\Illuminate\Foundation\Testing\RefreshDatabase.php:25
at vendor\laravel\framework\src\Illuminate\Foundation\Testing\Concerns\InteractsWithTestCaseLifecycle.php:207
at vendor\laravel\framework\src\Illuminate\Foundation\Testing\Concerns\InteractsWithTestCaseLifecycle.php:96
at vendor\laravel\framework\src\Illuminate\Foundation\Testing\TestCase.php:44
at tests\TestCase.php:23
at tests\Unit\Services\SearchServiceTest.php:23</error>
        </testcase>
        <testcase name="Can perform advanced graduate search" file="Search Service (Tests\Unit\Services\SearchService)::Can perform advanced graduate search" class="Tests\Unit\Services\SearchServiceTest" classname="Tests.Unit.Services.SearchServiceTest" assertions="0" time="0.000000">
          <error type="Illuminate\Database\QueryException">Can perform advanced graduate searchIlluminate\Database\QueryException: could not find driver (Connection: sqlite, SQL: select exists (select 1 from "main".sqlite_master where name = 'migrations' and type = 'table') as "exists")&#13;
at vendor\laravel\framework\src\Illuminate\Database\Connectors\Connector.php:66
at vendor\laravel\framework\src\Illuminate\Database\Connectors\Connector.php:44
at vendor\laravel\framework\src\Illuminate\Database\Connectors\SQLiteConnector.php:21
at vendor\laravel\framework\src\Illuminate\Database\Connectors\ConnectionFactory.php:223
at vendor\laravel\framework\src\Illuminate\Database\Connection.php:1228
at vendor\laravel\framework\src\Illuminate\Database\Connection.php:1264
at vendor\laravel\framework\src\Illuminate\Database\Connection.php:509
at vendor\laravel\framework\src\Illuminate\Database\Connection.php:404
at vendor\laravel\framework\src\Illuminate\Database\Connection.php:809
at vendor\laravel\framework\src\Illuminate\Database\Connection.php:776
at vendor\laravel\framework\src\Illuminate\Database\Connection.php:395
at vendor\laravel\framework\src\Illuminate\Database\Connection.php:341
at vendor\laravel\framework\src\Illuminate\Database\Connection.php:358
at vendor\laravel\framework\src\Illuminate\Database\Schema\Builder.php:174
at vendor\laravel\framework\src\Illuminate\Database\Migrations\DatabaseMigrationRepository.php:185
at vendor\laravel\framework\src\Illuminate\Database\Migrations\Migrator.php:749
at vendor\laravel\framework\src\Illuminate\Database\Console\Migrations\FreshCommand.php:67
at vendor\laravel\framework\src\Illuminate\Database\Migrations\Migrator.php:665
at vendor\laravel\framework\src\Illuminate\Database\Console\Migrations\FreshCommand.php:66
at vendor\laravel\framework\src\Illuminate\Container\BoundMethod.php:36
at vendor\laravel\framework\src\Illuminate\Container\Util.php:43
at vendor\laravel\framework\src\Illuminate\Container\BoundMethod.php:96
at vendor\laravel\framework\src\Illuminate\Container\BoundMethod.php:35
at vendor\laravel\framework\src\Illuminate\Container\Container.php:754
at vendor\laravel\framework\src\Illuminate\Console\Command.php:211
at vendor\symfony\console\Command\Command.php:318
at vendor\laravel\framework\src\Illuminate\Console\Command.php:180
at vendor\symfony\console\Application.php:1074
at vendor\symfony\console\Application.php:341
at vendor\symfony\console\Application.php:192
at vendor\laravel\framework\src\Illuminate\Console\Application.php:165
at vendor\laravel\framework\src\Illuminate\Foundation\Console\Kernel.php:426
at vendor\laravel\framework\src\Illuminate\Testing\PendingCommand.php:330
at vendor\laravel\framework\src\Illuminate\Testing\PendingCommand.php:533
at vendor\laravel\framework\src\Illuminate\Foundation\Testing\Concerns\InteractsWithConsole.php:87
at vendor\laravel\framework\src\Illuminate\Foundation\Testing\RefreshDatabase.php:101
at vendor\laravel\framework\src\Illuminate\Foundation\Testing\RefreshDatabase.php:84
at vendor\laravel\framework\src\Illuminate\Foundation\Testing\RefreshDatabase.php:25
at vendor\laravel\framework\src\Illuminate\Foundation\Testing\Concerns\InteractsWithTestCaseLifecycle.php:207
at vendor\laravel\framework\src\Illuminate\Foundation\Testing\Concerns\InteractsWithTestCaseLifecycle.php:96
at vendor\laravel\framework\src\Illuminate\Foundation\Testing\TestCase.php:44
at tests\TestCase.php:23
at tests\Unit\Services\SearchServiceTest.php:23
Caused by
PDOException: could not find driver

at vendor\laravel\framework\src\Illuminate\Database\Connectors\Connector.php:66
at vendor\laravel\framework\src\Illuminate\Database\Connectors\Connector.php:44
at vendor\laravel\framework\src\Illuminate\Database\Connectors\SQLiteConnector.php:21
at vendor\laravel\framework\src\Illuminate\Database\Connectors\ConnectionFactory.php:223
at vendor\laravel\framework\src\Illuminate\Database\Connection.php:1228
at vendor\laravel\framework\src\Illuminate\Database\Connection.php:1264
at vendor\laravel\framework\src\Illuminate\Database\Connection.php:509
at vendor\laravel\framework\src\Illuminate\Database\Connection.php:404
at vendor\laravel\framework\src\Illuminate\Database\Connection.php:809
at vendor\laravel\framework\src\Illuminate\Database\Connection.php:776
at vendor\laravel\framework\src\Illuminate\Database\Connection.php:395
at vendor\laravel\framework\src\Illuminate\Database\Connection.php:341
at vendor\laravel\framework\src\Illuminate\Database\Connection.php:358
at vendor\laravel\framework\src\Illuminate\Database\Schema\Builder.php:174
at vendor\laravel\framework\src\Illuminate\Database\Migrations\DatabaseMigrationRepository.php:185
at vendor\laravel\framework\src\Illuminate\Database\Migrations\Migrator.php:749
at vendor\laravel\framework\src\Illuminate\Database\Console\Migrations\FreshCommand.php:67
at vendor\laravel\framework\src\Illuminate\Database\Migrations\Migrator.php:665
at vendor\laravel\framework\src\Illuminate\Database\Console\Migrations\FreshCommand.php:66
at vendor\laravel\framework\src\Illuminate\Container\BoundMethod.php:36
at vendor\laravel\framework\src\Illuminate\Container\Util.php:43
at vendor\laravel\framework\src\Illuminate\Container\BoundMethod.php:96
at vendor\laravel\framework\src\Illuminate\Container\BoundMethod.php:35
at vendor\laravel\framework\src\Illuminate\Container\Container.php:754
at vendor\laravel\framework\src\Illuminate\Console\Command.php:211
at vendor\symfony\console\Command\Command.php:318
at vendor\laravel\framework\src\Illuminate\Console\Command.php:180
at vendor\symfony\console\Application.php:1074
at vendor\symfony\console\Application.php:341
at vendor\symfony\console\Application.php:192
at vendor\laravel\framework\src\Illuminate\Console\Application.php:165
at vendor\laravel\framework\src\Illuminate\Foundation\Console\Kernel.php:426
at vendor\laravel\framework\src\Illuminate\Testing\PendingCommand.php:330
at vendor\laravel\framework\src\Illuminate\Testing\PendingCommand.php:533
at vendor\laravel\framework\src\Illuminate\Foundation\Testing\Concerns\InteractsWithConsole.php:87
at vendor\laravel\framework\src\Illuminate\Foundation\Testing\RefreshDatabase.php:101
at vendor\laravel\framework\src\Illuminate\Foundation\Testing\RefreshDatabase.php:84
at vendor\laravel\framework\src\Illuminate\Foundation\Testing\RefreshDatabase.php:25
at vendor\laravel\framework\src\Illuminate\Foundation\Testing\Concerns\InteractsWithTestCaseLifecycle.php:207
at vendor\laravel\framework\src\Illuminate\Foundation\Testing\Concerns\InteractsWithTestCaseLifecycle.php:96
at vendor\laravel\framework\src\Illuminate\Foundation\Testing\TestCase.php:44
at tests\TestCase.php:23
at tests\Unit\Services\SearchServiceTest.php:23</error>
        </testcase>
        <testcase name="Can perform advanced job search" file="Search Service (Tests\Unit\Services\SearchService)::Can perform advanced job search" class="Tests\Unit\Services\SearchServiceTest" classname="Tests.Unit.Services.SearchServiceTest" assertions="0" time="0.000000">
          <error type="Illuminate\Database\QueryException">Can perform advanced job searchIlluminate\Database\QueryException: could not find driver (Connection: sqlite, SQL: select exists (select 1 from "main".sqlite_master where name = 'migrations' and type = 'table') as "exists")&#13;
at vendor\laravel\framework\src\Illuminate\Database\Connectors\Connector.php:66
at vendor\laravel\framework\src\Illuminate\Database\Connectors\Connector.php:44
at vendor\laravel\framework\src\Illuminate\Database\Connectors\SQLiteConnector.php:21
at vendor\laravel\framework\src\Illuminate\Database\Connectors\ConnectionFactory.php:223
at vendor\laravel\framework\src\Illuminate\Database\Connection.php:1228
at vendor\laravel\framework\src\Illuminate\Database\Connection.php:1264
at vendor\laravel\framework\src\Illuminate\Database\Connection.php:509
at vendor\laravel\framework\src\Illuminate\Database\Connection.php:404
at vendor\laravel\framework\src\Illuminate\Database\Connection.php:809
at vendor\laravel\framework\src\Illuminate\Database\Connection.php:776
at vendor\laravel\framework\src\Illuminate\Database\Connection.php:395
at vendor\laravel\framework\src\Illuminate\Database\Connection.php:341
at vendor\laravel\framework\src\Illuminate\Database\Connection.php:358
at vendor\laravel\framework\src\Illuminate\Database\Schema\Builder.php:174
at vendor\laravel\framework\src\Illuminate\Database\Migrations\DatabaseMigrationRepository.php:185
at vendor\laravel\framework\src\Illuminate\Database\Migrations\Migrator.php:749
at vendor\laravel\framework\src\Illuminate\Database\Console\Migrations\FreshCommand.php:67
at vendor\laravel\framework\src\Illuminate\Database\Migrations\Migrator.php:665
at vendor\laravel\framework\src\Illuminate\Database\Console\Migrations\FreshCommand.php:66
at vendor\laravel\framework\src\Illuminate\Container\BoundMethod.php:36
at vendor\laravel\framework\src\Illuminate\Container\Util.php:43
at vendor\laravel\framework\src\Illuminate\Container\BoundMethod.php:96
at vendor\laravel\framework\src\Illuminate\Container\BoundMethod.php:35
at vendor\laravel\framework\src\Illuminate\Container\Container.php:754
at vendor\laravel\framework\src\Illuminate\Console\Command.php:211
at vendor\symfony\console\Command\Command.php:318
at vendor\laravel\framework\src\Illuminate\Console\Command.php:180
at vendor\symfony\console\Application.php:1074
at vendor\symfony\console\Application.php:341
at vendor\symfony\console\Application.php:192
at vendor\laravel\framework\src\Illuminate\Console\Application.php:165
at vendor\laravel\framework\src\Illuminate\Foundation\Console\Kernel.php:426
at vendor\laravel\framework\src\Illuminate\Testing\PendingCommand.php:330
at vendor\laravel\framework\src\Illuminate\Testing\PendingCommand.php:533
at vendor\laravel\framework\src\Illuminate\Foundation\Testing\Concerns\InteractsWithConsole.php:87
at vendor\laravel\framework\src\Illuminate\Foundation\Testing\RefreshDatabase.php:101
at vendor\laravel\framework\src\Illuminate\Foundation\Testing\RefreshDatabase.php:84
at vendor\laravel\framework\src\Illuminate\Foundation\Testing\RefreshDatabase.php:25
at vendor\laravel\framework\src\Illuminate\Foundation\Testing\Concerns\InteractsWithTestCaseLifecycle.php:207
at vendor\laravel\framework\src\Illuminate\Foundation\Testing\Concerns\InteractsWithTestCaseLifecycle.php:96
at vendor\laravel\framework\src\Illuminate\Foundation\Testing\TestCase.php:44
at tests\TestCase.php:23
at tests\Unit\Services\SearchServiceTest.php:23
Caused by
PDOException: could not find driver

at vendor\laravel\framework\src\Illuminate\Database\Connectors\Connector.php:66
at vendor\laravel\framework\src\Illuminate\Database\Connectors\Connector.php:44
at vendor\laravel\framework\src\Illuminate\Database\Connectors\SQLiteConnector.php:21
at vendor\laravel\framework\src\Illuminate\Database\Connectors\ConnectionFactory.php:223
at vendor\laravel\framework\src\Illuminate\Database\Connection.php:1228
at vendor\laravel\framework\src\Illuminate\Database\Connection.php:1264
at vendor\laravel\framework\src\Illuminate\Database\Connection.php:509
at vendor\laravel\framework\src\Illuminate\Database\Connection.php:404
at vendor\laravel\framework\src\Illuminate\Database\Connection.php:809
at vendor\laravel\framework\src\Illuminate\Database\Connection.php:776
at vendor\laravel\framework\src\Illuminate\Database\Connection.php:395
at vendor\laravel\framework\src\Illuminate\Database\Connection.php:341
at vendor\laravel\framework\src\Illuminate\Database\Connection.php:358
at vendor\laravel\framework\src\Illuminate\Database\Schema\Builder.php:174
at vendor\laravel\framework\src\Illuminate\Database\Migrations\DatabaseMigrationRepository.php:185
at vendor\laravel\framework\src\Illuminate\Database\Migrations\Migrator.php:749
at vendor\laravel\framework\src\Illuminate\Database\Console\Migrations\FreshCommand.php:67
at vendor\laravel\framework\src\Illuminate\Database\Migrations\Migrator.php:665
at vendor\laravel\framework\src\Illuminate\Database\Console\Migrations\FreshCommand.php:66
at vendor\laravel\framework\src\Illuminate\Container\BoundMethod.php:36
at vendor\laravel\framework\src\Illuminate\Container\Util.php:43
at vendor\laravel\framework\src\Illuminate\Container\BoundMethod.php:96
at vendor\laravel\framework\src\Illuminate\Container\BoundMethod.php:35
at vendor\laravel\framework\src\Illuminate\Container\Container.php:754
at vendor\laravel\framework\src\Illuminate\Console\Command.php:211
at vendor\symfony\console\Command\Command.php:318
at vendor\laravel\framework\src\Illuminate\Console\Command.php:180
at vendor\symfony\console\Application.php:1074
at vendor\symfony\console\Application.php:341
at vendor\symfony\console\Application.php:192
at vendor\laravel\framework\src\Illuminate\Console\Application.php:165
at vendor\laravel\framework\src\Illuminate\Foundation\Console\Kernel.php:426
at vendor\laravel\framework\src\Illuminate\Testing\PendingCommand.php:330
at vendor\laravel\framework\src\Illuminate\Testing\PendingCommand.php:533
at vendor\laravel\framework\src\Illuminate\Foundation\Testing\Concerns\InteractsWithConsole.php:87
at vendor\laravel\framework\src\Illuminate\Foundation\Testing\RefreshDatabase.php:101
at vendor\laravel\framework\src\Illuminate\Foundation\Testing\RefreshDatabase.php:84
at vendor\laravel\framework\src\Illuminate\Foundation\Testing\RefreshDatabase.php:25
at vendor\laravel\framework\src\Illuminate\Foundation\Testing\Concerns\InteractsWithTestCaseLifecycle.php:207
at vendor\laravel\framework\src\Illuminate\Foundation\Testing\Concerns\InteractsWithTestCaseLifecycle.php:96
at vendor\laravel\framework\src\Illuminate\Foundation\Testing\TestCase.php:44
at tests\TestCase.php:23
at tests\Unit\Services\SearchServiceTest.php:23</error>
        </testcase>
        <testcase name="Can save search" file="Search Service (Tests\Unit\Services\SearchService)::Can save search" class="Tests\Unit\Services\SearchServiceTest" classname="Tests.Unit.Services.SearchServiceTest" assertions="0" time="0.000000">
          <error type="Illuminate\Database\QueryException">Can save searchIlluminate\Database\QueryException: could not find driver (Connection: sqlite, SQL: select exists (select 1 from "main".sqlite_master where name = 'migrations' and type = 'table') as "exists")&#13;
at vendor\laravel\framework\src\Illuminate\Database\Connectors\Connector.php:66
at vendor\laravel\framework\src\Illuminate\Database\Connectors\Connector.php:44
at vendor\laravel\framework\src\Illuminate\Database\Connectors\SQLiteConnector.php:21
at vendor\laravel\framework\src\Illuminate\Database\Connectors\ConnectionFactory.php:223
at vendor\laravel\framework\src\Illuminate\Database\Connection.php:1228
at vendor\laravel\framework\src\Illuminate\Database\Connection.php:1264
at vendor\laravel\framework\src\Illuminate\Database\Connection.php:509
at vendor\laravel\framework\src\Illuminate\Database\Connection.php:404
at vendor\laravel\framework\src\Illuminate\Database\Connection.php:809
at vendor\laravel\framework\src\Illuminate\Database\Connection.php:776
at vendor\laravel\framework\src\Illuminate\Database\Connection.php:395
at vendor\laravel\framework\src\Illuminate\Database\Connection.php:341
at vendor\laravel\framework\src\Illuminate\Database\Connection.php:358
at vendor\laravel\framework\src\Illuminate\Database\Schema\Builder.php:174
at vendor\laravel\framework\src\Illuminate\Database\Migrations\DatabaseMigrationRepository.php:185
at vendor\laravel\framework\src\Illuminate\Database\Migrations\Migrator.php:749
at vendor\laravel\framework\src\Illuminate\Database\Console\Migrations\FreshCommand.php:67
at vendor\laravel\framework\src\Illuminate\Database\Migrations\Migrator.php:665
at vendor\laravel\framework\src\Illuminate\Database\Console\Migrations\FreshCommand.php:66
at vendor\laravel\framework\src\Illuminate\Container\BoundMethod.php:36
at vendor\laravel\framework\src\Illuminate\Container\Util.php:43
at vendor\laravel\framework\src\Illuminate\Container\BoundMethod.php:96
at vendor\laravel\framework\src\Illuminate\Container\BoundMethod.php:35
at vendor\laravel\framework\src\Illuminate\Container\Container.php:754
at vendor\laravel\framework\src\Illuminate\Console\Command.php:211
at vendor\symfony\console\Command\Command.php:318
at vendor\laravel\framework\src\Illuminate\Console\Command.php:180
at vendor\symfony\console\Application.php:1074
at vendor\symfony\console\Application.php:341
at vendor\symfony\console\Application.php:192
at vendor\laravel\framework\src\Illuminate\Console\Application.php:165
at vendor\laravel\framework\src\Illuminate\Foundation\Console\Kernel.php:426
at vendor\laravel\framework\src\Illuminate\Testing\PendingCommand.php:330
at vendor\laravel\framework\src\Illuminate\Testing\PendingCommand.php:533
at vendor\laravel\framework\src\Illuminate\Foundation\Testing\Concerns\InteractsWithConsole.php:87
at vendor\laravel\framework\src\Illuminate\Foundation\Testing\RefreshDatabase.php:101
at vendor\laravel\framework\src\Illuminate\Foundation\Testing\RefreshDatabase.php:84
at vendor\laravel\framework\src\Illuminate\Foundation\Testing\RefreshDatabase.php:25
at vendor\laravel\framework\src\Illuminate\Foundation\Testing\Concerns\InteractsWithTestCaseLifecycle.php:207
at vendor\laravel\framework\src\Illuminate\Foundation\Testing\Concerns\InteractsWithTestCaseLifecycle.php:96
at vendor\laravel\framework\src\Illuminate\Foundation\Testing\TestCase.php:44
at tests\TestCase.php:23
at tests\Unit\Services\SearchServiceTest.php:23
Caused by
PDOException: could not find driver

at vendor\laravel\framework\src\Illuminate\Database\Connectors\Connector.php:66
at vendor\laravel\framework\src\Illuminate\Database\Connectors\Connector.php:44
at vendor\laravel\framework\src\Illuminate\Database\Connectors\SQLiteConnector.php:21
at vendor\laravel\framework\src\Illuminate\Database\Connectors\ConnectionFactory.php:223
at vendor\laravel\framework\src\Illuminate\Database\Connection.php:1228
at vendor\laravel\framework\src\Illuminate\Database\Connection.php:1264
at vendor\laravel\framework\src\Illuminate\Database\Connection.php:509
at vendor\laravel\framework\src\Illuminate\Database\Connection.php:404
at vendor\laravel\framework\src\Illuminate\Database\Connection.php:809
at vendor\laravel\framework\src\Illuminate\Database\Connection.php:776
at vendor\laravel\framework\src\Illuminate\Database\Connection.php:395
at vendor\laravel\framework\src\Illuminate\Database\Connection.php:341
at vendor\laravel\framework\src\Illuminate\Database\Connection.php:358
at vendor\laravel\framework\src\Illuminate\Database\Schema\Builder.php:174
at vendor\laravel\framework\src\Illuminate\Database\Migrations\DatabaseMigrationRepository.php:185
at vendor\laravel\framework\src\Illuminate\Database\Migrations\Migrator.php:749
at vendor\laravel\framework\src\Illuminate\Database\Console\Migrations\FreshCommand.php:67
at vendor\laravel\framework\src\Illuminate\Database\Migrations\Migrator.php:665
at vendor\laravel\framework\src\Illuminate\Database\Console\Migrations\FreshCommand.php:66
at vendor\laravel\framework\src\Illuminate\Container\BoundMethod.php:36
at vendor\laravel\framework\src\Illuminate\Container\Util.php:43
at vendor\laravel\framework\src\Illuminate\Container\BoundMethod.php:96
at vendor\laravel\framework\src\Illuminate\Container\BoundMethod.php:35
at vendor\laravel\framework\src\Illuminate\Container\Container.php:754
at vendor\laravel\framework\src\Illuminate\Console\Command.php:211
at vendor\symfony\console\Command\Command.php:318
at vendor\laravel\framework\src\Illuminate\Console\Command.php:180
at vendor\symfony\console\Application.php:1074
at vendor\symfony\console\Application.php:341
at vendor\symfony\console\Application.php:192
at vendor\laravel\framework\src\Illuminate\Console\Application.php:165
at vendor\laravel\framework\src\Illuminate\Foundation\Console\Kernel.php:426
at vendor\laravel\framework\src\Illuminate\Testing\PendingCommand.php:330
at vendor\laravel\framework\src\Illuminate\Testing\PendingCommand.php:533
at vendor\laravel\framework\src\Illuminate\Foundation\Testing\Concerns\InteractsWithConsole.php:87
at vendor\laravel\framework\src\Illuminate\Foundation\Testing\RefreshDatabase.php:101
at vendor\laravel\framework\src\Illuminate\Foundation\Testing\RefreshDatabase.php:84
at vendor\laravel\framework\src\Illuminate\Foundation\Testing\RefreshDatabase.php:25
at vendor\laravel\framework\src\Illuminate\Foundation\Testing\Concerns\InteractsWithTestCaseLifecycle.php:207
at vendor\laravel\framework\src\Illuminate\Foundation\Testing\Concerns\InteractsWithTestCaseLifecycle.php:96
at vendor\laravel\framework\src\Illuminate\Foundation\Testing\TestCase.php:44
at tests\TestCase.php:23
at tests\Unit\Services\SearchServiceTest.php:23</error>
        </testcase>
        <testcase name="Can create search alert" file="Search Service (Tests\Unit\Services\SearchService)::Can create search alert" class="Tests\Unit\Services\SearchServiceTest" classname="Tests.Unit.Services.SearchServiceTest" assertions="0" time="0.000000">
          <error type="Illuminate\Database\QueryException">Can create search alertIlluminate\Database\QueryException: could not find driver (Connection: sqlite, SQL: select exists (select 1 from "main".sqlite_master where name = 'migrations' and type = 'table') as "exists")&#13;
at vendor\laravel\framework\src\Illuminate\Database\Connectors\Connector.php:66
at vendor\laravel\framework\src\Illuminate\Database\Connectors\Connector.php:44
at vendor\laravel\framework\src\Illuminate\Database\Connectors\SQLiteConnector.php:21
at vendor\laravel\framework\src\Illuminate\Database\Connectors\ConnectionFactory.php:223
at vendor\laravel\framework\src\Illuminate\Database\Connection.php:1228
at vendor\laravel\framework\src\Illuminate\Database\Connection.php:1264
at vendor\laravel\framework\src\Illuminate\Database\Connection.php:509
at vendor\laravel\framework\src\Illuminate\Database\Connection.php:404
at vendor\laravel\framework\src\Illuminate\Database\Connection.php:809
at vendor\laravel\framework\src\Illuminate\Database\Connection.php:776
at vendor\laravel\framework\src\Illuminate\Database\Connection.php:395
at vendor\laravel\framework\src\Illuminate\Database\Connection.php:341
at vendor\laravel\framework\src\Illuminate\Database\Connection.php:358
at vendor\laravel\framework\src\Illuminate\Database\Schema\Builder.php:174
at vendor\laravel\framework\src\Illuminate\Database\Migrations\DatabaseMigrationRepository.php:185
at vendor\laravel\framework\src\Illuminate\Database\Migrations\Migrator.php:749
at vendor\laravel\framework\src\Illuminate\Database\Console\Migrations\FreshCommand.php:67
at vendor\laravel\framework\src\Illuminate\Database\Migrations\Migrator.php:665
at vendor\laravel\framework\src\Illuminate\Database\Console\Migrations\FreshCommand.php:66
at vendor\laravel\framework\src\Illuminate\Container\BoundMethod.php:36
at vendor\laravel\framework\src\Illuminate\Container\Util.php:43
at vendor\laravel\framework\src\Illuminate\Container\BoundMethod.php:96
at vendor\laravel\framework\src\Illuminate\Container\BoundMethod.php:35
at vendor\laravel\framework\src\Illuminate\Container\Container.php:754
at vendor\laravel\framework\src\Illuminate\Console\Command.php:211
at vendor\symfony\console\Command\Command.php:318
at vendor\laravel\framework\src\Illuminate\Console\Command.php:180
at vendor\symfony\console\Application.php:1074
at vendor\symfony\console\Application.php:341
at vendor\symfony\console\Application.php:192
at vendor\laravel\framework\src\Illuminate\Console\Application.php:165
at vendor\laravel\framework\src\Illuminate\Foundation\Console\Kernel.php:426
at vendor\laravel\framework\src\Illuminate\Testing\PendingCommand.php:330
at vendor\laravel\framework\src\Illuminate\Testing\PendingCommand.php:533
at vendor\laravel\framework\src\Illuminate\Foundation\Testing\Concerns\InteractsWithConsole.php:87
at vendor\laravel\framework\src\Illuminate\Foundation\Testing\RefreshDatabase.php:101
at vendor\laravel\framework\src\Illuminate\Foundation\Testing\RefreshDatabase.php:84
at vendor\laravel\framework\src\Illuminate\Foundation\Testing\RefreshDatabase.php:25
at vendor\laravel\framework\src\Illuminate\Foundation\Testing\Concerns\InteractsWithTestCaseLifecycle.php:207
at vendor\laravel\framework\src\Illuminate\Foundation\Testing\Concerns\InteractsWithTestCaseLifecycle.php:96
at vendor\laravel\framework\src\Illuminate\Foundation\Testing\TestCase.php:44
at tests\TestCase.php:23
at tests\Unit\Services\SearchServiceTest.php:23
Caused by
PDOException: could not find driver

at vendor\laravel\framework\src\Illuminate\Database\Connectors\Connector.php:66
at vendor\laravel\framework\src\Illuminate\Database\Connectors\Connector.php:44
at vendor\laravel\framework\src\Illuminate\Database\Connectors\SQLiteConnector.php:21
at vendor\laravel\framework\src\Illuminate\Database\Connectors\ConnectionFactory.php:223
at vendor\laravel\framework\src\Illuminate\Database\Connection.php:1228
at vendor\laravel\framework\src\Illuminate\Database\Connection.php:1264
at vendor\laravel\framework\src\Illuminate\Database\Connection.php:509
at vendor\laravel\framework\src\Illuminate\Database\Connection.php:404
at vendor\laravel\framework\src\Illuminate\Database\Connection.php:809
at vendor\laravel\framework\src\Illuminate\Database\Connection.php:776
at vendor\laravel\framework\src\Illuminate\Database\Connection.php:395
at vendor\laravel\framework\src\Illuminate\Database\Connection.php:341
at vendor\laravel\framework\src\Illuminate\Database\Connection.php:358
at vendor\laravel\framework\src\Illuminate\Database\Schema\Builder.php:174
at vendor\laravel\framework\src\Illuminate\Database\Migrations\DatabaseMigrationRepository.php:185
at vendor\laravel\framework\src\Illuminate\Database\Migrations\Migrator.php:749
at vendor\laravel\framework\src\Illuminate\Database\Console\Migrations\FreshCommand.php:67
at vendor\laravel\framework\src\Illuminate\Database\Migrations\Migrator.php:665
at vendor\laravel\framework\src\Illuminate\Database\Console\Migrations\FreshCommand.php:66
at vendor\laravel\framework\src\Illuminate\Container\BoundMethod.php:36
at vendor\laravel\framework\src\Illuminate\Container\Util.php:43
at vendor\laravel\framework\src\Illuminate\Container\BoundMethod.php:96
at vendor\laravel\framework\src\Illuminate\Container\BoundMethod.php:35
at vendor\laravel\framework\src\Illuminate\Container\Container.php:754
at vendor\laravel\framework\src\Illuminate\Console\Command.php:211
at vendor\symfony\console\Command\Command.php:318
at vendor\laravel\framework\src\Illuminate\Console\Command.php:180
at vendor\symfony\console\Application.php:1074
at vendor\symfony\console\Application.php:341
at vendor\symfony\console\Application.php:192
at vendor\laravel\framework\src\Illuminate\Console\Application.php:165
at vendor\laravel\framework\src\Illuminate\Foundation\Console\Kernel.php:426
at vendor\laravel\framework\src\Illuminate\Testing\PendingCommand.php:330
at vendor\laravel\framework\src\Illuminate\Testing\PendingCommand.php:533
at vendor\laravel\framework\src\Illuminate\Foundation\Testing\Concerns\InteractsWithConsole.php:87
at vendor\laravel\framework\src\Illuminate\Foundation\Testing\RefreshDatabase.php:101
at vendor\laravel\framework\src\Illuminate\Foundation\Testing\RefreshDatabase.php:84
at vendor\laravel\framework\src\Illuminate\Foundation\Testing\RefreshDatabase.php:25
at vendor\laravel\framework\src\Illuminate\Foundation\Testing\Concerns\InteractsWithTestCaseLifecycle.php:207
at vendor\laravel\framework\src\Illuminate\Foundation\Testing\Concerns\InteractsWithTestCaseLifecycle.php:96
at vendor\laravel\framework\src\Illuminate\Foundation\Testing\TestCase.php:44
at tests\TestCase.php:23
at tests\Unit\Services\SearchServiceTest.php:23</error>
        </testcase>
        <testcase name="Can execute saved search" file="Search Service (Tests\Unit\Services\SearchService)::Can execute saved search" class="Tests\Unit\Services\SearchServiceTest" classname="Tests.Unit.Services.SearchServiceTest" assertions="0" time="0.000000">
          <error type="Illuminate\Database\QueryException">Can execute saved searchIlluminate\Database\QueryException: could not find driver (Connection: sqlite, SQL: select exists (select 1 from "main".sqlite_master where name = 'migrations' and type = 'table') as "exists")&#13;
at vendor\laravel\framework\src\Illuminate\Database\Connectors\Connector.php:66
at vendor\laravel\framework\src\Illuminate\Database\Connectors\Connector.php:44
at vendor\laravel\framework\src\Illuminate\Database\Connectors\SQLiteConnector.php:21
at vendor\laravel\framework\src\Illuminate\Database\Connectors\ConnectionFactory.php:223
at vendor\laravel\framework\src\Illuminate\Database\Connection.php:1228
at vendor\laravel\framework\src\Illuminate\Database\Connection.php:1264
at vendor\laravel\framework\src\Illuminate\Database\Connection.php:509
at vendor\laravel\framework\src\Illuminate\Database\Connection.php:404
at vendor\laravel\framework\src\Illuminate\Database\Connection.php:809
at vendor\laravel\framework\src\Illuminate\Database\Connection.php:776
at vendor\laravel\framework\src\Illuminate\Database\Connection.php:395
at vendor\laravel\framework\src\Illuminate\Database\Connection.php:341
at vendor\laravel\framework\src\Illuminate\Database\Connection.php:358
at vendor\laravel\framework\src\Illuminate\Database\Schema\Builder.php:174
at vendor\laravel\framework\src\Illuminate\Database\Migrations\DatabaseMigrationRepository.php:185
at vendor\laravel\framework\src\Illuminate\Database\Migrations\Migrator.php:749
at vendor\laravel\framework\src\Illuminate\Database\Console\Migrations\FreshCommand.php:67
at vendor\laravel\framework\src\Illuminate\Database\Migrations\Migrator.php:665
at vendor\laravel\framework\src\Illuminate\Database\Console\Migrations\FreshCommand.php:66
at vendor\laravel\framework\src\Illuminate\Container\BoundMethod.php:36
at vendor\laravel\framework\src\Illuminate\Container\Util.php:43
at vendor\laravel\framework\src\Illuminate\Container\BoundMethod.php:96
at vendor\laravel\framework\src\Illuminate\Container\BoundMethod.php:35
at vendor\laravel\framework\src\Illuminate\Container\Container.php:754
at vendor\laravel\framework\src\Illuminate\Console\Command.php:211
at vendor\symfony\console\Command\Command.php:318
at vendor\laravel\framework\src\Illuminate\Console\Command.php:180
at vendor\symfony\console\Application.php:1074
at vendor\symfony\console\Application.php:341
at vendor\symfony\console\Application.php:192
at vendor\laravel\framework\src\Illuminate\Console\Application.php:165
at vendor\laravel\framework\src\Illuminate\Foundation\Console\Kernel.php:426
at vendor\laravel\framework\src\Illuminate\Testing\PendingCommand.php:330
at vendor\laravel\framework\src\Illuminate\Testing\PendingCommand.php:533
at vendor\laravel\framework\src\Illuminate\Foundation\Testing\Concerns\InteractsWithConsole.php:87
at vendor\laravel\framework\src\Illuminate\Foundation\Testing\RefreshDatabase.php:101
at vendor\laravel\framework\src\Illuminate\Foundation\Testing\RefreshDatabase.php:84
at vendor\laravel\framework\src\Illuminate\Foundation\Testing\RefreshDatabase.php:25
at vendor\laravel\framework\src\Illuminate\Foundation\Testing\Concerns\InteractsWithTestCaseLifecycle.php:207
at vendor\laravel\framework\src\Illuminate\Foundation\Testing\Concerns\InteractsWithTestCaseLifecycle.php:96
at vendor\laravel\framework\src\Illuminate\Foundation\Testing\TestCase.php:44
at tests\TestCase.php:23
at tests\Unit\Services\SearchServiceTest.php:23
Caused by
PDOException: could not find driver

at vendor\laravel\framework\src\Illuminate\Database\Connectors\Connector.php:66
at vendor\laravel\framework\src\Illuminate\Database\Connectors\Connector.php:44
at vendor\laravel\framework\src\Illuminate\Database\Connectors\SQLiteConnector.php:21
at vendor\laravel\framework\src\Illuminate\Database\Connectors\ConnectionFactory.php:223
at vendor\laravel\framework\src\Illuminate\Database\Connection.php:1228
at vendor\laravel\framework\src\Illuminate\Database\Connection.php:1264
at vendor\laravel\framework\src\Illuminate\Database\Connection.php:509
at vendor\laravel\framework\src\Illuminate\Database\Connection.php:404
at vendor\laravel\framework\src\Illuminate\Database\Connection.php:809
at vendor\laravel\framework\src\Illuminate\Database\Connection.php:776
at vendor\laravel\framework\src\Illuminate\Database\Connection.php:395
at vendor\laravel\framework\src\Illuminate\Database\Connection.php:341
at vendor\laravel\framework\src\Illuminate\Database\Connection.php:358
at vendor\laravel\framework\src\Illuminate\Database\Schema\Builder.php:174
at vendor\laravel\framework\src\Illuminate\Database\Migrations\DatabaseMigrationRepository.php:185
at vendor\laravel\framework\src\Illuminate\Database\Migrations\Migrator.php:749
at vendor\laravel\framework\src\Illuminate\Database\Console\Migrations\FreshCommand.php:67
at vendor\laravel\framework\src\Illuminate\Database\Migrations\Migrator.php:665
at vendor\laravel\framework\src\Illuminate\Database\Console\Migrations\FreshCommand.php:66
at vendor\laravel\framework\src\Illuminate\Container\BoundMethod.php:36
at vendor\laravel\framework\src\Illuminate\Container\Util.php:43
at vendor\laravel\framework\src\Illuminate\Container\BoundMethod.php:96
at vendor\laravel\framework\src\Illuminate\Container\BoundMethod.php:35
at vendor\laravel\framework\src\Illuminate\Container\Container.php:754
at vendor\laravel\framework\src\Illuminate\Console\Command.php:211
at vendor\symfony\console\Command\Command.php:318
at vendor\laravel\framework\src\Illuminate\Console\Command.php:180
at vendor\symfony\console\Application.php:1074
at vendor\symfony\console\Application.php:341
at vendor\symfony\console\Application.php:192
at vendor\laravel\framework\src\Illuminate\Console\Application.php:165
at vendor\laravel\framework\src\Illuminate\Foundation\Console\Kernel.php:426
at vendor\laravel\framework\src\Illuminate\Testing\PendingCommand.php:330
at vendor\laravel\framework\src\Illuminate\Testing\PendingCommand.php:533
at vendor\laravel\framework\src\Illuminate\Foundation\Testing\Concerns\InteractsWithConsole.php:87
at vendor\laravel\framework\src\Illuminate\Foundation\Testing\RefreshDatabase.php:101
at vendor\laravel\framework\src\Illuminate\Foundation\Testing\RefreshDatabase.php:84
at vendor\laravel\framework\src\Illuminate\Foundation\Testing\RefreshDatabase.php:25
at vendor\laravel\framework\src\Illuminate\Foundation\Testing\Concerns\InteractsWithTestCaseLifecycle.php:207
at vendor\laravel\framework\src\Illuminate\Foundation\Testing\Concerns\InteractsWithTestCaseLifecycle.php:96
at vendor\laravel\framework\src\Illuminate\Foundation\Testing\TestCase.php:44
at tests\TestCase.php:23
at tests\Unit\Services\SearchServiceTest.php:23</error>
        </testcase>
        <testcase name="Can get search suggestions" file="Search Service (Tests\Unit\Services\SearchService)::Can get search suggestions" class="Tests\Unit\Services\SearchServiceTest" classname="Tests.Unit.Services.SearchServiceTest" assertions="0" time="0.000000">
          <error type="Illuminate\Database\QueryException">Can get search suggestionsIlluminate\Database\QueryException: could not find driver (Connection: sqlite, SQL: select exists (select 1 from "main".sqlite_master where name = 'migrations' and type = 'table') as "exists")&#13;
at vendor\laravel\framework\src\Illuminate\Database\Connectors\Connector.php:66
at vendor\laravel\framework\src\Illuminate\Database\Connectors\Connector.php:44
at vendor\laravel\framework\src\Illuminate\Database\Connectors\SQLiteConnector.php:21
at vendor\laravel\framework\src\Illuminate\Database\Connectors\ConnectionFactory.php:223
at vendor\laravel\framework\src\Illuminate\Database\Connection.php:1228
at vendor\laravel\framework\src\Illuminate\Database\Connection.php:1264
at vendor\laravel\framework\src\Illuminate\Database\Connection.php:509
at vendor\laravel\framework\src\Illuminate\Database\Connection.php:404
at vendor\laravel\framework\src\Illuminate\Database\Connection.php:809
at vendor\laravel\framework\src\Illuminate\Database\Connection.php:776
at vendor\laravel\framework\src\Illuminate\Database\Connection.php:395
at vendor\laravel\framework\src\Illuminate\Database\Connection.php:341
at vendor\laravel\framework\src\Illuminate\Database\Connection.php:358
at vendor\laravel\framework\src\Illuminate\Database\Schema\Builder.php:174
at vendor\laravel\framework\src\Illuminate\Database\Migrations\DatabaseMigrationRepository.php:185
at vendor\laravel\framework\src\Illuminate\Database\Migrations\Migrator.php:749
at vendor\laravel\framework\src\Illuminate\Database\Console\Migrations\FreshCommand.php:67
at vendor\laravel\framework\src\Illuminate\Database\Migrations\Migrator.php:665
at vendor\laravel\framework\src\Illuminate\Database\Console\Migrations\FreshCommand.php:66
at vendor\laravel\framework\src\Illuminate\Container\BoundMethod.php:36
at vendor\laravel\framework\src\Illuminate\Container\Util.php:43
at vendor\laravel\framework\src\Illuminate\Container\BoundMethod.php:96
at vendor\laravel\framework\src\Illuminate\Container\BoundMethod.php:35
at vendor\laravel\framework\src\Illuminate\Container\Container.php:754
at vendor\laravel\framework\src\Illuminate\Console\Command.php:211
at vendor\symfony\console\Command\Command.php:318
at vendor\laravel\framework\src\Illuminate\Console\Command.php:180
at vendor\symfony\console\Application.php:1074
at vendor\symfony\console\Application.php:341
at vendor\symfony\console\Application.php:192
at vendor\laravel\framework\src\Illuminate\Console\Application.php:165
at vendor\laravel\framework\src\Illuminate\Foundation\Console\Kernel.php:426
at vendor\laravel\framework\src\Illuminate\Testing\PendingCommand.php:330
at vendor\laravel\framework\src\Illuminate\Testing\PendingCommand.php:533
at vendor\laravel\framework\src\Illuminate\Foundation\Testing\Concerns\InteractsWithConsole.php:87
at vendor\laravel\framework\src\Illuminate\Foundation\Testing\RefreshDatabase.php:101
at vendor\laravel\framework\src\Illuminate\Foundation\Testing\RefreshDatabase.php:84
at vendor\laravel\framework\src\Illuminate\Foundation\Testing\RefreshDatabase.php:25
at vendor\laravel\framework\src\Illuminate\Foundation\Testing\Concerns\InteractsWithTestCaseLifecycle.php:207
at vendor\laravel\framework\src\Illuminate\Foundation\Testing\Concerns\InteractsWithTestCaseLifecycle.php:96
at vendor\laravel\framework\src\Illuminate\Foundation\Testing\TestCase.php:44
at tests\TestCase.php:23
at tests\Unit\Services\SearchServiceTest.php:23
Caused by
PDOException: could not find driver

at vendor\laravel\framework\src\Illuminate\Database\Connectors\Connector.php:66
at vendor\laravel\framework\src\Illuminate\Database\Connectors\Connector.php:44
at vendor\laravel\framework\src\Illuminate\Database\Connectors\SQLiteConnector.php:21
at vendor\laravel\framework\src\Illuminate\Database\Connectors\ConnectionFactory.php:223
at vendor\laravel\framework\src\Illuminate\Database\Connection.php:1228
at vendor\laravel\framework\src\Illuminate\Database\Connection.php:1264
at vendor\laravel\framework\src\Illuminate\Database\Connection.php:509
at vendor\laravel\framework\src\Illuminate\Database\Connection.php:404
at vendor\laravel\framework\src\Illuminate\Database\Connection.php:809
at vendor\laravel\framework\src\Illuminate\Database\Connection.php:776
at vendor\laravel\framework\src\Illuminate\Database\Connection.php:395
at vendor\laravel\framework\src\Illuminate\Database\Connection.php:341
at vendor\laravel\framework\src\Illuminate\Database\Connection.php:358
at vendor\laravel\framework\src\Illuminate\Database\Schema\Builder.php:174
at vendor\laravel\framework\src\Illuminate\Database\Migrations\DatabaseMigrationRepository.php:185
at vendor\laravel\framework\src\Illuminate\Database\Migrations\Migrator.php:749
at vendor\laravel\framework\src\Illuminate\Database\Console\Migrations\FreshCommand.php:67
at vendor\laravel\framework\src\Illuminate\Database\Migrations\Migrator.php:665
at vendor\laravel\framework\src\Illuminate\Database\Console\Migrations\FreshCommand.php:66
at vendor\laravel\framework\src\Illuminate\Container\BoundMethod.php:36
at vendor\laravel\framework\src\Illuminate\Container\Util.php:43
at vendor\laravel\framework\src\Illuminate\Container\BoundMethod.php:96
at vendor\laravel\framework\src\Illuminate\Container\BoundMethod.php:35
at vendor\laravel\framework\src\Illuminate\Container\Container.php:754
at vendor\laravel\framework\src\Illuminate\Console\Command.php:211
at vendor\symfony\console\Command\Command.php:318
at vendor\laravel\framework\src\Illuminate\Console\Command.php:180
at vendor\symfony\console\Application.php:1074
at vendor\symfony\console\Application.php:341
at vendor\symfony\console\Application.php:192
at vendor\laravel\framework\src\Illuminate\Console\Application.php:165
at vendor\laravel\framework\src\Illuminate\Foundation\Console\Kernel.php:426
at vendor\laravel\framework\src\Illuminate\Testing\PendingCommand.php:330
at vendor\laravel\framework\src\Illuminate\Testing\PendingCommand.php:533
at vendor\laravel\framework\src\Illuminate\Foundation\Testing\Concerns\InteractsWithConsole.php:87
at vendor\laravel\framework\src\Illuminate\Foundation\Testing\RefreshDatabase.php:101
at vendor\laravel\framework\src\Illuminate\Foundation\Testing\RefreshDatabase.php:84
at vendor\laravel\framework\src\Illuminate\Foundation\Testing\RefreshDatabase.php:25
at vendor\laravel\framework\src\Illuminate\Foundation\Testing\Concerns\InteractsWithTestCaseLifecycle.php:207
at vendor\laravel\framework\src\Illuminate\Foundation\Testing\Concerns\InteractsWithTestCaseLifecycle.php:96
at vendor\laravel\framework\src\Illuminate\Foundation\Testing\TestCase.php:44
at tests\TestCase.php:23
at tests\Unit\Services\SearchServiceTest.php:23</error>
        </testcase>
        <testcase name="Can get popular searches" file="Search Service (Tests\Unit\Services\SearchService)::Can get popular searches" class="Tests\Unit\Services\SearchServiceTest" classname="Tests.Unit.Services.SearchServiceTest" assertions="0" time="0.000000">
          <error type="Illuminate\Database\QueryException">Can get popular searchesIlluminate\Database\QueryException: could not find driver (Connection: sqlite, SQL: select exists (select 1 from "main".sqlite_master where name = 'migrations' and type = 'table') as "exists")&#13;
at vendor\laravel\framework\src\Illuminate\Database\Connectors\Connector.php:66
at vendor\laravel\framework\src\Illuminate\Database\Connectors\Connector.php:44
at vendor\laravel\framework\src\Illuminate\Database\Connectors\SQLiteConnector.php:21
at vendor\laravel\framework\src\Illuminate\Database\Connectors\ConnectionFactory.php:223
at vendor\laravel\framework\src\Illuminate\Database\Connection.php:1228
at vendor\laravel\framework\src\Illuminate\Database\Connection.php:1264
at vendor\laravel\framework\src\Illuminate\Database\Connection.php:509
at vendor\laravel\framework\src\Illuminate\Database\Connection.php:404
at vendor\laravel\framework\src\Illuminate\Database\Connection.php:809
at vendor\laravel\framework\src\Illuminate\Database\Connection.php:776
at vendor\laravel\framework\src\Illuminate\Database\Connection.php:395
at vendor\laravel\framework\src\Illuminate\Database\Connection.php:341
at vendor\laravel\framework\src\Illuminate\Database\Connection.php:358
at vendor\laravel\framework\src\Illuminate\Database\Schema\Builder.php:174
at vendor\laravel\framework\src\Illuminate\Database\Migrations\DatabaseMigrationRepository.php:185
at vendor\laravel\framework\src\Illuminate\Database\Migrations\Migrator.php:749
at vendor\laravel\framework\src\Illuminate\Database\Console\Migrations\FreshCommand.php:67
at vendor\laravel\framework\src\Illuminate\Database\Migrations\Migrator.php:665
at vendor\laravel\framework\src\Illuminate\Database\Console\Migrations\FreshCommand.php:66
at vendor\laravel\framework\src\Illuminate\Container\BoundMethod.php:36
at vendor\laravel\framework\src\Illuminate\Container\Util.php:43
at vendor\laravel\framework\src\Illuminate\Container\BoundMethod.php:96
at vendor\laravel\framework\src\Illuminate\Container\BoundMethod.php:35
at vendor\laravel\framework\src\Illuminate\Container\Container.php:754
at vendor\laravel\framework\src\Illuminate\Console\Command.php:211
at vendor\symfony\console\Command\Command.php:318
at vendor\laravel\framework\src\Illuminate\Console\Command.php:180
at vendor\symfony\console\Application.php:1074
at vendor\symfony\console\Application.php:341
at vendor\symfony\console\Application.php:192
at vendor\laravel\framework\src\Illuminate\Console\Application.php:165
at vendor\laravel\framework\src\Illuminate\Foundation\Console\Kernel.php:426
at vendor\laravel\framework\src\Illuminate\Testing\PendingCommand.php:330
at vendor\laravel\framework\src\Illuminate\Testing\PendingCommand.php:533
at vendor\laravel\framework\src\Illuminate\Foundation\Testing\Concerns\InteractsWithConsole.php:87
at vendor\laravel\framework\src\Illuminate\Foundation\Testing\RefreshDatabase.php:101
at vendor\laravel\framework\src\Illuminate\Foundation\Testing\RefreshDatabase.php:84
at vendor\laravel\framework\src\Illuminate\Foundation\Testing\RefreshDatabase.php:25
at vendor\laravel\framework\src\Illuminate\Foundation\Testing\Concerns\InteractsWithTestCaseLifecycle.php:207
at vendor\laravel\framework\src\Illuminate\Foundation\Testing\Concerns\InteractsWithTestCaseLifecycle.php:96
at vendor\laravel\framework\src\Illuminate\Foundation\Testing\TestCase.php:44
at tests\TestCase.php:23
at tests\Unit\Services\SearchServiceTest.php:23
Caused by
PDOException: could not find driver

at vendor\laravel\framework\src\Illuminate\Database\Connectors\Connector.php:66
at vendor\laravel\framework\src\Illuminate\Database\Connectors\Connector.php:44
at vendor\laravel\framework\src\Illuminate\Database\Connectors\SQLiteConnector.php:21
at vendor\laravel\framework\src\Illuminate\Database\Connectors\ConnectionFactory.php:223
at vendor\laravel\framework\src\Illuminate\Database\Connection.php:1228
at vendor\laravel\framework\src\Illuminate\Database\Connection.php:1264
at vendor\laravel\framework\src\Illuminate\Database\Connection.php:509
at vendor\laravel\framework\src\Illuminate\Database\Connection.php:404
at vendor\laravel\framework\src\Illuminate\Database\Connection.php:809
at vendor\laravel\framework\src\Illuminate\Database\Connection.php:776
at vendor\laravel\framework\src\Illuminate\Database\Connection.php:395
at vendor\laravel\framework\src\Illuminate\Database\Connection.php:341
at vendor\laravel\framework\src\Illuminate\Database\Connection.php:358
at vendor\laravel\framework\src\Illuminate\Database\Schema\Builder.php:174
at vendor\laravel\framework\src\Illuminate\Database\Migrations\DatabaseMigrationRepository.php:185
at vendor\laravel\framework\src\Illuminate\Database\Migrations\Migrator.php:749
at vendor\laravel\framework\src\Illuminate\Database\Console\Migrations\FreshCommand.php:67
at vendor\laravel\framework\src\Illuminate\Database\Migrations\Migrator.php:665
at vendor\laravel\framework\src\Illuminate\Database\Console\Migrations\FreshCommand.php:66
at vendor\laravel\framework\src\Illuminate\Container\BoundMethod.php:36
at vendor\laravel\framework\src\Illuminate\Container\Util.php:43
at vendor\laravel\framework\src\Illuminate\Container\BoundMethod.php:96
at vendor\laravel\framework\src\Illuminate\Container\BoundMethod.php:35
at vendor\laravel\framework\src\Illuminate\Container\Container.php:754
at vendor\laravel\framework\src\Illuminate\Console\Command.php:211
at vendor\symfony\console\Command\Command.php:318
at vendor\laravel\framework\src\Illuminate\Console\Command.php:180
at vendor\symfony\console\Application.php:1074
at vendor\symfony\console\Application.php:341
at vendor\symfony\console\Application.php:192
at vendor\laravel\framework\src\Illuminate\Console\Application.php:165
at vendor\laravel\framework\src\Illuminate\Foundation\Console\Kernel.php:426
at vendor\laravel\framework\src\Illuminate\Testing\PendingCommand.php:330
at vendor\laravel\framework\src\Illuminate\Testing\PendingCommand.php:533
at vendor\laravel\framework\src\Illuminate\Foundation\Testing\Concerns\InteractsWithConsole.php:87
at vendor\laravel\framework\src\Illuminate\Foundation\Testing\RefreshDatabase.php:101
at vendor\laravel\framework\src\Illuminate\Foundation\Testing\RefreshDatabase.php:84
at vendor\laravel\framework\src\Illuminate\Foundation\Testing\RefreshDatabase.php:25
at vendor\laravel\framework\src\Illuminate\Foundation\Testing\Concerns\InteractsWithTestCaseLifecycle.php:207
at vendor\laravel\framework\src\Illuminate\Foundation\Testing\Concerns\InteractsWithTestCaseLifecycle.php:96
at vendor\laravel\framework\src\Illuminate\Foundation\Testing\TestCase.php:44
at tests\TestCase.php:23
at tests\Unit\Services\SearchServiceTest.php:23</error>
        </testcase>
        <testcase name="Can track search analytics" file="Search Service (Tests\Unit\Services\SearchService)::Can track search analytics" class="Tests\Unit\Services\SearchServiceTest" classname="Tests.Unit.Services.SearchServiceTest" assertions="0" time="0.000000">
          <error type="Illuminate\Database\QueryException">Can track search analyticsIlluminate\Database\QueryException: could not find driver (Connection: sqlite, SQL: select exists (select 1 from "main".sqlite_master where name = 'migrations' and type = 'table') as "exists")&#13;
at vendor\laravel\framework\src\Illuminate\Database\Connectors\Connector.php:66
at vendor\laravel\framework\src\Illuminate\Database\Connectors\Connector.php:44
at vendor\laravel\framework\src\Illuminate\Database\Connectors\SQLiteConnector.php:21
at vendor\laravel\framework\src\Illuminate\Database\Connectors\ConnectionFactory.php:223
at vendor\laravel\framework\src\Illuminate\Database\Connection.php:1228
at vendor\laravel\framework\src\Illuminate\Database\Connection.php:1264
at vendor\laravel\framework\src\Illuminate\Database\Connection.php:509
at vendor\laravel\framework\src\Illuminate\Database\Connection.php:404
at vendor\laravel\framework\src\Illuminate\Database\Connection.php:809
at vendor\laravel\framework\src\Illuminate\Database\Connection.php:776
at vendor\laravel\framework\src\Illuminate\Database\Connection.php:395
at vendor\laravel\framework\src\Illuminate\Database\Connection.php:341
at vendor\laravel\framework\src\Illuminate\Database\Connection.php:358
at vendor\laravel\framework\src\Illuminate\Database\Schema\Builder.php:174
at vendor\laravel\framework\src\Illuminate\Database\Migrations\DatabaseMigrationRepository.php:185
at vendor\laravel\framework\src\Illuminate\Database\Migrations\Migrator.php:749
at vendor\laravel\framework\src\Illuminate\Database\Console\Migrations\FreshCommand.php:67
at vendor\laravel\framework\src\Illuminate\Database\Migrations\Migrator.php:665
at vendor\laravel\framework\src\Illuminate\Database\Console\Migrations\FreshCommand.php:66
at vendor\laravel\framework\src\Illuminate\Container\BoundMethod.php:36
at vendor\laravel\framework\src\Illuminate\Container\Util.php:43
at vendor\laravel\framework\src\Illuminate\Container\BoundMethod.php:96
at vendor\laravel\framework\src\Illuminate\Container\BoundMethod.php:35
at vendor\laravel\framework\src\Illuminate\Container\Container.php:754
at vendor\laravel\framework\src\Illuminate\Console\Command.php:211
at vendor\symfony\console\Command\Command.php:318
at vendor\laravel\framework\src\Illuminate\Console\Command.php:180
at vendor\symfony\console\Application.php:1074
at vendor\symfony\console\Application.php:341
at vendor\symfony\console\Application.php:192
at vendor\laravel\framework\src\Illuminate\Console\Application.php:165
at vendor\laravel\framework\src\Illuminate\Foundation\Console\Kernel.php:426
at vendor\laravel\framework\src\Illuminate\Testing\PendingCommand.php:330
at vendor\laravel\framework\src\Illuminate\Testing\PendingCommand.php:533
at vendor\laravel\framework\src\Illuminate\Foundation\Testing\Concerns\InteractsWithConsole.php:87
at vendor\laravel\framework\src\Illuminate\Foundation\Testing\RefreshDatabase.php:101
at vendor\laravel\framework\src\Illuminate\Foundation\Testing\RefreshDatabase.php:84
at vendor\laravel\framework\src\Illuminate\Foundation\Testing\RefreshDatabase.php:25
at vendor\laravel\framework\src\Illuminate\Foundation\Testing\Concerns\InteractsWithTestCaseLifecycle.php:207
at vendor\laravel\framework\src\Illuminate\Foundation\Testing\Concerns\InteractsWithTestCaseLifecycle.php:96
at vendor\laravel\framework\src\Illuminate\Foundation\Testing\TestCase.php:44
at tests\TestCase.php:23
at tests\Unit\Services\SearchServiceTest.php:23
Caused by
PDOException: could not find driver

at vendor\laravel\framework\src\Illuminate\Database\Connectors\Connector.php:66
at vendor\laravel\framework\src\Illuminate\Database\Connectors\Connector.php:44
at vendor\laravel\framework\src\Illuminate\Database\Connectors\SQLiteConnector.php:21
at vendor\laravel\framework\src\Illuminate\Database\Connectors\ConnectionFactory.php:223
at vendor\laravel\framework\src\Illuminate\Database\Connection.php:1228
at vendor\laravel\framework\src\Illuminate\Database\Connection.php:1264
at vendor\laravel\framework\src\Illuminate\Database\Connection.php:509
at vendor\laravel\framework\src\Illuminate\Database\Connection.php:404
at vendor\laravel\framework\src\Illuminate\Database\Connection.php:809
at vendor\laravel\framework\src\Illuminate\Database\Connection.php:776
at vendor\laravel\framework\src\Illuminate\Database\Connection.php:395
at vendor\laravel\framework\src\Illuminate\Database\Connection.php:341
at vendor\laravel\framework\src\Illuminate\Database\Connection.php:358
at vendor\laravel\framework\src\Illuminate\Database\Schema\Builder.php:174
at vendor\laravel\framework\src\Illuminate\Database\Migrations\DatabaseMigrationRepository.php:185
at vendor\laravel\framework\src\Illuminate\Database\Migrations\Migrator.php:749
at vendor\laravel\framework\src\Illuminate\Database\Console\Migrations\FreshCommand.php:67
at vendor\laravel\framework\src\Illuminate\Database\Migrations\Migrator.php:665
at vendor\laravel\framework\src\Illuminate\Database\Console\Migrations\FreshCommand.php:66
at vendor\laravel\framework\src\Illuminate\Container\BoundMethod.php:36
at vendor\laravel\framework\src\Illuminate\Container\Util.php:43
at vendor\laravel\framework\src\Illuminate\Container\BoundMethod.php:96
at vendor\laravel\framework\src\Illuminate\Container\BoundMethod.php:35
at vendor\laravel\framework\src\Illuminate\Container\Container.php:754
at vendor\laravel\framework\src\Illuminate\Console\Command.php:211
at vendor\symfony\console\Command\Command.php:318
at vendor\laravel\framework\src\Illuminate\Console\Command.php:180
at vendor\symfony\console\Application.php:1074
at vendor\symfony\console\Application.php:341
at vendor\symfony\console\Application.php:192
at vendor\laravel\framework\src\Illuminate\Console\Application.php:165
at vendor\laravel\framework\src\Illuminate\Foundation\Console\Kernel.php:426
at vendor\laravel\framework\src\Illuminate\Testing\PendingCommand.php:330
at vendor\laravel\framework\src\Illuminate\Testing\PendingCommand.php:533
at vendor\laravel\framework\src\Illuminate\Foundation\Testing\Concerns\InteractsWithConsole.php:87
at vendor\laravel\framework\src\Illuminate\Foundation\Testing\RefreshDatabase.php:101
at vendor\laravel\framework\src\Illuminate\Foundation\Testing\RefreshDatabase.php:84
at vendor\laravel\framework\src\Illuminate\Foundation\Testing\RefreshDatabase.php:25
at vendor\laravel\framework\src\Illuminate\Foundation\Testing\Concerns\InteractsWithTestCaseLifecycle.php:207
at vendor\laravel\framework\src\Illuminate\Foundation\Testing\Concerns\InteractsWithTestCaseLifecycle.php:96
at vendor\laravel\framework\src\Illuminate\Foundation\Testing\TestCase.php:44
at tests\TestCase.php:23
at tests\Unit\Services\SearchServiceTest.php:23</error>
        </testcase>
        <testcase name="Can get search history" file="Search Service (Tests\Unit\Services\SearchService)::Can get search history" class="Tests\Unit\Services\SearchServiceTest" classname="Tests.Unit.Services.SearchServiceTest" assertions="0" time="0.000000">
          <error type="Illuminate\Database\QueryException">Can get search historyIlluminate\Database\QueryException: could not find driver (Connection: sqlite, SQL: select exists (select 1 from "main".sqlite_master where name = 'migrations' and type = 'table') as "exists")&#13;
at vendor\laravel\framework\src\Illuminate\Database\Connectors\Connector.php:66
at vendor\laravel\framework\src\Illuminate\Database\Connectors\Connector.php:44
at vendor\laravel\framework\src\Illuminate\Database\Connectors\SQLiteConnector.php:21
at vendor\laravel\framework\src\Illuminate\Database\Connectors\ConnectionFactory.php:223
at vendor\laravel\framework\src\Illuminate\Database\Connection.php:1228
at vendor\laravel\framework\src\Illuminate\Database\Connection.php:1264
at vendor\laravel\framework\src\Illuminate\Database\Connection.php:509
at vendor\laravel\framework\src\Illuminate\Database\Connection.php:404
at vendor\laravel\framework\src\Illuminate\Database\Connection.php:809
at vendor\laravel\framework\src\Illuminate\Database\Connection.php:776
at vendor\laravel\framework\src\Illuminate\Database\Connection.php:395
at vendor\laravel\framework\src\Illuminate\Database\Connection.php:341
at vendor\laravel\framework\src\Illuminate\Database\Connection.php:358
at vendor\laravel\framework\src\Illuminate\Database\Schema\Builder.php:174
at vendor\laravel\framework\src\Illuminate\Database\Migrations\DatabaseMigrationRepository.php:185
at vendor\laravel\framework\src\Illuminate\Database\Migrations\Migrator.php:749
at vendor\laravel\framework\src\Illuminate\Database\Console\Migrations\FreshCommand.php:67
at vendor\laravel\framework\src\Illuminate\Database\Migrations\Migrator.php:665
at vendor\laravel\framework\src\Illuminate\Database\Console\Migrations\FreshCommand.php:66
at vendor\laravel\framework\src\Illuminate\Container\BoundMethod.php:36
at vendor\laravel\framework\src\Illuminate\Container\Util.php:43
at vendor\laravel\framework\src\Illuminate\Container\BoundMethod.php:96
at vendor\laravel\framework\src\Illuminate\Container\BoundMethod.php:35
at vendor\laravel\framework\src\Illuminate\Container\Container.php:754
at vendor\laravel\framework\src\Illuminate\Console\Command.php:211
at vendor\symfony\console\Command\Command.php:318
at vendor\laravel\framework\src\Illuminate\Console\Command.php:180
at vendor\symfony\console\Application.php:1074
at vendor\symfony\console\Application.php:341
at vendor\symfony\console\Application.php:192
at vendor\laravel\framework\src\Illuminate\Console\Application.php:165
at vendor\laravel\framework\src\Illuminate\Foundation\Console\Kernel.php:426
at vendor\laravel\framework\src\Illuminate\Testing\PendingCommand.php:330
at vendor\laravel\framework\src\Illuminate\Testing\PendingCommand.php:533
at vendor\laravel\framework\src\Illuminate\Foundation\Testing\Concerns\InteractsWithConsole.php:87
at vendor\laravel\framework\src\Illuminate\Foundation\Testing\RefreshDatabase.php:101
at vendor\laravel\framework\src\Illuminate\Foundation\Testing\RefreshDatabase.php:84
at vendor\laravel\framework\src\Illuminate\Foundation\Testing\RefreshDatabase.php:25
at vendor\laravel\framework\src\Illuminate\Foundation\Testing\Concerns\InteractsWithTestCaseLifecycle.php:207
at vendor\laravel\framework\src\Illuminate\Foundation\Testing\Concerns\InteractsWithTestCaseLifecycle.php:96
at vendor\laravel\framework\src\Illuminate\Foundation\Testing\TestCase.php:44
at tests\TestCase.php:23
at tests\Unit\Services\SearchServiceTest.php:23
Caused by
PDOException: could not find driver

at vendor\laravel\framework\src\Illuminate\Database\Connectors\Connector.php:66
at vendor\laravel\framework\src\Illuminate\Database\Connectors\Connector.php:44
at vendor\laravel\framework\src\Illuminate\Database\Connectors\SQLiteConnector.php:21
at vendor\laravel\framework\src\Illuminate\Database\Connectors\ConnectionFactory.php:223
at vendor\laravel\framework\src\Illuminate\Database\Connection.php:1228
at vendor\laravel\framework\src\Illuminate\Database\Connection.php:1264
at vendor\laravel\framework\src\Illuminate\Database\Connection.php:509
at vendor\laravel\framework\src\Illuminate\Database\Connection.php:404
at vendor\laravel\framework\src\Illuminate\Database\Connection.php:809
at vendor\laravel\framework\src\Illuminate\Database\Connection.php:776
at vendor\laravel\framework\src\Illuminate\Database\Connection.php:395
at vendor\laravel\framework\src\Illuminate\Database\Connection.php:341
at vendor\laravel\framework\src\Illuminate\Database\Connection.php:358
at vendor\laravel\framework\src\Illuminate\Database\Schema\Builder.php:174
at vendor\laravel\framework\src\Illuminate\Database\Migrations\DatabaseMigrationRepository.php:185
at vendor\laravel\framework\src\Illuminate\Database\Migrations\Migrator.php:749
at vendor\laravel\framework\src\Illuminate\Database\Console\Migrations\FreshCommand.php:67
at vendor\laravel\framework\src\Illuminate\Database\Migrations\Migrator.php:665
at vendor\laravel\framework\src\Illuminate\Database\Console\Migrations\FreshCommand.php:66
at vendor\laravel\framework\src\Illuminate\Container\BoundMethod.php:36
at vendor\laravel\framework\src\Illuminate\Container\Util.php:43
at vendor\laravel\framework\src\Illuminate\Container\BoundMethod.php:96
at vendor\laravel\framework\src\Illuminate\Container\BoundMethod.php:35
at vendor\laravel\framework\src\Illuminate\Container\Container.php:754
at vendor\laravel\framework\src\Illuminate\Console\Command.php:211
at vendor\symfony\console\Command\Command.php:318
at vendor\laravel\framework\src\Illuminate\Console\Command.php:180
at vendor\symfony\console\Application.php:1074
at vendor\symfony\console\Application.php:341
at vendor\symfony\console\Application.php:192
at vendor\laravel\framework\src\Illuminate\Console\Application.php:165
at vendor\laravel\framework\src\Illuminate\Foundation\Console\Kernel.php:426
at vendor\laravel\framework\src\Illuminate\Testing\PendingCommand.php:330
at vendor\laravel\framework\src\Illuminate\Testing\PendingCommand.php:533
at vendor\laravel\framework\src\Illuminate\Foundation\Testing\Concerns\InteractsWithConsole.php:87
at vendor\laravel\framework\src\Illuminate\Foundation\Testing\RefreshDatabase.php:101
at vendor\laravel\framework\src\Illuminate\Foundation\Testing\RefreshDatabase.php:84
at vendor\laravel\framework\src\Illuminate\Foundation\Testing\RefreshDatabase.php:25
at vendor\laravel\framework\src\Illuminate\Foundation\Testing\Concerns\InteractsWithTestCaseLifecycle.php:207
at vendor\laravel\framework\src\Illuminate\Foundation\Testing\Concerns\InteractsWithTestCaseLifecycle.php:96
at vendor\laravel\framework\src\Illuminate\Foundation\Testing\TestCase.php:44
at tests\TestCase.php:23
at tests\Unit\Services\SearchServiceTest.php:23</error>
        </testcase>
        <testcase name="Can optimize search query" file="Search Service (Tests\Unit\Services\SearchService)::Can optimize search query" class="Tests\Unit\Services\SearchServiceTest" classname="Tests.Unit.Services.SearchServiceTest" assertions="0" time="0.000000">
          <error type="Illuminate\Database\QueryException">Can optimize search queryIlluminate\Database\QueryException: could not find driver (Connection: sqlite, SQL: select exists (select 1 from "main".sqlite_master where name = 'migrations' and type = 'table') as "exists")&#13;
at vendor\laravel\framework\src\Illuminate\Database\Connectors\Connector.php:66
at vendor\laravel\framework\src\Illuminate\Database\Connectors\Connector.php:44
at vendor\laravel\framework\src\Illuminate\Database\Connectors\SQLiteConnector.php:21
at vendor\laravel\framework\src\Illuminate\Database\Connectors\ConnectionFactory.php:223
at vendor\laravel\framework\src\Illuminate\Database\Connection.php:1228
at vendor\laravel\framework\src\Illuminate\Database\Connection.php:1264
at vendor\laravel\framework\src\Illuminate\Database\Connection.php:509
at vendor\laravel\framework\src\Illuminate\Database\Connection.php:404
at vendor\laravel\framework\src\Illuminate\Database\Connection.php:809
at vendor\laravel\framework\src\Illuminate\Database\Connection.php:776
at vendor\laravel\framework\src\Illuminate\Database\Connection.php:395
at vendor\laravel\framework\src\Illuminate\Database\Connection.php:341
at vendor\laravel\framework\src\Illuminate\Database\Connection.php:358
at vendor\laravel\framework\src\Illuminate\Database\Schema\Builder.php:174
at vendor\laravel\framework\src\Illuminate\Database\Migrations\DatabaseMigrationRepository.php:185
at vendor\laravel\framework\src\Illuminate\Database\Migrations\Migrator.php:749
at vendor\laravel\framework\src\Illuminate\Database\Console\Migrations\FreshCommand.php:67
at vendor\laravel\framework\src\Illuminate\Database\Migrations\Migrator.php:665
at vendor\laravel\framework\src\Illuminate\Database\Console\Migrations\FreshCommand.php:66
at vendor\laravel\framework\src\Illuminate\Container\BoundMethod.php:36
at vendor\laravel\framework\src\Illuminate\Container\Util.php:43
at vendor\laravel\framework\src\Illuminate\Container\BoundMethod.php:96
at vendor\laravel\framework\src\Illuminate\Container\BoundMethod.php:35
at vendor\laravel\framework\src\Illuminate\Container\Container.php:754
at vendor\laravel\framework\src\Illuminate\Console\Command.php:211
at vendor\symfony\console\Command\Command.php:318
at vendor\laravel\framework\src\Illuminate\Console\Command.php:180
at vendor\symfony\console\Application.php:1074
at vendor\symfony\console\Application.php:341
at vendor\symfony\console\Application.php:192
at vendor\laravel\framework\src\Illuminate\Console\Application.php:165
at vendor\laravel\framework\src\Illuminate\Foundation\Console\Kernel.php:426
at vendor\laravel\framework\src\Illuminate\Testing\PendingCommand.php:330
at vendor\laravel\framework\src\Illuminate\Testing\PendingCommand.php:533
at vendor\laravel\framework\src\Illuminate\Foundation\Testing\Concerns\InteractsWithConsole.php:87
at vendor\laravel\framework\src\Illuminate\Foundation\Testing\RefreshDatabase.php:101
at vendor\laravel\framework\src\Illuminate\Foundation\Testing\RefreshDatabase.php:84
at vendor\laravel\framework\src\Illuminate\Foundation\Testing\RefreshDatabase.php:25
at vendor\laravel\framework\src\Illuminate\Foundation\Testing\Concerns\InteractsWithTestCaseLifecycle.php:207
at vendor\laravel\framework\src\Illuminate\Foundation\Testing\Concerns\InteractsWithTestCaseLifecycle.php:96
at vendor\laravel\framework\src\Illuminate\Foundation\Testing\TestCase.php:44
at tests\TestCase.php:23
at tests\Unit\Services\SearchServiceTest.php:23
Caused by
PDOException: could not find driver

at vendor\laravel\framework\src\Illuminate\Database\Connectors\Connector.php:66
at vendor\laravel\framework\src\Illuminate\Database\Connectors\Connector.php:44
at vendor\laravel\framework\src\Illuminate\Database\Connectors\SQLiteConnector.php:21
at vendor\laravel\framework\src\Illuminate\Database\Connectors\ConnectionFactory.php:223
at vendor\laravel\framework\src\Illuminate\Database\Connection.php:1228
at vendor\laravel\framework\src\Illuminate\Database\Connection.php:1264
at vendor\laravel\framework\src\Illuminate\Database\Connection.php:509
at vendor\laravel\framework\src\Illuminate\Database\Connection.php:404
at vendor\laravel\framework\src\Illuminate\Database\Connection.php:809
at vendor\laravel\framework\src\Illuminate\Database\Connection.php:776
at vendor\laravel\framework\src\Illuminate\Database\Connection.php:395
at vendor\laravel\framework\src\Illuminate\Database\Connection.php:341
at vendor\laravel\framework\src\Illuminate\Database\Connection.php:358
at vendor\laravel\framework\src\Illuminate\Database\Schema\Builder.php:174
at vendor\laravel\framework\src\Illuminate\Database\Migrations\DatabaseMigrationRepository.php:185
at vendor\laravel\framework\src\Illuminate\Database\Migrations\Migrator.php:749
at vendor\laravel\framework\src\Illuminate\Database\Console\Migrations\FreshCommand.php:67
at vendor\laravel\framework\src\Illuminate\Database\Migrations\Migrator.php:665
at vendor\laravel\framework\src\Illuminate\Database\Console\Migrations\FreshCommand.php:66
at vendor\laravel\framework\src\Illuminate\Container\BoundMethod.php:36
at vendor\laravel\framework\src\Illuminate\Container\Util.php:43
at vendor\laravel\framework\src\Illuminate\Container\BoundMethod.php:96
at vendor\laravel\framework\src\Illuminate\Container\BoundMethod.php:35
at vendor\laravel\framework\src\Illuminate\Container\Container.php:754
at vendor\laravel\framework\src\Illuminate\Console\Command.php:211
at vendor\symfony\console\Command\Command.php:318
at vendor\laravel\framework\src\Illuminate\Console\Command.php:180
at vendor\symfony\console\Application.php:1074
at vendor\symfony\console\Application.php:341
at vendor\symfony\console\Application.php:192
at vendor\laravel\framework\src\Illuminate\Console\Application.php:165
at vendor\laravel\framework\src\Illuminate\Foundation\Console\Kernel.php:426
at vendor\laravel\framework\src\Illuminate\Testing\PendingCommand.php:330
at vendor\laravel\framework\src\Illuminate\Testing\PendingCommand.php:533
at vendor\laravel\framework\src\Illuminate\Foundation\Testing\Concerns\InteractsWithConsole.php:87
at vendor\laravel\framework\src\Illuminate\Foundation\Testing\RefreshDatabase.php:101
at vendor\laravel\framework\src\Illuminate\Foundation\Testing\RefreshDatabase.php:84
at vendor\laravel\framework\src\Illuminate\Foundation\Testing\RefreshDatabase.php:25
at vendor\laravel\framework\src\Illuminate\Foundation\Testing\Concerns\InteractsWithTestCaseLifecycle.php:207
at vendor\laravel\framework\src\Illuminate\Foundation\Testing\Concerns\InteractsWithTestCaseLifecycle.php:96
at vendor\laravel\framework\src\Illuminate\Foundation\Testing\TestCase.php:44
at tests\TestCase.php:23
at tests\Unit\Services\SearchServiceTest.php:23</error>
        </testcase>
      </testsuite>
      <testsuite name="Tests\Unit\Services\SecurityServiceTest" file="Security Service (Tests\Unit\Services\SecurityService)" tests="13" assertions="0" errors="13" failures="0" skipped="0" time="0.000000">
        <testcase name="Can log security event" file="Security Service (Tests\Unit\Services\SecurityService)::Can log security event" class="Tests\Unit\Services\SecurityServiceTest" classname="Tests.Unit.Services.SecurityServiceTest" assertions="0" time="0.000000">
          <error type="Illuminate\Database\QueryException">Can log security eventIlluminate\Database\QueryException: could not find driver (Connection: sqlite, SQL: select exists (select 1 from "main".sqlite_master where name = 'migrations' and type = 'table') as "exists")&#13;
at vendor\laravel\framework\src\Illuminate\Database\Connectors\Connector.php:66
at vendor\laravel\framework\src\Illuminate\Database\Connectors\Connector.php:44
at vendor\laravel\framework\src\Illuminate\Database\Connectors\SQLiteConnector.php:21
at vendor\laravel\framework\src\Illuminate\Database\Connectors\ConnectionFactory.php:223
at vendor\laravel\framework\src\Illuminate\Database\Connection.php:1228
at vendor\laravel\framework\src\Illuminate\Database\Connection.php:1264
at vendor\laravel\framework\src\Illuminate\Database\Connection.php:509
at vendor\laravel\framework\src\Illuminate\Database\Connection.php:404
at vendor\laravel\framework\src\Illuminate\Database\Connection.php:809
at vendor\laravel\framework\src\Illuminate\Database\Connection.php:776
at vendor\laravel\framework\src\Illuminate\Database\Connection.php:395
at vendor\laravel\framework\src\Illuminate\Database\Connection.php:341
at vendor\laravel\framework\src\Illuminate\Database\Connection.php:358
at vendor\laravel\framework\src\Illuminate\Database\Schema\Builder.php:174
at vendor\laravel\framework\src\Illuminate\Database\Migrations\DatabaseMigrationRepository.php:185
at vendor\laravel\framework\src\Illuminate\Database\Migrations\Migrator.php:749
at vendor\laravel\framework\src\Illuminate\Database\Console\Migrations\FreshCommand.php:67
at vendor\laravel\framework\src\Illuminate\Database\Migrations\Migrator.php:665
at vendor\laravel\framework\src\Illuminate\Database\Console\Migrations\FreshCommand.php:66
at vendor\laravel\framework\src\Illuminate\Container\BoundMethod.php:36
at vendor\laravel\framework\src\Illuminate\Container\Util.php:43
at vendor\laravel\framework\src\Illuminate\Container\BoundMethod.php:96
at vendor\laravel\framework\src\Illuminate\Container\BoundMethod.php:35
at vendor\laravel\framework\src\Illuminate\Container\Container.php:754
at vendor\laravel\framework\src\Illuminate\Console\Command.php:211
at vendor\symfony\console\Command\Command.php:318
at vendor\laravel\framework\src\Illuminate\Console\Command.php:180
at vendor\symfony\console\Application.php:1074
at vendor\symfony\console\Application.php:341
at vendor\symfony\console\Application.php:192
at vendor\laravel\framework\src\Illuminate\Console\Application.php:165
at vendor\laravel\framework\src\Illuminate\Foundation\Console\Kernel.php:426
at vendor\laravel\framework\src\Illuminate\Testing\PendingCommand.php:330
at vendor\laravel\framework\src\Illuminate\Testing\PendingCommand.php:533
at vendor\laravel\framework\src\Illuminate\Foundation\Testing\Concerns\InteractsWithConsole.php:87
at vendor\laravel\framework\src\Illuminate\Foundation\Testing\RefreshDatabase.php:101
at vendor\laravel\framework\src\Illuminate\Foundation\Testing\RefreshDatabase.php:84
at vendor\laravel\framework\src\Illuminate\Foundation\Testing\RefreshDatabase.php:25
at vendor\laravel\framework\src\Illuminate\Foundation\Testing\Concerns\InteractsWithTestCaseLifecycle.php:207
at vendor\laravel\framework\src\Illuminate\Foundation\Testing\Concerns\InteractsWithTestCaseLifecycle.php:96
at vendor\laravel\framework\src\Illuminate\Foundation\Testing\TestCase.php:44
at tests\TestCase.php:23
at tests\Unit\Services\SecurityServiceTest.php:24
Caused by
PDOException: could not find driver

at vendor\laravel\framework\src\Illuminate\Database\Connectors\Connector.php:66
at vendor\laravel\framework\src\Illuminate\Database\Connectors\Connector.php:44
at vendor\laravel\framework\src\Illuminate\Database\Connectors\SQLiteConnector.php:21
at vendor\laravel\framework\src\Illuminate\Database\Connectors\ConnectionFactory.php:223
at vendor\laravel\framework\src\Illuminate\Database\Connection.php:1228
at vendor\laravel\framework\src\Illuminate\Database\Connection.php:1264
at vendor\laravel\framework\src\Illuminate\Database\Connection.php:509
at vendor\laravel\framework\src\Illuminate\Database\Connection.php:404
at vendor\laravel\framework\src\Illuminate\Database\Connection.php:809
at vendor\laravel\framework\src\Illuminate\Database\Connection.php:776
at vendor\laravel\framework\src\Illuminate\Database\Connection.php:395
at vendor\laravel\framework\src\Illuminate\Database\Connection.php:341
at vendor\laravel\framework\src\Illuminate\Database\Connection.php:358
at vendor\laravel\framework\src\Illuminate\Database\Schema\Builder.php:174
at vendor\laravel\framework\src\Illuminate\Database\Migrations\DatabaseMigrationRepository.php:185
at vendor\laravel\framework\src\Illuminate\Database\Migrations\Migrator.php:749
at vendor\laravel\framework\src\Illuminate\Database\Console\Migrations\FreshCommand.php:67
at vendor\laravel\framework\src\Illuminate\Database\Migrations\Migrator.php:665
at vendor\laravel\framework\src\Illuminate\Database\Console\Migrations\FreshCommand.php:66
at vendor\laravel\framework\src\Illuminate\Container\BoundMethod.php:36
at vendor\laravel\framework\src\Illuminate\Container\Util.php:43
at vendor\laravel\framework\src\Illuminate\Container\BoundMethod.php:96
at vendor\laravel\framework\src\Illuminate\Container\BoundMethod.php:35
at vendor\laravel\framework\src\Illuminate\Container\Container.php:754
at vendor\laravel\framework\src\Illuminate\Console\Command.php:211
at vendor\symfony\console\Command\Command.php:318
at vendor\laravel\framework\src\Illuminate\Console\Command.php:180
at vendor\symfony\console\Application.php:1074
at vendor\symfony\console\Application.php:341
at vendor\symfony\console\Application.php:192
at vendor\laravel\framework\src\Illuminate\Console\Application.php:165
at vendor\laravel\framework\src\Illuminate\Foundation\Console\Kernel.php:426
at vendor\laravel\framework\src\Illuminate\Testing\PendingCommand.php:330
at vendor\laravel\framework\src\Illuminate\Testing\PendingCommand.php:533
at vendor\laravel\framework\src\Illuminate\Foundation\Testing\Concerns\InteractsWithConsole.php:87
at vendor\laravel\framework\src\Illuminate\Foundation\Testing\RefreshDatabase.php:101
at vendor\laravel\framework\src\Illuminate\Foundation\Testing\RefreshDatabase.php:84
at vendor\laravel\framework\src\Illuminate\Foundation\Testing\RefreshDatabase.php:25
at vendor\laravel\framework\src\Illuminate\Foundation\Testing\Concerns\InteractsWithTestCaseLifecycle.php:207
at vendor\laravel\framework\src\Illuminate\Foundation\Testing\Concerns\InteractsWithTestCaseLifecycle.php:96
at vendor\laravel\framework\src\Illuminate\Foundation\Testing\TestCase.php:44
at tests\TestCase.php:23
at tests\Unit\Services\SecurityServiceTest.php:24</error>
        </testcase>
        <testcase name="Can handle failed login attempt" file="Security Service (Tests\Unit\Services\SecurityService)::Can handle failed login attempt" class="Tests\Unit\Services\SecurityServiceTest" classname="Tests.Unit.Services.SecurityServiceTest" assertions="0" time="0.000000">
          <error type="Illuminate\Database\QueryException">Can handle failed login attemptIlluminate\Database\QueryException: could not find driver (Connection: sqlite, SQL: select exists (select 1 from "main".sqlite_master where name = 'migrations' and type = 'table') as "exists")&#13;
at vendor\laravel\framework\src\Illuminate\Database\Connectors\Connector.php:66
at vendor\laravel\framework\src\Illuminate\Database\Connectors\Connector.php:44
at vendor\laravel\framework\src\Illuminate\Database\Connectors\SQLiteConnector.php:21
at vendor\laravel\framework\src\Illuminate\Database\Connectors\ConnectionFactory.php:223
at vendor\laravel\framework\src\Illuminate\Database\Connection.php:1228
at vendor\laravel\framework\src\Illuminate\Database\Connection.php:1264
at vendor\laravel\framework\src\Illuminate\Database\Connection.php:509
at vendor\laravel\framework\src\Illuminate\Database\Connection.php:404
at vendor\laravel\framework\src\Illuminate\Database\Connection.php:809
at vendor\laravel\framework\src\Illuminate\Database\Connection.php:776
at vendor\laravel\framework\src\Illuminate\Database\Connection.php:395
at vendor\laravel\framework\src\Illuminate\Database\Connection.php:341
at vendor\laravel\framework\src\Illuminate\Database\Connection.php:358
at vendor\laravel\framework\src\Illuminate\Database\Schema\Builder.php:174
at vendor\laravel\framework\src\Illuminate\Database\Migrations\DatabaseMigrationRepository.php:185
at vendor\laravel\framework\src\Illuminate\Database\Migrations\Migrator.php:749
at vendor\laravel\framework\src\Illuminate\Database\Console\Migrations\FreshCommand.php:67
at vendor\laravel\framework\src\Illuminate\Database\Migrations\Migrator.php:665
at vendor\laravel\framework\src\Illuminate\Database\Console\Migrations\FreshCommand.php:66
at vendor\laravel\framework\src\Illuminate\Container\BoundMethod.php:36
at vendor\laravel\framework\src\Illuminate\Container\Util.php:43
at vendor\laravel\framework\src\Illuminate\Container\BoundMethod.php:96
at vendor\laravel\framework\src\Illuminate\Container\BoundMethod.php:35
at vendor\laravel\framework\src\Illuminate\Container\Container.php:754
at vendor\laravel\framework\src\Illuminate\Console\Command.php:211
at vendor\symfony\console\Command\Command.php:318
at vendor\laravel\framework\src\Illuminate\Console\Command.php:180
at vendor\symfony\console\Application.php:1074
at vendor\symfony\console\Application.php:341
at vendor\symfony\console\Application.php:192
at vendor\laravel\framework\src\Illuminate\Console\Application.php:165
at vendor\laravel\framework\src\Illuminate\Foundation\Console\Kernel.php:426
at vendor\laravel\framework\src\Illuminate\Testing\PendingCommand.php:330
at vendor\laravel\framework\src\Illuminate\Testing\PendingCommand.php:533
at vendor\laravel\framework\src\Illuminate\Foundation\Testing\Concerns\InteractsWithConsole.php:87
at vendor\laravel\framework\src\Illuminate\Foundation\Testing\RefreshDatabase.php:101
at vendor\laravel\framework\src\Illuminate\Foundation\Testing\RefreshDatabase.php:84
at vendor\laravel\framework\src\Illuminate\Foundation\Testing\RefreshDatabase.php:25
at vendor\laravel\framework\src\Illuminate\Foundation\Testing\Concerns\InteractsWithTestCaseLifecycle.php:207
at vendor\laravel\framework\src\Illuminate\Foundation\Testing\Concerns\InteractsWithTestCaseLifecycle.php:96
at vendor\laravel\framework\src\Illuminate\Foundation\Testing\TestCase.php:44
at tests\TestCase.php:23
at tests\Unit\Services\SecurityServiceTest.php:24
Caused by
PDOException: could not find driver

at vendor\laravel\framework\src\Illuminate\Database\Connectors\Connector.php:66
at vendor\laravel\framework\src\Illuminate\Database\Connectors\Connector.php:44
at vendor\laravel\framework\src\Illuminate\Database\Connectors\SQLiteConnector.php:21
at vendor\laravel\framework\src\Illuminate\Database\Connectors\ConnectionFactory.php:223
at vendor\laravel\framework\src\Illuminate\Database\Connection.php:1228
at vendor\laravel\framework\src\Illuminate\Database\Connection.php:1264
at vendor\laravel\framework\src\Illuminate\Database\Connection.php:509
at vendor\laravel\framework\src\Illuminate\Database\Connection.php:404
at vendor\laravel\framework\src\Illuminate\Database\Connection.php:809
at vendor\laravel\framework\src\Illuminate\Database\Connection.php:776
at vendor\laravel\framework\src\Illuminate\Database\Connection.php:395
at vendor\laravel\framework\src\Illuminate\Database\Connection.php:341
at vendor\laravel\framework\src\Illuminate\Database\Connection.php:358
at vendor\laravel\framework\src\Illuminate\Database\Schema\Builder.php:174
at vendor\laravel\framework\src\Illuminate\Database\Migrations\DatabaseMigrationRepository.php:185
at vendor\laravel\framework\src\Illuminate\Database\Migrations\Migrator.php:749
at vendor\laravel\framework\src\Illuminate\Database\Console\Migrations\FreshCommand.php:67
at vendor\laravel\framework\src\Illuminate\Database\Migrations\Migrator.php:665
at vendor\laravel\framework\src\Illuminate\Database\Console\Migrations\FreshCommand.php:66
at vendor\laravel\framework\src\Illuminate\Container\BoundMethod.php:36
at vendor\laravel\framework\src\Illuminate\Container\Util.php:43
at vendor\laravel\framework\src\Illuminate\Container\BoundMethod.php:96
at vendor\laravel\framework\src\Illuminate\Container\BoundMethod.php:35
at vendor\laravel\framework\src\Illuminate\Container\Container.php:754
at vendor\laravel\framework\src\Illuminate\Console\Command.php:211
at vendor\symfony\console\Command\Command.php:318
at vendor\laravel\framework\src\Illuminate\Console\Command.php:180
at vendor\symfony\console\Application.php:1074
at vendor\symfony\console\Application.php:341
at vendor\symfony\console\Application.php:192
at vendor\laravel\framework\src\Illuminate\Console\Application.php:165
at vendor\laravel\framework\src\Illuminate\Foundation\Console\Kernel.php:426
at vendor\laravel\framework\src\Illuminate\Testing\PendingCommand.php:330
at vendor\laravel\framework\src\Illuminate\Testing\PendingCommand.php:533
at vendor\laravel\framework\src\Illuminate\Foundation\Testing\Concerns\InteractsWithConsole.php:87
at vendor\laravel\framework\src\Illuminate\Foundation\Testing\RefreshDatabase.php:101
at vendor\laravel\framework\src\Illuminate\Foundation\Testing\RefreshDatabase.php:84
at vendor\laravel\framework\src\Illuminate\Foundation\Testing\RefreshDatabase.php:25
at vendor\laravel\framework\src\Illuminate\Foundation\Testing\Concerns\InteractsWithTestCaseLifecycle.php:207
at vendor\laravel\framework\src\Illuminate\Foundation\Testing\Concerns\InteractsWithTestCaseLifecycle.php:96
at vendor\laravel\framework\src\Illuminate\Foundation\Testing\TestCase.php:44
at tests\TestCase.php:23
at tests\Unit\Services\SecurityServiceTest.php:24</error>
        </testcase>
        <testcase name="Blocks after max attempts" file="Security Service (Tests\Unit\Services\SecurityService)::Blocks after max attempts" class="Tests\Unit\Services\SecurityServiceTest" classname="Tests.Unit.Services.SecurityServiceTest" assertions="0" time="0.000000">
          <error type="Illuminate\Database\QueryException">Blocks after max attemptsIlluminate\Database\QueryException: could not find driver (Connection: sqlite, SQL: select exists (select 1 from "main".sqlite_master where name = 'migrations' and type = 'table') as "exists")&#13;
at vendor\laravel\framework\src\Illuminate\Database\Connectors\Connector.php:66
at vendor\laravel\framework\src\Illuminate\Database\Connectors\Connector.php:44
at vendor\laravel\framework\src\Illuminate\Database\Connectors\SQLiteConnector.php:21
at vendor\laravel\framework\src\Illuminate\Database\Connectors\ConnectionFactory.php:223
at vendor\laravel\framework\src\Illuminate\Database\Connection.php:1228
at vendor\laravel\framework\src\Illuminate\Database\Connection.php:1264
at vendor\laravel\framework\src\Illuminate\Database\Connection.php:509
at vendor\laravel\framework\src\Illuminate\Database\Connection.php:404
at vendor\laravel\framework\src\Illuminate\Database\Connection.php:809
at vendor\laravel\framework\src\Illuminate\Database\Connection.php:776
at vendor\laravel\framework\src\Illuminate\Database\Connection.php:395
at vendor\laravel\framework\src\Illuminate\Database\Connection.php:341
at vendor\laravel\framework\src\Illuminate\Database\Connection.php:358
at vendor\laravel\framework\src\Illuminate\Database\Schema\Builder.php:174
at vendor\laravel\framework\src\Illuminate\Database\Migrations\DatabaseMigrationRepository.php:185
at vendor\laravel\framework\src\Illuminate\Database\Migrations\Migrator.php:749
at vendor\laravel\framework\src\Illuminate\Database\Console\Migrations\FreshCommand.php:67
at vendor\laravel\framework\src\Illuminate\Database\Migrations\Migrator.php:665
at vendor\laravel\framework\src\Illuminate\Database\Console\Migrations\FreshCommand.php:66
at vendor\laravel\framework\src\Illuminate\Container\BoundMethod.php:36
at vendor\laravel\framework\src\Illuminate\Container\Util.php:43
at vendor\laravel\framework\src\Illuminate\Container\BoundMethod.php:96
at vendor\laravel\framework\src\Illuminate\Container\BoundMethod.php:35
at vendor\laravel\framework\src\Illuminate\Container\Container.php:754
at vendor\laravel\framework\src\Illuminate\Console\Command.php:211
at vendor\symfony\console\Command\Command.php:318
at vendor\laravel\framework\src\Illuminate\Console\Command.php:180
at vendor\symfony\console\Application.php:1074
at vendor\symfony\console\Application.php:341
at vendor\symfony\console\Application.php:192
at vendor\laravel\framework\src\Illuminate\Console\Application.php:165
at vendor\laravel\framework\src\Illuminate\Foundation\Console\Kernel.php:426
at vendor\laravel\framework\src\Illuminate\Testing\PendingCommand.php:330
at vendor\laravel\framework\src\Illuminate\Testing\PendingCommand.php:533
at vendor\laravel\framework\src\Illuminate\Foundation\Testing\Concerns\InteractsWithConsole.php:87
at vendor\laravel\framework\src\Illuminate\Foundation\Testing\RefreshDatabase.php:101
at vendor\laravel\framework\src\Illuminate\Foundation\Testing\RefreshDatabase.php:84
at vendor\laravel\framework\src\Illuminate\Foundation\Testing\RefreshDatabase.php:25
at vendor\laravel\framework\src\Illuminate\Foundation\Testing\Concerns\InteractsWithTestCaseLifecycle.php:207
at vendor\laravel\framework\src\Illuminate\Foundation\Testing\Concerns\InteractsWithTestCaseLifecycle.php:96
at vendor\laravel\framework\src\Illuminate\Foundation\Testing\TestCase.php:44
at tests\TestCase.php:23
at tests\Unit\Services\SecurityServiceTest.php:24
Caused by
PDOException: could not find driver

at vendor\laravel\framework\src\Illuminate\Database\Connectors\Connector.php:66
at vendor\laravel\framework\src\Illuminate\Database\Connectors\Connector.php:44
at vendor\laravel\framework\src\Illuminate\Database\Connectors\SQLiteConnector.php:21
at vendor\laravel\framework\src\Illuminate\Database\Connectors\ConnectionFactory.php:223
at vendor\laravel\framework\src\Illuminate\Database\Connection.php:1228
at vendor\laravel\framework\src\Illuminate\Database\Connection.php:1264
at vendor\laravel\framework\src\Illuminate\Database\Connection.php:509
at vendor\laravel\framework\src\Illuminate\Database\Connection.php:404
at vendor\laravel\framework\src\Illuminate\Database\Connection.php:809
at vendor\laravel\framework\src\Illuminate\Database\Connection.php:776
at vendor\laravel\framework\src\Illuminate\Database\Connection.php:395
at vendor\laravel\framework\src\Illuminate\Database\Connection.php:341
at vendor\laravel\framework\src\Illuminate\Database\Connection.php:358
at vendor\laravel\framework\src\Illuminate\Database\Schema\Builder.php:174
at vendor\laravel\framework\src\Illuminate\Database\Migrations\DatabaseMigrationRepository.php:185
at vendor\laravel\framework\src\Illuminate\Database\Migrations\Migrator.php:749
at vendor\laravel\framework\src\Illuminate\Database\Console\Migrations\FreshCommand.php:67
at vendor\laravel\framework\src\Illuminate\Database\Migrations\Migrator.php:665
at vendor\laravel\framework\src\Illuminate\Database\Console\Migrations\FreshCommand.php:66
at vendor\laravel\framework\src\Illuminate\Container\BoundMethod.php:36
at vendor\laravel\framework\src\Illuminate\Container\Util.php:43
at vendor\laravel\framework\src\Illuminate\Container\BoundMethod.php:96
at vendor\laravel\framework\src\Illuminate\Container\BoundMethod.php:35
at vendor\laravel\framework\src\Illuminate\Container\Container.php:754
at vendor\laravel\framework\src\Illuminate\Console\Command.php:211
at vendor\symfony\console\Command\Command.php:318
at vendor\laravel\framework\src\Illuminate\Console\Command.php:180
at vendor\symfony\console\Application.php:1074
at vendor\symfony\console\Application.php:341
at vendor\symfony\console\Application.php:192
at vendor\laravel\framework\src\Illuminate\Console\Application.php:165
at vendor\laravel\framework\src\Illuminate\Foundation\Console\Kernel.php:426
at vendor\laravel\framework\src\Illuminate\Testing\PendingCommand.php:330
at vendor\laravel\framework\src\Illuminate\Testing\PendingCommand.php:533
at vendor\laravel\framework\src\Illuminate\Foundation\Testing\Concerns\InteractsWithConsole.php:87
at vendor\laravel\framework\src\Illuminate\Foundation\Testing\RefreshDatabase.php:101
at vendor\laravel\framework\src\Illuminate\Foundation\Testing\RefreshDatabase.php:84
at vendor\laravel\framework\src\Illuminate\Foundation\Testing\RefreshDatabase.php:25
at vendor\laravel\framework\src\Illuminate\Foundation\Testing\Concerns\InteractsWithTestCaseLifecycle.php:207
at vendor\laravel\framework\src\Illuminate\Foundation\Testing\Concerns\InteractsWithTestCaseLifecycle.php:96
at vendor\laravel\framework\src\Illuminate\Foundation\Testing\TestCase.php:44
at tests\TestCase.php:23
at tests\Unit\Services\SecurityServiceTest.php:24</error>
        </testcase>
        <testcase name="Can handle successful login" file="Security Service (Tests\Unit\Services\SecurityService)::Can handle successful login" class="Tests\Unit\Services\SecurityServiceTest" classname="Tests.Unit.Services.SecurityServiceTest" assertions="0" time="0.000000">
          <error type="Illuminate\Database\QueryException">Can handle successful loginIlluminate\Database\QueryException: could not find driver (Connection: sqlite, SQL: select exists (select 1 from "main".sqlite_master where name = 'migrations' and type = 'table') as "exists")&#13;
at vendor\laravel\framework\src\Illuminate\Database\Connectors\Connector.php:66
at vendor\laravel\framework\src\Illuminate\Database\Connectors\Connector.php:44
at vendor\laravel\framework\src\Illuminate\Database\Connectors\SQLiteConnector.php:21
at vendor\laravel\framework\src\Illuminate\Database\Connectors\ConnectionFactory.php:223
at vendor\laravel\framework\src\Illuminate\Database\Connection.php:1228
at vendor\laravel\framework\src\Illuminate\Database\Connection.php:1264
at vendor\laravel\framework\src\Illuminate\Database\Connection.php:509
at vendor\laravel\framework\src\Illuminate\Database\Connection.php:404
at vendor\laravel\framework\src\Illuminate\Database\Connection.php:809
at vendor\laravel\framework\src\Illuminate\Database\Connection.php:776
at vendor\laravel\framework\src\Illuminate\Database\Connection.php:395
at vendor\laravel\framework\src\Illuminate\Database\Connection.php:341
at vendor\laravel\framework\src\Illuminate\Database\Connection.php:358
at vendor\laravel\framework\src\Illuminate\Database\Schema\Builder.php:174
at vendor\laravel\framework\src\Illuminate\Database\Migrations\DatabaseMigrationRepository.php:185
at vendor\laravel\framework\src\Illuminate\Database\Migrations\Migrator.php:749
at vendor\laravel\framework\src\Illuminate\Database\Console\Migrations\FreshCommand.php:67
at vendor\laravel\framework\src\Illuminate\Database\Migrations\Migrator.php:665
at vendor\laravel\framework\src\Illuminate\Database\Console\Migrations\FreshCommand.php:66
at vendor\laravel\framework\src\Illuminate\Container\BoundMethod.php:36
at vendor\laravel\framework\src\Illuminate\Container\Util.php:43
at vendor\laravel\framework\src\Illuminate\Container\BoundMethod.php:96
at vendor\laravel\framework\src\Illuminate\Container\BoundMethod.php:35
at vendor\laravel\framework\src\Illuminate\Container\Container.php:754
at vendor\laravel\framework\src\Illuminate\Console\Command.php:211
at vendor\symfony\console\Command\Command.php:318
at vendor\laravel\framework\src\Illuminate\Console\Command.php:180
at vendor\symfony\console\Application.php:1074
at vendor\symfony\console\Application.php:341
at vendor\symfony\console\Application.php:192
at vendor\laravel\framework\src\Illuminate\Console\Application.php:165
at vendor\laravel\framework\src\Illuminate\Foundation\Console\Kernel.php:426
at vendor\laravel\framework\src\Illuminate\Testing\PendingCommand.php:330
at vendor\laravel\framework\src\Illuminate\Testing\PendingCommand.php:533
at vendor\laravel\framework\src\Illuminate\Foundation\Testing\Concerns\InteractsWithConsole.php:87
at vendor\laravel\framework\src\Illuminate\Foundation\Testing\RefreshDatabase.php:101
at vendor\laravel\framework\src\Illuminate\Foundation\Testing\RefreshDatabase.php:84
at vendor\laravel\framework\src\Illuminate\Foundation\Testing\RefreshDatabase.php:25
at vendor\laravel\framework\src\Illuminate\Foundation\Testing\Concerns\InteractsWithTestCaseLifecycle.php:207
at vendor\laravel\framework\src\Illuminate\Foundation\Testing\Concerns\InteractsWithTestCaseLifecycle.php:96
at vendor\laravel\framework\src\Illuminate\Foundation\Testing\TestCase.php:44
at tests\TestCase.php:23
at tests\Unit\Services\SecurityServiceTest.php:24
Caused by
PDOException: could not find driver

at vendor\laravel\framework\src\Illuminate\Database\Connectors\Connector.php:66
at vendor\laravel\framework\src\Illuminate\Database\Connectors\Connector.php:44
at vendor\laravel\framework\src\Illuminate\Database\Connectors\SQLiteConnector.php:21
at vendor\laravel\framework\src\Illuminate\Database\Connectors\ConnectionFactory.php:223
at vendor\laravel\framework\src\Illuminate\Database\Connection.php:1228
at vendor\laravel\framework\src\Illuminate\Database\Connection.php:1264
at vendor\laravel\framework\src\Illuminate\Database\Connection.php:509
at vendor\laravel\framework\src\Illuminate\Database\Connection.php:404
at vendor\laravel\framework\src\Illuminate\Database\Connection.php:809
at vendor\laravel\framework\src\Illuminate\Database\Connection.php:776
at vendor\laravel\framework\src\Illuminate\Database\Connection.php:395
at vendor\laravel\framework\src\Illuminate\Database\Connection.php:341
at vendor\laravel\framework\src\Illuminate\Database\Connection.php:358
at vendor\laravel\framework\src\Illuminate\Database\Schema\Builder.php:174
at vendor\laravel\framework\src\Illuminate\Database\Migrations\DatabaseMigrationRepository.php:185
at vendor\laravel\framework\src\Illuminate\Database\Migrations\Migrator.php:749
at vendor\laravel\framework\src\Illuminate\Database\Console\Migrations\FreshCommand.php:67
at vendor\laravel\framework\src\Illuminate\Database\Migrations\Migrator.php:665
at vendor\laravel\framework\src\Illuminate\Database\Console\Migrations\FreshCommand.php:66
at vendor\laravel\framework\src\Illuminate\Container\BoundMethod.php:36
at vendor\laravel\framework\src\Illuminate\Container\Util.php:43
at vendor\laravel\framework\src\Illuminate\Container\BoundMethod.php:96
at vendor\laravel\framework\src\Illuminate\Container\BoundMethod.php:35
at vendor\laravel\framework\src\Illuminate\Container\Container.php:754
at vendor\laravel\framework\src\Illuminate\Console\Command.php:211
at vendor\symfony\console\Command\Command.php:318
at vendor\laravel\framework\src\Illuminate\Console\Command.php:180
at vendor\symfony\console\Application.php:1074
at vendor\symfony\console\Application.php:341
at vendor\symfony\console\Application.php:192
at vendor\laravel\framework\src\Illuminate\Console\Application.php:165
at vendor\laravel\framework\src\Illuminate\Foundation\Console\Kernel.php:426
at vendor\laravel\framework\src\Illuminate\Testing\PendingCommand.php:330
at vendor\laravel\framework\src\Illuminate\Testing\PendingCommand.php:533
at vendor\laravel\framework\src\Illuminate\Foundation\Testing\Concerns\InteractsWithConsole.php:87
at vendor\laravel\framework\src\Illuminate\Foundation\Testing\RefreshDatabase.php:101
at vendor\laravel\framework\src\Illuminate\Foundation\Testing\RefreshDatabase.php:84
at vendor\laravel\framework\src\Illuminate\Foundation\Testing\RefreshDatabase.php:25
at vendor\laravel\framework\src\Illuminate\Foundation\Testing\Concerns\InteractsWithTestCaseLifecycle.php:207
at vendor\laravel\framework\src\Illuminate\Foundation\Testing\Concerns\InteractsWithTestCaseLifecycle.php:96
at vendor\laravel\framework\src\Illuminate\Foundation\Testing\TestCase.php:44
at tests\TestCase.php:23
at tests\Unit\Services\SecurityServiceTest.php:24</error>
        </testcase>
        <testcase name="Can enable two factor auth" file="Security Service (Tests\Unit\Services\SecurityService)::Can enable two factor auth" class="Tests\Unit\Services\SecurityServiceTest" classname="Tests.Unit.Services.SecurityServiceTest" assertions="0" time="0.000000">
          <error type="Illuminate\Database\QueryException">Can enable two factor authIlluminate\Database\QueryException: could not find driver (Connection: sqlite, SQL: select exists (select 1 from "main".sqlite_master where name = 'migrations' and type = 'table') as "exists")&#13;
at vendor\laravel\framework\src\Illuminate\Database\Connectors\Connector.php:66
at vendor\laravel\framework\src\Illuminate\Database\Connectors\Connector.php:44
at vendor\laravel\framework\src\Illuminate\Database\Connectors\SQLiteConnector.php:21
at vendor\laravel\framework\src\Illuminate\Database\Connectors\ConnectionFactory.php:223
at vendor\laravel\framework\src\Illuminate\Database\Connection.php:1228
at vendor\laravel\framework\src\Illuminate\Database\Connection.php:1264
at vendor\laravel\framework\src\Illuminate\Database\Connection.php:509
at vendor\laravel\framework\src\Illuminate\Database\Connection.php:404
at vendor\laravel\framework\src\Illuminate\Database\Connection.php:809
at vendor\laravel\framework\src\Illuminate\Database\Connection.php:776
at vendor\laravel\framework\src\Illuminate\Database\Connection.php:395
at vendor\laravel\framework\src\Illuminate\Database\Connection.php:341
at vendor\laravel\framework\src\Illuminate\Database\Connection.php:358
at vendor\laravel\framework\src\Illuminate\Database\Schema\Builder.php:174
at vendor\laravel\framework\src\Illuminate\Database\Migrations\DatabaseMigrationRepository.php:185
at vendor\laravel\framework\src\Illuminate\Database\Migrations\Migrator.php:749
at vendor\laravel\framework\src\Illuminate\Database\Console\Migrations\FreshCommand.php:67
at vendor\laravel\framework\src\Illuminate\Database\Migrations\Migrator.php:665
at vendor\laravel\framework\src\Illuminate\Database\Console\Migrations\FreshCommand.php:66
at vendor\laravel\framework\src\Illuminate\Container\BoundMethod.php:36
at vendor\laravel\framework\src\Illuminate\Container\Util.php:43
at vendor\laravel\framework\src\Illuminate\Container\BoundMethod.php:96
at vendor\laravel\framework\src\Illuminate\Container\BoundMethod.php:35
at vendor\laravel\framework\src\Illuminate\Container\Container.php:754
at vendor\laravel\framework\src\Illuminate\Console\Command.php:211
at vendor\symfony\console\Command\Command.php:318
at vendor\laravel\framework\src\Illuminate\Console\Command.php:180
at vendor\symfony\console\Application.php:1074
at vendor\symfony\console\Application.php:341
at vendor\symfony\console\Application.php:192
at vendor\laravel\framework\src\Illuminate\Console\Application.php:165
at vendor\laravel\framework\src\Illuminate\Foundation\Console\Kernel.php:426
at vendor\laravel\framework\src\Illuminate\Testing\PendingCommand.php:330
at vendor\laravel\framework\src\Illuminate\Testing\PendingCommand.php:533
at vendor\laravel\framework\src\Illuminate\Foundation\Testing\Concerns\InteractsWithConsole.php:87
at vendor\laravel\framework\src\Illuminate\Foundation\Testing\RefreshDatabase.php:101
at vendor\laravel\framework\src\Illuminate\Foundation\Testing\RefreshDatabase.php:84
at vendor\laravel\framework\src\Illuminate\Foundation\Testing\RefreshDatabase.php:25
at vendor\laravel\framework\src\Illuminate\Foundation\Testing\Concerns\InteractsWithTestCaseLifecycle.php:207
at vendor\laravel\framework\src\Illuminate\Foundation\Testing\Concerns\InteractsWithTestCaseLifecycle.php:96
at vendor\laravel\framework\src\Illuminate\Foundation\Testing\TestCase.php:44
at tests\TestCase.php:23
at tests\Unit\Services\SecurityServiceTest.php:24
Caused by
PDOException: could not find driver

at vendor\laravel\framework\src\Illuminate\Database\Connectors\Connector.php:66
at vendor\laravel\framework\src\Illuminate\Database\Connectors\Connector.php:44
at vendor\laravel\framework\src\Illuminate\Database\Connectors\SQLiteConnector.php:21
at vendor\laravel\framework\src\Illuminate\Database\Connectors\ConnectionFactory.php:223
at vendor\laravel\framework\src\Illuminate\Database\Connection.php:1228
at vendor\laravel\framework\src\Illuminate\Database\Connection.php:1264
at vendor\laravel\framework\src\Illuminate\Database\Connection.php:509
at vendor\laravel\framework\src\Illuminate\Database\Connection.php:404
at vendor\laravel\framework\src\Illuminate\Database\Connection.php:809
at vendor\laravel\framework\src\Illuminate\Database\Connection.php:776
at vendor\laravel\framework\src\Illuminate\Database\Connection.php:395
at vendor\laravel\framework\src\Illuminate\Database\Connection.php:341
at vendor\laravel\framework\src\Illuminate\Database\Connection.php:358
at vendor\laravel\framework\src\Illuminate\Database\Schema\Builder.php:174
at vendor\laravel\framework\src\Illuminate\Database\Migrations\DatabaseMigrationRepository.php:185
at vendor\laravel\framework\src\Illuminate\Database\Migrations\Migrator.php:749
at vendor\laravel\framework\src\Illuminate\Database\Console\Migrations\FreshCommand.php:67
at vendor\laravel\framework\src\Illuminate\Database\Migrations\Migrator.php:665
at vendor\laravel\framework\src\Illuminate\Database\Console\Migrations\FreshCommand.php:66
at vendor\laravel\framework\src\Illuminate\Container\BoundMethod.php:36
at vendor\laravel\framework\src\Illuminate\Container\Util.php:43
at vendor\laravel\framework\src\Illuminate\Container\BoundMethod.php:96
at vendor\laravel\framework\src\Illuminate\Container\BoundMethod.php:35
at vendor\laravel\framework\src\Illuminate\Container\Container.php:754
at vendor\laravel\framework\src\Illuminate\Console\Command.php:211
at vendor\symfony\console\Command\Command.php:318
at vendor\laravel\framework\src\Illuminate\Console\Command.php:180
at vendor\symfony\console\Application.php:1074
at vendor\symfony\console\Application.php:341
at vendor\symfony\console\Application.php:192
at vendor\laravel\framework\src\Illuminate\Console\Application.php:165
at vendor\laravel\framework\src\Illuminate\Foundation\Console\Kernel.php:426
at vendor\laravel\framework\src\Illuminate\Testing\PendingCommand.php:330
at vendor\laravel\framework\src\Illuminate\Testing\PendingCommand.php:533
at vendor\laravel\framework\src\Illuminate\Foundation\Testing\Concerns\InteractsWithConsole.php:87
at vendor\laravel\framework\src\Illuminate\Foundation\Testing\RefreshDatabase.php:101
at vendor\laravel\framework\src\Illuminate\Foundation\Testing\RefreshDatabase.php:84
at vendor\laravel\framework\src\Illuminate\Foundation\Testing\RefreshDatabase.php:25
at vendor\laravel\framework\src\Illuminate\Foundation\Testing\Concerns\InteractsWithTestCaseLifecycle.php:207
at vendor\laravel\framework\src\Illuminate\Foundation\Testing\Concerns\InteractsWithTestCaseLifecycle.php:96
at vendor\laravel\framework\src\Illuminate\Foundation\Testing\TestCase.php:44
at tests\TestCase.php:23
at tests\Unit\Services\SecurityServiceTest.php:24</error>
        </testcase>
        <testcase name="Can disable two factor auth" file="Security Service (Tests\Unit\Services\SecurityService)::Can disable two factor auth" class="Tests\Unit\Services\SecurityServiceTest" classname="Tests.Unit.Services.SecurityServiceTest" assertions="0" time="0.000000">
          <error type="Illuminate\Database\QueryException">Can disable two factor authIlluminate\Database\QueryException: could not find driver (Connection: sqlite, SQL: select exists (select 1 from "main".sqlite_master where name = 'migrations' and type = 'table') as "exists")&#13;
at vendor\laravel\framework\src\Illuminate\Database\Connectors\Connector.php:66
at vendor\laravel\framework\src\Illuminate\Database\Connectors\Connector.php:44
at vendor\laravel\framework\src\Illuminate\Database\Connectors\SQLiteConnector.php:21
at vendor\laravel\framework\src\Illuminate\Database\Connectors\ConnectionFactory.php:223
at vendor\laravel\framework\src\Illuminate\Database\Connection.php:1228
at vendor\laravel\framework\src\Illuminate\Database\Connection.php:1264
at vendor\laravel\framework\src\Illuminate\Database\Connection.php:509
at vendor\laravel\framework\src\Illuminate\Database\Connection.php:404
at vendor\laravel\framework\src\Illuminate\Database\Connection.php:809
at vendor\laravel\framework\src\Illuminate\Database\Connection.php:776
at vendor\laravel\framework\src\Illuminate\Database\Connection.php:395
at vendor\laravel\framework\src\Illuminate\Database\Connection.php:341
at vendor\laravel\framework\src\Illuminate\Database\Connection.php:358
at vendor\laravel\framework\src\Illuminate\Database\Schema\Builder.php:174
at vendor\laravel\framework\src\Illuminate\Database\Migrations\DatabaseMigrationRepository.php:185
at vendor\laravel\framework\src\Illuminate\Database\Migrations\Migrator.php:749
at vendor\laravel\framework\src\Illuminate\Database\Console\Migrations\FreshCommand.php:67
at vendor\laravel\framework\src\Illuminate\Database\Migrations\Migrator.php:665
at vendor\laravel\framework\src\Illuminate\Database\Console\Migrations\FreshCommand.php:66
at vendor\laravel\framework\src\Illuminate\Container\BoundMethod.php:36
at vendor\laravel\framework\src\Illuminate\Container\Util.php:43
at vendor\laravel\framework\src\Illuminate\Container\BoundMethod.php:96
at vendor\laravel\framework\src\Illuminate\Container\BoundMethod.php:35
at vendor\laravel\framework\src\Illuminate\Container\Container.php:754
at vendor\laravel\framework\src\Illuminate\Console\Command.php:211
at vendor\symfony\console\Command\Command.php:318
at vendor\laravel\framework\src\Illuminate\Console\Command.php:180
at vendor\symfony\console\Application.php:1074
at vendor\symfony\console\Application.php:341
at vendor\symfony\console\Application.php:192
at vendor\laravel\framework\src\Illuminate\Console\Application.php:165
at vendor\laravel\framework\src\Illuminate\Foundation\Console\Kernel.php:426
at vendor\laravel\framework\src\Illuminate\Testing\PendingCommand.php:330
at vendor\laravel\framework\src\Illuminate\Testing\PendingCommand.php:533
at vendor\laravel\framework\src\Illuminate\Foundation\Testing\Concerns\InteractsWithConsole.php:87
at vendor\laravel\framework\src\Illuminate\Foundation\Testing\RefreshDatabase.php:101
at vendor\laravel\framework\src\Illuminate\Foundation\Testing\RefreshDatabase.php:84
at vendor\laravel\framework\src\Illuminate\Foundation\Testing\RefreshDatabase.php:25
at vendor\laravel\framework\src\Illuminate\Foundation\Testing\Concerns\InteractsWithTestCaseLifecycle.php:207
at vendor\laravel\framework\src\Illuminate\Foundation\Testing\Concerns\InteractsWithTestCaseLifecycle.php:96
at vendor\laravel\framework\src\Illuminate\Foundation\Testing\TestCase.php:44
at tests\TestCase.php:23
at tests\Unit\Services\SecurityServiceTest.php:24
Caused by
PDOException: could not find driver

at vendor\laravel\framework\src\Illuminate\Database\Connectors\Connector.php:66
at vendor\laravel\framework\src\Illuminate\Database\Connectors\Connector.php:44
at vendor\laravel\framework\src\Illuminate\Database\Connectors\SQLiteConnector.php:21
at vendor\laravel\framework\src\Illuminate\Database\Connectors\ConnectionFactory.php:223
at vendor\laravel\framework\src\Illuminate\Database\Connection.php:1228
at vendor\laravel\framework\src\Illuminate\Database\Connection.php:1264
at vendor\laravel\framework\src\Illuminate\Database\Connection.php:509
at vendor\laravel\framework\src\Illuminate\Database\Connection.php:404
at vendor\laravel\framework\src\Illuminate\Database\Connection.php:809
at vendor\laravel\framework\src\Illuminate\Database\Connection.php:776
at vendor\laravel\framework\src\Illuminate\Database\Connection.php:395
at vendor\laravel\framework\src\Illuminate\Database\Connection.php:341
at vendor\laravel\framework\src\Illuminate\Database\Connection.php:358
at vendor\laravel\framework\src\Illuminate\Database\Schema\Builder.php:174
at vendor\laravel\framework\src\Illuminate\Database\Migrations\DatabaseMigrationRepository.php:185
at vendor\laravel\framework\src\Illuminate\Database\Migrations\Migrator.php:749
at vendor\laravel\framework\src\Illuminate\Database\Console\Migrations\FreshCommand.php:67
at vendor\laravel\framework\src\Illuminate\Database\Migrations\Migrator.php:665
at vendor\laravel\framework\src\Illuminate\Database\Console\Migrations\FreshCommand.php:66
at vendor\laravel\framework\src\Illuminate\Container\BoundMethod.php:36
at vendor\laravel\framework\src\Illuminate\Container\Util.php:43
at vendor\laravel\framework\src\Illuminate\Container\BoundMethod.php:96
at vendor\laravel\framework\src\Illuminate\Container\BoundMethod.php:35
at vendor\laravel\framework\src\Illuminate\Container\Container.php:754
at vendor\laravel\framework\src\Illuminate\Console\Command.php:211
at vendor\symfony\console\Command\Command.php:318
at vendor\laravel\framework\src\Illuminate\Console\Command.php:180
at vendor\symfony\console\Application.php:1074
at vendor\symfony\console\Application.php:341
at vendor\symfony\console\Application.php:192
at vendor\laravel\framework\src\Illuminate\Console\Application.php:165
at vendor\laravel\framework\src\Illuminate\Foundation\Console\Kernel.php:426
at vendor\laravel\framework\src\Illuminate\Testing\PendingCommand.php:330
at vendor\laravel\framework\src\Illuminate\Testing\PendingCommand.php:533
at vendor\laravel\framework\src\Illuminate\Foundation\Testing\Concerns\InteractsWithConsole.php:87
at vendor\laravel\framework\src\Illuminate\Foundation\Testing\RefreshDatabase.php:101
at vendor\laravel\framework\src\Illuminate\Foundation\Testing\RefreshDatabase.php:84
at vendor\laravel\framework\src\Illuminate\Foundation\Testing\RefreshDatabase.php:25
at vendor\laravel\framework\src\Illuminate\Foundation\Testing\Concerns\InteractsWithTestCaseLifecycle.php:207
at vendor\laravel\framework\src\Illuminate\Foundation\Testing\Concerns\InteractsWithTestCaseLifecycle.php:96
at vendor\laravel\framework\src\Illuminate\Foundation\Testing\TestCase.php:44
at tests\TestCase.php:23
at tests\Unit\Services\SecurityServiceTest.php:24</error>
        </testcase>
        <testcase name="Can detect rate limit violation" file="Security Service (Tests\Unit\Services\SecurityService)::Can detect rate limit violation" class="Tests\Unit\Services\SecurityServiceTest" classname="Tests.Unit.Services.SecurityServiceTest" assertions="0" time="0.000000">
          <error type="Illuminate\Database\QueryException">Can detect rate limit violationIlluminate\Database\QueryException: could not find driver (Connection: sqlite, SQL: select exists (select 1 from "main".sqlite_master where name = 'migrations' and type = 'table') as "exists")&#13;
at vendor\laravel\framework\src\Illuminate\Database\Connectors\Connector.php:66
at vendor\laravel\framework\src\Illuminate\Database\Connectors\Connector.php:44
at vendor\laravel\framework\src\Illuminate\Database\Connectors\SQLiteConnector.php:21
at vendor\laravel\framework\src\Illuminate\Database\Connectors\ConnectionFactory.php:223
at vendor\laravel\framework\src\Illuminate\Database\Connection.php:1228
at vendor\laravel\framework\src\Illuminate\Database\Connection.php:1264
at vendor\laravel\framework\src\Illuminate\Database\Connection.php:509
at vendor\laravel\framework\src\Illuminate\Database\Connection.php:404
at vendor\laravel\framework\src\Illuminate\Database\Connection.php:809
at vendor\laravel\framework\src\Illuminate\Database\Connection.php:776
at vendor\laravel\framework\src\Illuminate\Database\Connection.php:395
at vendor\laravel\framework\src\Illuminate\Database\Connection.php:341
at vendor\laravel\framework\src\Illuminate\Database\Connection.php:358
at vendor\laravel\framework\src\Illuminate\Database\Schema\Builder.php:174
at vendor\laravel\framework\src\Illuminate\Database\Migrations\DatabaseMigrationRepository.php:185
at vendor\laravel\framework\src\Illuminate\Database\Migrations\Migrator.php:749
at vendor\laravel\framework\src\Illuminate\Database\Console\Migrations\FreshCommand.php:67
at vendor\laravel\framework\src\Illuminate\Database\Migrations\Migrator.php:665
at vendor\laravel\framework\src\Illuminate\Database\Console\Migrations\FreshCommand.php:66
at vendor\laravel\framework\src\Illuminate\Container\BoundMethod.php:36
at vendor\laravel\framework\src\Illuminate\Container\Util.php:43
at vendor\laravel\framework\src\Illuminate\Container\BoundMethod.php:96
at vendor\laravel\framework\src\Illuminate\Container\BoundMethod.php:35
at vendor\laravel\framework\src\Illuminate\Container\Container.php:754
at vendor\laravel\framework\src\Illuminate\Console\Command.php:211
at vendor\symfony\console\Command\Command.php:318
at vendor\laravel\framework\src\Illuminate\Console\Command.php:180
at vendor\symfony\console\Application.php:1074
at vendor\symfony\console\Application.php:341
at vendor\symfony\console\Application.php:192
at vendor\laravel\framework\src\Illuminate\Console\Application.php:165
at vendor\laravel\framework\src\Illuminate\Foundation\Console\Kernel.php:426
at vendor\laravel\framework\src\Illuminate\Testing\PendingCommand.php:330
at vendor\laravel\framework\src\Illuminate\Testing\PendingCommand.php:533
at vendor\laravel\framework\src\Illuminate\Foundation\Testing\Concerns\InteractsWithConsole.php:87
at vendor\laravel\framework\src\Illuminate\Foundation\Testing\RefreshDatabase.php:101
at vendor\laravel\framework\src\Illuminate\Foundation\Testing\RefreshDatabase.php:84
at vendor\laravel\framework\src\Illuminate\Foundation\Testing\RefreshDatabase.php:25
at vendor\laravel\framework\src\Illuminate\Foundation\Testing\Concerns\InteractsWithTestCaseLifecycle.php:207
at vendor\laravel\framework\src\Illuminate\Foundation\Testing\Concerns\InteractsWithTestCaseLifecycle.php:96
at vendor\laravel\framework\src\Illuminate\Foundation\Testing\TestCase.php:44
at tests\TestCase.php:23
at tests\Unit\Services\SecurityServiceTest.php:24
Caused by
PDOException: could not find driver

at vendor\laravel\framework\src\Illuminate\Database\Connectors\Connector.php:66
at vendor\laravel\framework\src\Illuminate\Database\Connectors\Connector.php:44
at vendor\laravel\framework\src\Illuminate\Database\Connectors\SQLiteConnector.php:21
at vendor\laravel\framework\src\Illuminate\Database\Connectors\ConnectionFactory.php:223
at vendor\laravel\framework\src\Illuminate\Database\Connection.php:1228
at vendor\laravel\framework\src\Illuminate\Database\Connection.php:1264
at vendor\laravel\framework\src\Illuminate\Database\Connection.php:509
at vendor\laravel\framework\src\Illuminate\Database\Connection.php:404
at vendor\laravel\framework\src\Illuminate\Database\Connection.php:809
at vendor\laravel\framework\src\Illuminate\Database\Connection.php:776
at vendor\laravel\framework\src\Illuminate\Database\Connection.php:395
at vendor\laravel\framework\src\Illuminate\Database\Connection.php:341
at vendor\laravel\framework\src\Illuminate\Database\Connection.php:358
at vendor\laravel\framework\src\Illuminate\Database\Schema\Builder.php:174
at vendor\laravel\framework\src\Illuminate\Database\Migrations\DatabaseMigrationRepository.php:185
at vendor\laravel\framework\src\Illuminate\Database\Migrations\Migrator.php:749
at vendor\laravel\framework\src\Illuminate\Database\Console\Migrations\FreshCommand.php:67
at vendor\laravel\framework\src\Illuminate\Database\Migrations\Migrator.php:665
at vendor\laravel\framework\src\Illuminate\Database\Console\Migrations\FreshCommand.php:66
at vendor\laravel\framework\src\Illuminate\Container\BoundMethod.php:36
at vendor\laravel\framework\src\Illuminate\Container\Util.php:43
at vendor\laravel\framework\src\Illuminate\Container\BoundMethod.php:96
at vendor\laravel\framework\src\Illuminate\Container\BoundMethod.php:35
at vendor\laravel\framework\src\Illuminate\Container\Container.php:754
at vendor\laravel\framework\src\Illuminate\Console\Command.php:211
at vendor\symfony\console\Command\Command.php:318
at vendor\laravel\framework\src\Illuminate\Console\Command.php:180
at vendor\symfony\console\Application.php:1074
at vendor\symfony\console\Application.php:341
at vendor\symfony\console\Application.php:192
at vendor\laravel\framework\src\Illuminate\Console\Application.php:165
at vendor\laravel\framework\src\Illuminate\Foundation\Console\Kernel.php:426
at vendor\laravel\framework\src\Illuminate\Testing\PendingCommand.php:330
at vendor\laravel\framework\src\Illuminate\Testing\PendingCommand.php:533
at vendor\laravel\framework\src\Illuminate\Foundation\Testing\Concerns\InteractsWithConsole.php:87
at vendor\laravel\framework\src\Illuminate\Foundation\Testing\RefreshDatabase.php:101
at vendor\laravel\framework\src\Illuminate\Foundation\Testing\RefreshDatabase.php:84
at vendor\laravel\framework\src\Illuminate\Foundation\Testing\RefreshDatabase.php:25
at vendor\laravel\framework\src\Illuminate\Foundation\Testing\Concerns\InteractsWithTestCaseLifecycle.php:207
at vendor\laravel\framework\src\Illuminate\Foundation\Testing\Concerns\InteractsWithTestCaseLifecycle.php:96
at vendor\laravel\framework\src\Illuminate\Foundation\Testing\TestCase.php:44
at tests\TestCase.php:23
at tests\Unit\Services\SecurityServiceTest.php:24</error>
        </testcase>
        <testcase name="Can detect malicious request" file="Security Service (Tests\Unit\Services\SecurityService)::Can detect malicious request" class="Tests\Unit\Services\SecurityServiceTest" classname="Tests.Unit.Services.SecurityServiceTest" assertions="0" time="0.000000">
          <error type="Illuminate\Database\QueryException">Can detect malicious requestIlluminate\Database\QueryException: could not find driver (Connection: sqlite, SQL: select exists (select 1 from "main".sqlite_master where name = 'migrations' and type = 'table') as "exists")&#13;
at vendor\laravel\framework\src\Illuminate\Database\Connectors\Connector.php:66
at vendor\laravel\framework\src\Illuminate\Database\Connectors\Connector.php:44
at vendor\laravel\framework\src\Illuminate\Database\Connectors\SQLiteConnector.php:21
at vendor\laravel\framework\src\Illuminate\Database\Connectors\ConnectionFactory.php:223
at vendor\laravel\framework\src\Illuminate\Database\Connection.php:1228
at vendor\laravel\framework\src\Illuminate\Database\Connection.php:1264
at vendor\laravel\framework\src\Illuminate\Database\Connection.php:509
at vendor\laravel\framework\src\Illuminate\Database\Connection.php:404
at vendor\laravel\framework\src\Illuminate\Database\Connection.php:809
at vendor\laravel\framework\src\Illuminate\Database\Connection.php:776
at vendor\laravel\framework\src\Illuminate\Database\Connection.php:395
at vendor\laravel\framework\src\Illuminate\Database\Connection.php:341
at vendor\laravel\framework\src\Illuminate\Database\Connection.php:358
at vendor\laravel\framework\src\Illuminate\Database\Schema\Builder.php:174
at vendor\laravel\framework\src\Illuminate\Database\Migrations\DatabaseMigrationRepository.php:185
at vendor\laravel\framework\src\Illuminate\Database\Migrations\Migrator.php:749
at vendor\laravel\framework\src\Illuminate\Database\Console\Migrations\FreshCommand.php:67
at vendor\laravel\framework\src\Illuminate\Database\Migrations\Migrator.php:665
at vendor\laravel\framework\src\Illuminate\Database\Console\Migrations\FreshCommand.php:66
at vendor\laravel\framework\src\Illuminate\Container\BoundMethod.php:36
at vendor\laravel\framework\src\Illuminate\Container\Util.php:43
at vendor\laravel\framework\src\Illuminate\Container\BoundMethod.php:96
at vendor\laravel\framework\src\Illuminate\Container\BoundMethod.php:35
at vendor\laravel\framework\src\Illuminate\Container\Container.php:754
at vendor\laravel\framework\src\Illuminate\Console\Command.php:211
at vendor\symfony\console\Command\Command.php:318
at vendor\laravel\framework\src\Illuminate\Console\Command.php:180
at vendor\symfony\console\Application.php:1074
at vendor\symfony\console\Application.php:341
at vendor\symfony\console\Application.php:192
at vendor\laravel\framework\src\Illuminate\Console\Application.php:165
at vendor\laravel\framework\src\Illuminate\Foundation\Console\Kernel.php:426
at vendor\laravel\framework\src\Illuminate\Testing\PendingCommand.php:330
at vendor\laravel\framework\src\Illuminate\Testing\PendingCommand.php:533
at vendor\laravel\framework\src\Illuminate\Foundation\Testing\Concerns\InteractsWithConsole.php:87
at vendor\laravel\framework\src\Illuminate\Foundation\Testing\RefreshDatabase.php:101
at vendor\laravel\framework\src\Illuminate\Foundation\Testing\RefreshDatabase.php:84
at vendor\laravel\framework\src\Illuminate\Foundation\Testing\RefreshDatabase.php:25
at vendor\laravel\framework\src\Illuminate\Foundation\Testing\Concerns\InteractsWithTestCaseLifecycle.php:207
at vendor\laravel\framework\src\Illuminate\Foundation\Testing\Concerns\InteractsWithTestCaseLifecycle.php:96
at vendor\laravel\framework\src\Illuminate\Foundation\Testing\TestCase.php:44
at tests\TestCase.php:23
at tests\Unit\Services\SecurityServiceTest.php:24
Caused by
PDOException: could not find driver

at vendor\laravel\framework\src\Illuminate\Database\Connectors\Connector.php:66
at vendor\laravel\framework\src\Illuminate\Database\Connectors\Connector.php:44
at vendor\laravel\framework\src\Illuminate\Database\Connectors\SQLiteConnector.php:21
at vendor\laravel\framework\src\Illuminate\Database\Connectors\ConnectionFactory.php:223
at vendor\laravel\framework\src\Illuminate\Database\Connection.php:1228
at vendor\laravel\framework\src\Illuminate\Database\Connection.php:1264
at vendor\laravel\framework\src\Illuminate\Database\Connection.php:509
at vendor\laravel\framework\src\Illuminate\Database\Connection.php:404
at vendor\laravel\framework\src\Illuminate\Database\Connection.php:809
at vendor\laravel\framework\src\Illuminate\Database\Connection.php:776
at vendor\laravel\framework\src\Illuminate\Database\Connection.php:395
at vendor\laravel\framework\src\Illuminate\Database\Connection.php:341
at vendor\laravel\framework\src\Illuminate\Database\Connection.php:358
at vendor\laravel\framework\src\Illuminate\Database\Schema\Builder.php:174
at vendor\laravel\framework\src\Illuminate\Database\Migrations\DatabaseMigrationRepository.php:185
at vendor\laravel\framework\src\Illuminate\Database\Migrations\Migrator.php:749
at vendor\laravel\framework\src\Illuminate\Database\Console\Migrations\FreshCommand.php:67
at vendor\laravel\framework\src\Illuminate\Database\Migrations\Migrator.php:665
at vendor\laravel\framework\src\Illuminate\Database\Console\Migrations\FreshCommand.php:66
at vendor\laravel\framework\src\Illuminate\Container\BoundMethod.php:36
at vendor\laravel\framework\src\Illuminate\Container\Util.php:43
at vendor\laravel\framework\src\Illuminate\Container\BoundMethod.php:96
at vendor\laravel\framework\src\Illuminate\Container\BoundMethod.php:35
at vendor\laravel\framework\src\Illuminate\Container\Container.php:754
at vendor\laravel\framework\src\Illuminate\Console\Command.php:211
at vendor\symfony\console\Command\Command.php:318
at vendor\laravel\framework\src\Illuminate\Console\Command.php:180
at vendor\symfony\console\Application.php:1074
at vendor\symfony\console\Application.php:341
at vendor\symfony\console\Application.php:192
at vendor\laravel\framework\src\Illuminate\Console\Application.php:165
at vendor\laravel\framework\src\Illuminate\Foundation\Console\Kernel.php:426
at vendor\laravel\framework\src\Illuminate\Testing\PendingCommand.php:330
at vendor\laravel\framework\src\Illuminate\Testing\PendingCommand.php:533
at vendor\laravel\framework\src\Illuminate\Foundation\Testing\Concerns\InteractsWithConsole.php:87
at vendor\laravel\framework\src\Illuminate\Foundation\Testing\RefreshDatabase.php:101
at vendor\laravel\framework\src\Illuminate\Foundation\Testing\RefreshDatabase.php:84
at vendor\laravel\framework\src\Illuminate\Foundation\Testing\RefreshDatabase.php:25
at vendor\laravel\framework\src\Illuminate\Foundation\Testing\Concerns\InteractsWithTestCaseLifecycle.php:207
at vendor\laravel\framework\src\Illuminate\Foundation\Testing\Concerns\InteractsWithTestCaseLifecycle.php:96
at vendor\laravel\framework\src\Illuminate\Foundation\Testing\TestCase.php:44
at tests\TestCase.php:23
at tests\Unit\Services\SecurityServiceTest.php:24</error>
        </testcase>
        <testcase name="Can validate session security" file="Security Service (Tests\Unit\Services\SecurityService)::Can validate session security" class="Tests\Unit\Services\SecurityServiceTest" classname="Tests.Unit.Services.SecurityServiceTest" assertions="0" time="0.000000">
          <error type="Illuminate\Database\QueryException">Can validate session securityIlluminate\Database\QueryException: could not find driver (Connection: sqlite, SQL: select exists (select 1 from "main".sqlite_master where name = 'migrations' and type = 'table') as "exists")&#13;
at vendor\laravel\framework\src\Illuminate\Database\Connectors\Connector.php:66
at vendor\laravel\framework\src\Illuminate\Database\Connectors\Connector.php:44
at vendor\laravel\framework\src\Illuminate\Database\Connectors\SQLiteConnector.php:21
at vendor\laravel\framework\src\Illuminate\Database\Connectors\ConnectionFactory.php:223
at vendor\laravel\framework\src\Illuminate\Database\Connection.php:1228
at vendor\laravel\framework\src\Illuminate\Database\Connection.php:1264
at vendor\laravel\framework\src\Illuminate\Database\Connection.php:509
at vendor\laravel\framework\src\Illuminate\Database\Connection.php:404
at vendor\laravel\framework\src\Illuminate\Database\Connection.php:809
at vendor\laravel\framework\src\Illuminate\Database\Connection.php:776
at vendor\laravel\framework\src\Illuminate\Database\Connection.php:395
at vendor\laravel\framework\src\Illuminate\Database\Connection.php:341
at vendor\laravel\framework\src\Illuminate\Database\Connection.php:358
at vendor\laravel\framework\src\Illuminate\Database\Schema\Builder.php:174
at vendor\laravel\framework\src\Illuminate\Database\Migrations\DatabaseMigrationRepository.php:185
at vendor\laravel\framework\src\Illuminate\Database\Migrations\Migrator.php:749
at vendor\laravel\framework\src\Illuminate\Database\Console\Migrations\FreshCommand.php:67
at vendor\laravel\framework\src\Illuminate\Database\Migrations\Migrator.php:665
at vendor\laravel\framework\src\Illuminate\Database\Console\Migrations\FreshCommand.php:66
at vendor\laravel\framework\src\Illuminate\Container\BoundMethod.php:36
at vendor\laravel\framework\src\Illuminate\Container\Util.php:43
at vendor\laravel\framework\src\Illuminate\Container\BoundMethod.php:96
at vendor\laravel\framework\src\Illuminate\Container\BoundMethod.php:35
at vendor\laravel\framework\src\Illuminate\Container\Container.php:754
at vendor\laravel\framework\src\Illuminate\Console\Command.php:211
at vendor\symfony\console\Command\Command.php:318
at vendor\laravel\framework\src\Illuminate\Console\Command.php:180
at vendor\symfony\console\Application.php:1074
at vendor\symfony\console\Application.php:341
at vendor\symfony\console\Application.php:192
at vendor\laravel\framework\src\Illuminate\Console\Application.php:165
at vendor\laravel\framework\src\Illuminate\Foundation\Console\Kernel.php:426
at vendor\laravel\framework\src\Illuminate\Testing\PendingCommand.php:330
at vendor\laravel\framework\src\Illuminate\Testing\PendingCommand.php:533
at vendor\laravel\framework\src\Illuminate\Foundation\Testing\Concerns\InteractsWithConsole.php:87
at vendor\laravel\framework\src\Illuminate\Foundation\Testing\RefreshDatabase.php:101
at vendor\laravel\framework\src\Illuminate\Foundation\Testing\RefreshDatabase.php:84
at vendor\laravel\framework\src\Illuminate\Foundation\Testing\RefreshDatabase.php:25
at vendor\laravel\framework\src\Illuminate\Foundation\Testing\Concerns\InteractsWithTestCaseLifecycle.php:207
at vendor\laravel\framework\src\Illuminate\Foundation\Testing\Concerns\InteractsWithTestCaseLifecycle.php:96
at vendor\laravel\framework\src\Illuminate\Foundation\Testing\TestCase.php:44
at tests\TestCase.php:23
at tests\Unit\Services\SecurityServiceTest.php:24
Caused by
PDOException: could not find driver

at vendor\laravel\framework\src\Illuminate\Database\Connectors\Connector.php:66
at vendor\laravel\framework\src\Illuminate\Database\Connectors\Connector.php:44
at vendor\laravel\framework\src\Illuminate\Database\Connectors\SQLiteConnector.php:21
at vendor\laravel\framework\src\Illuminate\Database\Connectors\ConnectionFactory.php:223
at vendor\laravel\framework\src\Illuminate\Database\Connection.php:1228
at vendor\laravel\framework\src\Illuminate\Database\Connection.php:1264
at vendor\laravel\framework\src\Illuminate\Database\Connection.php:509
at vendor\laravel\framework\src\Illuminate\Database\Connection.php:404
at vendor\laravel\framework\src\Illuminate\Database\Connection.php:809
at vendor\laravel\framework\src\Illuminate\Database\Connection.php:776
at vendor\laravel\framework\src\Illuminate\Database\Connection.php:395
at vendor\laravel\framework\src\Illuminate\Database\Connection.php:341
at vendor\laravel\framework\src\Illuminate\Database\Connection.php:358
at vendor\laravel\framework\src\Illuminate\Database\Schema\Builder.php:174
at vendor\laravel\framework\src\Illuminate\Database\Migrations\DatabaseMigrationRepository.php:185
at vendor\laravel\framework\src\Illuminate\Database\Migrations\Migrator.php:749
at vendor\laravel\framework\src\Illuminate\Database\Console\Migrations\FreshCommand.php:67
at vendor\laravel\framework\src\Illuminate\Database\Migrations\Migrator.php:665
at vendor\laravel\framework\src\Illuminate\Database\Console\Migrations\FreshCommand.php:66
at vendor\laravel\framework\src\Illuminate\Container\BoundMethod.php:36
at vendor\laravel\framework\src\Illuminate\Container\Util.php:43
at vendor\laravel\framework\src\Illuminate\Container\BoundMethod.php:96
at vendor\laravel\framework\src\Illuminate\Container\BoundMethod.php:35
at vendor\laravel\framework\src\Illuminate\Container\Container.php:754
at vendor\laravel\framework\src\Illuminate\Console\Command.php:211
at vendor\symfony\console\Command\Command.php:318
at vendor\laravel\framework\src\Illuminate\Console\Command.php:180
at vendor\symfony\console\Application.php:1074
at vendor\symfony\console\Application.php:341
at vendor\symfony\console\Application.php:192
at vendor\laravel\framework\src\Illuminate\Console\Application.php:165
at vendor\laravel\framework\src\Illuminate\Foundation\Console\Kernel.php:426
at vendor\laravel\framework\src\Illuminate\Testing\PendingCommand.php:330
at vendor\laravel\framework\src\Illuminate\Testing\PendingCommand.php:533
at vendor\laravel\framework\src\Illuminate\Foundation\Testing\Concerns\InteractsWithConsole.php:87
at vendor\laravel\framework\src\Illuminate\Foundation\Testing\RefreshDatabase.php:101
at vendor\laravel\framework\src\Illuminate\Foundation\Testing\RefreshDatabase.php:84
at vendor\laravel\framework\src\Illuminate\Foundation\Testing\RefreshDatabase.php:25
at vendor\laravel\framework\src\Illuminate\Foundation\Testing\Concerns\InteractsWithTestCaseLifecycle.php:207
at vendor\laravel\framework\src\Illuminate\Foundation\Testing\Concerns\InteractsWithTestCaseLifecycle.php:96
at vendor\laravel\framework\src\Illuminate\Foundation\Testing\TestCase.php:44
at tests\TestCase.php:23
at tests\Unit\Services\SecurityServiceTest.php:24</error>
        </testcase>
        <testcase name="Can generate security report" file="Security Service (Tests\Unit\Services\SecurityService)::Can generate security report" class="Tests\Unit\Services\SecurityServiceTest" classname="Tests.Unit.Services.SecurityServiceTest" assertions="0" time="0.000000">
          <error type="Illuminate\Database\QueryException">Can generate security reportIlluminate\Database\QueryException: could not find driver (Connection: sqlite, SQL: select exists (select 1 from "main".sqlite_master where name = 'migrations' and type = 'table') as "exists")&#13;
at vendor\laravel\framework\src\Illuminate\Database\Connectors\Connector.php:66
at vendor\laravel\framework\src\Illuminate\Database\Connectors\Connector.php:44
at vendor\laravel\framework\src\Illuminate\Database\Connectors\SQLiteConnector.php:21
at vendor\laravel\framework\src\Illuminate\Database\Connectors\ConnectionFactory.php:223
at vendor\laravel\framework\src\Illuminate\Database\Connection.php:1228
at vendor\laravel\framework\src\Illuminate\Database\Connection.php:1264
at vendor\laravel\framework\src\Illuminate\Database\Connection.php:509
at vendor\laravel\framework\src\Illuminate\Database\Connection.php:404
at vendor\laravel\framework\src\Illuminate\Database\Connection.php:809
at vendor\laravel\framework\src\Illuminate\Database\Connection.php:776
at vendor\laravel\framework\src\Illuminate\Database\Connection.php:395
at vendor\laravel\framework\src\Illuminate\Database\Connection.php:341
at vendor\laravel\framework\src\Illuminate\Database\Connection.php:358
at vendor\laravel\framework\src\Illuminate\Database\Schema\Builder.php:174
at vendor\laravel\framework\src\Illuminate\Database\Migrations\DatabaseMigrationRepository.php:185
at vendor\laravel\framework\src\Illuminate\Database\Migrations\Migrator.php:749
at vendor\laravel\framework\src\Illuminate\Database\Console\Migrations\FreshCommand.php:67
at vendor\laravel\framework\src\Illuminate\Database\Migrations\Migrator.php:665
at vendor\laravel\framework\src\Illuminate\Database\Console\Migrations\FreshCommand.php:66
at vendor\laravel\framework\src\Illuminate\Container\BoundMethod.php:36
at vendor\laravel\framework\src\Illuminate\Container\Util.php:43
at vendor\laravel\framework\src\Illuminate\Container\BoundMethod.php:96
at vendor\laravel\framework\src\Illuminate\Container\BoundMethod.php:35
at vendor\laravel\framework\src\Illuminate\Container\Container.php:754
at vendor\laravel\framework\src\Illuminate\Console\Command.php:211
at vendor\symfony\console\Command\Command.php:318
at vendor\laravel\framework\src\Illuminate\Console\Command.php:180
at vendor\symfony\console\Application.php:1074
at vendor\symfony\console\Application.php:341
at vendor\symfony\console\Application.php:192
at vendor\laravel\framework\src\Illuminate\Console\Application.php:165
at vendor\laravel\framework\src\Illuminate\Foundation\Console\Kernel.php:426
at vendor\laravel\framework\src\Illuminate\Testing\PendingCommand.php:330
at vendor\laravel\framework\src\Illuminate\Testing\PendingCommand.php:533
at vendor\laravel\framework\src\Illuminate\Foundation\Testing\Concerns\InteractsWithConsole.php:87
at vendor\laravel\framework\src\Illuminate\Foundation\Testing\RefreshDatabase.php:101
at vendor\laravel\framework\src\Illuminate\Foundation\Testing\RefreshDatabase.php:84
at vendor\laravel\framework\src\Illuminate\Foundation\Testing\RefreshDatabase.php:25
at vendor\laravel\framework\src\Illuminate\Foundation\Testing\Concerns\InteractsWithTestCaseLifecycle.php:207
at vendor\laravel\framework\src\Illuminate\Foundation\Testing\Concerns\InteractsWithTestCaseLifecycle.php:96
at vendor\laravel\framework\src\Illuminate\Foundation\Testing\TestCase.php:44
at tests\TestCase.php:23
at tests\Unit\Services\SecurityServiceTest.php:24
Caused by
PDOException: could not find driver

at vendor\laravel\framework\src\Illuminate\Database\Connectors\Connector.php:66
at vendor\laravel\framework\src\Illuminate\Database\Connectors\Connector.php:44
at vendor\laravel\framework\src\Illuminate\Database\Connectors\SQLiteConnector.php:21
at vendor\laravel\framework\src\Illuminate\Database\Connectors\ConnectionFactory.php:223
at vendor\laravel\framework\src\Illuminate\Database\Connection.php:1228
at vendor\laravel\framework\src\Illuminate\Database\Connection.php:1264
at vendor\laravel\framework\src\Illuminate\Database\Connection.php:509
at vendor\laravel\framework\src\Illuminate\Database\Connection.php:404
at vendor\laravel\framework\src\Illuminate\Database\Connection.php:809
at vendor\laravel\framework\src\Illuminate\Database\Connection.php:776
at vendor\laravel\framework\src\Illuminate\Database\Connection.php:395
at vendor\laravel\framework\src\Illuminate\Database\Connection.php:341
at vendor\laravel\framework\src\Illuminate\Database\Connection.php:358
at vendor\laravel\framework\src\Illuminate\Database\Schema\Builder.php:174
at vendor\laravel\framework\src\Illuminate\Database\Migrations\DatabaseMigrationRepository.php:185
at vendor\laravel\framework\src\Illuminate\Database\Migrations\Migrator.php:749
at vendor\laravel\framework\src\Illuminate\Database\Console\Migrations\FreshCommand.php:67
at vendor\laravel\framework\src\Illuminate\Database\Migrations\Migrator.php:665
at vendor\laravel\framework\src\Illuminate\Database\Console\Migrations\FreshCommand.php:66
at vendor\laravel\framework\src\Illuminate\Container\BoundMethod.php:36
at vendor\laravel\framework\src\Illuminate\Container\Util.php:43
at vendor\laravel\framework\src\Illuminate\Container\BoundMethod.php:96
at vendor\laravel\framework\src\Illuminate\Container\BoundMethod.php:35
at vendor\laravel\framework\src\Illuminate\Container\Container.php:754
at vendor\laravel\framework\src\Illuminate\Console\Command.php:211
at vendor\symfony\console\Command\Command.php:318
at vendor\laravel\framework\src\Illuminate\Console\Command.php:180
at vendor\symfony\console\Application.php:1074
at vendor\symfony\console\Application.php:341
at vendor\symfony\console\Application.php:192
at vendor\laravel\framework\src\Illuminate\Console\Application.php:165
at vendor\laravel\framework\src\Illuminate\Foundation\Console\Kernel.php:426
at vendor\laravel\framework\src\Illuminate\Testing\PendingCommand.php:330
at vendor\laravel\framework\src\Illuminate\Testing\PendingCommand.php:533
at vendor\laravel\framework\src\Illuminate\Foundation\Testing\Concerns\InteractsWithConsole.php:87
at vendor\laravel\framework\src\Illuminate\Foundation\Testing\RefreshDatabase.php:101
at vendor\laravel\framework\src\Illuminate\Foundation\Testing\RefreshDatabase.php:84
at vendor\laravel\framework\src\Illuminate\Foundation\Testing\RefreshDatabase.php:25
at vendor\laravel\framework\src\Illuminate\Foundation\Testing\Concerns\InteractsWithTestCaseLifecycle.php:207
at vendor\laravel\framework\src\Illuminate\Foundation\Testing\Concerns\InteractsWithTestCaseLifecycle.php:96
at vendor\laravel\framework\src\Illuminate\Foundation\Testing\TestCase.php:44
at tests\TestCase.php:23
at tests\Unit\Services\SecurityServiceTest.php:24</error>
        </testcase>
        <testcase name="Can calculate security score" file="Security Service (Tests\Unit\Services\SecurityService)::Can calculate security score" class="Tests\Unit\Services\SecurityServiceTest" classname="Tests.Unit.Services.SecurityServiceTest" assertions="0" time="0.000000">
          <error type="Illuminate\Database\QueryException">Can calculate security scoreIlluminate\Database\QueryException: could not find driver (Connection: sqlite, SQL: select exists (select 1 from "main".sqlite_master where name = 'migrations' and type = 'table') as "exists")&#13;
at vendor\laravel\framework\src\Illuminate\Database\Connectors\Connector.php:66
at vendor\laravel\framework\src\Illuminate\Database\Connectors\Connector.php:44
at vendor\laravel\framework\src\Illuminate\Database\Connectors\SQLiteConnector.php:21
at vendor\laravel\framework\src\Illuminate\Database\Connectors\ConnectionFactory.php:223
at vendor\laravel\framework\src\Illuminate\Database\Connection.php:1228
at vendor\laravel\framework\src\Illuminate\Database\Connection.php:1264
at vendor\laravel\framework\src\Illuminate\Database\Connection.php:509
at vendor\laravel\framework\src\Illuminate\Database\Connection.php:404
at vendor\laravel\framework\src\Illuminate\Database\Connection.php:809
at vendor\laravel\framework\src\Illuminate\Database\Connection.php:776
at vendor\laravel\framework\src\Illuminate\Database\Connection.php:395
at vendor\laravel\framework\src\Illuminate\Database\Connection.php:341
at vendor\laravel\framework\src\Illuminate\Database\Connection.php:358
at vendor\laravel\framework\src\Illuminate\Database\Schema\Builder.php:174
at vendor\laravel\framework\src\Illuminate\Database\Migrations\DatabaseMigrationRepository.php:185
at vendor\laravel\framework\src\Illuminate\Database\Migrations\Migrator.php:749
at vendor\laravel\framework\src\Illuminate\Database\Console\Migrations\FreshCommand.php:67
at vendor\laravel\framework\src\Illuminate\Database\Migrations\Migrator.php:665
at vendor\laravel\framework\src\Illuminate\Database\Console\Migrations\FreshCommand.php:66
at vendor\laravel\framework\src\Illuminate\Container\BoundMethod.php:36
at vendor\laravel\framework\src\Illuminate\Container\Util.php:43
at vendor\laravel\framework\src\Illuminate\Container\BoundMethod.php:96
at vendor\laravel\framework\src\Illuminate\Container\BoundMethod.php:35
at vendor\laravel\framework\src\Illuminate\Container\Container.php:754
at vendor\laravel\framework\src\Illuminate\Console\Command.php:211
at vendor\symfony\console\Command\Command.php:318
at vendor\laravel\framework\src\Illuminate\Console\Command.php:180
at vendor\symfony\console\Application.php:1074
at vendor\symfony\console\Application.php:341
at vendor\symfony\console\Application.php:192
at vendor\laravel\framework\src\Illuminate\Console\Application.php:165
at vendor\laravel\framework\src\Illuminate\Foundation\Console\Kernel.php:426
at vendor\laravel\framework\src\Illuminate\Testing\PendingCommand.php:330
at vendor\laravel\framework\src\Illuminate\Testing\PendingCommand.php:533
at vendor\laravel\framework\src\Illuminate\Foundation\Testing\Concerns\InteractsWithConsole.php:87
at vendor\laravel\framework\src\Illuminate\Foundation\Testing\RefreshDatabase.php:101
at vendor\laravel\framework\src\Illuminate\Foundation\Testing\RefreshDatabase.php:84
at vendor\laravel\framework\src\Illuminate\Foundation\Testing\RefreshDatabase.php:25
at vendor\laravel\framework\src\Illuminate\Foundation\Testing\Concerns\InteractsWithTestCaseLifecycle.php:207
at vendor\laravel\framework\src\Illuminate\Foundation\Testing\Concerns\InteractsWithTestCaseLifecycle.php:96
at vendor\laravel\framework\src\Illuminate\Foundation\Testing\TestCase.php:44
at tests\TestCase.php:23
at tests\Unit\Services\SecurityServiceTest.php:24
Caused by
PDOException: could not find driver

at vendor\laravel\framework\src\Illuminate\Database\Connectors\Connector.php:66
at vendor\laravel\framework\src\Illuminate\Database\Connectors\Connector.php:44
at vendor\laravel\framework\src\Illuminate\Database\Connectors\SQLiteConnector.php:21
at vendor\laravel\framework\src\Illuminate\Database\Connectors\ConnectionFactory.php:223
at vendor\laravel\framework\src\Illuminate\Database\Connection.php:1228
at vendor\laravel\framework\src\Illuminate\Database\Connection.php:1264
at vendor\laravel\framework\src\Illuminate\Database\Connection.php:509
at vendor\laravel\framework\src\Illuminate\Database\Connection.php:404
at vendor\laravel\framework\src\Illuminate\Database\Connection.php:809
at vendor\laravel\framework\src\Illuminate\Database\Connection.php:776
at vendor\laravel\framework\src\Illuminate\Database\Connection.php:395
at vendor\laravel\framework\src\Illuminate\Database\Connection.php:341
at vendor\laravel\framework\src\Illuminate\Database\Connection.php:358
at vendor\laravel\framework\src\Illuminate\Database\Schema\Builder.php:174
at vendor\laravel\framework\src\Illuminate\Database\Migrations\DatabaseMigrationRepository.php:185
at vendor\laravel\framework\src\Illuminate\Database\Migrations\Migrator.php:749
at vendor\laravel\framework\src\Illuminate\Database\Console\Migrations\FreshCommand.php:67
at vendor\laravel\framework\src\Illuminate\Database\Migrations\Migrator.php:665
at vendor\laravel\framework\src\Illuminate\Database\Console\Migrations\FreshCommand.php:66
at vendor\laravel\framework\src\Illuminate\Container\BoundMethod.php:36
at vendor\laravel\framework\src\Illuminate\Container\Util.php:43
at vendor\laravel\framework\src\Illuminate\Container\BoundMethod.php:96
at vendor\laravel\framework\src\Illuminate\Container\BoundMethod.php:35
at vendor\laravel\framework\src\Illuminate\Container\Container.php:754
at vendor\laravel\framework\src\Illuminate\Console\Command.php:211
at vendor\symfony\console\Command\Command.php:318
at vendor\laravel\framework\src\Illuminate\Console\Command.php:180
at vendor\symfony\console\Application.php:1074
at vendor\symfony\console\Application.php:341
at vendor\symfony\console\Application.php:192
at vendor\laravel\framework\src\Illuminate\Console\Application.php:165
at vendor\laravel\framework\src\Illuminate\Foundation\Console\Kernel.php:426
at vendor\laravel\framework\src\Illuminate\Testing\PendingCommand.php:330
at vendor\laravel\framework\src\Illuminate\Testing\PendingCommand.php:533
at vendor\laravel\framework\src\Illuminate\Foundation\Testing\Concerns\InteractsWithConsole.php:87
at vendor\laravel\framework\src\Illuminate\Foundation\Testing\RefreshDatabase.php:101
at vendor\laravel\framework\src\Illuminate\Foundation\Testing\RefreshDatabase.php:84
at vendor\laravel\framework\src\Illuminate\Foundation\Testing\RefreshDatabase.php:25
at vendor\laravel\framework\src\Illuminate\Foundation\Testing\Concerns\InteractsWithTestCaseLifecycle.php:207
at vendor\laravel\framework\src\Illuminate\Foundation\Testing\Concerns\InteractsWithTestCaseLifecycle.php:96
at vendor\laravel\framework\src\Illuminate\Foundation\Testing\TestCase.php:44
at tests\TestCase.php:23
at tests\Unit\Services\SecurityServiceTest.php:24</error>
        </testcase>
        <testcase name="Can detect suspicious activity" file="Security Service (Tests\Unit\Services\SecurityService)::Can detect suspicious activity" class="Tests\Unit\Services\SecurityServiceTest" classname="Tests.Unit.Services.SecurityServiceTest" assertions="0" time="0.000000">
          <error type="Illuminate\Database\QueryException">Can detect suspicious activityIlluminate\Database\QueryException: could not find driver (Connection: sqlite, SQL: select exists (select 1 from "main".sqlite_master where name = 'migrations' and type = 'table') as "exists")&#13;
at vendor\laravel\framework\src\Illuminate\Database\Connectors\Connector.php:66
at vendor\laravel\framework\src\Illuminate\Database\Connectors\Connector.php:44
at vendor\laravel\framework\src\Illuminate\Database\Connectors\SQLiteConnector.php:21
at vendor\laravel\framework\src\Illuminate\Database\Connectors\ConnectionFactory.php:223
at vendor\laravel\framework\src\Illuminate\Database\Connection.php:1228
at vendor\laravel\framework\src\Illuminate\Database\Connection.php:1264
at vendor\laravel\framework\src\Illuminate\Database\Connection.php:509
at vendor\laravel\framework\src\Illuminate\Database\Connection.php:404
at vendor\laravel\framework\src\Illuminate\Database\Connection.php:809
at vendor\laravel\framework\src\Illuminate\Database\Connection.php:776
at vendor\laravel\framework\src\Illuminate\Database\Connection.php:395
at vendor\laravel\framework\src\Illuminate\Database\Connection.php:341
at vendor\laravel\framework\src\Illuminate\Database\Connection.php:358
at vendor\laravel\framework\src\Illuminate\Database\Schema\Builder.php:174
at vendor\laravel\framework\src\Illuminate\Database\Migrations\DatabaseMigrationRepository.php:185
at vendor\laravel\framework\src\Illuminate\Database\Migrations\Migrator.php:749
at vendor\laravel\framework\src\Illuminate\Database\Console\Migrations\FreshCommand.php:67
at vendor\laravel\framework\src\Illuminate\Database\Migrations\Migrator.php:665
at vendor\laravel\framework\src\Illuminate\Database\Console\Migrations\FreshCommand.php:66
at vendor\laravel\framework\src\Illuminate\Container\BoundMethod.php:36
at vendor\laravel\framework\src\Illuminate\Container\Util.php:43
at vendor\laravel\framework\src\Illuminate\Container\BoundMethod.php:96
at vendor\laravel\framework\src\Illuminate\Container\BoundMethod.php:35
at vendor\laravel\framework\src\Illuminate\Container\Container.php:754
at vendor\laravel\framework\src\Illuminate\Console\Command.php:211
at vendor\symfony\console\Command\Command.php:318
at vendor\laravel\framework\src\Illuminate\Console\Command.php:180
at vendor\symfony\console\Application.php:1074
at vendor\symfony\console\Application.php:341
at vendor\symfony\console\Application.php:192
at vendor\laravel\framework\src\Illuminate\Console\Application.php:165
at vendor\laravel\framework\src\Illuminate\Foundation\Console\Kernel.php:426
at vendor\laravel\framework\src\Illuminate\Testing\PendingCommand.php:330
at vendor\laravel\framework\src\Illuminate\Testing\PendingCommand.php:533
at vendor\laravel\framework\src\Illuminate\Foundation\Testing\Concerns\InteractsWithConsole.php:87
at vendor\laravel\framework\src\Illuminate\Foundation\Testing\RefreshDatabase.php:101
at vendor\laravel\framework\src\Illuminate\Foundation\Testing\RefreshDatabase.php:84
at vendor\laravel\framework\src\Illuminate\Foundation\Testing\RefreshDatabase.php:25
at vendor\laravel\framework\src\Illuminate\Foundation\Testing\Concerns\InteractsWithTestCaseLifecycle.php:207
at vendor\laravel\framework\src\Illuminate\Foundation\Testing\Concerns\InteractsWithTestCaseLifecycle.php:96
at vendor\laravel\framework\src\Illuminate\Foundation\Testing\TestCase.php:44
at tests\TestCase.php:23
at tests\Unit\Services\SecurityServiceTest.php:24
Caused by
PDOException: could not find driver

at vendor\laravel\framework\src\Illuminate\Database\Connectors\Connector.php:66
at vendor\laravel\framework\src\Illuminate\Database\Connectors\Connector.php:44
at vendor\laravel\framework\src\Illuminate\Database\Connectors\SQLiteConnector.php:21
at vendor\laravel\framework\src\Illuminate\Database\Connectors\ConnectionFactory.php:223
at vendor\laravel\framework\src\Illuminate\Database\Connection.php:1228
at vendor\laravel\framework\src\Illuminate\Database\Connection.php:1264
at vendor\laravel\framework\src\Illuminate\Database\Connection.php:509
at vendor\laravel\framework\src\Illuminate\Database\Connection.php:404
at vendor\laravel\framework\src\Illuminate\Database\Connection.php:809
at vendor\laravel\framework\src\Illuminate\Database\Connection.php:776
at vendor\laravel\framework\src\Illuminate\Database\Connection.php:395
at vendor\laravel\framework\src\Illuminate\Database\Connection.php:341
at vendor\laravel\framework\src\Illuminate\Database\Connection.php:358
at vendor\laravel\framework\src\Illuminate\Database\Schema\Builder.php:174
at vendor\laravel\framework\src\Illuminate\Database\Migrations\DatabaseMigrationRepository.php:185
at vendor\laravel\framework\src\Illuminate\Database\Migrations\Migrator.php:749
at vendor\laravel\framework\src\Illuminate\Database\Console\Migrations\FreshCommand.php:67
at vendor\laravel\framework\src\Illuminate\Database\Migrations\Migrator.php:665
at vendor\laravel\framework\src\Illuminate\Database\Console\Migrations\FreshCommand.php:66
at vendor\laravel\framework\src\Illuminate\Container\BoundMethod.php:36
at vendor\laravel\framework\src\Illuminate\Container\Util.php:43
at vendor\laravel\framework\src\Illuminate\Container\BoundMethod.php:96
at vendor\laravel\framework\src\Illuminate\Container\BoundMethod.php:35
at vendor\laravel\framework\src\Illuminate\Container\Container.php:754
at vendor\laravel\framework\src\Illuminate\Console\Command.php:211
at vendor\symfony\console\Command\Command.php:318
at vendor\laravel\framework\src\Illuminate\Console\Command.php:180
at vendor\symfony\console\Application.php:1074
at vendor\symfony\console\Application.php:341
at vendor\symfony\console\Application.php:192
at vendor\laravel\framework\src\Illuminate\Console\Application.php:165
at vendor\laravel\framework\src\Illuminate\Foundation\Console\Kernel.php:426
at vendor\laravel\framework\src\Illuminate\Testing\PendingCommand.php:330
at vendor\laravel\framework\src\Illuminate\Testing\PendingCommand.php:533
at vendor\laravel\framework\src\Illuminate\Foundation\Testing\Concerns\InteractsWithConsole.php:87
at vendor\laravel\framework\src\Illuminate\Foundation\Testing\RefreshDatabase.php:101
at vendor\laravel\framework\src\Illuminate\Foundation\Testing\RefreshDatabase.php:84
at vendor\laravel\framework\src\Illuminate\Foundation\Testing\RefreshDatabase.php:25
at vendor\laravel\framework\src\Illuminate\Foundation\Testing\Concerns\InteractsWithTestCaseLifecycle.php:207
at vendor\laravel\framework\src\Illuminate\Foundation\Testing\Concerns\InteractsWithTestCaseLifecycle.php:96
at vendor\laravel\framework\src\Illuminate\Foundation\Testing\TestCase.php:44
at tests\TestCase.php:23
at tests\Unit\Services\SecurityServiceTest.php:24</error>
        </testcase>
        <testcase name="Can cleanup expired sessions" file="Security Service (Tests\Unit\Services\SecurityService)::Can cleanup expired sessions" class="Tests\Unit\Services\SecurityServiceTest" classname="Tests.Unit.Services.SecurityServiceTest" assertions="0" time="0.000000">
          <error type="Illuminate\Database\QueryException">Can cleanup expired sessionsIlluminate\Database\QueryException: could not find driver (Connection: sqlite, SQL: select exists (select 1 from "main".sqlite_master where name = 'migrations' and type = 'table') as "exists")&#13;
at vendor\laravel\framework\src\Illuminate\Database\Connectors\Connector.php:66
at vendor\laravel\framework\src\Illuminate\Database\Connectors\Connector.php:44
at vendor\laravel\framework\src\Illuminate\Database\Connectors\SQLiteConnector.php:21
at vendor\laravel\framework\src\Illuminate\Database\Connectors\ConnectionFactory.php:223
at vendor\laravel\framework\src\Illuminate\Database\Connection.php:1228
at vendor\laravel\framework\src\Illuminate\Database\Connection.php:1264
at vendor\laravel\framework\src\Illuminate\Database\Connection.php:509
at vendor\laravel\framework\src\Illuminate\Database\Connection.php:404
at vendor\laravel\framework\src\Illuminate\Database\Connection.php:809
at vendor\laravel\framework\src\Illuminate\Database\Connection.php:776
at vendor\laravel\framework\src\Illuminate\Database\Connection.php:395
at vendor\laravel\framework\src\Illuminate\Database\Connection.php:341
at vendor\laravel\framework\src\Illuminate\Database\Connection.php:358
at vendor\laravel\framework\src\Illuminate\Database\Schema\Builder.php:174
at vendor\laravel\framework\src\Illuminate\Database\Migrations\DatabaseMigrationRepository.php:185
at vendor\laravel\framework\src\Illuminate\Database\Migrations\Migrator.php:749
at vendor\laravel\framework\src\Illuminate\Database\Console\Migrations\FreshCommand.php:67
at vendor\laravel\framework\src\Illuminate\Database\Migrations\Migrator.php:665
at vendor\laravel\framework\src\Illuminate\Database\Console\Migrations\FreshCommand.php:66
at vendor\laravel\framework\src\Illuminate\Container\BoundMethod.php:36
at vendor\laravel\framework\src\Illuminate\Container\Util.php:43
at vendor\laravel\framework\src\Illuminate\Container\BoundMethod.php:96
at vendor\laravel\framework\src\Illuminate\Container\BoundMethod.php:35
at vendor\laravel\framework\src\Illuminate\Container\Container.php:754
at vendor\laravel\framework\src\Illuminate\Console\Command.php:211
at vendor\symfony\console\Command\Command.php:318
at vendor\laravel\framework\src\Illuminate\Console\Command.php:180
at vendor\symfony\console\Application.php:1074
at vendor\symfony\console\Application.php:341
at vendor\symfony\console\Application.php:192
at vendor\laravel\framework\src\Illuminate\Console\Application.php:165
at vendor\laravel\framework\src\Illuminate\Foundation\Console\Kernel.php:426
at vendor\laravel\framework\src\Illuminate\Testing\PendingCommand.php:330
at vendor\laravel\framework\src\Illuminate\Testing\PendingCommand.php:533
at vendor\laravel\framework\src\Illuminate\Foundation\Testing\Concerns\InteractsWithConsole.php:87
at vendor\laravel\framework\src\Illuminate\Foundation\Testing\RefreshDatabase.php:101
at vendor\laravel\framework\src\Illuminate\Foundation\Testing\RefreshDatabase.php:84
at vendor\laravel\framework\src\Illuminate\Foundation\Testing\RefreshDatabase.php:25
at vendor\laravel\framework\src\Illuminate\Foundation\Testing\Concerns\InteractsWithTestCaseLifecycle.php:207
at vendor\laravel\framework\src\Illuminate\Foundation\Testing\Concerns\InteractsWithTestCaseLifecycle.php:96
at vendor\laravel\framework\src\Illuminate\Foundation\Testing\TestCase.php:44
at tests\TestCase.php:23
at tests\Unit\Services\SecurityServiceTest.php:24
Caused by
PDOException: could not find driver

at vendor\laravel\framework\src\Illuminate\Database\Connectors\Connector.php:66
at vendor\laravel\framework\src\Illuminate\Database\Connectors\Connector.php:44
at vendor\laravel\framework\src\Illuminate\Database\Connectors\SQLiteConnector.php:21
at vendor\laravel\framework\src\Illuminate\Database\Connectors\ConnectionFactory.php:223
at vendor\laravel\framework\src\Illuminate\Database\Connection.php:1228
at vendor\laravel\framework\src\Illuminate\Database\Connection.php:1264
at vendor\laravel\framework\src\Illuminate\Database\Connection.php:509
at vendor\laravel\framework\src\Illuminate\Database\Connection.php:404
at vendor\laravel\framework\src\Illuminate\Database\Connection.php:809
at vendor\laravel\framework\src\Illuminate\Database\Connection.php:776
at vendor\laravel\framework\src\Illuminate\Database\Connection.php:395
at vendor\laravel\framework\src\Illuminate\Database\Connection.php:341
at vendor\laravel\framework\src\Illuminate\Database\Connection.php:358
at vendor\laravel\framework\src\Illuminate\Database\Schema\Builder.php:174
at vendor\laravel\framework\src\Illuminate\Database\Migrations\DatabaseMigrationRepository.php:185
at vendor\laravel\framework\src\Illuminate\Database\Migrations\Migrator.php:749
at vendor\laravel\framework\src\Illuminate\Database\Console\Migrations\FreshCommand.php:67
at vendor\laravel\framework\src\Illuminate\Database\Migrations\Migrator.php:665
at vendor\laravel\framework\src\Illuminate\Database\Console\Migrations\FreshCommand.php:66
at vendor\laravel\framework\src\Illuminate\Container\BoundMethod.php:36
at vendor\laravel\framework\src\Illuminate\Container\Util.php:43
at vendor\laravel\framework\src\Illuminate\Container\BoundMethod.php:96
at vendor\laravel\framework\src\Illuminate\Container\BoundMethod.php:35
at vendor\laravel\framework\src\Illuminate\Container\Container.php:754
at vendor\laravel\framework\src\Illuminate\Console\Command.php:211
at vendor\symfony\console\Command\Command.php:318
at vendor\laravel\framework\src\Illuminate\Console\Command.php:180
at vendor\symfony\console\Application.php:1074
at vendor\symfony\console\Application.php:341
at vendor\symfony\console\Application.php:192
at vendor\laravel\framework\src\Illuminate\Console\Application.php:165
at vendor\laravel\framework\src\Illuminate\Foundation\Console\Kernel.php:426
at vendor\laravel\framework\src\Illuminate\Testing\PendingCommand.php:330
at vendor\laravel\framework\src\Illuminate\Testing\PendingCommand.php:533
at vendor\laravel\framework\src\Illuminate\Foundation\Testing\Concerns\InteractsWithConsole.php:87
at vendor\laravel\framework\src\Illuminate\Foundation\Testing\RefreshDatabase.php:101
at vendor\laravel\framework\src\Illuminate\Foundation\Testing\RefreshDatabase.php:84
at vendor\laravel\framework\src\Illuminate\Foundation\Testing\RefreshDatabase.php:25
at vendor\laravel\framework\src\Illuminate\Foundation\Testing\Concerns\InteractsWithTestCaseLifecycle.php:207
at vendor\laravel\framework\src\Illuminate\Foundation\Testing\Concerns\InteractsWithTestCaseLifecycle.php:96
at vendor\laravel\framework\src\Illuminate\Foundation\Testing\TestCase.php:44
at tests\TestCase.php:23
at tests\Unit\Services\SecurityServiceTest.php:24</error>
        </testcase>
      </testsuite>
      <testsuite name="Tests\Unit\TenantTest" file="Tenant (Tests\Unit\Tenant)" tests="1" assertions="0" errors="1" failures="0" skipped="0" time="0.000000">
        <testcase name="It can create a tenant with the new attributes" file="Tenant (Tests\Unit\Tenant)::It can create a tenant with the new attributes" class="Tests\Unit\TenantTest" classname="Tests.Unit.TenantTest" assertions="0" time="0.000000">
          <error type="Illuminate\Database\QueryException">It can create a tenant with the new attributesIlluminate\Database\QueryException: could not find driver (Connection: sqlite, SQL: select exists (select 1 from "main".sqlite_master where name = 'migrations' and type = 'table') as "exists")&#13;
at vendor\laravel\framework\src\Illuminate\Database\Connectors\Connector.php:66
at vendor\laravel\framework\src\Illuminate\Database\Connectors\Connector.php:44
at vendor\laravel\framework\src\Illuminate\Database\Connectors\SQLiteConnector.php:21
at vendor\laravel\framework\src\Illuminate\Database\Connectors\ConnectionFactory.php:223
at vendor\laravel\framework\src\Illuminate\Database\Connection.php:1228
at vendor\laravel\framework\src\Illuminate\Database\Connection.php:1264
at vendor\laravel\framework\src\Illuminate\Database\Connection.php:509
at vendor\laravel\framework\src\Illuminate\Database\Connection.php:404
at vendor\laravel\framework\src\Illuminate\Database\Connection.php:809
at vendor\laravel\framework\src\Illuminate\Database\Connection.php:776
at vendor\laravel\framework\src\Illuminate\Database\Connection.php:395
at vendor\laravel\framework\src\Illuminate\Database\Connection.php:341
at vendor\laravel\framework\src\Illuminate\Database\Connection.php:358
at vendor\laravel\framework\src\Illuminate\Database\Schema\Builder.php:174
at vendor\laravel\framework\src\Illuminate\Database\Migrations\DatabaseMigrationRepository.php:185
at vendor\laravel\framework\src\Illuminate\Database\Migrations\Migrator.php:749
at vendor\laravel\framework\src\Illuminate\Database\Console\Migrations\FreshCommand.php:67
at vendor\laravel\framework\src\Illuminate\Database\Migrations\Migrator.php:665
at vendor\laravel\framework\src\Illuminate\Database\Console\Migrations\FreshCommand.php:66
at vendor\laravel\framework\src\Illuminate\Container\BoundMethod.php:36
at vendor\laravel\framework\src\Illuminate\Container\Util.php:43
at vendor\laravel\framework\src\Illuminate\Container\BoundMethod.php:96
at vendor\laravel\framework\src\Illuminate\Container\BoundMethod.php:35
at vendor\laravel\framework\src\Illuminate\Container\Container.php:754
at vendor\laravel\framework\src\Illuminate\Console\Command.php:211
at vendor\symfony\console\Command\Command.php:318
at vendor\laravel\framework\src\Illuminate\Console\Command.php:180
at vendor\symfony\console\Application.php:1074
at vendor\symfony\console\Application.php:341
at vendor\symfony\console\Application.php:192
at vendor\laravel\framework\src\Illuminate\Console\Application.php:165
at vendor\laravel\framework\src\Illuminate\Foundation\Console\Kernel.php:426
at vendor\laravel\framework\src\Illuminate\Testing\PendingCommand.php:330
at vendor\laravel\framework\src\Illuminate\Testing\PendingCommand.php:533
at vendor\laravel\framework\src\Illuminate\Foundation\Testing\Concerns\InteractsWithConsole.php:87
at vendor\laravel\framework\src\Illuminate\Foundation\Testing\RefreshDatabase.php:101
at vendor\laravel\framework\src\Illuminate\Foundation\Testing\RefreshDatabase.php:84
at vendor\laravel\framework\src\Illuminate\Foundation\Testing\RefreshDatabase.php:25
at vendor\laravel\framework\src\Illuminate\Foundation\Testing\Concerns\InteractsWithTestCaseLifecycle.php:207
at vendor\laravel\framework\src\Illuminate\Foundation\Testing\Concerns\InteractsWithTestCaseLifecycle.php:96
at vendor\laravel\framework\src\Illuminate\Foundation\Testing\TestCase.php:44
at tests\TestCase.php:23
Caused by
PDOException: could not find driver

at vendor\laravel\framework\src\Illuminate\Database\Connectors\Connector.php:66
at vendor\laravel\framework\src\Illuminate\Database\Connectors\Connector.php:44
at vendor\laravel\framework\src\Illuminate\Database\Connectors\SQLiteConnector.php:21
at vendor\laravel\framework\src\Illuminate\Database\Connectors\ConnectionFactory.php:223
at vendor\laravel\framework\src\Illuminate\Database\Connection.php:1228
at vendor\laravel\framework\src\Illuminate\Database\Connection.php:1264
at vendor\laravel\framework\src\Illuminate\Database\Connection.php:509
at vendor\laravel\framework\src\Illuminate\Database\Connection.php:404
at vendor\laravel\framework\src\Illuminate\Database\Connection.php:809
at vendor\laravel\framework\src\Illuminate\Database\Connection.php:776
at vendor\laravel\framework\src\Illuminate\Database\Connection.php:395
at vendor\laravel\framework\src\Illuminate\Database\Connection.php:341
at vendor\laravel\framework\src\Illuminate\Database\Connection.php:358
at vendor\laravel\framework\src\Illuminate\Database\Schema\Builder.php:174
at vendor\laravel\framework\src\Illuminate\Database\Migrations\DatabaseMigrationRepository.php:185
at vendor\laravel\framework\src\Illuminate\Database\Migrations\Migrator.php:749
at vendor\laravel\framework\src\Illuminate\Database\Console\Migrations\FreshCommand.php:67
at vendor\laravel\framework\src\Illuminate\Database\Migrations\Migrator.php:665
at vendor\laravel\framework\src\Illuminate\Database\Console\Migrations\FreshCommand.php:66
at vendor\laravel\framework\src\Illuminate\Container\BoundMethod.php:36
at vendor\laravel\framework\src\Illuminate\Container\Util.php:43
at vendor\laravel\framework\src\Illuminate\Container\BoundMethod.php:96
at vendor\laravel\framework\src\Illuminate\Container\BoundMethod.php:35
at vendor\laravel\framework\src\Illuminate\Container\Container.php:754
at vendor\laravel\framework\src\Illuminate\Console\Command.php:211
at vendor\symfony\console\Command\Command.php:318
at vendor\laravel\framework\src\Illuminate\Console\Command.php:180
at vendor\symfony\console\Application.php:1074
at vendor\symfony\console\Application.php:341
at vendor\symfony\console\Application.php:192
at vendor\laravel\framework\src\Illuminate\Console\Application.php:165
at vendor\laravel\framework\src\Illuminate\Foundation\Console\Kernel.php:426
at vendor\laravel\framework\src\Illuminate\Testing\PendingCommand.php:330
at vendor\laravel\framework\src\Illuminate\Testing\PendingCommand.php:533
at vendor\laravel\framework\src\Illuminate\Foundation\Testing\Concerns\InteractsWithConsole.php:87
at vendor\laravel\framework\src\Illuminate\Foundation\Testing\RefreshDatabase.php:101
at vendor\laravel\framework\src\Illuminate\Foundation\Testing\RefreshDatabase.php:84
at vendor\laravel\framework\src\Illuminate\Foundation\Testing\RefreshDatabase.php:25
at vendor\laravel\framework\src\Illuminate\Foundation\Testing\Concerns\InteractsWithTestCaseLifecycle.php:207
at vendor\laravel\framework\src\Illuminate\Foundation\Testing\Concerns\InteractsWithTestCaseLifecycle.php:96
at vendor\laravel\framework\src\Illuminate\Foundation\Testing\TestCase.php:44
at tests\TestCase.php:23</error>
        </testcase>
      </testsuite>
    </testsuite>
  </testsuite>
</testsuites>
