<?xml version="1.0" encoding="UTF-8"?>
<testsuites>
  <testsuite name="D:\DevCenter\abuilds\alumate\phpunit.xml" tests="7" assertions="0" errors="7" failures="0" skipped="0" time="0.000000">
    <testsuite name="Feature" tests="7" assertions="0" errors="7" failures="0" skipped="0" time="0.000000">
      <testsuite name="Tests\Feature\DonationProcessingTest" file="Donation Processing (Tests\Feature\DonationProcessing)" tests="7" assertions="0" errors="7" failures="0" skipped="0" time="0.000000">
        <testcase name="Can process one time donation" file="Donation Processing (Tests\Feature\DonationProcessing)::Can process one time donation" class="Tests\Feature\DonationProcessingTest" classname="Tests.Feature.DonationProcessingTest" assertions="0" time="0.000000">
          <error type="Illuminate\Database\QueryException">Can process one time donationIlluminate\Database\QueryException: could not find driver (Connection: sqlite, SQL: select exists (select 1 from "main".sqlite_master where name = 'migrations' and type = 'table') as "exists")&#13;
at vendor\laravel\framework\src\Illuminate\Database\Connectors\Connector.php:66
at vendor\laravel\framework\src\Illuminate\Database\Connectors\Connector.php:44
at vendor\laravel\framework\src\Illuminate\Database\Connectors\SQLiteConnector.php:21
at vendor\laravel\framework\src\Illuminate\Database\Connectors\ConnectionFactory.php:223
at vendor\laravel\framework\src\Illuminate\Database\Connection.php:1228
at vendor\laravel\framework\src\Illuminate\Database\Connection.php:1264
at vendor\laravel\framework\src\Illuminate\Database\Connection.php:509
at vendor\laravel\framework\src\Illuminate\Database\Connection.php:404
at vendor\laravel\framework\src\Illuminate\Database\Connection.php:809
at vendor\laravel\framework\src\Illuminate\Database\Connection.php:776
at vendor\laravel\framework\src\Illuminate\Database\Connection.php:395
at vendor\laravel\framework\src\Illuminate\Database\Connection.php:341
at vendor\laravel\framework\src\Illuminate\Database\Connection.php:358
at vendor\laravel\framework\src\Illuminate\Database\Schema\Builder.php:174
at vendor\laravel\framework\src\Illuminate\Database\Migrations\DatabaseMigrationRepository.php:185
at vendor\laravel\framework\src\Illuminate\Database\Migrations\Migrator.php:749
at vendor\laravel\framework\src\Illuminate\Database\Console\Migrations\FreshCommand.php:67
at vendor\laravel\framework\src\Illuminate\Database\Migrations\Migrator.php:665
at vendor\laravel\framework\src\Illuminate\Database\Console\Migrations\FreshCommand.php:66
at vendor\laravel\framework\src\Illuminate\Container\BoundMethod.php:36
at vendor\laravel\framework\src\Illuminate\Container\Util.php:43
at vendor\laravel\framework\src\Illuminate\Container\BoundMethod.php:96
at vendor\laravel\framework\src\Illuminate\Container\BoundMethod.php:35
at vendor\laravel\framework\src\Illuminate\Container\Container.php:754
at vendor\laravel\framework\src\Illuminate\Console\Command.php:211
at vendor\symfony\console\Command\Command.php:318
at vendor\laravel\framework\src\Illuminate\Console\Command.php:180
at vendor\symfony\console\Application.php:1074
at vendor\symfony\console\Application.php:341
at vendor\symfony\console\Application.php:192
at vendor\laravel\framework\src\Illuminate\Console\Application.php:165
at vendor\laravel\framework\src\Illuminate\Foundation\Console\Kernel.php:426
at vendor\laravel\framework\src\Illuminate\Testing\PendingCommand.php:330
at vendor\laravel\framework\src\Illuminate\Testing\PendingCommand.php:533
at vendor\laravel\framework\src\Illuminate\Foundation\Testing\Concerns\InteractsWithConsole.php:87
at vendor\laravel\framework\src\Illuminate\Foundation\Testing\RefreshDatabase.php:101
at vendor\laravel\framework\src\Illuminate\Foundation\Testing\RefreshDatabase.php:84
at vendor\laravel\framework\src\Illuminate\Foundation\Testing\RefreshDatabase.php:25
at vendor\laravel\framework\src\Illuminate\Foundation\Testing\Concerns\InteractsWithTestCaseLifecycle.php:207
at vendor\laravel\framework\src\Illuminate\Foundation\Testing\Concerns\InteractsWithTestCaseLifecycle.php:96
at vendor\laravel\framework\src\Illuminate\Foundation\Testing\TestCase.php:44
at tests\TestCase.php:23
at tests\Feature\DonationProcessingTest.php:24
Caused by
PDOException: could not find driver

at vendor\laravel\framework\src\Illuminate\Database\Connectors\Connector.php:66
at vendor\laravel\framework\src\Illuminate\Database\Connectors\Connector.php:44
at vendor\laravel\framework\src\Illuminate\Database\Connectors\SQLiteConnector.php:21
at vendor\laravel\framework\src\Illuminate\Database\Connectors\ConnectionFactory.php:223
at vendor\laravel\framework\src\Illuminate\Database\Connection.php:1228
at vendor\laravel\framework\src\Illuminate\Database\Connection.php:1264
at vendor\laravel\framework\src\Illuminate\Database\Connection.php:509
at vendor\laravel\framework\src\Illuminate\Database\Connection.php:404
at vendor\laravel\framework\src\Illuminate\Database\Connection.php:809
at vendor\laravel\framework\src\Illuminate\Database\Connection.php:776
at vendor\laravel\framework\src\Illuminate\Database\Connection.php:395
at vendor\laravel\framework\src\Illuminate\Database\Connection.php:341
at vendor\laravel\framework\src\Illuminate\Database\Connection.php:358
at vendor\laravel\framework\src\Illuminate\Database\Schema\Builder.php:174
at vendor\laravel\framework\src\Illuminate\Database\Migrations\DatabaseMigrationRepository.php:185
at vendor\laravel\framework\src\Illuminate\Database\Migrations\Migrator.php:749
at vendor\laravel\framework\src\Illuminate\Database\Console\Migrations\FreshCommand.php:67
at vendor\laravel\framework\src\Illuminate\Database\Migrations\Migrator.php:665
at vendor\laravel\framework\src\Illuminate\Database\Console\Migrations\FreshCommand.php:66
at vendor\laravel\framework\src\Illuminate\Container\BoundMethod.php:36
at vendor\laravel\framework\src\Illuminate\Container\Util.php:43
at vendor\laravel\framework\src\Illuminate\Container\BoundMethod.php:96
at vendor\laravel\framework\src\Illuminate\Container\BoundMethod.php:35
at vendor\laravel\framework\src\Illuminate\Container\Container.php:754
at vendor\laravel\framework\src\Illuminate\Console\Command.php:211
at vendor\symfony\console\Command\Command.php:318
at vendor\laravel\framework\src\Illuminate\Console\Command.php:180
at vendor\symfony\console\Application.php:1074
at vendor\symfony\console\Application.php:341
at vendor\symfony\console\Application.php:192
at vendor\laravel\framework\src\Illuminate\Console\Application.php:165
at vendor\laravel\framework\src\Illuminate\Foundation\Console\Kernel.php:426
at vendor\laravel\framework\src\Illuminate\Testing\PendingCommand.php:330
at vendor\laravel\framework\src\Illuminate\Testing\PendingCommand.php:533
at vendor\laravel\framework\src\Illuminate\Foundation\Testing\Concerns\InteractsWithConsole.php:87
at vendor\laravel\framework\src\Illuminate\Foundation\Testing\RefreshDatabase.php:101
at vendor\laravel\framework\src\Illuminate\Foundation\Testing\RefreshDatabase.php:84
at vendor\laravel\framework\src\Illuminate\Foundation\Testing\RefreshDatabase.php:25
at vendor\laravel\framework\src\Illuminate\Foundation\Testing\Concerns\InteractsWithTestCaseLifecycle.php:207
at vendor\laravel\framework\src\Illuminate\Foundation\Testing\Concerns\InteractsWithTestCaseLifecycle.php:96
at vendor\laravel\framework\src\Illuminate\Foundation\Testing\TestCase.php:44
at tests\TestCase.php:23
at tests\Feature\DonationProcessingTest.php:24</error>
        </testcase>
        <testcase name="Can setup recurring donation" file="Donation Processing (Tests\Feature\DonationProcessing)::Can setup recurring donation" class="Tests\Feature\DonationProcessingTest" classname="Tests.Feature.DonationProcessingTest" assertions="0" time="0.000000">
          <error type="Illuminate\Database\QueryException">Can setup recurring donationIlluminate\Database\QueryException: could not find driver (Connection: sqlite, SQL: select exists (select 1 from "main".sqlite_master where name = 'migrations' and type = 'table') as "exists")&#13;
at vendor\laravel\framework\src\Illuminate\Database\Connectors\Connector.php:66
at vendor\laravel\framework\src\Illuminate\Database\Connectors\Connector.php:44
at vendor\laravel\framework\src\Illuminate\Database\Connectors\SQLiteConnector.php:21
at vendor\laravel\framework\src\Illuminate\Database\Connectors\ConnectionFactory.php:223
at vendor\laravel\framework\src\Illuminate\Database\Connection.php:1228
at vendor\laravel\framework\src\Illuminate\Database\Connection.php:1264
at vendor\laravel\framework\src\Illuminate\Database\Connection.php:509
at vendor\laravel\framework\src\Illuminate\Database\Connection.php:404
at vendor\laravel\framework\src\Illuminate\Database\Connection.php:809
at vendor\laravel\framework\src\Illuminate\Database\Connection.php:776
at vendor\laravel\framework\src\Illuminate\Database\Connection.php:395
at vendor\laravel\framework\src\Illuminate\Database\Connection.php:341
at vendor\laravel\framework\src\Illuminate\Database\Connection.php:358
at vendor\laravel\framework\src\Illuminate\Database\Schema\Builder.php:174
at vendor\laravel\framework\src\Illuminate\Database\Migrations\DatabaseMigrationRepository.php:185
at vendor\laravel\framework\src\Illuminate\Database\Migrations\Migrator.php:749
at vendor\laravel\framework\src\Illuminate\Database\Console\Migrations\FreshCommand.php:67
at vendor\laravel\framework\src\Illuminate\Database\Migrations\Migrator.php:665
at vendor\laravel\framework\src\Illuminate\Database\Console\Migrations\FreshCommand.php:66
at vendor\laravel\framework\src\Illuminate\Container\BoundMethod.php:36
at vendor\laravel\framework\src\Illuminate\Container\Util.php:43
at vendor\laravel\framework\src\Illuminate\Container\BoundMethod.php:96
at vendor\laravel\framework\src\Illuminate\Container\BoundMethod.php:35
at vendor\laravel\framework\src\Illuminate\Container\Container.php:754
at vendor\laravel\framework\src\Illuminate\Console\Command.php:211
at vendor\symfony\console\Command\Command.php:318
at vendor\laravel\framework\src\Illuminate\Console\Command.php:180
at vendor\symfony\console\Application.php:1074
at vendor\symfony\console\Application.php:341
at vendor\symfony\console\Application.php:192
at vendor\laravel\framework\src\Illuminate\Console\Application.php:165
at vendor\laravel\framework\src\Illuminate\Foundation\Console\Kernel.php:426
at vendor\laravel\framework\src\Illuminate\Testing\PendingCommand.php:330
at vendor\laravel\framework\src\Illuminate\Testing\PendingCommand.php:533
at vendor\laravel\framework\src\Illuminate\Foundation\Testing\Concerns\InteractsWithConsole.php:87
at vendor\laravel\framework\src\Illuminate\Foundation\Testing\RefreshDatabase.php:101
at vendor\laravel\framework\src\Illuminate\Foundation\Testing\RefreshDatabase.php:84
at vendor\laravel\framework\src\Illuminate\Foundation\Testing\RefreshDatabase.php:25
at vendor\laravel\framework\src\Illuminate\Foundation\Testing\Concerns\InteractsWithTestCaseLifecycle.php:207
at vendor\laravel\framework\src\Illuminate\Foundation\Testing\Concerns\InteractsWithTestCaseLifecycle.php:96
at vendor\laravel\framework\src\Illuminate\Foundation\Testing\TestCase.php:44
at tests\TestCase.php:23
at tests\Feature\DonationProcessingTest.php:24
Caused by
PDOException: could not find driver

at vendor\laravel\framework\src\Illuminate\Database\Connectors\Connector.php:66
at vendor\laravel\framework\src\Illuminate\Database\Connectors\Connector.php:44
at vendor\laravel\framework\src\Illuminate\Database\Connectors\SQLiteConnector.php:21
at vendor\laravel\framework\src\Illuminate\Database\Connectors\ConnectionFactory.php:223
at vendor\laravel\framework\src\Illuminate\Database\Connection.php:1228
at vendor\laravel\framework\src\Illuminate\Database\Connection.php:1264
at vendor\laravel\framework\src\Illuminate\Database\Connection.php:509
at vendor\laravel\framework\src\Illuminate\Database\Connection.php:404
at vendor\laravel\framework\src\Illuminate\Database\Connection.php:809
at vendor\laravel\framework\src\Illuminate\Database\Connection.php:776
at vendor\laravel\framework\src\Illuminate\Database\Connection.php:395
at vendor\laravel\framework\src\Illuminate\Database\Connection.php:341
at vendor\laravel\framework\src\Illuminate\Database\Connection.php:358
at vendor\laravel\framework\src\Illuminate\Database\Schema\Builder.php:174
at vendor\laravel\framework\src\Illuminate\Database\Migrations\DatabaseMigrationRepository.php:185
at vendor\laravel\framework\src\Illuminate\Database\Migrations\Migrator.php:749
at vendor\laravel\framework\src\Illuminate\Database\Console\Migrations\FreshCommand.php:67
at vendor\laravel\framework\src\Illuminate\Database\Migrations\Migrator.php:665
at vendor\laravel\framework\src\Illuminate\Database\Console\Migrations\FreshCommand.php:66
at vendor\laravel\framework\src\Illuminate\Container\BoundMethod.php:36
at vendor\laravel\framework\src\Illuminate\Container\Util.php:43
at vendor\laravel\framework\src\Illuminate\Container\BoundMethod.php:96
at vendor\laravel\framework\src\Illuminate\Container\BoundMethod.php:35
at vendor\laravel\framework\src\Illuminate\Container\Container.php:754
at vendor\laravel\framework\src\Illuminate\Console\Command.php:211
at vendor\symfony\console\Command\Command.php:318
at vendor\laravel\framework\src\Illuminate\Console\Command.php:180
at vendor\symfony\console\Application.php:1074
at vendor\symfony\console\Application.php:341
at vendor\symfony\console\Application.php:192
at vendor\laravel\framework\src\Illuminate\Console\Application.php:165
at vendor\laravel\framework\src\Illuminate\Foundation\Console\Kernel.php:426
at vendor\laravel\framework\src\Illuminate\Testing\PendingCommand.php:330
at vendor\laravel\framework\src\Illuminate\Testing\PendingCommand.php:533
at vendor\laravel\framework\src\Illuminate\Foundation\Testing\Concerns\InteractsWithConsole.php:87
at vendor\laravel\framework\src\Illuminate\Foundation\Testing\RefreshDatabase.php:101
at vendor\laravel\framework\src\Illuminate\Foundation\Testing\RefreshDatabase.php:84
at vendor\laravel\framework\src\Illuminate\Foundation\Testing\RefreshDatabase.php:25
at vendor\laravel\framework\src\Illuminate\Foundation\Testing\Concerns\InteractsWithTestCaseLifecycle.php:207
at vendor\laravel\framework\src\Illuminate\Foundation\Testing\Concerns\InteractsWithTestCaseLifecycle.php:96
at vendor\laravel\framework\src\Illuminate\Foundation\Testing\TestCase.php:44
at tests\TestCase.php:23
at tests\Feature\DonationProcessingTest.php:24</error>
        </testcase>
        <testcase name="Can process recurring payment" file="Donation Processing (Tests\Feature\DonationProcessing)::Can process recurring payment" class="Tests\Feature\DonationProcessingTest" classname="Tests.Feature.DonationProcessingTest" assertions="0" time="0.000000">
          <error type="Illuminate\Database\QueryException">Can process recurring paymentIlluminate\Database\QueryException: could not find driver (Connection: sqlite, SQL: select exists (select 1 from "main".sqlite_master where name = 'migrations' and type = 'table') as "exists")&#13;
at vendor\laravel\framework\src\Illuminate\Database\Connectors\Connector.php:66
at vendor\laravel\framework\src\Illuminate\Database\Connectors\Connector.php:44
at vendor\laravel\framework\src\Illuminate\Database\Connectors\SQLiteConnector.php:21
at vendor\laravel\framework\src\Illuminate\Database\Connectors\ConnectionFactory.php:223
at vendor\laravel\framework\src\Illuminate\Database\Connection.php:1228
at vendor\laravel\framework\src\Illuminate\Database\Connection.php:1264
at vendor\laravel\framework\src\Illuminate\Database\Connection.php:509
at vendor\laravel\framework\src\Illuminate\Database\Connection.php:404
at vendor\laravel\framework\src\Illuminate\Database\Connection.php:809
at vendor\laravel\framework\src\Illuminate\Database\Connection.php:776
at vendor\laravel\framework\src\Illuminate\Database\Connection.php:395
at vendor\laravel\framework\src\Illuminate\Database\Connection.php:341
at vendor\laravel\framework\src\Illuminate\Database\Connection.php:358
at vendor\laravel\framework\src\Illuminate\Database\Schema\Builder.php:174
at vendor\laravel\framework\src\Illuminate\Database\Migrations\DatabaseMigrationRepository.php:185
at vendor\laravel\framework\src\Illuminate\Database\Migrations\Migrator.php:749
at vendor\laravel\framework\src\Illuminate\Database\Console\Migrations\FreshCommand.php:67
at vendor\laravel\framework\src\Illuminate\Database\Migrations\Migrator.php:665
at vendor\laravel\framework\src\Illuminate\Database\Console\Migrations\FreshCommand.php:66
at vendor\laravel\framework\src\Illuminate\Container\BoundMethod.php:36
at vendor\laravel\framework\src\Illuminate\Container\Util.php:43
at vendor\laravel\framework\src\Illuminate\Container\BoundMethod.php:96
at vendor\laravel\framework\src\Illuminate\Container\BoundMethod.php:35
at vendor\laravel\framework\src\Illuminate\Container\Container.php:754
at vendor\laravel\framework\src\Illuminate\Console\Command.php:211
at vendor\symfony\console\Command\Command.php:318
at vendor\laravel\framework\src\Illuminate\Console\Command.php:180
at vendor\symfony\console\Application.php:1074
at vendor\symfony\console\Application.php:341
at vendor\symfony\console\Application.php:192
at vendor\laravel\framework\src\Illuminate\Console\Application.php:165
at vendor\laravel\framework\src\Illuminate\Foundation\Console\Kernel.php:426
at vendor\laravel\framework\src\Illuminate\Testing\PendingCommand.php:330
at vendor\laravel\framework\src\Illuminate\Testing\PendingCommand.php:533
at vendor\laravel\framework\src\Illuminate\Foundation\Testing\Concerns\InteractsWithConsole.php:87
at vendor\laravel\framework\src\Illuminate\Foundation\Testing\RefreshDatabase.php:101
at vendor\laravel\framework\src\Illuminate\Foundation\Testing\RefreshDatabase.php:84
at vendor\laravel\framework\src\Illuminate\Foundation\Testing\RefreshDatabase.php:25
at vendor\laravel\framework\src\Illuminate\Foundation\Testing\Concerns\InteractsWithTestCaseLifecycle.php:207
at vendor\laravel\framework\src\Illuminate\Foundation\Testing\Concerns\InteractsWithTestCaseLifecycle.php:96
at vendor\laravel\framework\src\Illuminate\Foundation\Testing\TestCase.php:44
at tests\TestCase.php:23
at tests\Feature\DonationProcessingTest.php:24
Caused by
PDOException: could not find driver

at vendor\laravel\framework\src\Illuminate\Database\Connectors\Connector.php:66
at vendor\laravel\framework\src\Illuminate\Database\Connectors\Connector.php:44
at vendor\laravel\framework\src\Illuminate\Database\Connectors\SQLiteConnector.php:21
at vendor\laravel\framework\src\Illuminate\Database\Connectors\ConnectionFactory.php:223
at vendor\laravel\framework\src\Illuminate\Database\Connection.php:1228
at vendor\laravel\framework\src\Illuminate\Database\Connection.php:1264
at vendor\laravel\framework\src\Illuminate\Database\Connection.php:509
at vendor\laravel\framework\src\Illuminate\Database\Connection.php:404
at vendor\laravel\framework\src\Illuminate\Database\Connection.php:809
at vendor\laravel\framework\src\Illuminate\Database\Connection.php:776
at vendor\laravel\framework\src\Illuminate\Database\Connection.php:395
at vendor\laravel\framework\src\Illuminate\Database\Connection.php:341
at vendor\laravel\framework\src\Illuminate\Database\Connection.php:358
at vendor\laravel\framework\src\Illuminate\Database\Schema\Builder.php:174
at vendor\laravel\framework\src\Illuminate\Database\Migrations\DatabaseMigrationRepository.php:185
at vendor\laravel\framework\src\Illuminate\Database\Migrations\Migrator.php:749
at vendor\laravel\framework\src\Illuminate\Database\Console\Migrations\FreshCommand.php:67
at vendor\laravel\framework\src\Illuminate\Database\Migrations\Migrator.php:665
at vendor\laravel\framework\src\Illuminate\Database\Console\Migrations\FreshCommand.php:66
at vendor\laravel\framework\src\Illuminate\Container\BoundMethod.php:36
at vendor\laravel\framework\src\Illuminate\Container\Util.php:43
at vendor\laravel\framework\src\Illuminate\Container\BoundMethod.php:96
at vendor\laravel\framework\src\Illuminate\Container\BoundMethod.php:35
at vendor\laravel\framework\src\Illuminate\Container\Container.php:754
at vendor\laravel\framework\src\Illuminate\Console\Command.php:211
at vendor\symfony\console\Command\Command.php:318
at vendor\laravel\framework\src\Illuminate\Console\Command.php:180
at vendor\symfony\console\Application.php:1074
at vendor\symfony\console\Application.php:341
at vendor\symfony\console\Application.php:192
at vendor\laravel\framework\src\Illuminate\Console\Application.php:165
at vendor\laravel\framework\src\Illuminate\Foundation\Console\Kernel.php:426
at vendor\laravel\framework\src\Illuminate\Testing\PendingCommand.php:330
at vendor\laravel\framework\src\Illuminate\Testing\PendingCommand.php:533
at vendor\laravel\framework\src\Illuminate\Foundation\Testing\Concerns\InteractsWithConsole.php:87
at vendor\laravel\framework\src\Illuminate\Foundation\Testing\RefreshDatabase.php:101
at vendor\laravel\framework\src\Illuminate\Foundation\Testing\RefreshDatabase.php:84
at vendor\laravel\framework\src\Illuminate\Foundation\Testing\RefreshDatabase.php:25
at vendor\laravel\framework\src\Illuminate\Foundation\Testing\Concerns\InteractsWithTestCaseLifecycle.php:207
at vendor\laravel\framework\src\Illuminate\Foundation\Testing\Concerns\InteractsWithTestCaseLifecycle.php:96
at vendor\laravel\framework\src\Illuminate\Foundation\Testing\TestCase.php:44
at tests\TestCase.php:23
at tests\Feature\DonationProcessingTest.php:24</error>
        </testcase>
        <testcase name="Can cancel recurring donation" file="Donation Processing (Tests\Feature\DonationProcessing)::Can cancel recurring donation" class="Tests\Feature\DonationProcessingTest" classname="Tests.Feature.DonationProcessingTest" assertions="0" time="0.000000">
          <error type="Illuminate\Database\QueryException">Can cancel recurring donationIlluminate\Database\QueryException: could not find driver (Connection: sqlite, SQL: select exists (select 1 from "main".sqlite_master where name = 'migrations' and type = 'table') as "exists")&#13;
at vendor\laravel\framework\src\Illuminate\Database\Connectors\Connector.php:66
at vendor\laravel\framework\src\Illuminate\Database\Connectors\Connector.php:44
at vendor\laravel\framework\src\Illuminate\Database\Connectors\SQLiteConnector.php:21
at vendor\laravel\framework\src\Illuminate\Database\Connectors\ConnectionFactory.php:223
at vendor\laravel\framework\src\Illuminate\Database\Connection.php:1228
at vendor\laravel\framework\src\Illuminate\Database\Connection.php:1264
at vendor\laravel\framework\src\Illuminate\Database\Connection.php:509
at vendor\laravel\framework\src\Illuminate\Database\Connection.php:404
at vendor\laravel\framework\src\Illuminate\Database\Connection.php:809
at vendor\laravel\framework\src\Illuminate\Database\Connection.php:776
at vendor\laravel\framework\src\Illuminate\Database\Connection.php:395
at vendor\laravel\framework\src\Illuminate\Database\Connection.php:341
at vendor\laravel\framework\src\Illuminate\Database\Connection.php:358
at vendor\laravel\framework\src\Illuminate\Database\Schema\Builder.php:174
at vendor\laravel\framework\src\Illuminate\Database\Migrations\DatabaseMigrationRepository.php:185
at vendor\laravel\framework\src\Illuminate\Database\Migrations\Migrator.php:749
at vendor\laravel\framework\src\Illuminate\Database\Console\Migrations\FreshCommand.php:67
at vendor\laravel\framework\src\Illuminate\Database\Migrations\Migrator.php:665
at vendor\laravel\framework\src\Illuminate\Database\Console\Migrations\FreshCommand.php:66
at vendor\laravel\framework\src\Illuminate\Container\BoundMethod.php:36
at vendor\laravel\framework\src\Illuminate\Container\Util.php:43
at vendor\laravel\framework\src\Illuminate\Container\BoundMethod.php:96
at vendor\laravel\framework\src\Illuminate\Container\BoundMethod.php:35
at vendor\laravel\framework\src\Illuminate\Container\Container.php:754
at vendor\laravel\framework\src\Illuminate\Console\Command.php:211
at vendor\symfony\console\Command\Command.php:318
at vendor\laravel\framework\src\Illuminate\Console\Command.php:180
at vendor\symfony\console\Application.php:1074
at vendor\symfony\console\Application.php:341
at vendor\symfony\console\Application.php:192
at vendor\laravel\framework\src\Illuminate\Console\Application.php:165
at vendor\laravel\framework\src\Illuminate\Foundation\Console\Kernel.php:426
at vendor\laravel\framework\src\Illuminate\Testing\PendingCommand.php:330
at vendor\laravel\framework\src\Illuminate\Testing\PendingCommand.php:533
at vendor\laravel\framework\src\Illuminate\Foundation\Testing\Concerns\InteractsWithConsole.php:87
at vendor\laravel\framework\src\Illuminate\Foundation\Testing\RefreshDatabase.php:101
at vendor\laravel\framework\src\Illuminate\Foundation\Testing\RefreshDatabase.php:84
at vendor\laravel\framework\src\Illuminate\Foundation\Testing\RefreshDatabase.php:25
at vendor\laravel\framework\src\Illuminate\Foundation\Testing\Concerns\InteractsWithTestCaseLifecycle.php:207
at vendor\laravel\framework\src\Illuminate\Foundation\Testing\Concerns\InteractsWithTestCaseLifecycle.php:96
at vendor\laravel\framework\src\Illuminate\Foundation\Testing\TestCase.php:44
at tests\TestCase.php:23
at tests\Feature\DonationProcessingTest.php:24
Caused by
PDOException: could not find driver

at vendor\laravel\framework\src\Illuminate\Database\Connectors\Connector.php:66
at vendor\laravel\framework\src\Illuminate\Database\Connectors\Connector.php:44
at vendor\laravel\framework\src\Illuminate\Database\Connectors\SQLiteConnector.php:21
at vendor\laravel\framework\src\Illuminate\Database\Connectors\ConnectionFactory.php:223
at vendor\laravel\framework\src\Illuminate\Database\Connection.php:1228
at vendor\laravel\framework\src\Illuminate\Database\Connection.php:1264
at vendor\laravel\framework\src\Illuminate\Database\Connection.php:509
at vendor\laravel\framework\src\Illuminate\Database\Connection.php:404
at vendor\laravel\framework\src\Illuminate\Database\Connection.php:809
at vendor\laravel\framework\src\Illuminate\Database\Connection.php:776
at vendor\laravel\framework\src\Illuminate\Database\Connection.php:395
at vendor\laravel\framework\src\Illuminate\Database\Connection.php:341
at vendor\laravel\framework\src\Illuminate\Database\Connection.php:358
at vendor\laravel\framework\src\Illuminate\Database\Schema\Builder.php:174
at vendor\laravel\framework\src\Illuminate\Database\Migrations\DatabaseMigrationRepository.php:185
at vendor\laravel\framework\src\Illuminate\Database\Migrations\Migrator.php:749
at vendor\laravel\framework\src\Illuminate\Database\Console\Migrations\FreshCommand.php:67
at vendor\laravel\framework\src\Illuminate\Database\Migrations\Migrator.php:665
at vendor\laravel\framework\src\Illuminate\Database\Console\Migrations\FreshCommand.php:66
at vendor\laravel\framework\src\Illuminate\Container\BoundMethod.php:36
at vendor\laravel\framework\src\Illuminate\Container\Util.php:43
at vendor\laravel\framework\src\Illuminate\Container\BoundMethod.php:96
at vendor\laravel\framework\src\Illuminate\Container\BoundMethod.php:35
at vendor\laravel\framework\src\Illuminate\Container\Container.php:754
at vendor\laravel\framework\src\Illuminate\Console\Command.php:211
at vendor\symfony\console\Command\Command.php:318
at vendor\laravel\framework\src\Illuminate\Console\Command.php:180
at vendor\symfony\console\Application.php:1074
at vendor\symfony\console\Application.php:341
at vendor\symfony\console\Application.php:192
at vendor\laravel\framework\src\Illuminate\Console\Application.php:165
at vendor\laravel\framework\src\Illuminate\Foundation\Console\Kernel.php:426
at vendor\laravel\framework\src\Illuminate\Testing\PendingCommand.php:330
at vendor\laravel\framework\src\Illuminate\Testing\PendingCommand.php:533
at vendor\laravel\framework\src\Illuminate\Foundation\Testing\Concerns\InteractsWithConsole.php:87
at vendor\laravel\framework\src\Illuminate\Foundation\Testing\RefreshDatabase.php:101
at vendor\laravel\framework\src\Illuminate\Foundation\Testing\RefreshDatabase.php:84
at vendor\laravel\framework\src\Illuminate\Foundation\Testing\RefreshDatabase.php:25
at vendor\laravel\framework\src\Illuminate\Foundation\Testing\Concerns\InteractsWithTestCaseLifecycle.php:207
at vendor\laravel\framework\src\Illuminate\Foundation\Testing\Concerns\InteractsWithTestCaseLifecycle.php:96
at vendor\laravel\framework\src\Illuminate\Foundation\Testing\TestCase.php:44
at tests\TestCase.php:23
at tests\Feature\DonationProcessingTest.php:24</error>
        </testcase>
        <testcase name="Can generate tax receipt" file="Donation Processing (Tests\Feature\DonationProcessing)::Can generate tax receipt" class="Tests\Feature\DonationProcessingTest" classname="Tests.Feature.DonationProcessingTest" assertions="0" time="0.000000">
          <error type="Illuminate\Database\QueryException">Can generate tax receiptIlluminate\Database\QueryException: could not find driver (Connection: sqlite, SQL: select exists (select 1 from "main".sqlite_master where name = 'migrations' and type = 'table') as "exists")&#13;
at vendor\laravel\framework\src\Illuminate\Database\Connectors\Connector.php:66
at vendor\laravel\framework\src\Illuminate\Database\Connectors\Connector.php:44
at vendor\laravel\framework\src\Illuminate\Database\Connectors\SQLiteConnector.php:21
at vendor\laravel\framework\src\Illuminate\Database\Connectors\ConnectionFactory.php:223
at vendor\laravel\framework\src\Illuminate\Database\Connection.php:1228
at vendor\laravel\framework\src\Illuminate\Database\Connection.php:1264
at vendor\laravel\framework\src\Illuminate\Database\Connection.php:509
at vendor\laravel\framework\src\Illuminate\Database\Connection.php:404
at vendor\laravel\framework\src\Illuminate\Database\Connection.php:809
at vendor\laravel\framework\src\Illuminate\Database\Connection.php:776
at vendor\laravel\framework\src\Illuminate\Database\Connection.php:395
at vendor\laravel\framework\src\Illuminate\Database\Connection.php:341
at vendor\laravel\framework\src\Illuminate\Database\Connection.php:358
at vendor\laravel\framework\src\Illuminate\Database\Schema\Builder.php:174
at vendor\laravel\framework\src\Illuminate\Database\Migrations\DatabaseMigrationRepository.php:185
at vendor\laravel\framework\src\Illuminate\Database\Migrations\Migrator.php:749
at vendor\laravel\framework\src\Illuminate\Database\Console\Migrations\FreshCommand.php:67
at vendor\laravel\framework\src\Illuminate\Database\Migrations\Migrator.php:665
at vendor\laravel\framework\src\Illuminate\Database\Console\Migrations\FreshCommand.php:66
at vendor\laravel\framework\src\Illuminate\Container\BoundMethod.php:36
at vendor\laravel\framework\src\Illuminate\Container\Util.php:43
at vendor\laravel\framework\src\Illuminate\Container\BoundMethod.php:96
at vendor\laravel\framework\src\Illuminate\Container\BoundMethod.php:35
at vendor\laravel\framework\src\Illuminate\Container\Container.php:754
at vendor\laravel\framework\src\Illuminate\Console\Command.php:211
at vendor\symfony\console\Command\Command.php:318
at vendor\laravel\framework\src\Illuminate\Console\Command.php:180
at vendor\symfony\console\Application.php:1074
at vendor\symfony\console\Application.php:341
at vendor\symfony\console\Application.php:192
at vendor\laravel\framework\src\Illuminate\Console\Application.php:165
at vendor\laravel\framework\src\Illuminate\Foundation\Console\Kernel.php:426
at vendor\laravel\framework\src\Illuminate\Testing\PendingCommand.php:330
at vendor\laravel\framework\src\Illuminate\Testing\PendingCommand.php:533
at vendor\laravel\framework\src\Illuminate\Foundation\Testing\Concerns\InteractsWithConsole.php:87
at vendor\laravel\framework\src\Illuminate\Foundation\Testing\RefreshDatabase.php:101
at vendor\laravel\framework\src\Illuminate\Foundation\Testing\RefreshDatabase.php:84
at vendor\laravel\framework\src\Illuminate\Foundation\Testing\RefreshDatabase.php:25
at vendor\laravel\framework\src\Illuminate\Foundation\Testing\Concerns\InteractsWithTestCaseLifecycle.php:207
at vendor\laravel\framework\src\Illuminate\Foundation\Testing\Concerns\InteractsWithTestCaseLifecycle.php:96
at vendor\laravel\framework\src\Illuminate\Foundation\Testing\TestCase.php:44
at tests\TestCase.php:23
at tests\Feature\DonationProcessingTest.php:24
Caused by
PDOException: could not find driver

at vendor\laravel\framework\src\Illuminate\Database\Connectors\Connector.php:66
at vendor\laravel\framework\src\Illuminate\Database\Connectors\Connector.php:44
at vendor\laravel\framework\src\Illuminate\Database\Connectors\SQLiteConnector.php:21
at vendor\laravel\framework\src\Illuminate\Database\Connectors\ConnectionFactory.php:223
at vendor\laravel\framework\src\Illuminate\Database\Connection.php:1228
at vendor\laravel\framework\src\Illuminate\Database\Connection.php:1264
at vendor\laravel\framework\src\Illuminate\Database\Connection.php:509
at vendor\laravel\framework\src\Illuminate\Database\Connection.php:404
at vendor\laravel\framework\src\Illuminate\Database\Connection.php:809
at vendor\laravel\framework\src\Illuminate\Database\Connection.php:776
at vendor\laravel\framework\src\Illuminate\Database\Connection.php:395
at vendor\laravel\framework\src\Illuminate\Database\Connection.php:341
at vendor\laravel\framework\src\Illuminate\Database\Connection.php:358
at vendor\laravel\framework\src\Illuminate\Database\Schema\Builder.php:174
at vendor\laravel\framework\src\Illuminate\Database\Migrations\DatabaseMigrationRepository.php:185
at vendor\laravel\framework\src\Illuminate\Database\Migrations\Migrator.php:749
at vendor\laravel\framework\src\Illuminate\Database\Console\Migrations\FreshCommand.php:67
at vendor\laravel\framework\src\Illuminate\Database\Migrations\Migrator.php:665
at vendor\laravel\framework\src\Illuminate\Database\Console\Migrations\FreshCommand.php:66
at vendor\laravel\framework\src\Illuminate\Container\BoundMethod.php:36
at vendor\laravel\framework\src\Illuminate\Container\Util.php:43
at vendor\laravel\framework\src\Illuminate\Container\BoundMethod.php:96
at vendor\laravel\framework\src\Illuminate\Container\BoundMethod.php:35
at vendor\laravel\framework\src\Illuminate\Container\Container.php:754
at vendor\laravel\framework\src\Illuminate\Console\Command.php:211
at vendor\symfony\console\Command\Command.php:318
at vendor\laravel\framework\src\Illuminate\Console\Command.php:180
at vendor\symfony\console\Application.php:1074
at vendor\symfony\console\Application.php:341
at vendor\symfony\console\Application.php:192
at vendor\laravel\framework\src\Illuminate\Console\Application.php:165
at vendor\laravel\framework\src\Illuminate\Foundation\Console\Kernel.php:426
at vendor\laravel\framework\src\Illuminate\Testing\PendingCommand.php:330
at vendor\laravel\framework\src\Illuminate\Testing\PendingCommand.php:533
at vendor\laravel\framework\src\Illuminate\Foundation\Testing\Concerns\InteractsWithConsole.php:87
at vendor\laravel\framework\src\Illuminate\Foundation\Testing\RefreshDatabase.php:101
at vendor\laravel\framework\src\Illuminate\Foundation\Testing\RefreshDatabase.php:84
at vendor\laravel\framework\src\Illuminate\Foundation\Testing\RefreshDatabase.php:25
at vendor\laravel\framework\src\Illuminate\Foundation\Testing\Concerns\InteractsWithTestCaseLifecycle.php:207
at vendor\laravel\framework\src\Illuminate\Foundation\Testing\Concerns\InteractsWithTestCaseLifecycle.php:96
at vendor\laravel\framework\src\Illuminate\Foundation\Testing\TestCase.php:44
at tests\TestCase.php:23
at tests\Feature\DonationProcessingTest.php:24</error>
        </testcase>
        <testcase name="Cannot generate duplicate tax receipt" file="Donation Processing (Tests\Feature\DonationProcessing)::Cannot generate duplicate tax receipt" class="Tests\Feature\DonationProcessingTest" classname="Tests.Feature.DonationProcessingTest" assertions="0" time="0.000000">
          <error type="Illuminate\Database\QueryException">Cannot generate duplicate tax receiptIlluminate\Database\QueryException: could not find driver (Connection: sqlite, SQL: select exists (select 1 from "main".sqlite_master where name = 'migrations' and type = 'table') as "exists")&#13;
at vendor\laravel\framework\src\Illuminate\Database\Connectors\Connector.php:66
at vendor\laravel\framework\src\Illuminate\Database\Connectors\Connector.php:44
at vendor\laravel\framework\src\Illuminate\Database\Connectors\SQLiteConnector.php:21
at vendor\laravel\framework\src\Illuminate\Database\Connectors\ConnectionFactory.php:223
at vendor\laravel\framework\src\Illuminate\Database\Connection.php:1228
at vendor\laravel\framework\src\Illuminate\Database\Connection.php:1264
at vendor\laravel\framework\src\Illuminate\Database\Connection.php:509
at vendor\laravel\framework\src\Illuminate\Database\Connection.php:404
at vendor\laravel\framework\src\Illuminate\Database\Connection.php:809
at vendor\laravel\framework\src\Illuminate\Database\Connection.php:776
at vendor\laravel\framework\src\Illuminate\Database\Connection.php:395
at vendor\laravel\framework\src\Illuminate\Database\Connection.php:341
at vendor\laravel\framework\src\Illuminate\Database\Connection.php:358
at vendor\laravel\framework\src\Illuminate\Database\Schema\Builder.php:174
at vendor\laravel\framework\src\Illuminate\Database\Migrations\DatabaseMigrationRepository.php:185
at vendor\laravel\framework\src\Illuminate\Database\Migrations\Migrator.php:749
at vendor\laravel\framework\src\Illuminate\Database\Console\Migrations\FreshCommand.php:67
at vendor\laravel\framework\src\Illuminate\Database\Migrations\Migrator.php:665
at vendor\laravel\framework\src\Illuminate\Database\Console\Migrations\FreshCommand.php:66
at vendor\laravel\framework\src\Illuminate\Container\BoundMethod.php:36
at vendor\laravel\framework\src\Illuminate\Container\Util.php:43
at vendor\laravel\framework\src\Illuminate\Container\BoundMethod.php:96
at vendor\laravel\framework\src\Illuminate\Container\BoundMethod.php:35
at vendor\laravel\framework\src\Illuminate\Container\Container.php:754
at vendor\laravel\framework\src\Illuminate\Console\Command.php:211
at vendor\symfony\console\Command\Command.php:318
at vendor\laravel\framework\src\Illuminate\Console\Command.php:180
at vendor\symfony\console\Application.php:1074
at vendor\symfony\console\Application.php:341
at vendor\symfony\console\Application.php:192
at vendor\laravel\framework\src\Illuminate\Console\Application.php:165
at vendor\laravel\framework\src\Illuminate\Foundation\Console\Kernel.php:426
at vendor\laravel\framework\src\Illuminate\Testing\PendingCommand.php:330
at vendor\laravel\framework\src\Illuminate\Testing\PendingCommand.php:533
at vendor\laravel\framework\src\Illuminate\Foundation\Testing\Concerns\InteractsWithConsole.php:87
at vendor\laravel\framework\src\Illuminate\Foundation\Testing\RefreshDatabase.php:101
at vendor\laravel\framework\src\Illuminate\Foundation\Testing\RefreshDatabase.php:84
at vendor\laravel\framework\src\Illuminate\Foundation\Testing\RefreshDatabase.php:25
at vendor\laravel\framework\src\Illuminate\Foundation\Testing\Concerns\InteractsWithTestCaseLifecycle.php:207
at vendor\laravel\framework\src\Illuminate\Foundation\Testing\Concerns\InteractsWithTestCaseLifecycle.php:96
at vendor\laravel\framework\src\Illuminate\Foundation\Testing\TestCase.php:44
at tests\TestCase.php:23
at tests\Feature\DonationProcessingTest.php:24
Caused by
PDOException: could not find driver

at vendor\laravel\framework\src\Illuminate\Database\Connectors\Connector.php:66
at vendor\laravel\framework\src\Illuminate\Database\Connectors\Connector.php:44
at vendor\laravel\framework\src\Illuminate\Database\Connectors\SQLiteConnector.php:21
at vendor\laravel\framework\src\Illuminate\Database\Connectors\ConnectionFactory.php:223
at vendor\laravel\framework\src\Illuminate\Database\Connection.php:1228
at vendor\laravel\framework\src\Illuminate\Database\Connection.php:1264
at vendor\laravel\framework\src\Illuminate\Database\Connection.php:509
at vendor\laravel\framework\src\Illuminate\Database\Connection.php:404
at vendor\laravel\framework\src\Illuminate\Database\Connection.php:809
at vendor\laravel\framework\src\Illuminate\Database\Connection.php:776
at vendor\laravel\framework\src\Illuminate\Database\Connection.php:395
at vendor\laravel\framework\src\Illuminate\Database\Connection.php:341
at vendor\laravel\framework\src\Illuminate\Database\Connection.php:358
at vendor\laravel\framework\src\Illuminate\Database\Schema\Builder.php:174
at vendor\laravel\framework\src\Illuminate\Database\Migrations\DatabaseMigrationRepository.php:185
at vendor\laravel\framework\src\Illuminate\Database\Migrations\Migrator.php:749
at vendor\laravel\framework\src\Illuminate\Database\Console\Migrations\FreshCommand.php:67
at vendor\laravel\framework\src\Illuminate\Database\Migrations\Migrator.php:665
at vendor\laravel\framework\src\Illuminate\Database\Console\Migrations\FreshCommand.php:66
at vendor\laravel\framework\src\Illuminate\Container\BoundMethod.php:36
at vendor\laravel\framework\src\Illuminate\Container\Util.php:43
at vendor\laravel\framework\src\Illuminate\Container\BoundMethod.php:96
at vendor\laravel\framework\src\Illuminate\Container\BoundMethod.php:35
at vendor\laravel\framework\src\Illuminate\Container\Container.php:754
at vendor\laravel\framework\src\Illuminate\Console\Command.php:211
at vendor\symfony\console\Command\Command.php:318
at vendor\laravel\framework\src\Illuminate\Console\Command.php:180
at vendor\symfony\console\Application.php:1074
at vendor\symfony\console\Application.php:341
at vendor\symfony\console\Application.php:192
at vendor\laravel\framework\src\Illuminate\Console\Application.php:165
at vendor\laravel\framework\src\Illuminate\Foundation\Console\Kernel.php:426
at vendor\laravel\framework\src\Illuminate\Testing\PendingCommand.php:330
at vendor\laravel\framework\src\Illuminate\Testing\PendingCommand.php:533
at vendor\laravel\framework\src\Illuminate\Foundation\Testing\Concerns\InteractsWithConsole.php:87
at vendor\laravel\framework\src\Illuminate\Foundation\Testing\RefreshDatabase.php:101
at vendor\laravel\framework\src\Illuminate\Foundation\Testing\RefreshDatabase.php:84
at vendor\laravel\framework\src\Illuminate\Foundation\Testing\RefreshDatabase.php:25
at vendor\laravel\framework\src\Illuminate\Foundation\Testing\Concerns\InteractsWithTestCaseLifecycle.php:207
at vendor\laravel\framework\src\Illuminate\Foundation\Testing\Concerns\InteractsWithTestCaseLifecycle.php:96
at vendor\laravel\framework\src\Illuminate\Foundation\Testing\TestCase.php:44
at tests\TestCase.php:23
at tests\Feature\DonationProcessingTest.php:24</error>
        </testcase>
        <testcase name="Can refund donation" file="Donation Processing (Tests\Feature\DonationProcessing)::Can refund donation" class="Tests\Feature\DonationProcessingTest" classname="Tests.Feature.DonationProcessingTest" assertions="0" time="0.000000">
          <error type="Illuminate\Database\QueryException">Can refund donationIlluminate\Database\QueryException: could not find driver (Connection: sqlite, SQL: select exists (select 1 from "main".sqlite_master where name = 'migrations' and type = 'table') as "exists")&#13;
at vendor\laravel\framework\src\Illuminate\Database\Connectors\Connector.php:66
at vendor\laravel\framework\src\Illuminate\Database\Connectors\Connector.php:44
at vendor\laravel\framework\src\Illuminate\Database\Connectors\SQLiteConnector.php:21
at vendor\laravel\framework\src\Illuminate\Database\Connectors\ConnectionFactory.php:223
at vendor\laravel\framework\src\Illuminate\Database\Connection.php:1228
at vendor\laravel\framework\src\Illuminate\Database\Connection.php:1264
at vendor\laravel\framework\src\Illuminate\Database\Connection.php:509
at vendor\laravel\framework\src\Illuminate\Database\Connection.php:404
at vendor\laravel\framework\src\Illuminate\Database\Connection.php:809
at vendor\laravel\framework\src\Illuminate\Database\Connection.php:776
at vendor\laravel\framework\src\Illuminate\Database\Connection.php:395
at vendor\laravel\framework\src\Illuminate\Database\Connection.php:341
at vendor\laravel\framework\src\Illuminate\Database\Connection.php:358
at vendor\laravel\framework\src\Illuminate\Database\Schema\Builder.php:174
at vendor\laravel\framework\src\Illuminate\Database\Migrations\DatabaseMigrationRepository.php:185
at vendor\laravel\framework\src\Illuminate\Database\Migrations\Migrator.php:749
at vendor\laravel\framework\src\Illuminate\Database\Console\Migrations\FreshCommand.php:67
at vendor\laravel\framework\src\Illuminate\Database\Migrations\Migrator.php:665
at vendor\laravel\framework\src\Illuminate\Database\Console\Migrations\FreshCommand.php:66
at vendor\laravel\framework\src\Illuminate\Container\BoundMethod.php:36
at vendor\laravel\framework\src\Illuminate\Container\Util.php:43
at vendor\laravel\framework\src\Illuminate\Container\BoundMethod.php:96
at vendor\laravel\framework\src\Illuminate\Container\BoundMethod.php:35
at vendor\laravel\framework\src\Illuminate\Container\Container.php:754
at vendor\laravel\framework\src\Illuminate\Console\Command.php:211
at vendor\symfony\console\Command\Command.php:318
at vendor\laravel\framework\src\Illuminate\Console\Command.php:180
at vendor\symfony\console\Application.php:1074
at vendor\symfony\console\Application.php:341
at vendor\symfony\console\Application.php:192
at vendor\laravel\framework\src\Illuminate\Console\Application.php:165
at vendor\laravel\framework\src\Illuminate\Foundation\Console\Kernel.php:426
at vendor\laravel\framework\src\Illuminate\Testing\PendingCommand.php:330
at vendor\laravel\framework\src\Illuminate\Testing\PendingCommand.php:533
at vendor\laravel\framework\src\Illuminate\Foundation\Testing\Concerns\InteractsWithConsole.php:87
at vendor\laravel\framework\src\Illuminate\Foundation\Testing\RefreshDatabase.php:101
at vendor\laravel\framework\src\Illuminate\Foundation\Testing\RefreshDatabase.php:84
at vendor\laravel\framework\src\Illuminate\Foundation\Testing\RefreshDatabase.php:25
at vendor\laravel\framework\src\Illuminate\Foundation\Testing\Concerns\InteractsWithTestCaseLifecycle.php:207
at vendor\laravel\framework\src\Illuminate\Foundation\Testing\Concerns\InteractsWithTestCaseLifecycle.php:96
at vendor\laravel\framework\src\Illuminate\Foundation\Testing\TestCase.php:44
at tests\TestCase.php:23
at tests\Feature\DonationProcessingTest.php:24
Caused by
PDOException: could not find driver

at vendor\laravel\framework\src\Illuminate\Database\Connectors\Connector.php:66
at vendor\laravel\framework\src\Illuminate\Database\Connectors\Connector.php:44
at vendor\laravel\framework\src\Illuminate\Database\Connectors\SQLiteConnector.php:21
at vendor\laravel\framework\src\Illuminate\Database\Connectors\ConnectionFactory.php:223
at vendor\laravel\framework\src\Illuminate\Database\Connection.php:1228
at vendor\laravel\framework\src\Illuminate\Database\Connection.php:1264
at vendor\laravel\framework\src\Illuminate\Database\Connection.php:509
at vendor\laravel\framework\src\Illuminate\Database\Connection.php:404
at vendor\laravel\framework\src\Illuminate\Database\Connection.php:809
at vendor\laravel\framework\src\Illuminate\Database\Connection.php:776
at vendor\laravel\framework\src\Illuminate\Database\Connection.php:395
at vendor\laravel\framework\src\Illuminate\Database\Connection.php:341
at vendor\laravel\framework\src\Illuminate\Database\Connection.php:358
at vendor\laravel\framework\src\Illuminate\Database\Schema\Builder.php:174
at vendor\laravel\framework\src\Illuminate\Database\Migrations\DatabaseMigrationRepository.php:185
at vendor\laravel\framework\src\Illuminate\Database\Migrations\Migrator.php:749
at vendor\laravel\framework\src\Illuminate\Database\Console\Migrations\FreshCommand.php:67
at vendor\laravel\framework\src\Illuminate\Database\Migrations\Migrator.php:665
at vendor\laravel\framework\src\Illuminate\Database\Console\Migrations\FreshCommand.php:66
at vendor\laravel\framework\src\Illuminate\Container\BoundMethod.php:36
at vendor\laravel\framework\src\Illuminate\Container\Util.php:43
at vendor\laravel\framework\src\Illuminate\Container\BoundMethod.php:96
at vendor\laravel\framework\src\Illuminate\Container\BoundMethod.php:35
at vendor\laravel\framework\src\Illuminate\Container\Container.php:754
at vendor\laravel\framework\src\Illuminate\Console\Command.php:211
at vendor\symfony\console\Command\Command.php:318
at vendor\laravel\framework\src\Illuminate\Console\Command.php:180
at vendor\symfony\console\Application.php:1074
at vendor\symfony\console\Application.php:341
at vendor\symfony\console\Application.php:192
at vendor\laravel\framework\src\Illuminate\Console\Application.php:165
at vendor\laravel\framework\src\Illuminate\Foundation\Console\Kernel.php:426
at vendor\laravel\framework\src\Illuminate\Testing\PendingCommand.php:330
at vendor\laravel\framework\src\Illuminate\Testing\PendingCommand.php:533
at vendor\laravel\framework\src\Illuminate\Foundation\Testing\Concerns\InteractsWithConsole.php:87
at vendor\laravel\framework\src\Illuminate\Foundation\Testing\RefreshDatabase.php:101
at vendor\laravel\framework\src\Illuminate\Foundation\Testing\RefreshDatabase.php:84
at vendor\laravel\framework\src\Illuminate\Foundation\Testing\RefreshDatabase.php:25
at vendor\laravel\framework\src\Illuminate\Foundation\Testing\Concerns\InteractsWithTestCaseLifecycle.php:207
at vendor\laravel\framework\src\Illuminate\Foundation\Testing\Concerns\InteractsWithTestCaseLifecycle.php:96
at vendor\laravel\framework\src\Illuminate\Foundation\Testing\TestCase.php:44
at tests\TestCase.php:23
at tests\Feature\DonationProcessingTest.php:24</error>
        </testcase>
      </testsuite>
    </testsuite>
  </testsuite>
</testsuites>
