<?xml version="1.0" encoding="UTF-8"?>
<testsuites>
  <testsuite name="D:\DevCenter\abuilds\alumate\phpunit.xml" tests="1" assertions="0" errors="1" failures="0" skipped="0" time="0.000000">
    <testsuite name="Feature" tests="1" assertions="0" errors="1" failures="0" skipped="0" time="0.000000">
      <testsuite name="Tests\Feature\IntegrationConfigurationTest" file="tests\Feature\IntegrationConfigurationTest.php" tests="1" assertions="0" errors="1" failures="0" skipped="0" time="0.000000">
        <testcase name="integration validation works" file="tests\Feature\IntegrationConfigurationTest.php::integration validation works" class="Tests\Feature\IntegrationConfigurationTest" classname="Tests.Feature.IntegrationConfigurationTest" assertions="0" time="0.000000">
          <error type="Illuminate\Database\QueryException">integration validation worksIlluminate\Database\QueryException: SQLSTATE[25P02]: In failed sql transaction: 7 ERROR:  current transaction is aborted, commands ignored until end of transaction block (Connection: pgsql, SQL: select * from "roles" where "name" = Institution Admin and "guard_name" = web limit 1)&#13;
at vendor\laravel\framework\src\Illuminate\Database\Connection.php:409
at vendor\laravel\framework\src\Illuminate\Database\Connection.php:809
at vendor\laravel\framework\src\Illuminate\Database\Connection.php:776
at vendor\laravel\framework\src\Illuminate\Database\Connection.php:395
at vendor\laravel\framework\src\Illuminate\Database\Query\Builder.php:3131
at vendor\laravel\framework\src\Illuminate\Database\Query\Builder.php:3116
at vendor\laravel\framework\src\Illuminate\Database\Query\Builder.php:3706
at vendor\laravel\framework\src\Illuminate\Database\Query\Builder.php:3115
at vendor\laravel\framework\src\Illuminate\Database\Eloquent\Builder.php:872
at vendor\laravel\framework\src\Illuminate\Database\Eloquent\Builder.php:854
at vendor\laravel\framework\src\Illuminate\Database\Concerns\BuildsQueries.php:366
at vendor\spatie\laravel-permission\src\Models\Role.php:169
at vendor\spatie\laravel-permission\src\Models\Role.php:102
at vendor\spatie\laravel-permission\src\Traits\HasRoles.php:411
at vendor\spatie\laravel-permission\src\Traits\HasRoles.php:131
at vendor\laravel\framework\src\Illuminate\Collections\Traits\EnumeratesValues.php:825
at vendor\spatie\laravel-permission\src\Traits\HasRoles.php:126
at vendor\spatie\laravel-permission\src\Traits\HasRoles.php:150
at tests\Feature\IntegrationConfigurationTest.php:14
Caused by
PDOException: SQLSTATE[25P02]: In failed sql transaction: 7 ERROR:  current transaction is aborted, commands ignored until end of transaction block

at vendor\laravel\framework\src\Illuminate\Database\Connection.php:409
at vendor\laravel\framework\src\Illuminate\Database\Connection.php:809
at vendor\laravel\framework\src\Illuminate\Database\Connection.php:776
at vendor\laravel\framework\src\Illuminate\Database\Connection.php:395
at vendor\laravel\framework\src\Illuminate\Database\Query\Builder.php:3131
at vendor\laravel\framework\src\Illuminate\Database\Query\Builder.php:3116
at vendor\laravel\framework\src\Illuminate\Database\Query\Builder.php:3706
at vendor\laravel\framework\src\Illuminate\Database\Query\Builder.php:3115
at vendor\laravel\framework\src\Illuminate\Database\Eloquent\Builder.php:872
at vendor\laravel\framework\src\Illuminate\Database\Eloquent\Builder.php:854
at vendor\laravel\framework\src\Illuminate\Database\Concerns\BuildsQueries.php:366
at vendor\spatie\laravel-permission\src\Models\Role.php:169
at vendor\spatie\laravel-permission\src\Models\Role.php:102
at vendor\spatie\laravel-permission\src\Traits\HasRoles.php:411
at vendor\spatie\laravel-permission\src\Traits\HasRoles.php:131
at vendor\laravel\framework\src\Illuminate\Collections\Traits\EnumeratesValues.php:825
at vendor\spatie\laravel-permission\src\Traits\HasRoles.php:126
at vendor\spatie\laravel-permission\src\Traits\HasRoles.php:150
at tests\Feature\IntegrationConfigurationTest.php:14</error>
        </testcase>
      </testsuite>
    </testsuite>
  </testsuite>
</testsuites>
