<?xml version="1.0" encoding="UTF-8"?>
<testsuites>
  <testsuite name="Tests\Unit\ComponentConfiguratorTest" file="tests\Unit\ComponentConfiguratorTest.php" tests="17" assertions="123" errors="0" failures="0" skipped="0" time="0.380272">
    <testcase name="it can validate configuration schema structure" file="tests\Unit\ComponentConfiguratorTest.php::it can validate configuration schema structure" class="Tests\Unit\ComponentConfiguratorTest" classname="Tests.Unit.ComponentConfiguratorTest" assertions="6" time="0.032613"/>
    <testcase name="it can validate configuration schema for hero components" file="tests\Unit\ComponentConfiguratorTest.php::it can validate configuration schema for hero components" class="Tests\Unit\ComponentConfiguratorTest" classname="Tests.Unit.ComponentConfiguratorTest" assertions="3" time="0.001587"/>
    <testcase name="it can handle configuration presets" file="tests\Unit\ComponentConfiguratorTest.php::it can handle configuration presets" class="Tests\Unit\ComponentConfiguratorTest" classname="Tests.Unit.ComponentConfiguratorTest" assertions="6" time="0.001020"/>
    <testcase name="it can validate required fields for different component categories" file="tests\Unit\ComponentConfiguratorTest.php::it can validate required fields for different component categories" class="Tests\Unit\ComponentConfiguratorTest" classname="Tests.Unit.ComponentConfiguratorTest" assertions="12" time="0.002062"/>
    <testcase name="it can handle color validation" file="tests\Unit\ComponentConfiguratorTest.php::it can handle color validation" class="Tests\Unit\ComponentConfiguratorTest" classname="Tests.Unit.ComponentConfiguratorTest" assertions="8" time="0.328402"/>
    <testcase name="it can handle font family configuration" file="tests\Unit\ComponentConfiguratorTest.php::it can handle font family configuration" class="Tests\Unit\ComponentConfiguratorTest" classname="Tests.Unit.ComponentConfiguratorTest" assertions="14" time="0.000587"/>
    <testcase name="it can handle spacing configuration" file="tests\Unit\ComponentConfiguratorTest.php::it can handle spacing configuration" class="Tests\Unit\ComponentConfiguratorTest" classname="Tests.Unit.ComponentConfiguratorTest" assertions="10" time="0.000465"/>
    <testcase name="it can handle layout configuration" file="tests\Unit\ComponentConfiguratorTest.php::it can handle layout configuration" class="Tests\Unit\ComponentConfiguratorTest" classname="Tests.Unit.ComponentConfiguratorTest" assertions="8" time="0.000910"/>
    <testcase name="it can handle responsive settings" file="tests\Unit\ComponentConfiguratorTest.php::it can handle responsive settings" class="Tests\Unit\ComponentConfiguratorTest" classname="Tests.Unit.ComponentConfiguratorTest" assertions="4" time="0.001076"/>
    <testcase name="it can handle animation settings" file="tests\Unit\ComponentConfiguratorTest.php::it can handle animation settings" class="Tests\Unit\ComponentConfiguratorTest" classname="Tests.Unit.ComponentConfiguratorTest" assertions="4" time="0.000931"/>
    <testcase name="it can handle custom CSS configuration" file="tests\Unit\ComponentConfiguratorTest.php::it can handle custom CSS configuration" class="Tests\Unit\ComponentConfiguratorTest" classname="Tests.Unit.ComponentConfiguratorTest" assertions="3" time="0.001714"/>
    <testcase name="it can handle configuration export format" file="tests\Unit\ComponentConfiguratorTest.php::it can handle configuration export format" class="Tests\Unit\ComponentConfiguratorTest" classname="Tests.Unit.ComponentConfiguratorTest" assertions="7" time="0.001213"/>
    <testcase name="it can handle configuration import validation" file="tests\Unit\ComponentConfiguratorTest.php::it can handle configuration import validation" class="Tests\Unit\ComponentConfiguratorTest" classname="Tests.Unit.ComponentConfiguratorTest" assertions="3" time="0.000937"/>
    <testcase name="it can handle configuration versioning and history" file="tests\Unit\ComponentConfiguratorTest.php::it can handle configuration versioning and history" class="Tests\Unit\ComponentConfiguratorTest" classname="Tests.Unit.ComponentConfiguratorTest" assertions="9" time="0.003574"/>
    <testcase name="it can handle tenant-specific configuration isolation" file="tests\Unit\ComponentConfiguratorTest.php::it can handle tenant-specific configuration isolation" class="Tests\Unit\ComponentConfiguratorTest" classname="Tests.Unit.ComponentConfiguratorTest" assertions="3" time="0.002169"/>
    <testcase name="it can handle configuration field validation rules" file="tests\Unit\ComponentConfiguratorTest.php::it can handle configuration field validation rules" class="Tests\Unit\ComponentConfiguratorTest" classname="Tests.Unit.ComponentConfiguratorTest" assertions="19" time="0.000589"/>
    <testcase name="it can handle accessibility configuration options" file="tests\Unit\ComponentConfiguratorTest.php::it can handle accessibility configuration options" class="Tests\Unit\ComponentConfiguratorTest" classname="Tests.Unit.ComponentConfiguratorTest" assertions="4" time="0.000423"/>
  </testsuite>
</testsuites>
