<?xml version="1.0" encoding="UTF-8"?>
<testsuites>
  <testsuite name="Tests\Unit\ComponentLibrary\MediaOptimizationTest" file="tests\Unit\ComponentLibrary\MediaOptimizationTest.php" tests="7" assertions="44" errors="0" failures="0" skipped="0" time="0.023905">
    <testcase name="it can generate responsive image sources with WebP support" file="tests\Unit\ComponentLibrary\MediaOptimizationTest.php::it can generate responsive image sources with WebP support" class="Tests\Unit\ComponentLibrary\MediaOptimizationTest" classname="Tests.Unit.ComponentLibrary.MediaOptimizationTest" assertions="6" time="0.019765"/>
    <testcase name="it can configure video background with mobile optimization" file="tests\Unit\ComponentLibrary\MediaOptimizationTest.php::it can configure video background with mobile optimization" class="Tests\Unit\ComponentLibrary\MediaOptimizationTest" classname="Tests.Unit.ComponentLibrary.MediaOptimizationTest" assertions="8" time="0.001146"/>
    <testcase name="it can configure gradient background with fallback" file="tests\Unit\ComponentLibrary\MediaOptimizationTest.php::it can configure gradient background with fallback" class="Tests\Unit\ComponentLibrary\MediaOptimizationTest" classname="Tests.Unit.ComponentLibrary.MediaOptimizationTest" assertions="7" time="0.000660"/>
    <testcase name="it validates mobile-specific video handling" file="tests\Unit\ComponentLibrary\MediaOptimizationTest.php::it validates mobile-specific video handling" class="Tests\Unit\ComponentLibrary\MediaOptimizationTest" classname="Tests.Unit.ComponentLibrary.MediaOptimizationTest" assertions="5" time="0.000575"/>
    <testcase name="it supports CDN integration configuration" file="tests\Unit\ComponentLibrary\MediaOptimizationTest.php::it supports CDN integration configuration" class="Tests\Unit\ComponentLibrary\MediaOptimizationTest" classname="Tests.Unit.ComponentLibrary.MediaOptimizationTest" assertions="7" time="0.000590"/>
    <testcase name="it validates bandwidth considerations for video quality" file="tests\Unit\ComponentLibrary\MediaOptimizationTest.php::it validates bandwidth considerations for video quality" class="Tests\Unit\ComponentLibrary\MediaOptimizationTest" classname="Tests.Unit.ComponentLibrary.MediaOptimizationTest" assertions="5" time="0.000581"/>
    <testcase name="it validates accessibility features for media components" file="tests\Unit\ComponentLibrary\MediaOptimizationTest.php::it validates accessibility features for media components" class="Tests\Unit\ComponentLibrary\MediaOptimizationTest" classname="Tests.Unit.ComponentLibrary.MediaOptimizationTest" assertions="6" time="0.000588"/>
  </testsuite>
</testsuites>
