<?xml version="1.0" encoding="UTF-8"?>
<testsuites>
  <testsuite name="Tests\Feature\HeroSectionTest" file="Hero Section (Tests\Feature\HeroSection)" tests="8" assertions="0" errors="8" failures="0" skipped="0" time="0.000000">
    <testcase name="Homepage loads with individual audience" file="Hero Section (Tests\Feature\HeroSection)::Homepage loads with individual audience" class="Tests\Feature\HeroSectionTest" classname="Tests.Feature.HeroSectionTest" assertions="0" time="0.000000">
      <error type="Illuminate\Database\QueryException">Homepage loads with individual audienceIlluminate\Database\QueryException: SQLSTATE[42P01]: Undefined table: 7 ERROR:  relation "graduates" does not exist (Connection: pgsql, SQL: alter table "job_applications" add constraint "job_applications_graduate_id_foreign" foreign key ("graduate_id") references "graduates" ("id") on delete cascade)&#13;
at vendor\laravel\framework\src\Illuminate\Database\Connection.php:568
at vendor\laravel\framework\src\Illuminate\Database\Connection.php:809
at vendor\laravel\framework\src\Illuminate\Database\Connection.php:776
at vendor\laravel\framework\src\Illuminate\Database\Connection.php:557
at vendor\laravel\framework\src\Illuminate\Database\Schema\Blueprint.php:119
at vendor\laravel\framework\src\Illuminate\Database\Schema\Builder.php:618
at vendor\laravel\framework\src\Illuminate\Database\Schema\Builder.php:460
at vendor\laravel\framework\src\Illuminate\Support\Facades\Facade.php:361
at database\migrations\2025_08_04_045047_add_graduate_id_to_job_applications_table.php:13
at vendor\laravel\framework\src\Illuminate\Database\Migrations\Migrator.php:514
at vendor\laravel\framework\src\Illuminate\Database\Migrations\Migrator.php:439
at vendor\laravel\framework\src\Illuminate\Database\Concerns\ManagesTransactions.php:32
at vendor\laravel\framework\src\Illuminate\Database\Migrations\Migrator.php:447
at vendor\laravel\framework\src\Illuminate\Database\Migrations\Migrator.php:250
at vendor\laravel\framework\src\Illuminate\Console\View\Components\Task.php:41
at vendor\laravel\framework\src\Illuminate\Database\Migrations\Migrator.php:805
at vendor\laravel\framework\src\Illuminate\Database\Migrations\Migrator.php:250
at vendor\laravel\framework\src\Illuminate\Database\Migrations\Migrator.php:210
at vendor\laravel\framework\src\Illuminate\Database\Migrations\Migrator.php:137
at vendor\laravel\framework\src\Illuminate\Database\Console\Migrations\MigrateCommand.php:116
at vendor\laravel\framework\src\Illuminate\Database\Migrations\Migrator.php:665
at vendor\laravel\framework\src\Illuminate\Database\Console\Migrations\MigrateCommand.php:109
at vendor\laravel\framework\src\Illuminate\Database\Console\Migrations\MigrateCommand.php:88
at vendor\laravel\framework\src\Illuminate\Container\BoundMethod.php:36
at vendor\laravel\framework\src\Illuminate\Container\Util.php:43
at vendor\laravel\framework\src\Illuminate\Container\BoundMethod.php:96
at vendor\laravel\framework\src\Illuminate\Container\BoundMethod.php:35
at vendor\laravel\framework\src\Illuminate\Container\Container.php:754
at vendor\laravel\framework\src\Illuminate\Console\Command.php:211
at vendor\symfony\console\Command\Command.php:318
at vendor\laravel\framework\src\Illuminate\Console\Command.php:180
at vendor\laravel\framework\src\Illuminate\Console\Concerns\CallsCommands.php:68
at vendor\laravel\framework\src\Illuminate\Console\Concerns\CallsCommands.php:29
at vendor\laravel\framework\src\Illuminate\Database\Console\Migrations\FreshCommand.php:81
at vendor\laravel\framework\src\Illuminate\Container\BoundMethod.php:36
at vendor\laravel\framework\src\Illuminate\Container\Util.php:43
at vendor\laravel\framework\src\Illuminate\Container\BoundMethod.php:96
at vendor\laravel\framework\src\Illuminate\Container\BoundMethod.php:35
at vendor\laravel\framework\src\Illuminate\Container\Container.php:754
at vendor\laravel\framework\src\Illuminate\Console\Command.php:211
at vendor\symfony\console\Command\Command.php:318
at vendor\laravel\framework\src\Illuminate\Console\Command.php:180
at vendor\symfony\console\Application.php:1074
at vendor\symfony\console\Application.php:341
at vendor\symfony\console\Application.php:192
at vendor\laravel\framework\src\Illuminate\Console\Application.php:165
at vendor\laravel\framework\src\Illuminate\Foundation\Console\Kernel.php:426
at vendor\laravel\framework\src\Illuminate\Testing\PendingCommand.php:330
at vendor\laravel\framework\src\Illuminate\Testing\PendingCommand.php:533
at vendor\laravel\framework\src\Illuminate\Foundation\Testing\Concerns\InteractsWithConsole.php:87
at vendor\laravel\framework\src\Illuminate\Foundation\Testing\RefreshDatabase.php:101
at vendor\laravel\framework\src\Illuminate\Foundation\Testing\RefreshDatabase.php:84
at vendor\laravel\framework\src\Illuminate\Foundation\Testing\RefreshDatabase.php:25
at vendor\laravel\framework\src\Illuminate\Foundation\Testing\Concerns\InteractsWithTestCaseLifecycle.php:207
at vendor\laravel\framework\src\Illuminate\Foundation\Testing\Concerns\InteractsWithTestCaseLifecycle.php:96
at vendor\laravel\framework\src\Illuminate\Foundation\Testing\TestCase.php:44
at tests\TestCase.php:23
Caused by
PDOException: SQLSTATE[42P01]: Undefined table: 7 ERROR:  relation "graduates" does not exist

at vendor\laravel\framework\src\Illuminate\Database\Connection.php:568
at vendor\laravel\framework\src\Illuminate\Database\Connection.php:809
at vendor\laravel\framework\src\Illuminate\Database\Connection.php:776
at vendor\laravel\framework\src\Illuminate\Database\Connection.php:557
at vendor\laravel\framework\src\Illuminate\Database\Schema\Blueprint.php:119
at vendor\laravel\framework\src\Illuminate\Database\Schema\Builder.php:618
at vendor\laravel\framework\src\Illuminate\Database\Schema\Builder.php:460
at vendor\laravel\framework\src\Illuminate\Support\Facades\Facade.php:361
at database\migrations\2025_08_04_045047_add_graduate_id_to_job_applications_table.php:13
at vendor\laravel\framework\src\Illuminate\Database\Migrations\Migrator.php:514
at vendor\laravel\framework\src\Illuminate\Database\Migrations\Migrator.php:439
at vendor\laravel\framework\src\Illuminate\Database\Concerns\ManagesTransactions.php:32
at vendor\laravel\framework\src\Illuminate\Database\Migrations\Migrator.php:447
at vendor\laravel\framework\src\Illuminate\Database\Migrations\Migrator.php:250
at vendor\laravel\framework\src\Illuminate\Console\View\Components\Task.php:41
at vendor\laravel\framework\src\Illuminate\Database\Migrations\Migrator.php:805
at vendor\laravel\framework\src\Illuminate\Database\Migrations\Migrator.php:250
at vendor\laravel\framework\src\Illuminate\Database\Migrations\Migrator.php:210
at vendor\laravel\framework\src\Illuminate\Database\Migrations\Migrator.php:137
at vendor\laravel\framework\src\Illuminate\Database\Console\Migrations\MigrateCommand.php:116
at vendor\laravel\framework\src\Illuminate\Database\Migrations\Migrator.php:665
at vendor\laravel\framework\src\Illuminate\Database\Console\Migrations\MigrateCommand.php:109
at vendor\laravel\framework\src\Illuminate\Database\Console\Migrations\MigrateCommand.php:88
at vendor\laravel\framework\src\Illuminate\Container\BoundMethod.php:36
at vendor\laravel\framework\src\Illuminate\Container\Util.php:43
at vendor\laravel\framework\src\Illuminate\Container\BoundMethod.php:96
at vendor\laravel\framework\src\Illuminate\Container\BoundMethod.php:35
at vendor\laravel\framework\src\Illuminate\Container\Container.php:754
at vendor\laravel\framework\src\Illuminate\Console\Command.php:211
at vendor\symfony\console\Command\Command.php:318
at vendor\laravel\framework\src\Illuminate\Console\Command.php:180
at vendor\laravel\framework\src\Illuminate\Console\Concerns\CallsCommands.php:68
at vendor\laravel\framework\src\Illuminate\Console\Concerns\CallsCommands.php:29
at vendor\laravel\framework\src\Illuminate\Database\Console\Migrations\FreshCommand.php:81
at vendor\laravel\framework\src\Illuminate\Container\BoundMethod.php:36
at vendor\laravel\framework\src\Illuminate\Container\Util.php:43
at vendor\laravel\framework\src\Illuminate\Container\BoundMethod.php:96
at vendor\laravel\framework\src\Illuminate\Container\BoundMethod.php:35
at vendor\laravel\framework\src\Illuminate\Container\Container.php:754
at vendor\laravel\framework\src\Illuminate\Console\Command.php:211
at vendor\symfony\console\Command\Command.php:318
at vendor\laravel\framework\src\Illuminate\Console\Command.php:180
at vendor\symfony\console\Application.php:1074
at vendor\symfony\console\Application.php:341
at vendor\symfony\console\Application.php:192
at vendor\laravel\framework\src\Illuminate\Console\Application.php:165
at vendor\laravel\framework\src\Illuminate\Foundation\Console\Kernel.php:426
at vendor\laravel\framework\src\Illuminate\Testing\PendingCommand.php:330
at vendor\laravel\framework\src\Illuminate\Testing\PendingCommand.php:533
at vendor\laravel\framework\src\Illuminate\Foundation\Testing\Concerns\InteractsWithConsole.php:87
at vendor\laravel\framework\src\Illuminate\Foundation\Testing\RefreshDatabase.php:101
at vendor\laravel\framework\src\Illuminate\Foundation\Testing\RefreshDatabase.php:84
at vendor\laravel\framework\src\Illuminate\Foundation\Testing\RefreshDatabase.php:25
at vendor\laravel\framework\src\Illuminate\Foundation\Testing\Concerns\InteractsWithTestCaseLifecycle.php:207
at vendor\laravel\framework\src\Illuminate\Foundation\Testing\Concerns\InteractsWithTestCaseLifecycle.php:96
at vendor\laravel\framework\src\Illuminate\Foundation\Testing\TestCase.php:44
at tests\TestCase.php:23</error>
    </testcase>
    <testcase name="Homepage loads with institutional audience" file="Hero Section (Tests\Feature\HeroSection)::Homepage loads with institutional audience" class="Tests\Feature\HeroSectionTest" classname="Tests.Feature.HeroSectionTest" assertions="0" time="0.000000">
      <error type="Illuminate\Database\QueryException">Homepage loads with institutional audienceIlluminate\Database\QueryException: SQLSTATE[42P01]: Undefined table: 7 ERROR:  relation "graduates" does not exist (Connection: pgsql, SQL: alter table "job_applications" add constraint "job_applications_graduate_id_foreign" foreign key ("graduate_id") references "graduates" ("id") on delete cascade)&#13;
at vendor\laravel\framework\src\Illuminate\Database\Connection.php:568
at vendor\laravel\framework\src\Illuminate\Database\Connection.php:809
at vendor\laravel\framework\src\Illuminate\Database\Connection.php:776
at vendor\laravel\framework\src\Illuminate\Database\Connection.php:557
at vendor\laravel\framework\src\Illuminate\Database\Schema\Blueprint.php:119
at vendor\laravel\framework\src\Illuminate\Database\Schema\Builder.php:618
at vendor\laravel\framework\src\Illuminate\Database\Schema\Builder.php:460
at vendor\laravel\framework\src\Illuminate\Support\Facades\Facade.php:361
at database\migrations\2025_08_04_045047_add_graduate_id_to_job_applications_table.php:13
at vendor\laravel\framework\src\Illuminate\Database\Migrations\Migrator.php:514
at vendor\laravel\framework\src\Illuminate\Database\Migrations\Migrator.php:439
at vendor\laravel\framework\src\Illuminate\Database\Concerns\ManagesTransactions.php:32
at vendor\laravel\framework\src\Illuminate\Database\Migrations\Migrator.php:447
at vendor\laravel\framework\src\Illuminate\Database\Migrations\Migrator.php:250
at vendor\laravel\framework\src\Illuminate\Console\View\Components\Task.php:41
at vendor\laravel\framework\src\Illuminate\Database\Migrations\Migrator.php:805
at vendor\laravel\framework\src\Illuminate\Database\Migrations\Migrator.php:250
at vendor\laravel\framework\src\Illuminate\Database\Migrations\Migrator.php:210
at vendor\laravel\framework\src\Illuminate\Database\Migrations\Migrator.php:137
at vendor\laravel\framework\src\Illuminate\Database\Console\Migrations\MigrateCommand.php:116
at vendor\laravel\framework\src\Illuminate\Database\Migrations\Migrator.php:665
at vendor\laravel\framework\src\Illuminate\Database\Console\Migrations\MigrateCommand.php:109
at vendor\laravel\framework\src\Illuminate\Database\Console\Migrations\MigrateCommand.php:88
at vendor\laravel\framework\src\Illuminate\Container\BoundMethod.php:36
at vendor\laravel\framework\src\Illuminate\Container\Util.php:43
at vendor\laravel\framework\src\Illuminate\Container\BoundMethod.php:96
at vendor\laravel\framework\src\Illuminate\Container\BoundMethod.php:35
at vendor\laravel\framework\src\Illuminate\Container\Container.php:754
at vendor\laravel\framework\src\Illuminate\Console\Command.php:211
at vendor\symfony\console\Command\Command.php:318
at vendor\laravel\framework\src\Illuminate\Console\Command.php:180
at vendor\laravel\framework\src\Illuminate\Console\Concerns\CallsCommands.php:68
at vendor\laravel\framework\src\Illuminate\Console\Concerns\CallsCommands.php:29
at vendor\laravel\framework\src\Illuminate\Database\Console\Migrations\FreshCommand.php:81
at vendor\laravel\framework\src\Illuminate\Container\BoundMethod.php:36
at vendor\laravel\framework\src\Illuminate\Container\Util.php:43
at vendor\laravel\framework\src\Illuminate\Container\BoundMethod.php:96
at vendor\laravel\framework\src\Illuminate\Container\BoundMethod.php:35
at vendor\laravel\framework\src\Illuminate\Container\Container.php:754
at vendor\laravel\framework\src\Illuminate\Console\Command.php:211
at vendor\symfony\console\Command\Command.php:318
at vendor\laravel\framework\src\Illuminate\Console\Command.php:180
at vendor\symfony\console\Application.php:1074
at vendor\symfony\console\Application.php:341
at vendor\symfony\console\Application.php:192
at vendor\laravel\framework\src\Illuminate\Console\Application.php:165
at vendor\laravel\framework\src\Illuminate\Foundation\Console\Kernel.php:426
at vendor\laravel\framework\src\Illuminate\Testing\PendingCommand.php:330
at vendor\laravel\framework\src\Illuminate\Testing\PendingCommand.php:533
at vendor\laravel\framework\src\Illuminate\Foundation\Testing\Concerns\InteractsWithConsole.php:87
at vendor\laravel\framework\src\Illuminate\Foundation\Testing\RefreshDatabase.php:101
at vendor\laravel\framework\src\Illuminate\Foundation\Testing\RefreshDatabase.php:84
at vendor\laravel\framework\src\Illuminate\Foundation\Testing\RefreshDatabase.php:25
at vendor\laravel\framework\src\Illuminate\Foundation\Testing\Concerns\InteractsWithTestCaseLifecycle.php:207
at vendor\laravel\framework\src\Illuminate\Foundation\Testing\Concerns\InteractsWithTestCaseLifecycle.php:96
at vendor\laravel\framework\src\Illuminate\Foundation\Testing\TestCase.php:44
at tests\TestCase.php:23
Caused by
PDOException: SQLSTATE[42P01]: Undefined table: 7 ERROR:  relation "graduates" does not exist

at vendor\laravel\framework\src\Illuminate\Database\Connection.php:568
at vendor\laravel\framework\src\Illuminate\Database\Connection.php:809
at vendor\laravel\framework\src\Illuminate\Database\Connection.php:776
at vendor\laravel\framework\src\Illuminate\Database\Connection.php:557
at vendor\laravel\framework\src\Illuminate\Database\Schema\Blueprint.php:119
at vendor\laravel\framework\src\Illuminate\Database\Schema\Builder.php:618
at vendor\laravel\framework\src\Illuminate\Database\Schema\Builder.php:460
at vendor\laravel\framework\src\Illuminate\Support\Facades\Facade.php:361
at database\migrations\2025_08_04_045047_add_graduate_id_to_job_applications_table.php:13
at vendor\laravel\framework\src\Illuminate\Database\Migrations\Migrator.php:514
at vendor\laravel\framework\src\Illuminate\Database\Migrations\Migrator.php:439
at vendor\laravel\framework\src\Illuminate\Database\Concerns\ManagesTransactions.php:32
at vendor\laravel\framework\src\Illuminate\Database\Migrations\Migrator.php:447
at vendor\laravel\framework\src\Illuminate\Database\Migrations\Migrator.php:250
at vendor\laravel\framework\src\Illuminate\Console\View\Components\Task.php:41
at vendor\laravel\framework\src\Illuminate\Database\Migrations\Migrator.php:805
at vendor\laravel\framework\src\Illuminate\Database\Migrations\Migrator.php:250
at vendor\laravel\framework\src\Illuminate\Database\Migrations\Migrator.php:210
at vendor\laravel\framework\src\Illuminate\Database\Migrations\Migrator.php:137
at vendor\laravel\framework\src\Illuminate\Database\Console\Migrations\MigrateCommand.php:116
at vendor\laravel\framework\src\Illuminate\Database\Migrations\Migrator.php:665
at vendor\laravel\framework\src\Illuminate\Database\Console\Migrations\MigrateCommand.php:109
at vendor\laravel\framework\src\Illuminate\Database\Console\Migrations\MigrateCommand.php:88
at vendor\laravel\framework\src\Illuminate\Container\BoundMethod.php:36
at vendor\laravel\framework\src\Illuminate\Container\Util.php:43
at vendor\laravel\framework\src\Illuminate\Container\BoundMethod.php:96
at vendor\laravel\framework\src\Illuminate\Container\BoundMethod.php:35
at vendor\laravel\framework\src\Illuminate\Container\Container.php:754
at vendor\laravel\framework\src\Illuminate\Console\Command.php:211
at vendor\symfony\console\Command\Command.php:318
at vendor\laravel\framework\src\Illuminate\Console\Command.php:180
at vendor\laravel\framework\src\Illuminate\Console\Concerns\CallsCommands.php:68
at vendor\laravel\framework\src\Illuminate\Console\Concerns\CallsCommands.php:29
at vendor\laravel\framework\src\Illuminate\Database\Console\Migrations\FreshCommand.php:81
at vendor\laravel\framework\src\Illuminate\Container\BoundMethod.php:36
at vendor\laravel\framework\src\Illuminate\Container\Util.php:43
at vendor\laravel\framework\src\Illuminate\Container\BoundMethod.php:96
at vendor\laravel\framework\src\Illuminate\Container\BoundMethod.php:35
at vendor\laravel\framework\src\Illuminate\Container\Container.php:754
at vendor\laravel\framework\src\Illuminate\Console\Command.php:211
at vendor\symfony\console\Command\Command.php:318
at vendor\laravel\framework\src\Illuminate\Console\Command.php:180
at vendor\symfony\console\Application.php:1074
at vendor\symfony\console\Application.php:341
at vendor\symfony\console\Application.php:192
at vendor\laravel\framework\src\Illuminate\Console\Application.php:165
at vendor\laravel\framework\src\Illuminate\Foundation\Console\Kernel.php:426
at vendor\laravel\framework\src\Illuminate\Testing\PendingCommand.php:330
at vendor\laravel\framework\src\Illuminate\Testing\PendingCommand.php:533
at vendor\laravel\framework\src\Illuminate\Foundation\Testing\Concerns\InteractsWithConsole.php:87
at vendor\laravel\framework\src\Illuminate\Foundation\Testing\RefreshDatabase.php:101
at vendor\laravel\framework\src\Illuminate\Foundation\Testing\RefreshDatabase.php:84
at vendor\laravel\framework\src\Illuminate\Foundation\Testing\RefreshDatabase.php:25
at vendor\laravel\framework\src\Illuminate\Foundation\Testing\Concerns\InteractsWithTestCaseLifecycle.php:207
at vendor\laravel\framework\src\Illuminate\Foundation\Testing\Concerns\InteractsWithTestCaseLifecycle.php:96
at vendor\laravel\framework\src\Illuminate\Foundation\Testing\TestCase.php:44
at tests\TestCase.php:23</error>
    </testcase>
    <testcase name="Cta click tracking" file="Hero Section (Tests\Feature\HeroSection)::Cta click tracking" class="Tests\Feature\HeroSectionTest" classname="Tests.Feature.HeroSectionTest" assertions="0" time="0.000000">
      <error type="Illuminate\Database\QueryException">Cta click trackingIlluminate\Database\QueryException: SQLSTATE[42P01]: Undefined table: 7 ERROR:  relation "graduates" does not exist (Connection: pgsql, SQL: alter table "job_applications" add constraint "job_applications_graduate_id_foreign" foreign key ("graduate_id") references "graduates" ("id") on delete cascade)&#13;
at vendor\laravel\framework\src\Illuminate\Database\Connection.php:568
at vendor\laravel\framework\src\Illuminate\Database\Connection.php:809
at vendor\laravel\framework\src\Illuminate\Database\Connection.php:776
at vendor\laravel\framework\src\Illuminate\Database\Connection.php:557
at vendor\laravel\framework\src\Illuminate\Database\Schema\Blueprint.php:119
at vendor\laravel\framework\src\Illuminate\Database\Schema\Builder.php:618
at vendor\laravel\framework\src\Illuminate\Database\Schema\Builder.php:460
at vendor\laravel\framework\src\Illuminate\Support\Facades\Facade.php:361
at database\migrations\2025_08_04_045047_add_graduate_id_to_job_applications_table.php:13
at vendor\laravel\framework\src\Illuminate\Database\Migrations\Migrator.php:514
at vendor\laravel\framework\src\Illuminate\Database\Migrations\Migrator.php:439
at vendor\laravel\framework\src\Illuminate\Database\Concerns\ManagesTransactions.php:32
at vendor\laravel\framework\src\Illuminate\Database\Migrations\Migrator.php:447
at vendor\laravel\framework\src\Illuminate\Database\Migrations\Migrator.php:250
at vendor\laravel\framework\src\Illuminate\Console\View\Components\Task.php:41
at vendor\laravel\framework\src\Illuminate\Database\Migrations\Migrator.php:805
at vendor\laravel\framework\src\Illuminate\Database\Migrations\Migrator.php:250
at vendor\laravel\framework\src\Illuminate\Database\Migrations\Migrator.php:210
at vendor\laravel\framework\src\Illuminate\Database\Migrations\Migrator.php:137
at vendor\laravel\framework\src\Illuminate\Database\Console\Migrations\MigrateCommand.php:116
at vendor\laravel\framework\src\Illuminate\Database\Migrations\Migrator.php:665
at vendor\laravel\framework\src\Illuminate\Database\Console\Migrations\MigrateCommand.php:109
at vendor\laravel\framework\src\Illuminate\Database\Console\Migrations\MigrateCommand.php:88
at vendor\laravel\framework\src\Illuminate\Container\BoundMethod.php:36
at vendor\laravel\framework\src\Illuminate\Container\Util.php:43
at vendor\laravel\framework\src\Illuminate\Container\BoundMethod.php:96
at vendor\laravel\framework\src\Illuminate\Container\BoundMethod.php:35
at vendor\laravel\framework\src\Illuminate\Container\Container.php:754
at vendor\laravel\framework\src\Illuminate\Console\Command.php:211
at vendor\symfony\console\Command\Command.php:318
at vendor\laravel\framework\src\Illuminate\Console\Command.php:180
at vendor\laravel\framework\src\Illuminate\Console\Concerns\CallsCommands.php:68
at vendor\laravel\framework\src\Illuminate\Console\Concerns\CallsCommands.php:29
at vendor\laravel\framework\src\Illuminate\Database\Console\Migrations\FreshCommand.php:81
at vendor\laravel\framework\src\Illuminate\Container\BoundMethod.php:36
at vendor\laravel\framework\src\Illuminate\Container\Util.php:43
at vendor\laravel\framework\src\Illuminate\Container\BoundMethod.php:96
at vendor\laravel\framework\src\Illuminate\Container\BoundMethod.php:35
at vendor\laravel\framework\src\Illuminate\Container\Container.php:754
at vendor\laravel\framework\src\Illuminate\Console\Command.php:211
at vendor\symfony\console\Command\Command.php:318
at vendor\laravel\framework\src\Illuminate\Console\Command.php:180
at vendor\symfony\console\Application.php:1074
at vendor\symfony\console\Application.php:341
at vendor\symfony\console\Application.php:192
at vendor\laravel\framework\src\Illuminate\Console\Application.php:165
at vendor\laravel\framework\src\Illuminate\Foundation\Console\Kernel.php:426
at vendor\laravel\framework\src\Illuminate\Testing\PendingCommand.php:330
at vendor\laravel\framework\src\Illuminate\Testing\PendingCommand.php:533
at vendor\laravel\framework\src\Illuminate\Foundation\Testing\Concerns\InteractsWithConsole.php:87
at vendor\laravel\framework\src\Illuminate\Foundation\Testing\RefreshDatabase.php:101
at vendor\laravel\framework\src\Illuminate\Foundation\Testing\RefreshDatabase.php:84
at vendor\laravel\framework\src\Illuminate\Foundation\Testing\RefreshDatabase.php:25
at vendor\laravel\framework\src\Illuminate\Foundation\Testing\Concerns\InteractsWithTestCaseLifecycle.php:207
at vendor\laravel\framework\src\Illuminate\Foundation\Testing\Concerns\InteractsWithTestCaseLifecycle.php:96
at vendor\laravel\framework\src\Illuminate\Foundation\Testing\TestCase.php:44
at tests\TestCase.php:23
Caused by
PDOException: SQLSTATE[42P01]: Undefined table: 7 ERROR:  relation "graduates" does not exist

at vendor\laravel\framework\src\Illuminate\Database\Connection.php:568
at vendor\laravel\framework\src\Illuminate\Database\Connection.php:809
at vendor\laravel\framework\src\Illuminate\Database\Connection.php:776
at vendor\laravel\framework\src\Illuminate\Database\Connection.php:557
at vendor\laravel\framework\src\Illuminate\Database\Schema\Blueprint.php:119
at vendor\laravel\framework\src\Illuminate\Database\Schema\Builder.php:618
at vendor\laravel\framework\src\Illuminate\Database\Schema\Builder.php:460
at vendor\laravel\framework\src\Illuminate\Support\Facades\Facade.php:361
at database\migrations\2025_08_04_045047_add_graduate_id_to_job_applications_table.php:13
at vendor\laravel\framework\src\Illuminate\Database\Migrations\Migrator.php:514
at vendor\laravel\framework\src\Illuminate\Database\Migrations\Migrator.php:439
at vendor\laravel\framework\src\Illuminate\Database\Concerns\ManagesTransactions.php:32
at vendor\laravel\framework\src\Illuminate\Database\Migrations\Migrator.php:447
at vendor\laravel\framework\src\Illuminate\Database\Migrations\Migrator.php:250
at vendor\laravel\framework\src\Illuminate\Console\View\Components\Task.php:41
at vendor\laravel\framework\src\Illuminate\Database\Migrations\Migrator.php:805
at vendor\laravel\framework\src\Illuminate\Database\Migrations\Migrator.php:250
at vendor\laravel\framework\src\Illuminate\Database\Migrations\Migrator.php:210
at vendor\laravel\framework\src\Illuminate\Database\Migrations\Migrator.php:137
at vendor\laravel\framework\src\Illuminate\Database\Console\Migrations\MigrateCommand.php:116
at vendor\laravel\framework\src\Illuminate\Database\Migrations\Migrator.php:665
at vendor\laravel\framework\src\Illuminate\Database\Console\Migrations\MigrateCommand.php:109
at vendor\laravel\framework\src\Illuminate\Database\Console\Migrations\MigrateCommand.php:88
at vendor\laravel\framework\src\Illuminate\Container\BoundMethod.php:36
at vendor\laravel\framework\src\Illuminate\Container\Util.php:43
at vendor\laravel\framework\src\Illuminate\Container\BoundMethod.php:96
at vendor\laravel\framework\src\Illuminate\Container\BoundMethod.php:35
at vendor\laravel\framework\src\Illuminate\Container\Container.php:754
at vendor\laravel\framework\src\Illuminate\Console\Command.php:211
at vendor\symfony\console\Command\Command.php:318
at vendor\laravel\framework\src\Illuminate\Console\Command.php:180
at vendor\laravel\framework\src\Illuminate\Console\Concerns\CallsCommands.php:68
at vendor\laravel\framework\src\Illuminate\Console\Concerns\CallsCommands.php:29
at vendor\laravel\framework\src\Illuminate\Database\Console\Migrations\FreshCommand.php:81
at vendor\laravel\framework\src\Illuminate\Container\BoundMethod.php:36
at vendor\laravel\framework\src\Illuminate\Container\Util.php:43
at vendor\laravel\framework\src\Illuminate\Container\BoundMethod.php:96
at vendor\laravel\framework\src\Illuminate\Container\BoundMethod.php:35
at vendor\laravel\framework\src\Illuminate\Container\Container.php:754
at vendor\laravel\framework\src\Illuminate\Console\Command.php:211
at vendor\symfony\console\Command\Command.php:318
at vendor\laravel\framework\src\Illuminate\Console\Command.php:180
at vendor\symfony\console\Application.php:1074
at vendor\symfony\console\Application.php:341
at vendor\symfony\console\Application.php:192
at vendor\laravel\framework\src\Illuminate\Console\Application.php:165
at vendor\laravel\framework\src\Illuminate\Foundation\Console\Kernel.php:426
at vendor\laravel\framework\src\Illuminate\Testing\PendingCommand.php:330
at vendor\laravel\framework\src\Illuminate\Testing\PendingCommand.php:533
at vendor\laravel\framework\src\Illuminate\Foundation\Testing\Concerns\InteractsWithConsole.php:87
at vendor\laravel\framework\src\Illuminate\Foundation\Testing\RefreshDatabase.php:101
at vendor\laravel\framework\src\Illuminate\Foundation\Testing\RefreshDatabase.php:84
at vendor\laravel\framework\src\Illuminate\Foundation\Testing\RefreshDatabase.php:25
at vendor\laravel\framework\src\Illuminate\Foundation\Testing\Concerns\InteractsWithTestCaseLifecycle.php:207
at vendor\laravel\framework\src\Illuminate\Foundation\Testing\Concerns\InteractsWithTestCaseLifecycle.php:96
at vendor\laravel\framework\src\Illuminate\Foundation\Testing\TestCase.php:44
at tests\TestCase.php:23</error>
    </testcase>
    <testcase name="Ab test conversion tracking" file="Hero Section (Tests\Feature\HeroSection)::Ab test conversion tracking" class="Tests\Feature\HeroSectionTest" classname="Tests.Feature.HeroSectionTest" assertions="0" time="0.000000">
      <error type="Illuminate\Database\QueryException">Ab test conversion trackingIlluminate\Database\QueryException: SQLSTATE[42P01]: Undefined table: 7 ERROR:  relation "graduates" does not exist (Connection: pgsql, SQL: alter table "job_applications" add constraint "job_applications_graduate_id_foreign" foreign key ("graduate_id") references "graduates" ("id") on delete cascade)&#13;
at vendor\laravel\framework\src\Illuminate\Database\Connection.php:568
at vendor\laravel\framework\src\Illuminate\Database\Connection.php:809
at vendor\laravel\framework\src\Illuminate\Database\Connection.php:776
at vendor\laravel\framework\src\Illuminate\Database\Connection.php:557
at vendor\laravel\framework\src\Illuminate\Database\Schema\Blueprint.php:119
at vendor\laravel\framework\src\Illuminate\Database\Schema\Builder.php:618
at vendor\laravel\framework\src\Illuminate\Database\Schema\Builder.php:460
at vendor\laravel\framework\src\Illuminate\Support\Facades\Facade.php:361
at database\migrations\2025_08_04_045047_add_graduate_id_to_job_applications_table.php:13
at vendor\laravel\framework\src\Illuminate\Database\Migrations\Migrator.php:514
at vendor\laravel\framework\src\Illuminate\Database\Migrations\Migrator.php:439
at vendor\laravel\framework\src\Illuminate\Database\Concerns\ManagesTransactions.php:32
at vendor\laravel\framework\src\Illuminate\Database\Migrations\Migrator.php:447
at vendor\laravel\framework\src\Illuminate\Database\Migrations\Migrator.php:250
at vendor\laravel\framework\src\Illuminate\Console\View\Components\Task.php:41
at vendor\laravel\framework\src\Illuminate\Database\Migrations\Migrator.php:805
at vendor\laravel\framework\src\Illuminate\Database\Migrations\Migrator.php:250
at vendor\laravel\framework\src\Illuminate\Database\Migrations\Migrator.php:210
at vendor\laravel\framework\src\Illuminate\Database\Migrations\Migrator.php:137
at vendor\laravel\framework\src\Illuminate\Database\Console\Migrations\MigrateCommand.php:116
at vendor\laravel\framework\src\Illuminate\Database\Migrations\Migrator.php:665
at vendor\laravel\framework\src\Illuminate\Database\Console\Migrations\MigrateCommand.php:109
at vendor\laravel\framework\src\Illuminate\Database\Console\Migrations\MigrateCommand.php:88
at vendor\laravel\framework\src\Illuminate\Container\BoundMethod.php:36
at vendor\laravel\framework\src\Illuminate\Container\Util.php:43
at vendor\laravel\framework\src\Illuminate\Container\BoundMethod.php:96
at vendor\laravel\framework\src\Illuminate\Container\BoundMethod.php:35
at vendor\laravel\framework\src\Illuminate\Container\Container.php:754
at vendor\laravel\framework\src\Illuminate\Console\Command.php:211
at vendor\symfony\console\Command\Command.php:318
at vendor\laravel\framework\src\Illuminate\Console\Command.php:180
at vendor\laravel\framework\src\Illuminate\Console\Concerns\CallsCommands.php:68
at vendor\laravel\framework\src\Illuminate\Console\Concerns\CallsCommands.php:29
at vendor\laravel\framework\src\Illuminate\Database\Console\Migrations\FreshCommand.php:81
at vendor\laravel\framework\src\Illuminate\Container\BoundMethod.php:36
at vendor\laravel\framework\src\Illuminate\Container\Util.php:43
at vendor\laravel\framework\src\Illuminate\Container\BoundMethod.php:96
at vendor\laravel\framework\src\Illuminate\Container\BoundMethod.php:35
at vendor\laravel\framework\src\Illuminate\Container\Container.php:754
at vendor\laravel\framework\src\Illuminate\Console\Command.php:211
at vendor\symfony\console\Command\Command.php:318
at vendor\laravel\framework\src\Illuminate\Console\Command.php:180
at vendor\symfony\console\Application.php:1074
at vendor\symfony\console\Application.php:341
at vendor\symfony\console\Application.php:192
at vendor\laravel\framework\src\Illuminate\Console\Application.php:165
at vendor\laravel\framework\src\Illuminate\Foundation\Console\Kernel.php:426
at vendor\laravel\framework\src\Illuminate\Testing\PendingCommand.php:330
at vendor\laravel\framework\src\Illuminate\Testing\PendingCommand.php:533
at vendor\laravel\framework\src\Illuminate\Foundation\Testing\Concerns\InteractsWithConsole.php:87
at vendor\laravel\framework\src\Illuminate\Foundation\Testing\RefreshDatabase.php:101
at vendor\laravel\framework\src\Illuminate\Foundation\Testing\RefreshDatabase.php:84
at vendor\laravel\framework\src\Illuminate\Foundation\Testing\RefreshDatabase.php:25
at vendor\laravel\framework\src\Illuminate\Foundation\Testing\Concerns\InteractsWithTestCaseLifecycle.php:207
at vendor\laravel\framework\src\Illuminate\Foundation\Testing\Concerns\InteractsWithTestCaseLifecycle.php:96
at vendor\laravel\framework\src\Illuminate\Foundation\Testing\TestCase.php:44
at tests\TestCase.php:23
Caused by
PDOException: SQLSTATE[42P01]: Undefined table: 7 ERROR:  relation "graduates" does not exist

at vendor\laravel\framework\src\Illuminate\Database\Connection.php:568
at vendor\laravel\framework\src\Illuminate\Database\Connection.php:809
at vendor\laravel\framework\src\Illuminate\Database\Connection.php:776
at vendor\laravel\framework\src\Illuminate\Database\Connection.php:557
at vendor\laravel\framework\src\Illuminate\Database\Schema\Blueprint.php:119
at vendor\laravel\framework\src\Illuminate\Database\Schema\Builder.php:618
at vendor\laravel\framework\src\Illuminate\Database\Schema\Builder.php:460
at vendor\laravel\framework\src\Illuminate\Support\Facades\Facade.php:361
at database\migrations\2025_08_04_045047_add_graduate_id_to_job_applications_table.php:13
at vendor\laravel\framework\src\Illuminate\Database\Migrations\Migrator.php:514
at vendor\laravel\framework\src\Illuminate\Database\Migrations\Migrator.php:439
at vendor\laravel\framework\src\Illuminate\Database\Concerns\ManagesTransactions.php:32
at vendor\laravel\framework\src\Illuminate\Database\Migrations\Migrator.php:447
at vendor\laravel\framework\src\Illuminate\Database\Migrations\Migrator.php:250
at vendor\laravel\framework\src\Illuminate\Console\View\Components\Task.php:41
at vendor\laravel\framework\src\Illuminate\Database\Migrations\Migrator.php:805
at vendor\laravel\framework\src\Illuminate\Database\Migrations\Migrator.php:250
at vendor\laravel\framework\src\Illuminate\Database\Migrations\Migrator.php:210
at vendor\laravel\framework\src\Illuminate\Database\Migrations\Migrator.php:137
at vendor\laravel\framework\src\Illuminate\Database\Console\Migrations\MigrateCommand.php:116
at vendor\laravel\framework\src\Illuminate\Database\Migrations\Migrator.php:665
at vendor\laravel\framework\src\Illuminate\Database\Console\Migrations\MigrateCommand.php:109
at vendor\laravel\framework\src\Illuminate\Database\Console\Migrations\MigrateCommand.php:88
at vendor\laravel\framework\src\Illuminate\Container\BoundMethod.php:36
at vendor\laravel\framework\src\Illuminate\Container\Util.php:43
at vendor\laravel\framework\src\Illuminate\Container\BoundMethod.php:96
at vendor\laravel\framework\src\Illuminate\Container\BoundMethod.php:35
at vendor\laravel\framework\src\Illuminate\Container\Container.php:754
at vendor\laravel\framework\src\Illuminate\Console\Command.php:211
at vendor\symfony\console\Command\Command.php:318
at vendor\laravel\framework\src\Illuminate\Console\Command.php:180
at vendor\laravel\framework\src\Illuminate\Console\Concerns\CallsCommands.php:68
at vendor\laravel\framework\src\Illuminate\Console\Concerns\CallsCommands.php:29
at vendor\laravel\framework\src\Illuminate\Database\Console\Migrations\FreshCommand.php:81
at vendor\laravel\framework\src\Illuminate\Container\BoundMethod.php:36
at vendor\laravel\framework\src\Illuminate\Container\Util.php:43
at vendor\laravel\framework\src\Illuminate\Container\BoundMethod.php:96
at vendor\laravel\framework\src\Illuminate\Container\BoundMethod.php:35
at vendor\laravel\framework\src\Illuminate\Container\Container.php:754
at vendor\laravel\framework\src\Illuminate\Console\Command.php:211
at vendor\symfony\console\Command\Command.php:318
at vendor\laravel\framework\src\Illuminate\Console\Command.php:180
at vendor\symfony\console\Application.php:1074
at vendor\symfony\console\Application.php:341
at vendor\symfony\console\Application.php:192
at vendor\laravel\framework\src\Illuminate\Console\Application.php:165
at vendor\laravel\framework\src\Illuminate\Foundation\Console\Kernel.php:426
at vendor\laravel\framework\src\Illuminate\Testing\PendingCommand.php:330
at vendor\laravel\framework\src\Illuminate\Testing\PendingCommand.php:533
at vendor\laravel\framework\src\Illuminate\Foundation\Testing\Concerns\InteractsWithConsole.php:87
at vendor\laravel\framework\src\Illuminate\Foundation\Testing\RefreshDatabase.php:101
at vendor\laravel\framework\src\Illuminate\Foundation\Testing\RefreshDatabase.php:84
at vendor\laravel\framework\src\Illuminate\Foundation\Testing\RefreshDatabase.php:25
at vendor\laravel\framework\src\Illuminate\Foundation\Testing\Concerns\InteractsWithTestCaseLifecycle.php:207
at vendor\laravel\framework\src\Illuminate\Foundation\Testing\Concerns\InteractsWithTestCaseLifecycle.php:96
at vendor\laravel\framework\src\Illuminate\Foundation\Testing\TestCase.php:44
at tests\TestCase.php:23</error>
    </testcase>
    <testcase name="Homepage service provides dual audience content" file="Hero Section (Tests\Feature\HeroSection)::Homepage service provides dual audience content" class="Tests\Feature\HeroSectionTest" classname="Tests.Feature.HeroSectionTest" assertions="0" time="0.000000">
      <error type="Illuminate\Database\QueryException">Homepage service provides dual audience contentIlluminate\Database\QueryException: SQLSTATE[42P01]: Undefined table: 7 ERROR:  relation "graduates" does not exist (Connection: pgsql, SQL: alter table "job_applications" add constraint "job_applications_graduate_id_foreign" foreign key ("graduate_id") references "graduates" ("id") on delete cascade)&#13;
at vendor\laravel\framework\src\Illuminate\Database\Connection.php:568
at vendor\laravel\framework\src\Illuminate\Database\Connection.php:809
at vendor\laravel\framework\src\Illuminate\Database\Connection.php:776
at vendor\laravel\framework\src\Illuminate\Database\Connection.php:557
at vendor\laravel\framework\src\Illuminate\Database\Schema\Blueprint.php:119
at vendor\laravel\framework\src\Illuminate\Database\Schema\Builder.php:618
at vendor\laravel\framework\src\Illuminate\Database\Schema\Builder.php:460
at vendor\laravel\framework\src\Illuminate\Support\Facades\Facade.php:361
at database\migrations\2025_08_04_045047_add_graduate_id_to_job_applications_table.php:13
at vendor\laravel\framework\src\Illuminate\Database\Migrations\Migrator.php:514
at vendor\laravel\framework\src\Illuminate\Database\Migrations\Migrator.php:439
at vendor\laravel\framework\src\Illuminate\Database\Concerns\ManagesTransactions.php:32
at vendor\laravel\framework\src\Illuminate\Database\Migrations\Migrator.php:447
at vendor\laravel\framework\src\Illuminate\Database\Migrations\Migrator.php:250
at vendor\laravel\framework\src\Illuminate\Console\View\Components\Task.php:41
at vendor\laravel\framework\src\Illuminate\Database\Migrations\Migrator.php:805
at vendor\laravel\framework\src\Illuminate\Database\Migrations\Migrator.php:250
at vendor\laravel\framework\src\Illuminate\Database\Migrations\Migrator.php:210
at vendor\laravel\framework\src\Illuminate\Database\Migrations\Migrator.php:137
at vendor\laravel\framework\src\Illuminate\Database\Console\Migrations\MigrateCommand.php:116
at vendor\laravel\framework\src\Illuminate\Database\Migrations\Migrator.php:665
at vendor\laravel\framework\src\Illuminate\Database\Console\Migrations\MigrateCommand.php:109
at vendor\laravel\framework\src\Illuminate\Database\Console\Migrations\MigrateCommand.php:88
at vendor\laravel\framework\src\Illuminate\Container\BoundMethod.php:36
at vendor\laravel\framework\src\Illuminate\Container\Util.php:43
at vendor\laravel\framework\src\Illuminate\Container\BoundMethod.php:96
at vendor\laravel\framework\src\Illuminate\Container\BoundMethod.php:35
at vendor\laravel\framework\src\Illuminate\Container\Container.php:754
at vendor\laravel\framework\src\Illuminate\Console\Command.php:211
at vendor\symfony\console\Command\Command.php:318
at vendor\laravel\framework\src\Illuminate\Console\Command.php:180
at vendor\laravel\framework\src\Illuminate\Console\Concerns\CallsCommands.php:68
at vendor\laravel\framework\src\Illuminate\Console\Concerns\CallsCommands.php:29
at vendor\laravel\framework\src\Illuminate\Database\Console\Migrations\FreshCommand.php:81
at vendor\laravel\framework\src\Illuminate\Container\BoundMethod.php:36
at vendor\laravel\framework\src\Illuminate\Container\Util.php:43
at vendor\laravel\framework\src\Illuminate\Container\BoundMethod.php:96
at vendor\laravel\framework\src\Illuminate\Container\BoundMethod.php:35
at vendor\laravel\framework\src\Illuminate\Container\Container.php:754
at vendor\laravel\framework\src\Illuminate\Console\Command.php:211
at vendor\symfony\console\Command\Command.php:318
at vendor\laravel\framework\src\Illuminate\Console\Command.php:180
at vendor\symfony\console\Application.php:1074
at vendor\symfony\console\Application.php:341
at vendor\symfony\console\Application.php:192
at vendor\laravel\framework\src\Illuminate\Console\Application.php:165
at vendor\laravel\framework\src\Illuminate\Foundation\Console\Kernel.php:426
at vendor\laravel\framework\src\Illuminate\Testing\PendingCommand.php:330
at vendor\laravel\framework\src\Illuminate\Testing\PendingCommand.php:533
at vendor\laravel\framework\src\Illuminate\Foundation\Testing\Concerns\InteractsWithConsole.php:87
at vendor\laravel\framework\src\Illuminate\Foundation\Testing\RefreshDatabase.php:101
at vendor\laravel\framework\src\Illuminate\Foundation\Testing\RefreshDatabase.php:84
at vendor\laravel\framework\src\Illuminate\Foundation\Testing\RefreshDatabase.php:25
at vendor\laravel\framework\src\Illuminate\Foundation\Testing\Concerns\InteractsWithTestCaseLifecycle.php:207
at vendor\laravel\framework\src\Illuminate\Foundation\Testing\Concerns\InteractsWithTestCaseLifecycle.php:96
at vendor\laravel\framework\src\Illuminate\Foundation\Testing\TestCase.php:44
at tests\TestCase.php:23
Caused by
PDOException: SQLSTATE[42P01]: Undefined table: 7 ERROR:  relation "graduates" does not exist

at vendor\laravel\framework\src\Illuminate\Database\Connection.php:568
at vendor\laravel\framework\src\Illuminate\Database\Connection.php:809
at vendor\laravel\framework\src\Illuminate\Database\Connection.php:776
at vendor\laravel\framework\src\Illuminate\Database\Connection.php:557
at vendor\laravel\framework\src\Illuminate\Database\Schema\Blueprint.php:119
at vendor\laravel\framework\src\Illuminate\Database\Schema\Builder.php:618
at vendor\laravel\framework\src\Illuminate\Database\Schema\Builder.php:460
at vendor\laravel\framework\src\Illuminate\Support\Facades\Facade.php:361
at database\migrations\2025_08_04_045047_add_graduate_id_to_job_applications_table.php:13
at vendor\laravel\framework\src\Illuminate\Database\Migrations\Migrator.php:514
at vendor\laravel\framework\src\Illuminate\Database\Migrations\Migrator.php:439
at vendor\laravel\framework\src\Illuminate\Database\Concerns\ManagesTransactions.php:32
at vendor\laravel\framework\src\Illuminate\Database\Migrations\Migrator.php:447
at vendor\laravel\framework\src\Illuminate\Database\Migrations\Migrator.php:250
at vendor\laravel\framework\src\Illuminate\Console\View\Components\Task.php:41
at vendor\laravel\framework\src\Illuminate\Database\Migrations\Migrator.php:805
at vendor\laravel\framework\src\Illuminate\Database\Migrations\Migrator.php:250
at vendor\laravel\framework\src\Illuminate\Database\Migrations\Migrator.php:210
at vendor\laravel\framework\src\Illuminate\Database\Migrations\Migrator.php:137
at vendor\laravel\framework\src\Illuminate\Database\Console\Migrations\MigrateCommand.php:116
at vendor\laravel\framework\src\Illuminate\Database\Migrations\Migrator.php:665
at vendor\laravel\framework\src\Illuminate\Database\Console\Migrations\MigrateCommand.php:109
at vendor\laravel\framework\src\Illuminate\Database\Console\Migrations\MigrateCommand.php:88
at vendor\laravel\framework\src\Illuminate\Container\BoundMethod.php:36
at vendor\laravel\framework\src\Illuminate\Container\Util.php:43
at vendor\laravel\framework\src\Illuminate\Container\BoundMethod.php:96
at vendor\laravel\framework\src\Illuminate\Container\BoundMethod.php:35
at vendor\laravel\framework\src\Illuminate\Container\Container.php:754
at vendor\laravel\framework\src\Illuminate\Console\Command.php:211
at vendor\symfony\console\Command\Command.php:318
at vendor\laravel\framework\src\Illuminate\Console\Command.php:180
at vendor\laravel\framework\src\Illuminate\Console\Concerns\CallsCommands.php:68
at vendor\laravel\framework\src\Illuminate\Console\Concerns\CallsCommands.php:29
at vendor\laravel\framework\src\Illuminate\Database\Console\Migrations\FreshCommand.php:81
at vendor\laravel\framework\src\Illuminate\Container\BoundMethod.php:36
at vendor\laravel\framework\src\Illuminate\Container\Util.php:43
at vendor\laravel\framework\src\Illuminate\Container\BoundMethod.php:96
at vendor\laravel\framework\src\Illuminate\Container\BoundMethod.php:35
at vendor\laravel\framework\src\Illuminate\Container\Container.php:754
at vendor\laravel\framework\src\Illuminate\Console\Command.php:211
at vendor\symfony\console\Command\Command.php:318
at vendor\laravel\framework\src\Illuminate\Console\Command.php:180
at vendor\symfony\console\Application.php:1074
at vendor\symfony\console\Application.php:341
at vendor\symfony\console\Application.php:192
at vendor\laravel\framework\src\Illuminate\Console\Application.php:165
at vendor\laravel\framework\src\Illuminate\Foundation\Console\Kernel.php:426
at vendor\laravel\framework\src\Illuminate\Testing\PendingCommand.php:330
at vendor\laravel\framework\src\Illuminate\Testing\PendingCommand.php:533
at vendor\laravel\framework\src\Illuminate\Foundation\Testing\Concerns\InteractsWithConsole.php:87
at vendor\laravel\framework\src\Illuminate\Foundation\Testing\RefreshDatabase.php:101
at vendor\laravel\framework\src\Illuminate\Foundation\Testing\RefreshDatabase.php:84
at vendor\laravel\framework\src\Illuminate\Foundation\Testing\RefreshDatabase.php:25
at vendor\laravel\framework\src\Illuminate\Foundation\Testing\Concerns\InteractsWithTestCaseLifecycle.php:207
at vendor\laravel\framework\src\Illuminate\Foundation\Testing\Concerns\InteractsWithTestCaseLifecycle.php:96
at vendor\laravel\framework\src\Illuminate\Foundation\Testing\TestCase.php:44
at tests\TestCase.php:23</error>
    </testcase>
    <testcase name="Ab testing service provides variants" file="Hero Section (Tests\Feature\HeroSection)::Ab testing service provides variants" class="Tests\Feature\HeroSectionTest" classname="Tests.Feature.HeroSectionTest" assertions="0" time="0.000000">
      <error type="Illuminate\Database\QueryException">Ab testing service provides variantsIlluminate\Database\QueryException: SQLSTATE[42P01]: Undefined table: 7 ERROR:  relation "graduates" does not exist (Connection: pgsql, SQL: alter table "job_applications" add constraint "job_applications_graduate_id_foreign" foreign key ("graduate_id") references "graduates" ("id") on delete cascade)&#13;
at vendor\laravel\framework\src\Illuminate\Database\Connection.php:568
at vendor\laravel\framework\src\Illuminate\Database\Connection.php:809
at vendor\laravel\framework\src\Illuminate\Database\Connection.php:776
at vendor\laravel\framework\src\Illuminate\Database\Connection.php:557
at vendor\laravel\framework\src\Illuminate\Database\Schema\Blueprint.php:119
at vendor\laravel\framework\src\Illuminate\Database\Schema\Builder.php:618
at vendor\laravel\framework\src\Illuminate\Database\Schema\Builder.php:460
at vendor\laravel\framework\src\Illuminate\Support\Facades\Facade.php:361
at database\migrations\2025_08_04_045047_add_graduate_id_to_job_applications_table.php:13
at vendor\laravel\framework\src\Illuminate\Database\Migrations\Migrator.php:514
at vendor\laravel\framework\src\Illuminate\Database\Migrations\Migrator.php:439
at vendor\laravel\framework\src\Illuminate\Database\Concerns\ManagesTransactions.php:32
at vendor\laravel\framework\src\Illuminate\Database\Migrations\Migrator.php:447
at vendor\laravel\framework\src\Illuminate\Database\Migrations\Migrator.php:250
at vendor\laravel\framework\src\Illuminate\Console\View\Components\Task.php:41
at vendor\laravel\framework\src\Illuminate\Database\Migrations\Migrator.php:805
at vendor\laravel\framework\src\Illuminate\Database\Migrations\Migrator.php:250
at vendor\laravel\framework\src\Illuminate\Database\Migrations\Migrator.php:210
at vendor\laravel\framework\src\Illuminate\Database\Migrations\Migrator.php:137
at vendor\laravel\framework\src\Illuminate\Database\Console\Migrations\MigrateCommand.php:116
at vendor\laravel\framework\src\Illuminate\Database\Migrations\Migrator.php:665
at vendor\laravel\framework\src\Illuminate\Database\Console\Migrations\MigrateCommand.php:109
at vendor\laravel\framework\src\Illuminate\Database\Console\Migrations\MigrateCommand.php:88
at vendor\laravel\framework\src\Illuminate\Container\BoundMethod.php:36
at vendor\laravel\framework\src\Illuminate\Container\Util.php:43
at vendor\laravel\framework\src\Illuminate\Container\BoundMethod.php:96
at vendor\laravel\framework\src\Illuminate\Container\BoundMethod.php:35
at vendor\laravel\framework\src\Illuminate\Container\Container.php:754
at vendor\laravel\framework\src\Illuminate\Console\Command.php:211
at vendor\symfony\console\Command\Command.php:318
at vendor\laravel\framework\src\Illuminate\Console\Command.php:180
at vendor\laravel\framework\src\Illuminate\Console\Concerns\CallsCommands.php:68
at vendor\laravel\framework\src\Illuminate\Console\Concerns\CallsCommands.php:29
at vendor\laravel\framework\src\Illuminate\Database\Console\Migrations\FreshCommand.php:81
at vendor\laravel\framework\src\Illuminate\Container\BoundMethod.php:36
at vendor\laravel\framework\src\Illuminate\Container\Util.php:43
at vendor\laravel\framework\src\Illuminate\Container\BoundMethod.php:96
at vendor\laravel\framework\src\Illuminate\Container\BoundMethod.php:35
at vendor\laravel\framework\src\Illuminate\Container\Container.php:754
at vendor\laravel\framework\src\Illuminate\Console\Command.php:211
at vendor\symfony\console\Command\Command.php:318
at vendor\laravel\framework\src\Illuminate\Console\Command.php:180
at vendor\symfony\console\Application.php:1074
at vendor\symfony\console\Application.php:341
at vendor\symfony\console\Application.php:192
at vendor\laravel\framework\src\Illuminate\Console\Application.php:165
at vendor\laravel\framework\src\Illuminate\Foundation\Console\Kernel.php:426
at vendor\laravel\framework\src\Illuminate\Testing\PendingCommand.php:330
at vendor\laravel\framework\src\Illuminate\Testing\PendingCommand.php:533
at vendor\laravel\framework\src\Illuminate\Foundation\Testing\Concerns\InteractsWithConsole.php:87
at vendor\laravel\framework\src\Illuminate\Foundation\Testing\RefreshDatabase.php:101
at vendor\laravel\framework\src\Illuminate\Foundation\Testing\RefreshDatabase.php:84
at vendor\laravel\framework\src\Illuminate\Foundation\Testing\RefreshDatabase.php:25
at vendor\laravel\framework\src\Illuminate\Foundation\Testing\Concerns\InteractsWithTestCaseLifecycle.php:207
at vendor\laravel\framework\src\Illuminate\Foundation\Testing\Concerns\InteractsWithTestCaseLifecycle.php:96
at vendor\laravel\framework\src\Illuminate\Foundation\Testing\TestCase.php:44
at tests\TestCase.php:23
Caused by
PDOException: SQLSTATE[42P01]: Undefined table: 7 ERROR:  relation "graduates" does not exist

at vendor\laravel\framework\src\Illuminate\Database\Connection.php:568
at vendor\laravel\framework\src\Illuminate\Database\Connection.php:809
at vendor\laravel\framework\src\Illuminate\Database\Connection.php:776
at vendor\laravel\framework\src\Illuminate\Database\Connection.php:557
at vendor\laravel\framework\src\Illuminate\Database\Schema\Blueprint.php:119
at vendor\laravel\framework\src\Illuminate\Database\Schema\Builder.php:618
at vendor\laravel\framework\src\Illuminate\Database\Schema\Builder.php:460
at vendor\laravel\framework\src\Illuminate\Support\Facades\Facade.php:361
at database\migrations\2025_08_04_045047_add_graduate_id_to_job_applications_table.php:13
at vendor\laravel\framework\src\Illuminate\Database\Migrations\Migrator.php:514
at vendor\laravel\framework\src\Illuminate\Database\Migrations\Migrator.php:439
at vendor\laravel\framework\src\Illuminate\Database\Concerns\ManagesTransactions.php:32
at vendor\laravel\framework\src\Illuminate\Database\Migrations\Migrator.php:447
at vendor\laravel\framework\src\Illuminate\Database\Migrations\Migrator.php:250
at vendor\laravel\framework\src\Illuminate\Console\View\Components\Task.php:41
at vendor\laravel\framework\src\Illuminate\Database\Migrations\Migrator.php:805
at vendor\laravel\framework\src\Illuminate\Database\Migrations\Migrator.php:250
at vendor\laravel\framework\src\Illuminate\Database\Migrations\Migrator.php:210
at vendor\laravel\framework\src\Illuminate\Database\Migrations\Migrator.php:137
at vendor\laravel\framework\src\Illuminate\Database\Console\Migrations\MigrateCommand.php:116
at vendor\laravel\framework\src\Illuminate\Database\Migrations\Migrator.php:665
at vendor\laravel\framework\src\Illuminate\Database\Console\Migrations\MigrateCommand.php:109
at vendor\laravel\framework\src\Illuminate\Database\Console\Migrations\MigrateCommand.php:88
at vendor\laravel\framework\src\Illuminate\Container\BoundMethod.php:36
at vendor\laravel\framework\src\Illuminate\Container\Util.php:43
at vendor\laravel\framework\src\Illuminate\Container\BoundMethod.php:96
at vendor\laravel\framework\src\Illuminate\Container\BoundMethod.php:35
at vendor\laravel\framework\src\Illuminate\Container\Container.php:754
at vendor\laravel\framework\src\Illuminate\Console\Command.php:211
at vendor\symfony\console\Command\Command.php:318
at vendor\laravel\framework\src\Illuminate\Console\Command.php:180
at vendor\laravel\framework\src\Illuminate\Console\Concerns\CallsCommands.php:68
at vendor\laravel\framework\src\Illuminate\Console\Concerns\CallsCommands.php:29
at vendor\laravel\framework\src\Illuminate\Database\Console\Migrations\FreshCommand.php:81
at vendor\laravel\framework\src\Illuminate\Container\BoundMethod.php:36
at vendor\laravel\framework\src\Illuminate\Container\Util.php:43
at vendor\laravel\framework\src\Illuminate\Container\BoundMethod.php:96
at vendor\laravel\framework\src\Illuminate\Container\BoundMethod.php:35
at vendor\laravel\framework\src\Illuminate\Container\Container.php:754
at vendor\laravel\framework\src\Illuminate\Console\Command.php:211
at vendor\symfony\console\Command\Command.php:318
at vendor\laravel\framework\src\Illuminate\Console\Command.php:180
at vendor\symfony\console\Application.php:1074
at vendor\symfony\console\Application.php:341
at vendor\symfony\console\Application.php:192
at vendor\laravel\framework\src\Illuminate\Console\Application.php:165
at vendor\laravel\framework\src\Illuminate\Foundation\Console\Kernel.php:426
at vendor\laravel\framework\src\Illuminate\Testing\PendingCommand.php:330
at vendor\laravel\framework\src\Illuminate\Testing\PendingCommand.php:533
at vendor\laravel\framework\src\Illuminate\Foundation\Testing\Concerns\InteractsWithConsole.php:87
at vendor\laravel\framework\src\Illuminate\Foundation\Testing\RefreshDatabase.php:101
at vendor\laravel\framework\src\Illuminate\Foundation\Testing\RefreshDatabase.php:84
at vendor\laravel\framework\src\Illuminate\Foundation\Testing\RefreshDatabase.php:25
at vendor\laravel\framework\src\Illuminate\Foundation\Testing\Concerns\InteractsWithTestCaseLifecycle.php:207
at vendor\laravel\framework\src\Illuminate\Foundation\Testing\Concerns\InteractsWithTestCaseLifecycle.php:96
at vendor\laravel\framework\src\Illuminate\Foundation\Testing\TestCase.php:44
at tests\TestCase.php:23</error>
    </testcase>
    <testcase name="Hero section displays statistics" file="Hero Section (Tests\Feature\HeroSection)::Hero section displays statistics" class="Tests\Feature\HeroSectionTest" classname="Tests.Feature.HeroSectionTest" assertions="0" time="0.000000">
      <error type="Illuminate\Database\QueryException">Hero section displays statisticsIlluminate\Database\QueryException: SQLSTATE[42P01]: Undefined table: 7 ERROR:  relation "graduates" does not exist (Connection: pgsql, SQL: alter table "job_applications" add constraint "job_applications_graduate_id_foreign" foreign key ("graduate_id") references "graduates" ("id") on delete cascade)&#13;
at vendor\laravel\framework\src\Illuminate\Database\Connection.php:568
at vendor\laravel\framework\src\Illuminate\Database\Connection.php:809
at vendor\laravel\framework\src\Illuminate\Database\Connection.php:776
at vendor\laravel\framework\src\Illuminate\Database\Connection.php:557
at vendor\laravel\framework\src\Illuminate\Database\Schema\Blueprint.php:119
at vendor\laravel\framework\src\Illuminate\Database\Schema\Builder.php:618
at vendor\laravel\framework\src\Illuminate\Database\Schema\Builder.php:460
at vendor\laravel\framework\src\Illuminate\Support\Facades\Facade.php:361
at database\migrations\2025_08_04_045047_add_graduate_id_to_job_applications_table.php:13
at vendor\laravel\framework\src\Illuminate\Database\Migrations\Migrator.php:514
at vendor\laravel\framework\src\Illuminate\Database\Migrations\Migrator.php:439
at vendor\laravel\framework\src\Illuminate\Database\Concerns\ManagesTransactions.php:32
at vendor\laravel\framework\src\Illuminate\Database\Migrations\Migrator.php:447
at vendor\laravel\framework\src\Illuminate\Database\Migrations\Migrator.php:250
at vendor\laravel\framework\src\Illuminate\Console\View\Components\Task.php:41
at vendor\laravel\framework\src\Illuminate\Database\Migrations\Migrator.php:805
at vendor\laravel\framework\src\Illuminate\Database\Migrations\Migrator.php:250
at vendor\laravel\framework\src\Illuminate\Database\Migrations\Migrator.php:210
at vendor\laravel\framework\src\Illuminate\Database\Migrations\Migrator.php:137
at vendor\laravel\framework\src\Illuminate\Database\Console\Migrations\MigrateCommand.php:116
at vendor\laravel\framework\src\Illuminate\Database\Migrations\Migrator.php:665
at vendor\laravel\framework\src\Illuminate\Database\Console\Migrations\MigrateCommand.php:109
at vendor\laravel\framework\src\Illuminate\Database\Console\Migrations\MigrateCommand.php:88
at vendor\laravel\framework\src\Illuminate\Container\BoundMethod.php:36
at vendor\laravel\framework\src\Illuminate\Container\Util.php:43
at vendor\laravel\framework\src\Illuminate\Container\BoundMethod.php:96
at vendor\laravel\framework\src\Illuminate\Container\BoundMethod.php:35
at vendor\laravel\framework\src\Illuminate\Container\Container.php:754
at vendor\laravel\framework\src\Illuminate\Console\Command.php:211
at vendor\symfony\console\Command\Command.php:318
at vendor\laravel\framework\src\Illuminate\Console\Command.php:180
at vendor\laravel\framework\src\Illuminate\Console\Concerns\CallsCommands.php:68
at vendor\laravel\framework\src\Illuminate\Console\Concerns\CallsCommands.php:29
at vendor\laravel\framework\src\Illuminate\Database\Console\Migrations\FreshCommand.php:81
at vendor\laravel\framework\src\Illuminate\Container\BoundMethod.php:36
at vendor\laravel\framework\src\Illuminate\Container\Util.php:43
at vendor\laravel\framework\src\Illuminate\Container\BoundMethod.php:96
at vendor\laravel\framework\src\Illuminate\Container\BoundMethod.php:35
at vendor\laravel\framework\src\Illuminate\Container\Container.php:754
at vendor\laravel\framework\src\Illuminate\Console\Command.php:211
at vendor\symfony\console\Command\Command.php:318
at vendor\laravel\framework\src\Illuminate\Console\Command.php:180
at vendor\symfony\console\Application.php:1074
at vendor\symfony\console\Application.php:341
at vendor\symfony\console\Application.php:192
at vendor\laravel\framework\src\Illuminate\Console\Application.php:165
at vendor\laravel\framework\src\Illuminate\Foundation\Console\Kernel.php:426
at vendor\laravel\framework\src\Illuminate\Testing\PendingCommand.php:330
at vendor\laravel\framework\src\Illuminate\Testing\PendingCommand.php:533
at vendor\laravel\framework\src\Illuminate\Foundation\Testing\Concerns\InteractsWithConsole.php:87
at vendor\laravel\framework\src\Illuminate\Foundation\Testing\RefreshDatabase.php:101
at vendor\laravel\framework\src\Illuminate\Foundation\Testing\RefreshDatabase.php:84
at vendor\laravel\framework\src\Illuminate\Foundation\Testing\RefreshDatabase.php:25
at vendor\laravel\framework\src\Illuminate\Foundation\Testing\Concerns\InteractsWithTestCaseLifecycle.php:207
at vendor\laravel\framework\src\Illuminate\Foundation\Testing\Concerns\InteractsWithTestCaseLifecycle.php:96
at vendor\laravel\framework\src\Illuminate\Foundation\Testing\TestCase.php:44
at tests\TestCase.php:23
Caused by
PDOException: SQLSTATE[42P01]: Undefined table: 7 ERROR:  relation "graduates" does not exist

at vendor\laravel\framework\src\Illuminate\Database\Connection.php:568
at vendor\laravel\framework\src\Illuminate\Database\Connection.php:809
at vendor\laravel\framework\src\Illuminate\Database\Connection.php:776
at vendor\laravel\framework\src\Illuminate\Database\Connection.php:557
at vendor\laravel\framework\src\Illuminate\Database\Schema\Blueprint.php:119
at vendor\laravel\framework\src\Illuminate\Database\Schema\Builder.php:618
at vendor\laravel\framework\src\Illuminate\Database\Schema\Builder.php:460
at vendor\laravel\framework\src\Illuminate\Support\Facades\Facade.php:361
at database\migrations\2025_08_04_045047_add_graduate_id_to_job_applications_table.php:13
at vendor\laravel\framework\src\Illuminate\Database\Migrations\Migrator.php:514
at vendor\laravel\framework\src\Illuminate\Database\Migrations\Migrator.php:439
at vendor\laravel\framework\src\Illuminate\Database\Concerns\ManagesTransactions.php:32
at vendor\laravel\framework\src\Illuminate\Database\Migrations\Migrator.php:447
at vendor\laravel\framework\src\Illuminate\Database\Migrations\Migrator.php:250
at vendor\laravel\framework\src\Illuminate\Console\View\Components\Task.php:41
at vendor\laravel\framework\src\Illuminate\Database\Migrations\Migrator.php:805
at vendor\laravel\framework\src\Illuminate\Database\Migrations\Migrator.php:250
at vendor\laravel\framework\src\Illuminate\Database\Migrations\Migrator.php:210
at vendor\laravel\framework\src\Illuminate\Database\Migrations\Migrator.php:137
at vendor\laravel\framework\src\Illuminate\Database\Console\Migrations\MigrateCommand.php:116
at vendor\laravel\framework\src\Illuminate\Database\Migrations\Migrator.php:665
at vendor\laravel\framework\src\Illuminate\Database\Console\Migrations\MigrateCommand.php:109
at vendor\laravel\framework\src\Illuminate\Database\Console\Migrations\MigrateCommand.php:88
at vendor\laravel\framework\src\Illuminate\Container\BoundMethod.php:36
at vendor\laravel\framework\src\Illuminate\Container\Util.php:43
at vendor\laravel\framework\src\Illuminate\Container\BoundMethod.php:96
at vendor\laravel\framework\src\Illuminate\Container\BoundMethod.php:35
at vendor\laravel\framework\src\Illuminate\Container\Container.php:754
at vendor\laravel\framework\src\Illuminate\Console\Command.php:211
at vendor\symfony\console\Command\Command.php:318
at vendor\laravel\framework\src\Illuminate\Console\Command.php:180
at vendor\laravel\framework\src\Illuminate\Console\Concerns\CallsCommands.php:68
at vendor\laravel\framework\src\Illuminate\Console\Concerns\CallsCommands.php:29
at vendor\laravel\framework\src\Illuminate\Database\Console\Migrations\FreshCommand.php:81
at vendor\laravel\framework\src\Illuminate\Container\BoundMethod.php:36
at vendor\laravel\framework\src\Illuminate\Container\Util.php:43
at vendor\laravel\framework\src\Illuminate\Container\BoundMethod.php:96
at vendor\laravel\framework\src\Illuminate\Container\BoundMethod.php:35
at vendor\laravel\framework\src\Illuminate\Container\Container.php:754
at vendor\laravel\framework\src\Illuminate\Console\Command.php:211
at vendor\symfony\console\Command\Command.php:318
at vendor\laravel\framework\src\Illuminate\Console\Command.php:180
at vendor\symfony\console\Application.php:1074
at vendor\symfony\console\Application.php:341
at vendor\symfony\console\Application.php:192
at vendor\laravel\framework\src\Illuminate\Console\Application.php:165
at vendor\laravel\framework\src\Illuminate\Foundation\Console\Kernel.php:426
at vendor\laravel\framework\src\Illuminate\Testing\PendingCommand.php:330
at vendor\laravel\framework\src\Illuminate\Testing\PendingCommand.php:533
at vendor\laravel\framework\src\Illuminate\Foundation\Testing\Concerns\InteractsWithConsole.php:87
at vendor\laravel\framework\src\Illuminate\Foundation\Testing\RefreshDatabase.php:101
at vendor\laravel\framework\src\Illuminate\Foundation\Testing\RefreshDatabase.php:84
at vendor\laravel\framework\src\Illuminate\Foundation\Testing\RefreshDatabase.php:25
at vendor\laravel\framework\src\Illuminate\Foundation\Testing\Concerns\InteractsWithTestCaseLifecycle.php:207
at vendor\laravel\framework\src\Illuminate\Foundation\Testing\Concerns\InteractsWithTestCaseLifecycle.php:96
at vendor\laravel\framework\src\Illuminate\Foundation\Testing\TestCase.php:44
at tests\TestCase.php:23</error>
    </testcase>
    <testcase name="Hero section displays testimonials" file="Hero Section (Tests\Feature\HeroSection)::Hero section displays testimonials" class="Tests\Feature\HeroSectionTest" classname="Tests.Feature.HeroSectionTest" assertions="0" time="0.000000">
      <error type="Illuminate\Database\QueryException">Hero section displays testimonialsIlluminate\Database\QueryException: SQLSTATE[42P01]: Undefined table: 7 ERROR:  relation "graduates" does not exist (Connection: pgsql, SQL: alter table "job_applications" add constraint "job_applications_graduate_id_foreign" foreign key ("graduate_id") references "graduates" ("id") on delete cascade)&#13;
at vendor\laravel\framework\src\Illuminate\Database\Connection.php:568
at vendor\laravel\framework\src\Illuminate\Database\Connection.php:809
at vendor\laravel\framework\src\Illuminate\Database\Connection.php:776
at vendor\laravel\framework\src\Illuminate\Database\Connection.php:557
at vendor\laravel\framework\src\Illuminate\Database\Schema\Blueprint.php:119
at vendor\laravel\framework\src\Illuminate\Database\Schema\Builder.php:618
at vendor\laravel\framework\src\Illuminate\Database\Schema\Builder.php:460
at vendor\laravel\framework\src\Illuminate\Support\Facades\Facade.php:361
at database\migrations\2025_08_04_045047_add_graduate_id_to_job_applications_table.php:13
at vendor\laravel\framework\src\Illuminate\Database\Migrations\Migrator.php:514
at vendor\laravel\framework\src\Illuminate\Database\Migrations\Migrator.php:439
at vendor\laravel\framework\src\Illuminate\Database\Concerns\ManagesTransactions.php:32
at vendor\laravel\framework\src\Illuminate\Database\Migrations\Migrator.php:447
at vendor\laravel\framework\src\Illuminate\Database\Migrations\Migrator.php:250
at vendor\laravel\framework\src\Illuminate\Console\View\Components\Task.php:41
at vendor\laravel\framework\src\Illuminate\Database\Migrations\Migrator.php:805
at vendor\laravel\framework\src\Illuminate\Database\Migrations\Migrator.php:250
at vendor\laravel\framework\src\Illuminate\Database\Migrations\Migrator.php:210
at vendor\laravel\framework\src\Illuminate\Database\Migrations\Migrator.php:137
at vendor\laravel\framework\src\Illuminate\Database\Console\Migrations\MigrateCommand.php:116
at vendor\laravel\framework\src\Illuminate\Database\Migrations\Migrator.php:665
at vendor\laravel\framework\src\Illuminate\Database\Console\Migrations\MigrateCommand.php:109
at vendor\laravel\framework\src\Illuminate\Database\Console\Migrations\MigrateCommand.php:88
at vendor\laravel\framework\src\Illuminate\Container\BoundMethod.php:36
at vendor\laravel\framework\src\Illuminate\Container\Util.php:43
at vendor\laravel\framework\src\Illuminate\Container\BoundMethod.php:96
at vendor\laravel\framework\src\Illuminate\Container\BoundMethod.php:35
at vendor\laravel\framework\src\Illuminate\Container\Container.php:754
at vendor\laravel\framework\src\Illuminate\Console\Command.php:211
at vendor\symfony\console\Command\Command.php:318
at vendor\laravel\framework\src\Illuminate\Console\Command.php:180
at vendor\laravel\framework\src\Illuminate\Console\Concerns\CallsCommands.php:68
at vendor\laravel\framework\src\Illuminate\Console\Concerns\CallsCommands.php:29
at vendor\laravel\framework\src\Illuminate\Database\Console\Migrations\FreshCommand.php:81
at vendor\laravel\framework\src\Illuminate\Container\BoundMethod.php:36
at vendor\laravel\framework\src\Illuminate\Container\Util.php:43
at vendor\laravel\framework\src\Illuminate\Container\BoundMethod.php:96
at vendor\laravel\framework\src\Illuminate\Container\BoundMethod.php:35
at vendor\laravel\framework\src\Illuminate\Container\Container.php:754
at vendor\laravel\framework\src\Illuminate\Console\Command.php:211
at vendor\symfony\console\Command\Command.php:318
at vendor\laravel\framework\src\Illuminate\Console\Command.php:180
at vendor\symfony\console\Application.php:1074
at vendor\symfony\console\Application.php:341
at vendor\symfony\console\Application.php:192
at vendor\laravel\framework\src\Illuminate\Console\Application.php:165
at vendor\laravel\framework\src\Illuminate\Foundation\Console\Kernel.php:426
at vendor\laravel\framework\src\Illuminate\Testing\PendingCommand.php:330
at vendor\laravel\framework\src\Illuminate\Testing\PendingCommand.php:533
at vendor\laravel\framework\src\Illuminate\Foundation\Testing\Concerns\InteractsWithConsole.php:87
at vendor\laravel\framework\src\Illuminate\Foundation\Testing\RefreshDatabase.php:101
at vendor\laravel\framework\src\Illuminate\Foundation\Testing\RefreshDatabase.php:84
at vendor\laravel\framework\src\Illuminate\Foundation\Testing\RefreshDatabase.php:25
at vendor\laravel\framework\src\Illuminate\Foundation\Testing\Concerns\InteractsWithTestCaseLifecycle.php:207
at vendor\laravel\framework\src\Illuminate\Foundation\Testing\Concerns\InteractsWithTestCaseLifecycle.php:96
at vendor\laravel\framework\src\Illuminate\Foundation\Testing\TestCase.php:44
at tests\TestCase.php:23
Caused by
PDOException: SQLSTATE[42P01]: Undefined table: 7 ERROR:  relation "graduates" does not exist

at vendor\laravel\framework\src\Illuminate\Database\Connection.php:568
at vendor\laravel\framework\src\Illuminate\Database\Connection.php:809
at vendor\laravel\framework\src\Illuminate\Database\Connection.php:776
at vendor\laravel\framework\src\Illuminate\Database\Connection.php:557
at vendor\laravel\framework\src\Illuminate\Database\Schema\Blueprint.php:119
at vendor\laravel\framework\src\Illuminate\Database\Schema\Builder.php:618
at vendor\laravel\framework\src\Illuminate\Database\Schema\Builder.php:460
at vendor\laravel\framework\src\Illuminate\Support\Facades\Facade.php:361
at database\migrations\2025_08_04_045047_add_graduate_id_to_job_applications_table.php:13
at vendor\laravel\framework\src\Illuminate\Database\Migrations\Migrator.php:514
at vendor\laravel\framework\src\Illuminate\Database\Migrations\Migrator.php:439
at vendor\laravel\framework\src\Illuminate\Database\Concerns\ManagesTransactions.php:32
at vendor\laravel\framework\src\Illuminate\Database\Migrations\Migrator.php:447
at vendor\laravel\framework\src\Illuminate\Database\Migrations\Migrator.php:250
at vendor\laravel\framework\src\Illuminate\Console\View\Components\Task.php:41
at vendor\laravel\framework\src\Illuminate\Database\Migrations\Migrator.php:805
at vendor\laravel\framework\src\Illuminate\Database\Migrations\Migrator.php:250
at vendor\laravel\framework\src\Illuminate\Database\Migrations\Migrator.php:210
at vendor\laravel\framework\src\Illuminate\Database\Migrations\Migrator.php:137
at vendor\laravel\framework\src\Illuminate\Database\Console\Migrations\MigrateCommand.php:116
at vendor\laravel\framework\src\Illuminate\Database\Migrations\Migrator.php:665
at vendor\laravel\framework\src\Illuminate\Database\Console\Migrations\MigrateCommand.php:109
at vendor\laravel\framework\src\Illuminate\Database\Console\Migrations\MigrateCommand.php:88
at vendor\laravel\framework\src\Illuminate\Container\BoundMethod.php:36
at vendor\laravel\framework\src\Illuminate\Container\Util.php:43
at vendor\laravel\framework\src\Illuminate\Container\BoundMethod.php:96
at vendor\laravel\framework\src\Illuminate\Container\BoundMethod.php:35
at vendor\laravel\framework\src\Illuminate\Container\Container.php:754
at vendor\laravel\framework\src\Illuminate\Console\Command.php:211
at vendor\symfony\console\Command\Command.php:318
at vendor\laravel\framework\src\Illuminate\Console\Command.php:180
at vendor\laravel\framework\src\Illuminate\Console\Concerns\CallsCommands.php:68
at vendor\laravel\framework\src\Illuminate\Console\Concerns\CallsCommands.php:29
at vendor\laravel\framework\src\Illuminate\Database\Console\Migrations\FreshCommand.php:81
at vendor\laravel\framework\src\Illuminate\Container\BoundMethod.php:36
at vendor\laravel\framework\src\Illuminate\Container\Util.php:43
at vendor\laravel\framework\src\Illuminate\Container\BoundMethod.php:96
at vendor\laravel\framework\src\Illuminate\Container\BoundMethod.php:35
at vendor\laravel\framework\src\Illuminate\Container\Container.php:754
at vendor\laravel\framework\src\Illuminate\Console\Command.php:211
at vendor\symfony\console\Command\Command.php:318
at vendor\laravel\framework\src\Illuminate\Console\Command.php:180
at vendor\symfony\console\Application.php:1074
at vendor\symfony\console\Application.php:341
at vendor\symfony\console\Application.php:192
at vendor\laravel\framework\src\Illuminate\Console\Application.php:165
at vendor\laravel\framework\src\Illuminate\Foundation\Console\Kernel.php:426
at vendor\laravel\framework\src\Illuminate\Testing\PendingCommand.php:330
at vendor\laravel\framework\src\Illuminate\Testing\PendingCommand.php:533
at vendor\laravel\framework\src\Illuminate\Foundation\Testing\Concerns\InteractsWithConsole.php:87
at vendor\laravel\framework\src\Illuminate\Foundation\Testing\RefreshDatabase.php:101
at vendor\laravel\framework\src\Illuminate\Foundation\Testing\RefreshDatabase.php:84
at vendor\laravel\framework\src\Illuminate\Foundation\Testing\RefreshDatabase.php:25
at vendor\laravel\framework\src\Illuminate\Foundation\Testing\Concerns\InteractsWithTestCaseLifecycle.php:207
at vendor\laravel\framework\src\Illuminate\Foundation\Testing\Concerns\InteractsWithTestCaseLifecycle.php:96
at vendor\laravel\framework\src\Illuminate\Foundation\Testing\TestCase.php:44
at tests\TestCase.php:23</error>
    </testcase>
  </testsuite>
</testsuites>
